61146 69376 330
106393 118187 349
112592 141086 349
50346 100784 351
12061 141150 354
142312 168267 383
41632 183092 383
87876 96863 333
31238 113753 354
101902 147079 375
140212 165807 383
77251 141752 354
16875 21445 279
45546 150005 375
50497 192266 383
24774 116068 354
118764 148335 375
52987 95076 351
133940 174626 383
135706 175930 383
23445 155010 375
13336 44701 324
4590 157060 383
6593 111234 354
27708 119388 354
81260 123860 354
1066 128163 354
3447 72194 340
87863 137313 354
58497 81893 351
126258 167010 383
127216 167393 383
10902 160672 383
78463 144672 375
49568 197288 383
161541 166339 352
7992 11786 268
38876 195889 383
89443 114565 354
113488 118754 349
38726 47127 314
52784 88271 351
69607 77513 351
12848 72729 340
45092 106688 354
165056 188067 365
153658 166380 383
23018 190610 383
24108 99804 351
25581 125547 354
22306 174734 383
11636 67737 340
68737 157253 383
28595 116639 354
78559 85724 338
81294 120900 354
38977 58921 340
13069 105163 351
58635 136700 354
3954 90204 351
19660 118962 354
41853 194803 383
112023 113580 323
29627 85136 351
27764 144591 375
19158 161592 383
77660 133767 354
22194 62800 340
16360 98851 351
22158 77131 351
99387 101380 341
57460 89210 351
3873 124536 354
72395 194481 383
132888 140889 344
89635 148797 375
20200 112887 354
134182 148555 375
78272 188569 383
119325 152485 375
51854 190940 383
24905 180853 383
123011 157551 383
74969 145462 375
9440 183821 383
34616 116390 354
51475 143505 375
119304 168757 383
45651 189499 383
11634 78091 351
60505 122505 354
9744 16143 276
9214 34380 311
14941 168665 383
39407 177839 383
16094 100179 351
60437 90145 351
77074 82128 338
101147 186469 383
71971 161493 383
8787 190337 383
34401 125635 354
141043 144268 375
79455 171628 383
83689 84292 320
40108 123212 354
17499 193162 383
67638 108866 354
79114 132353 354
115884 149478 375
14345 123077 354
122113 136604 344
39016 86588 351
48291 122622 354
162779 169354 352
20942 61939 340
51814 116691 354
87016 107984 354
74950 98437 351
3043 160122 383
26168 148356 375
106996 109690 292
43803 90094 351
11630 96699 351
18375 147530 375
12365 151066 375
33542 37568 324
173393 178476 347
124368 127416 331
7314 47920 324
165568 181577 365
28095 123182 354
24952 137155 354
5163 102273 351
22844 139568 354
196784 198477 329
26093 166263 383
22221 116487 354
41801 62682 340
78981 171748 383
18505 60195 340
20886 26023 282
44559 140522 354
145616 191653 383
69303 151911 375
3189 14620 276
79473 121759 354
21657 88546 351
61197 138381 354
16827 48192 324
14981 91499 351
98463 174265 383
76249 93277 351
15096 192728 383
186172 194429 360
8369 49963 324
37249 153634 375
12270 65545 340
24822 88051 351
19167 62434 340
7912 137303 354
166067 184487 365
58292 161251 383
56491 63581 335
90197 129215 354
153549 174008 383
3791 144122 375
19927 26110 282
95369 151899 375
2372 133984 354
2195 26547 282
14017 186663 383
163042 168802 352
145617 166217 383
27651 183928 383
18864 100427 351
44935 95012 351
75944 128531 354
45460 49034 314
15230 60401 340
165745 194483 365
115127 132768 349
22765 143881 375
9634 155556 375
11866 167011 383
78770 94280 338
43239 193590 383
1696 93354 351
674 63597 340
41252 98609 351
87992 176026 383
6868 88049 351
14702 170328 383
6187 150565 375
73462 86557 351
45239 108719 354
39539 148716 375
15173 184087 383
105936 147418 375
96811 140617 354
154263 173287 383
18430 166726 383
62039 170865 383
99518 121119 354
93060 155898 375
4849 139749 354
158939 161655 370
86236 124705 354
12439 120996 354
130294 151964 375
48788 142062 354
58122 146699 375
25839 175837 383
59383 193289 383
103214 114216 354
61537 69085 330
22062 139277 354
59438 117671 354
119267 175658 383
36965 141368 354
89309 150414 375
83511 175786 383
31668 160194 383
5581 151303 375
18808 196116 383
6249 43701 324
92966 144862 375
65814 175643 383
14322 21312 279
3087 59559 340
45087 185445 383
19255 138959 354
126404 146741 375
45620 194249 383
148005 164185 383
124755 185709 383
16511 108714 354
55126 151359 375
5646 143436 375
169842 173549 347
3566 177727 383
74810 109895 354
47414 99923 351
10929 141284 354
67185 172532 383
9821 93808 351
22349 44965 324
90127 105984 341
140624 181542 383
43861 153388 375
52972 107886 354
73862 186987 383
94688 183985 383
159251 178153 370
25768 164453 383
39107 155610 375
161489 168598 352
1430 199150 383
156668 194505 370
100717 145069 375
9640 196311 383
105976 156662 383
81387 100412 341
8756 83600 351
54360 173703 383
68673 136220 354
92794 166302 383
4608 59327 340
64118 113785 354
23516 27568 308
51658 132850 354
98426 197610 383
80239 186741 383
105187 136886 354
15451 169655 383
47290 71495 340
83322 144473 375
38486 85806 351
7615 163791 383
61109 143107 375
37417 126967 354
39426 56078 340
85521 169841 383
51443 53493 340
12516 77383 351
55263 97232 351
2145 101733 351
64522 90071 351
34776 138151 354
152923 176225 383
86849 191018 383
160599 199866 365
113463 148719 375
85578 178218 383
38938 61866 340
26842 172829 383
116372 151987 375
164182 186071 365
80138 152143 375
12382 115275 354
153397 179017 383
19862 95308 351
28935 151387 375
51869 111132 354
49222 177011 383
1967 179125 383
188019 189933 360
85553 124598 354
66599 153653 375
18857 72778 340
45770 56365 340
173307 193421 365
66610 102442 351
59087 178805 383
93499 99735 328
50907 190338 383
124493 128674 331
25981 44983 324
95005 138635 354
127116 189584 383
79108 81227 320
33793 54836 340
40665 110352 354
46527 83598 351
11479 115309 354
98138 114511 354
42135 154598 375
75642 155256 375
113000 124479 349
54650 70833 335
37492 118150 354
2264 68724 340
16599 109051 354
136477 196221 383
9726 79699 351
78148 150819 375
72901 80898 351
39331 149806 375
148649 190868 383
115569 193274 383
685 13111 268
98942 138510 354
116126 152574 375
12571 144260 375
150102 171194 383
78117 120373 354
26156 83500 351
45179 161108 383
12056 27895 308
64967 65464 224
1808 114330 354
57080 101573 351
105224 109365 354
65772 154392 375
81167 100892 341
57262 140140 354
20118 23306 269
47714 68953 340
32564 58689 340
61992 145500 375
124989 153823 375
78356 191604 383
100583 135489 354
52367 83348 351
46848 190746 383
129410 161165 383
42798 44346 270
30936 31882 285
33990 185582 383
69830 103250 351
29937 43566 324
62360 143822 375
51607 101555 351
62262 125474 354
107842 199177 383
14794 126690 354
184181 188231 347
69879 131744 354
149751 164611 383
5657 56471 340
175423 195640 365
116621 160753 383
84474 160750 383
2005 141414 354
111686 137668 349
183890 184993 316
82083 97253 333
27427 52320 324
123576 160659 383
26228 139442 354
14605 70408 340
52304 159785 383
128418 196498 383
80414 197648 383
53157 194364 383
16676 167953 383
133450 162693 383
99813 124469 354
14301 16904 271
65679 162501 383
46463 77851 351
97517 151801 375
21209 25038 282
18877 100841 351
29830 176284 383
28978 43040 324
54014 151527 375
157602 186389 370
110543 177243 383
80844 122619 354
80975 153682 375
63320 86047 351
144673 199868 383
64480 115028 354
23177 70073 340
14045 171618 383
31652 55335 340
105160 186293 383
44625 146031 375
38414 87353 351
120889 140555 344
50245 53272 340
112352 180816 383
81432 183249 383
10730 58713 340
98870 158090 383
8969 169556 383
131979 169222 383
6978 189154 383
77818 110094 354
77604 131572 354
91268 148326 375
27668 45847 324
77755 195971 383
61484 159470 383
16834 198088 383
145790 188694 383
195086 196549 360
6968 75154 340
3752 106461 354
11521 126785 354
82416 123488 354
106522 119856 349
5621 128456 354
20549 180506 383
600 132263 354
150952 180693 383
44501 71352 340
126283 187942 383
21241 198447 383
77263 147600 375
86268 114940 354
70628 160103 383
2394 58991 340
32529 176521 383
7479 130046 354
130651 140483 344
19474 82218 351
82874 172554 383
87394 192763 383
24392 87881 351
18069 84434 351
4901 131949 354
112882 195480 383
75519 141525 354
42828 194107 383
53049 94400 351
168286 190802 365
31630 198604 383
122966 167054 383
63238 140168 354
1428 29303 308
31509 194809 383
115609 185157 383
457 154536 375
42353 47201 314
70123 163780 383
72189 80460 351
172959 197031 365
179575 181712 365
69442 192738 383
25687 146590 375
18093 32018 308
100869 137913 354
75609 159539 383
115302 169814 383
44786 102975 351
67882 180282 383
104947 158114 383
98327 121297 354
17782 141790 354
15612 90164 351
78286 160273 383
46954 175073 383
61900 127667 354
93182 179331 383
48986 190588 383
37856 67097 340
24698 77552 351
137925 188692 383
87331 118626 354
7414 72896 340
30937 123830 354
129698 137432 344
11448 161950 383
54401 187143 383
16010 149472 375
88046 163606 383
91414 167202 383
31344 71132 340
83099 167253 383
39466 131517 354
56595 128385 354
21405 166879 383
58591 191174 383
30026 59126 340
57137 178871 383
22100 193780 383
8283 162041 383
130774 137662 344
87837 129349 354
51918 124558 354
25901 181524 383
149304 158753 383
27104 138608 354
9001 28292 308
6066 146608 375
46780 64675 340
3322 185724 383
33202 192020 383
50265 119404 354
162675 165549 334
57025 176105 383
53568 119201 354
86904 125236 354
95277 109835 354
162798 165283 334
165190 175984 352
17824 51599 324
125949 131328 344
132182 198003 383
24036 171464 383
92356 125060 354
72733 160213 383
5194 28227 308
12745 179690 383
91590 122909 354
40833 168714 383
40166 80967 351
2875 189924 383
48335 159463 383
121941 142492 344
27994 98889 351
16835 42264 324
3819 98090 351
30679 62687 340
42530 153842 375
5678 52086 324
68429 104779 351
152240 179947 383
80179 136727 354
64292 111167 354
29623 186143 383
164419 191056 365
110250 168660 383
140699 192100 383
122942 152666 375
30975 198780 383
96966 137370 354
59307 177812 383
88577 89235 315
43547 120991 354
17421 182269 383
23077 129464 354
47284 82624 351
196842 199593 329
48805 129121 354
154811 165472 383
114223 178168 383
127632 146462 375
43206 143582 375
106311 178379 383
83375 100943 341
88232 95351 333
13925 149359 375
37002 145319 375
62318 195335 383
44778 176599 383
80765 159093 383
40241 151688 375
105321 117078 354
46006 120364 354
4775 97255 351
50507 185023 383
167364 179069 347
112038 177771 383
78728 99185 338
145816 150773 370
49375 58198 340
106460 118175 349
100364 157745 383
71688 192714 383
98695 179685 383
73852 80598 351
90385 189856 383
29755 171972 383
55118 182736 383
50115 196965 383
114368 184777 383
60166 102161 351
35817 64804 340
20708 140015 354
65627 188877 383
11958 83127 351
61334 66927 330
75237 165849 383
73637 77547 351
146302 192711 383
11216 110420 354
75351 101501 351
69791 142262 354
30527 155994 375
9876 27727 308
159791 166045 370
78996 167761 383
41226 88234 351
121152 193974 383
119744 195042 383
44085 70648 340
60097 172031 383
117394 167818 383
180954 187670 347
85376 156286 383
53626 191383 383
87700 95705 333
73743 109585 354
52259 108301 354
57143 86460 351
38096 138563 354
90612 183422 383
78902 87283 333
154163 182522 383
96209 121922 354
78 36090 324
45753 51135 314
27204 67055 340
97906 103914 341
35971 38554 306
6831 86669 351
25711 141291 354
148973 188987 383
89766 191676 383
98540 189725 383
124030 152497 375
33697 174881 383
108242 195107 383
87065 122880 354
19667 67771 340
53322 194920 383
96481 105402 341
27618 101806 351
110611 127870 349
40164 71812 340
42726 43960 270
51651 85084 351
115213 152477 375
28005 96543 351
7039 123218 354
105632 159390 383
121258 166119 383
163625 184174 365
16084 121117 354
59995 184099 383
13395 54790 340
42049 112326 354
81130 176820 383
47426 113108 354
26483 151542 375
99319 157915 383
54804 150603 375
109610 117293 349
89814 150202 375
64008 72732 325
59370 172660 383
47416 113827 354
325 81328 351
118730 175845 383
33792 64622 340
84281 196926 383
151553 192976 383
43203 133329 354
140340 181046 383
78331 194393 383
109187 112041 323
137280 161160 383
132832 188830 383
8331 67218 340
47570 144490 375
31728 79397 351
46909 103327 351
22428 84763 351
32113 98136 351
31965 100681 351
43284 76131 340
106588 108431 323
11711 77457 351
89466 167485 383
32728 183126 383
71365 125995 354
54934 137461 354
28049 182766 383
27929 112288 354
83157 135333 354
3893 136026 354
13186 95900 351
31573 57836 340
58857 126483 354
177400 187208 365
82518 93279 333
24453 123679 354
80452 112744 354
30119 94448 351
173903 182098 365
59478 145504 375
118637 157643 383
39036 140312 354
126758 133896 344
92624 157462 383
167541 180085 347
143102 166919 383
97873 138243 354
7076 52466 324
20359 156445 383
26560 104908 351
19651 80571 351
4899 49694 324
168792 177852 347
77738 115238 354
9288 180904 383
82026 125710 354
184320 196055 360
65033 91614 351
7653 166689 383
12303 73570 340
184738 184903 241
98179 117024 354
36717 184959 383
2670 96669 351
61404 178579 383
29940 60989 340
82740 106837 354
91715 169693 383
84420 145177 375
72637 139771 354
54398 93734 351
54179 92083 351
7931 87123 351
134999 195058 383
37863 96423 351
8685 41208 324
9797 13320 276
53732 115007 354
56431 175908 383
64977 138012 354
107014 130324 349
121004 167736 383
35681 97331 351
142639 155399 370
36797 118218 354
1960 87782 351
57672 173882 383
33143 143095 375
89445 163475 383
137352 195865 383
112442 116418 349
11273 164223 383
55232 132408 354
75712 116272 354
71109 93502 351
57631 107418 354
120904 146662 375
93457 135651 354
59075 147921 375
127487 195300 383
10821 171016 383
91792 170707 383
21520 173131 383
71677 140014 354
26749 165042 383
173857 178902 347
59421 78733 351
115898 162423 383
29086 103231 351
1368 32873 308
85841 151473 375
83485 138015 354
78610 143177 375
55941 71427 335
99153 108272 354
28516 35769 324
107666 149403 375
32916 100152 351
130264 154747 375
6210 34912 311
142190 148918 375
40427 125056 354
37655 194898 383
105757 126936 354
26817 103377 351
59074 170147 383
26055 26494 277
39764 147031 375
168405 197438 365
102998 163143 383
55270 99439 351
517 8488 262
36854 99323 351
4584 141442 354
39151 85905 351
163591 172523 352
13906 180370 383
29331 169334 383
86724 89655 333
65228 138435 354
41167 125556 354
144209 162391 383
132496 147248 375
47075 65434 340
175171 180887 365
61718 109688 354
39954 171517 383
69884 100384 351
32583 71673 340
188348 199527 360
66128 103742 351
124205 181404 383
10014 131624 354
53097 86380 351
6430 193574 383
76892 173946 383
6753 119763 354
45111 68207 340
85956 116078 354
91317 158624 383
12242 45790 324
7753 159936 383
182584 186529 334
59152 134495 354
10258 169453 383
149680 195757 383
143884 179002 383
134557 193500 383
30856 157427 383
38163 192110 383
139005 186481 383
87591 184224 383
2819 187745 383
52843 130739 354
26821 46227 324
131737 179107 383
42319 63471 340
30842 65314 340
10275 86736 351
138561 160897 383
16 64300 340
77920 193613 383
11446 155618 375
59156 102262 351
2701 115503 354
90243 158082 383
46264 84084 351
71968 134409 354
20225 133749 354
18785 28734 308
114602 198481 383
101916 172488 383
16376 188467 383
46983 150320 375
26128 125699 354
44452 154570 375
23728 189103 383
28143 80253 351
69642 93580 351
127671 194149 383
75446 95063 351
166480 186273 365
123609 179685 383
133196 154151 375
22399 87025 351
15928 92678 351
126751 171848 383
5248 49884 324
15501 45990 324
6185 151347 375
13170 55031 340
67711 102336 351
48632 139914 354
71923 143406 375
72233 142418 354
92854 150081 375
71660 76553 325
129296 133618 344
108646 192887 383
16315 26734 308
23477 161780 383
24231 110102 354
50287 105879 351
61670 94139 351
90380 183503 383
42195 196165 383
133322 187073 383
131957 133592 331
54943 190384 383
126448 136838 344
32661 63985 340
107200 117999 349
148587 177518 383
100718 177036 383
171109 187322 365
60185 187458 383
47621 138923 354
4732 101931 351
3960 95067 351
60377 100492 351
9794 95039 351
46860 140795 354
17517 177200 383
4015 172338 383
40543 162717 383
20890 69580 340
148258 172080 383
61760 173076 383
13070 135097 354
14018 131150 354
85677 146868 375
14831 85026 351
33384 58297 340
4346 173403 383
95707 191272 383
70511 188491 383
12935 196623 383
24283 157504 383
130946 156641 383
7358 140667 354
13114 198602 383
53865 120132 354
113546 144376 375
165548 193317 365
2793 48801 324
46066 120984 354
67935 148134 375
30277 37495 324
127278 156740 383
96894 185253 383
87078 132678 354
9779 59575 340
75194 157653 383
49457 189443 383
100664 129975 354
100245 125586 354
53429 57469 322
38316 95782 351
21629 101597 351
50990 142558 354
50069 158777 383
39387 157677 383
106376 135956 349
46645 163661 383
137058 192886 383
191540 198983 360
89807 188076 383
89734 149211 375
49406 68621 340
15958 96535 351
144284 175909 383
52237 169467 383
18044 108894 354
76136 137726 354
124722 166333 383
4471 41752 324
136141 153524 375
27627 33288 285
57252 184119 383
111349 170959 383
35732 88628 351
136425 146025 375
46081 65346 340
95499 147297 375
57935 165578 383
184765 193194 360
7137 100816 351
37957 95544 351
150303 184234 383
85142 183211 383
15094 76035 340
14195 196275 383
43125 189523 383
109467 135527 349
6192 157039 383
86858 176585 383
