372695 376514 361
393400 394672 405
615951 619244 372
346178 343623 441
523342 527603 408
683366 687088 398
754217 754485 287
727070 730876 380
113855 116071 349
440130 439768 356
676861 677573 292
184771 181306 334
674018 669639 367
866546 870393 388
567750 567582 346
700557 696815 367
456269 452089 369
403113 406596 361
119348 120799 318
920011 918624 432
453501 451566 369
502150 501550 426
98379 95250 297
134658 133689 300
249931 246918 350
568755 571484 377
934442 933981 414
688847 689585 336
303326 300826 340
666325 667639 336
342238 346482 441
636149 634439 416
309644 306902 371
816692 820106 450
465053 465463 369
397194 398630 374
400421 399835 374
620024 616214 372
891434 893270 326
176195 171986 347
935170 939619 445
638352 638166 354
568849 567220 359
828002 830426 375
642583 639396 416
137969 135799 331
30809 27123 272
400197 395333 374
883560 885920 370
780058 780842 344
74218 74931 325
31922 34821 311
752486 752950 305
682795 682084 305
438198 439920 400
66780 70459 312
191607 195779 360
78578 75335 351
796665 792864 468
811895 809991 406
917563 916155 352
126193 128290 331
647398 647416 217
313654 315152 309
326769 324886 340
329572 329024 353
794707 794262 300
836176 833925 344
361157 358002 379
769040 766012 468
333098 328453 353
421820 418092 343
68583 65941 312
822364 820181 375
309967 308739 340
641544 642278 416
612816 617571 447
613240 616064 447
105644 100840 341
312214 316117 384
194997 193767 342
323582 325194 384
674260 677140 385
343098 341494 353
558768 560617 359
687754 686543 398
569623 568830 359
190434 192852 347
391266 392322 330
482327 482995 276
750293 751603 362
310120 307950 371
18039 16972 279
249360 253696 332
814047 813710 344
469944 474515 382
488603 488363 258
183504 182668 334
329281 328431 353
802116 804165 388
524986 526919 408
300574 303829 340
283833 283032 358
130334 131691 331
130896 130292 331
704816 708849 380
696119 695559 336
195069 199348 360
221477 224687 337
636376 633902 416
642782 638358 416
57274 53197 322
400684 395984 374
93152 91975 315
437949 437819 219
866443 861815 388
346622 347680 348
485140 484462 320
660124 657072 398
593134 596483 372
918073 916265 352
184356 185780 329
39662 34828 324
805138 803161 331
544005 544933 315
840114 837451 388
777409 776292 393
919101 919165 308
181269 182836 316
661836 660952 323
523785 522456 333
733178 738161 424
165014 163337 334
585277 585014 297
464788 467499 369
588225 590232 297
774681 776346 437
645555 643994 310
128637 133498 344
651988 648835 385
37872 38831 244
680483 678106 380
493557 490924 426
938179 938561 308
469950 465002 413
696255 691903 367
873228 876671 432
889323 892828 370
704503 709041 380
817584 817686 344
631505 628117 341
759627 754673 362
905764 908251 370
195729 194781 360
537878 534110 377
35567 38947 324
456282 454243 338
234873 234361 337
790782 794360 437
46995 48917 314
75272 73186 325
37545 35364 324
220137 223683 355
788038 785739 362
755426 759952 362
713016 717739 380
130011 125086 344
141554 140714 282
10901 6475 260
141346 140002 344
750257 754663 424
644462 643981 261
568338 563671 421
694345 697158 367
133715 134777 300
12723 8597 268
389917 385682 436
648972 650995 385
394234 393546 361
814392 811522 375
403129 400157 387
346163 344964 441
861252 857268 370
381804 380202 379
691484 690729 336
913081 913351 246
687247 691463 367
82481 86609 320
224398 223414 324
25483 22932 282
610272 614760 354
80074 76131 351
314674 311063 384
262504 258313 345
85685 87662 333
438582 434159 387
845201 847843 419
708060 710786 380
191224 195719 360
943474 947281 383
769899 769418 375
19217 23670 282
55206 54328 260
54925 58112 322
615182 611223 447
542230 546164 359
443056 439288 356
60176 59387 317
389284 389718 299
243062 240206 368
593884 596562 372
367351 371934 392
159519 155793 383
391949 387225 436
201742 201516 236
198572 196412 329
912936 912695 246
882032 884418 370
491646 492939 426
857768 861576 370
538326 539583 333
737445 737379 318
334774 331220 353
835441 838025 344
693574 694930 323
527061 531558 377
172173 168072 334
716175 719369 349
925751 923437 370
479349 476384 382
697587 696083 336
55984 56649 322
348549 352305 379
591516 594425 403
79532 76691 351
288980 293568 358
678687 674678 385
620537 620834 372
941495 944962 383
720748 723421 411
840778 843328 388
935693 935987 277
752936 750723 331
186335 184478 329
376798 375540 423
343899 341330 353
826711 823208 375
921480 918951 432
463980 460005 444
768431 770433 393
178941 176671 347
646093 642585 354
739376 740529 393
756497 756477 243
458871 461583 444
72380 71213 325
824826 826746 344
875895 873371 432
592708 591897 403
652715 656247 385
519456 516401 439
834086 833026 357
352663 357077 379
182558 183708 334
918545 920296 432
897194 892420 370
594755 591507 403
39036 36900 306
207865 210121 342
898279 894405 370
11662 9878 268
182363 186377 334
758596 755717 362
926186 926641 321
519789 522882 364
436535 436903 325
844241 845325 401
351740 348844 379
356267 353268 379
116866 119124 336
493559 493379 395
164703 161494 339
313547 315680 340
703706 707246 380
50160 50450 265
842567 840448 344
922496 917919 432
258558 257497 301
443250 443757 250
628030 623680 385
913630 912843 357
594835 595812 328
493818 491656 426
137887 139716 313
539638 543286 364
551745 549153 377
164925 160468 339
354544 355991 379
355990 351755 379
463340 466265 369
858166 856151 375
13305 17375 271
686963 690773 398
843410 845610 401
458537 458443 232
294949 291731 358
547564 547373 315
443750 442912 325
355795 355000 379
339762 337064 366
211785 212795 355
823812 823550 375
840451 844282 388
6541 10457 260
206516 211054 373
522553 526746 408
830533 827342 419
494715 494311 307
678498 674349 385
624084 627715 385
690201 691069 336
247108 247979 350
745003 746762 349
314124 317617 353
490617 491054 320
559176 557207 315
236119 231597 381
198515 203317 342
738739 739937 424
375820 378683 423
485151 488534 382
931958 932912 370
662983 667395 398
415734 417094 387
543315 544133 359
885554 881445 370
782689 787594 375
788454 789969 406
148842 152191 370
338227 333239 366
152421 149392 370
444917 447129 338
637866 635844 354
625112 629869 354
747853 743239 362
669405 665728 398
767317 769494 468
87182 89640 333
371825 370941 348
740749 738944 424
141685 139350 344
542096 541040 364
167327 169474 334
738944 743433 424
138792 135976 331
492185 495226 426
890005 894813 370
287136 290992 389
249197 252798 332
904762 901995 383
507135 509391 377
923020 925040 370
84163 84602 302
296859 300041 371
74130 73408 294
578131 580347 359
849634 847593 326
809819 808227 331
95461 92174 328
723263 721317 411
592469 587722 403
684276 687783 398
562381 562797 315
740375 743173 362
859273 861368 357
84319 79895 320
220599 216624 355
586277 590471 359
578499 579381 359
503848 501377 426
62491 67363 330
50216 49733 265
908744 907036 370
83217 81362 320
347248 349377 335
571623 568914 377
889752 889325 370
279421 275852 389
118178 114350 349
41161 36585 306
488939 485177 382
595214 594298 328
568418 567254 359
645443 647492 323
340649 337367 366
350918 348964 366
477890 482589 382
303604 301804 340
471481 467136 413
840195 836859 388
203100 201611 342
743030 742095 349
348080 348184 198
479054 474310 382
339603 338609 291
824069 823442 375
616134 616500 372
259784 258904 301
165729 162529 339
821799 823981 375
589453 591170 359
92132 90871 333
390727 387727 436
681570 681174 305
472322 468436 382
911359 909823 476
421659 418995 343
776517 775609 331
129405 130559 344
876341 880418 401
764020 765016 362
923211 923914 308
130697 130385 331
12173 16326 276
490714 489915 320
633542 633189 292
104387 106246 354
607701 606102 341
77288 78819 338
484744 483674 320
277580 281902 389
281450 283544 358
146453 145949 295
325144 324479 384
337580 334524 366
133783 137277 344
88636 93266 333
684015 687854 398
534702 537959 377
307362 311181 371
930960 934272 370
948522 951177 414
812549 808499 406
244076 244118 226
611903 612192 279
357366 352391 379
76571 79055 351
763290 761317 362
537893 542260 364
518658 521046 439
589183 584814 359
834201 838483 344
158254 160823 370
883656 880890 326
497476 499964 395
295989 295306 265
287362 283109 376
866683 869610 388
713039 714325 305
201694 196905 342
224762 226942 368
446374 444983 338
551276 549913 346
430526 432811 387
56131 53600 322
798153 795576 468
866186 864165 388
233991 231756 368
169449 171981 334
638160 635299 416
630910 633124 385
48258 48136 252
805776 801502 406
166473 165588 352
77144 75289 351
59128 57268 273
220397 217901 355
766646 768274 468
430369 431200 325
265387 265345 208
333281 333830 335
333170 334672 335
390379 391940 361
825572 829380 419
69734 67316 312
253773 253356 332
654853 654422 323
738952 736450 424
757235 755886 362
918485 915012 352
299659 296458 371
391717 393088 330
949762 952180 414
437799 440904 400
133951 132714 331
664243 664351 261
332582 335840 335
635182 636280 416
74917 75932 307
394339 398193 405
64053 68144 312
791183 794729 437
555937 560746 359
185848 181255 334
198252 202224 342
358098 356335 379
550270 548927 315
858133 855410 388
13633 9150 276
88423 91028 315
144141 140075 375
163126 160823 339
356918 355462 379
680764 685077 380
640450 643254 416
947457 952038 414
448989 444838 369
168051 166149 334
413288 409242 449
55199 59818 322
781395 777085 437
749114 752873 393
668555 667518 336
29908 32750 285
503494 498801 426
639974 635078 416
286348 290964 389
496369 491580 426
257007 256296 345
390243 388532 436
98319 95812 297
453789 455088 338
900178 902586 401
670224 671473 323
530786 529462 333
250220 249904 319
691714 693160 442
740849 740939 287
858777 858838 220
787930 787034 362
538204 537985 346
936203 933624 414
922246 918725 432
163065 159386 370
469784 469369 338
429708 427345 374
454236 450818 369
947707 949273 383
745355 746325 349
730604 734872 380
458963 454165 356
737799 737275 380
72382 75323 325
110446 113419 323
325195 322674 384
893214 889187 370
215790 219699 386
182306 182344 179
252824 255929 363
55837 58072 322
155232 153254 352
762131 763646 375
136113 135703 238
576660 572890 359
145717 149239 357
807211 805366 375
209778 211235 355
485256 481845 382
822168 822807 313
493464 491838 426
441996 440676 325
197411 195463 360
768701 767000 468
723340 721054 411
468781 468656 276
836705 837529 344
412702 409623 449
490805 486993 382
139932 143888 375
261672 258790 345
886708 883414 370
305919 310603 371
657813 655033 429
213856 218529 386
55984 55409 260
320322 316921 353
376492 379698 423
293444 297607 358
121679 125472 336
334791 338176 366
662303 660483 323
445556 441864 356
730505 731705 336
643994 641593 416
417238 414930 387
198647 201620 342
371151 372131 317
641275 644732 416
426871 422430 418
826311 824551 344
279536 275642 389
872406 876745 432
464867 469676 413
508742 504073 382
28123 32346 285
193590 193787 285
93212 93291 253
346945 350521 366
379033 376833 361
782905 785074 331
714681 718942 380
902942 902994 202
887049 887707 282
622012 621371 372
826055 827492 375
692099 687563 442
654200 656347 385
945152 943401 383
732919 733573 318
632831 636410 416
346957 347068 211
563477 562078 359
349047 353227 379
187396 190715 360
35330 36393 324
915207 912314 401
436356 437613 387
26411 26956 308
579465 583681 328
24907 27541 308
73729 72701 294
532896 531317 377
394509 390559 361
413467 416721 387
716629 720527 349
869248 871632 388
767364 765914 331
148382 152563 370
624794 621820 385
268797 265889 345
284781 288272 376
313295 313023 340
127088 123580 331
547090 543523 452
499139 496763 351
101718 103629 310
343696 343491 260
283889 279336 358
598421 594689 372
58270 56451 304
468815 467157 413
861897 857041 370
839221 841199 388
529606 527170 377
650844 649872 341
658625 653793 429
380759 377156 379
232139 234518 381
665764 664698 292
39423 34813 324
34257 30983 311
453498 452855 369
144921 147472 357
726845 728576 318
132727 136065 344
890306 888977 370
928708 924905 383
285192 284583 376
947336 944270 383
607371 608445 341
66466 61521 330
5102 2177 238
423813 428803 374
105880 109417 354
429843 427982 294
267044 269242 345
294905 297040 358
409274 405457 361
491491 489995 320
346868 345028 441
195929 198154 329
928737 931704 370
513674 508846 470
529789 528999 333
805649 807596 406
312022 311157 309
469899 467591 413
360369 361325 366
829222 831187 375
550332 550871 346
147049 147959 295
777040 777109 269
254394 259365 363
650311 647042 385
58744 62597 335
602571 600933 403
726704 731637 380
205866 204041 355
221310 218091 355
57295 61991 335
925798 925687 215
645153 641069 416
916844 920335 432
697494 701277 367
888239 890973 370
943234 942776 277
248781 253637 350
515171 512437 364
930824 929465 370
682255 684875 380
274915 275931 345
910437 906576 476
403671 398794 387
173817 170914 347
416233 418160 387
100233 104002 310
302254 306052 340
135738 134594 344
560070 560515 359
758273 761871 380
604112 599259 403
268883 269692 345
20161 18635 274
12058 13082 263
363301 361600 361
671264 676244 385
720408 718849 349
580129 580128 129
346918 350962 366
677019 674513 385
217853 218181 262
897665 901466 401
499909 502596 426
744915 742877 318
894104 898718 370
366277 365483 335
395076 392023 405
83326 79280 320
787058 790559 406
70080 73683 325
122475 126133 331
567675 570613 377
591380 587366 359
538864 539791 315
146013 143297 326
473888 477450 382
486208 484034 320
377059 377966 361
495329 495097 320
601230 601629 403
108089 111457 323
440210 437513 400
370310 372023 348
20802 16257 279
162839 159448 370
889550 889142 370
758830 760421 362
622466 620408 372
350474 353280 379
118780 118234 305
353657 348743 379
416114 421010 387
898441 895303 370
610232 605395 359
66469 68989 312
549985 546434 452
813611 813041 375
95854 99549 328
834171 831886 388
577749 575392 390
726886 723563 362
643856 640630 416
450187 447638 369
404092 400679 387
96419 94366 328
180542 177377 365
949054 946410 383
516108 517609 333
395034 390658 405
607658 602986 372
213169 216730 386
940949 943650 339
239673 236820 350
790671 789154 406
343619 341095 353
504821 501919 426
369080 373808 392
807640 811457 406
571810 574400 372
573880 577614 390
59578 58033 273
103542 107762 354
900768 897647 401
34543 29823 311
376004 374570 361
612128 609763 354
684589 688307 398
691421 696030 442
114027 111893 323
899551 894954 370
905867 904024 383
535303 531361 377
825997 823266 375
521535 524251 333
570635 574877 372
134472 133592 313
788062 785177 375
59875 60503 317
529212 526040 408
255204 258935 345
227065 226100 368
574440 578060 390
646481 647284 323
514989 513429 364
751851 750720 331
66464 63535 299
469820 466097 413
104321 106781 354
846025 849166 419
26005 24837 264
435272 436827 325
199713 197989 329
153639 150338 308
536936 534528 333
158628 163368 370
59582 61788 335
290645 288437 389
87704 82851 333
707273 705570 336
770913 770915 256
90770 86370 333
173745 177965 334
181652 180069 365
606526 609553 359
816682 820033 450
495743 499341 351
856065 857604 375
48618 47439 283
830631 835318 419
815002 812515 375
570943 572830 372
646008 641013 416
27353 30998 272
495296 492091 426
153601 149801 370
375525 378325 423
470998 470162 307
234770 234832 337
87070 90855 333
897415 898872 370
262093 265295 407
943107 941101 339
841765 841536 313
620999 622625 372
504585 501955 426
12563 17024 276
578866 573889 390
886339 886895 401
572976 571851 372
359403 364393 366
554708 553893 421
415192 417352 387
258651 258807 195
60782 63940 335
436142 431234 387
20411 19796 274
14269 10147 276
75878 76849 307
717843 713807 380
615376 616410 372
493452 490569 426
764495 763799 300
798541 803023 406
520265 518923 364
510702 512885 470
361027 365353 361
303725 306978 340
755806 752035 424
89540 91701 333
305929 303235 340
239469 237041 350
907074 908641 370
880716 875852 401
672319 669494 336
809519 805207 406
541089 545093 364
149548 150160 370
707747 708231 349
415856 417308 387
683965 679237 380
88305 90950 315
430846 431940 325
572044 568072 377
363959 368862 361
129658 134109 344
129914 125280 331
378861 375029 423
711710 707101 380
877175 878417 401
514867 514436 364
850363 846016 419
664685 663599 367
79391 82607 320
605962 605213 341
731147 729459 380
185793 190680 360
150609 150734 295
427285 425593 356
532218 533093 377
367669 363751 361
285679 289492 389
372118 376672 423
841492 839309 388
912571 911386 401
144159 142434 375
172525 168862 334
724328 723707 274
839172 839052 251
439382 438649 400
775869 774640 437
21909 22468 269
59731 55356 322
386936 386542 255
134790 137196 344
685483 688267 398
239311 239123 306
14686 10855 276
493669 498568 351
739008 737535 424
795010 794952 269
481387 482812 382
80423 80896 276
765800 761514 375
349221 352940 379
400942 404166 387
96488 98659 297
614578 617213 447
463423 465862 369
544694 548541 452
810409 805546 406
244289 239343 368
233793 229396 443
431316 431398 219
906662 903239 383
688427 685896 398
322342 317869 371
461287 460098 444
365909 366743 330
378073 373527 423
883877 880370 326
678599 676725 336
612470 615678 447
149279 153052 370
629309 630639 341
692252 694726 367
471129 471499 276
478162 478785 351
907325 908378 370
199783 198654 329
264630 262066 407
223682 219839 355
848559 849518 313
430912 434278 387
344933 348676 441
149895 154055 370
389489 394128 361
541644 543225 346
624344 627045 385
570427 575173 372
86576 85745 302
598561 594713 372
860759 862345 326
536502 535500 333
56352 51381 340
290159 292517 340
891681 896388 370
291673 287063 389
422975 418460 356
181035 176736 365
761636 757194 380
753932 757087 362
421590 425097 418
493326 488485 426
900311 898486 370
589090 593563 403
334843 336547 366
853942 851648 357
571110 572352 359
228466 225998 368
654866 655678 323
279517 276218 389
583843 588475 372
721383 720435 349
743537 748257 362
851263 850973 357
618945 621426 372
208816 206341 373
823168 825561 375
207987 203774 373
576886 579519 390
