62212 75812 330
43635 20011 324
16549 41952 324
25736 47485 324
66630 93673 351
10542 14620 276
3158 18547 279
41359 30049 324
93237 35754 351
48896 5634 324
89065 55458 351
25959 62116 340
43913 7266 324
647 72381 340
64719 52040 340
34216 31595 285
99944 43972 351
12515 99437 351
15252 54918 340
23704 52455 324
20721 10488 279
3635 3530 194
19087 28794 308
81415 81162 258
59306 74235 335
8282 31089 308
18999 4939 279
3678 75523 340
45639 82702 351
93472 86392 333
53304 46350 340
50398 45367 314
69987 5699 340
19321 48766 324
31725 64715 340
26716 94613 351
22763 14519 279
31227 63990 340
15674 73678 340
80418 82483 320
98514 83323 333
47253 49810 314
15836 65309 340
41796 37971 306
51644 14552 324
31539 38411 324
51334 52266 309
74185 46146 340
99361 9805 351
25128 89693 351
24221 26832 308
48024 87476 351
3379 30382 308
39294 48392 314
50616 49803 265
99028 52066 351
26045 17553 282
3261 85343 351
55559 97171 351
81961 69568 351
48858 71634 340
98157 58623 351
82486 60600 351
85483 92487 333
61771 21081 340
2114 53810 340
90197 18881 351
30688 45692 324
80170 48042 351
17594 14294 271
10306 71878 340
36188 8187 324
23119 75226 340
51373 52321 278
16362 55910 340
96001 24528 351
91210 60409 351
70028 39399 340
12191 40084 324
82973 52752 351
15307 89567 351
59343 10709 340
81482 36785 351
60127 43270 340
8473 7338 252
74767 82309 351
53230 46352 340
55050 8923 340
42537 74442 340
81820 72260 351
28376 95891 351
28349 90218 351
88077 95636 333
50352 37133 314
81836 25267 351
46172 41756 314
1936 18962 279
84567 83972 320
1075 19497 279
48936 65953 340
38587 61797 340
33557 63253 340
965 45333 324
1993 91181 351
59162 56860 304
82736 11716 351
96005 78446 338
46701 52331 314
39648 81028 351
53169 92359 351
3974 15276 276
59081 92740 351
33041 52793 340
2942 29608 308
45749 30442 324
94901 65968 351
58675 58211 273
60416 34080 340
51 91829 351
62240 85449 351
85075 36054 351
29025 7386 308
19427 22379 274
24609 77648 351
24666 8359 282
11865 90443 351
25369 35967 324
71508 7678 340
15955 97765 351
88277 74331 351
96169 25129 351
83977 52698 351
62724 88727 351
64598 29555 340
3401 92535 351
23622 96185 351
15440 27317 308
58069 93256 351
67067 4188 340
71334 10822 340
17706 13775 279
56552 84487 351
85469 185 351
36534 89193 351
70 23332 279
27324 95110 351
53817 28696 340
49308 69928 340
84807 94055 333
25596 28182 308
15328 70472 340
36156 92125 351
68563 45538 340
77781 26907 351
90248 94717 333
65338 93047 351
74822 39269 340
85687 55257 351
1772 32573 308
29930 43100 324
15122 60315 340
15890 56367 340
63232 71772 330
15706 87930 351
66818 90727 351
3482 26559 282
8222 65123 340
76844 40299 340
65897 57627 335
11216 1601 268
34467 6602 311
15193 33959 308
25943 73442 340
43740 57324 340
93314 61651 351
28499 18312 308
28837 42083 324
22197 79208 351
89598 43148 351
59453 35963 340
89117 83087 333
76902 54809 335
61440 1104 340
40833 85577 351
72147 25856 340
15123 89156 351
86188 42735 351
92245 29549 351
46332 48065 314
67187 36252 340
7251 19931 279
81120 60012 351
71615 76206 325
7193 79790 351
96990 13436 351
14598 87575 351
70301 31910 340
84571 83017 320
63088 7230 340
79841 64967 351
92018 95323 328
89511 61329 351
70036 82613 351
98044 2347 351
72183 66265 325
9017 11794 268
83336 69426 351
2053 72585 340
92850 35247 351
10876 61222 340
52006 71609 340
89017 43173 351
86126 29668 351
20292 68694 340
24687 35971 324
37846 6690 324
73611 75573 325
28233 39710 324
46373 56576 340
16532 13870 271
10359 12369 268
91760 77116 338
6281 2554 262
36514 42323 306
98886 16700 351
54635 8963 340
2798 24437 282
40244 59845 340
57563 32440 340
31485 95244 351
58734 33295 340
34041 64009 340
68449 66345 312
60584 24143 340
59272 57940 273
1011 99338 351
92268 93376 315
39022 64018 340
96014 68425 351
48511 69892 340
22626 22057 269
9605 39755 324
83480 8818 351
61059 78464 351
57996 98456 351
71240 51459 340
69158 8907 340
43057 33831 324
98153 77470 338
33915 49653 324
84875 43016 351
45863 74647 340
21889 62074 340
35546 24189 311
85825 74524 351
80951 62566 351
74766 5027 340
81042 54050 351
93943 66987 351
24849 98049 351
89565 83285 333
53874 2020 340
4652 56874 340
22451 10077 279
77750 92907 338
87264 21893 351
30148 69024 340
93040 65623 351
67924 71800 325
65779 76463 325
38406 13787 324
38009 36225 306
26685 38894 324
58709 41972 340
5043 34629 311
40731 47387 314
78645 41662 351
64017 99019 351
24917 76641 340
37456 21808 324
45629 28917 324
65999 81107 351
32020 19895 308
23328 9526 279
50107 12837 324
80959 70105 351
49774 67054 340
39764 77118 351
74962 53005 335
83277 92786 333
39198 91877 351
68442 3936 340
40467 85959 351
69200 84493 351
29773 44443 324
33003 6127 308
50133 36377 314
27483 44606 324
6920 69963 340
82360 78827 320
69637 80454 351
44720 14097 324
91091 30934 351
99100 13397 351
37545 88414 351
78748 57879 351
76359 27196 340
42993 9975 324
62878 51292 340
85969 33981 351
1183 85103 351
3002 65839 340
42798 97241 351
87746 77761 338
697 35553 311
91413 77252 338
33766 24583 308
7209 22452 279
38376 21040 324
70871 46410 340
31552 22656 308
885 17264 276
35383 64165 340
59092 36033 340
59246 17271 340
49510 91084 351
8151 94216 351
6893 61880 340
28218 65137 340
59180 43512 340
88936 64449 351
92953 58089 351
24520 31141 308
57718 25539 340
40098 630 324
23338 91762 351
82720 13666 351
51668 99596 351
80792 1149 351
65329 41582 340
40501 36392 306
36791 43052 306
24519 60736 340
83461 90515 333
20572 102 279
29245 80393 351
77665 13265 351
80961 14761 351
61560 84992 351
5834 97421 351
72673 84626 351
81863 80144 320
16487 12835 276
9752 5704 262
4922 13856 276
18126 82986 351
56317 19067 340
93217 87382 333
9650 39943 324
11917 95290 351
56770 47463 340
30197 59071 340
54445 62698 335
66013 93663 351
9188 64546 340
41107 49213 314
33840 69036 340
94873 67925 351
80718 97213 333
26955 85638 351
35465 70788 340
45458 18728 324
55441 25297 340
12807 39434 324
2007 26805 308
70245 63765 312
16259 10858 276
49820 67403 340
39863 20672 324
25136 79268 351
77490 18001 351
21226 38456 324
23933 35757 324
72094 7509 340
50077 70845 340
40751 19234 324
18402 11585 279
70337 61897 330
15153 12981 276
21876 31055 308
75621 79728 351
40815 59003 340
97451 69391 351
33188 74003 340
89403 63383 351
86419 1498 351
67624 71230 312
38718 44501 306
65047 82773 351
45039 27461 324
62031 85254 351
52785 50191 340
26321 38257 324
44056 29936 324
89874 92874 333
16246 50232 324
9442 44702 324
13256 35824 324
809 88940 351
25429 20335 282
95719 64215 351
98394 15356 351
11241 17299 276
16158 59913 340
8084 29743 308
99773 72394 351
34498 29060 311
23398 23667 282
42132 69305 340
39208 41667 306
28911 40177 324
1961 71746 340
19592 29830 308
34608 91830 351
68562 77590 351
5517 91311 351
41287 60571 340
34190 2833 308
54056 37633 340
79898 47892 351
77702 48979 351
31940 52627 340
15137 36744 324
32177 77389 351
68174 6735 340
52463 11571 324
13342 12772 276
89522 28855 351
4505 80256 351
56721 3191 340
31064 35223 311
61070 14410 340
51459 8570 324
80438 47069 351
33550 4821 308
62309 15705 340
5146 71814 340
74052 53604 335
12279 66548 340
54506 36279 340
10703 65964 340
67118 91336 351
62046 26097 340
91642 75979 351
52950 3477 340
30940 95203 351
9793 47233 324
54165 37312 340
97898 75654 351
60958 28788 340
823 17061 276
82542 54137 351
98973 20366 351
45047 55080 340
57494 97518 351
4148 60593 340
89779 18614 351
25403 8679 282
56870 34663 340
74507 92416 351
64956 95046 351
36 97602 351
26997 72396 340
28179 34047 285
2412 21078 279
45193 94997 351
36578 14245 324
55798 92958 351
3668 14681 276
72115 10074 340
49803 95688 351
91832 97583 328
24542 98195 351
60562 53420 322
36937 70207 340
12562 77059 351
35621 14672 311
37417 34649 324
71967 74868 325
5627 89663 351
91172 14285 351
91429 49949 351
11250 25688 282
81121 22402 351
96147 5280 351
34783 33587 311
31534 99406 351
49861 86666 351
43878 18686 324
38696 60832 340
12096 86493 351
96810 84138 333
51812 62702 340
83600 99986 333
73966 50334 340
27035 13399 308
49324 41184 314
74763 18372 340
39280 99492 351
57704 30666 340
70158 81090 351
81272 51085 351
45804 73795 340
72733 68112 325
72475 55997 335
60366 42252 340
45509 60743 340
46618 49976 314
51758 7001 324
29947 66247 340
31786 96289 351
80815 30389 351
25990 48308 324
49849 30963 324
77517 63553 351
79708 7419 351
58563 2761 340
67114 56745 335
25663 84362 351
23780 45252 324
42270 42327 226
71975 12960 340
55384 1724 340
75056 60754 335
97531 10219 351
99664 79440 333
49954 76467 340
74163 1869 340
39662 74868 340
98400 82151 333
17777 68215 340
59598 63336 335
43519 11386 324
66041 31476 340
64858 39740 340
57820 50192 340
79286 23416 351
36899 67323 340
85848 14457 351
57734 11306 340
10422 7445 260
76078 88096 351
31575 29406 285
94967 23908 351
33984 22694 308
11467 10123 268
23529 60552 340
30002 15637 308
4546 62599 340
3137 70692 340
20254 53579 340
9824 63053 340
15862 28678 308
16400 51200 324
96952 71584 351
55164 4910 340
19199 84263 351
28162 57184 340
77818 71155 351
14735 54648 340
33925 14075 308
56469 49113 340
60729 40301 340
74069 89649 351
54482 36071 340
60248 71863 335
95884 75569 351
99605 34720 351
78271 4234 351
10289 81622 351
23830 41363 324
38639 44114 306
71266 5185 340
83341 16783 351
44035 42119 288
82539 20063 351
52345 87476 351
79002 3963 351
72791 47434 340
34361 86378 351
13339 70394 340
3674 31824 308
58646 41612 340
2515 63107 340
99730 58830 351
7371 63727 340
54986 22311 340
69620 62565 330
56708 42483 340
97555 95532 297
2534 48053 324
59971 48236 340
96951 81157 333
89409 96943 333
49701 31364 324
50249 66104 340
70038 73357 325
84109 3851 351
35639 93127 351
36159 72941 340
8800 72648 340
95640 54973 351
79734 34484 351
82646 47858 351
95221 55411 351
72589 88840 351
61981 45186 340
47117 82144 351
27638 54678 340
84109 36843 351
41273 51801 314
73827 97985 351
82042 57613 351
58859 64508 335
43137 15501 324
13132 49062 324
43178 19007 324
82248 26601 351
54767 17398 340
21757 5399 279
35945 69814 340
70671 11857 340
93447 19491 351
49545 20970 324
14229 98297 351
51703 60324 340
64540 61242 330
14345 25678 282
62875 51733 340
86322 40250 351
97210 45677 351
9760 73229 340
38877 48954 314
73242 72378 294
39872 84594 351
80430 13287 351
20176 8132 279
76333 87218 351
13094 10095 268
36313 39919 306
44601 80254 351
13839 95541 351
55289 19104 340
61152 98978 351
7538 36653 324
42729 43801 257
55980 98889 351
866 14458 276
44798 88750 351
63058 14600 340
52788 84840 351
95035 18209 351
56974 19792 340
55542 17551 340
71508 26834 340
38985 38556 244
33203 81950 351
50840 98027 351
13741 87495 351
35163 21471 311
5807 57515 340
11158 70290 340
43518 64524 340
10548 22860 279
12694 235 268
83791 57356 351
93201 19973 351
41802 22350 324
61662 61987 286
62089 92745 351
99662 11937 351
41669 67660 340
79961 71016 351
62107 8845 340
94361 58632 351
18828 64204 340
93432 60893 351
92810 3159 351
5384 21144 279
28970 77003 340
12523 54101 340
64219 37066 340
85879 69383 351
87312 11317 351
7217 80856 351
41250 81993 351
61530 95864 351
12073 84590 351
29582 62272 340
11279 85003 351
89821 63895 351
14635 95366 351
91213 7412 351
90551 79833 333
45807 20631 324
45176 34790 324
23193 66039 340
48602 20281 324
92951 71142 351
42490 73089 340
38541 43045 306
80711 60593 351
63332 97275 351
23562 87169 351
81239 16574 351
6160 52138 324
59094 14519 340
82112 75992 351
81983 9758 351
14715 67155 340
96504 91482 328
45910 37848 314
48694 45788 314
25245 98743 351
45324 9765 324
70127 57967 335
99640 67663 351
58758 21517 340
69429 17144 340
18253 76087 340
98653 27557 351
63416 29467 340
49692 23931 324
3351 71675 340
75466 46080 340
61185 96591 351
67142 11244 340
30462 19436 308
9625 9066 260
14822 31724 308
43242 60618 340
95912 29552 351
23681 8625 282
39734 21745 324
74851 77014 307
61102 95810 351
70561 46263 340
8034 76993 340
64046 61730 330
27053 30302 272
11038 98776 351
11724 9195 268
27440 98086 351
91520 65866 351
60111 2403 340
68470 85615 351
75985 40966 340
72976 56732 335
35939 37392 262
66759 13370 340
84470 51390 351
35029 4014 311
71582 93667 351
57547 14993 340
20025 89298 351
41079 75794 340
48369 68682 340
6587 60343 340
70908 71515 325
12044 81446 351
80106 90850 333
25647 20793 282
10708 17656 279
49958 96687 351
19645 76096 340
1715 9457 262
48814 44276 314
27038 19531 308
73464 11083 340
41026 65758 340
55598 27063 340
23523 67878 340
95963 14635 351
39383 34231 324
10233 32228 308
28154 6930 308
93094 58593 351
81757 75747 351
422 21451 279
92586 18912 351
94716 31055 351
62507 34681 340
6515 59846 340
55369 98809 351
56729 98470 351
2835 67604 340
27629 3395 308
22298 77856 351
27586 68446 340
24216 18142 282
54302 11116 340
8030 41487 324
59176 72444 335
15537 98472 351
61115 17994 340
8767 20249 279
59376 76687 335
7571 10722 260
83410 17267 351
87656 90893 333
72706 90627 351
41156 11150 324
54827 35144 340
13240 30404 308
36581 75244 340
85086 86475 302
16862 37390 324
96836 18189 351
93546 58237 351
26215 75126 340
68013 85420 351
27199 80940 351
44672 39803 306
17665 26427 282
98269 59651 351
106 20913 279
5954 21270 279
31273 47858 324
54819 89822 351
86724 61381 351
78081 9226 351
17552 44539 324
6831 75867 340
77650 83010 338
60362 40102 340
30429 5958 308
20985 48604 324
79498 11698 351
31876 34301 311
24917 42739 324
25171 7153 282
27688 52099 324
87075 25016 351
83631 20842 351
25377 79422 351
12799 41652 324
49103 14789 324
72670 82116 351
50238 83383 351
98416 27346 351
92005 92636 284
68913 78497 351
29080 20051 308
35841 41784 306
82783 96239 333
39139 82394 351
62523 4210 340
55344 76298 335
5924 27241 308
86649 67941 351
19784 35878 324
34836 16931 311
56545 23057 340
13187 86790 351
93810 34355 351
14909 24040 282
83729 55963 351
72952 88007 351
64216 97431 351
44117 98108 351
32892 69316 340
21410 54376 340
58711 10923 340
208 83021 351
75197 71837 325
84312 47055 351
66330 18167 340
41695 13635 324
23061 93795 351
92005 67035 351
40201 65474 340
99718 16936 351
13705 63689 340
40596 55210 340
34002 67747 340
22606 25346 282
97487 90722 333
54921 63145 335
44403 88570 351
34854 56992 340
94424 36861 351
38513 33754 324
81963 1051 351
68405 60760 335
80835 32716 351
2912 35077 311
64855 89552 351
67240 13941 340
38446 33738 324
72646 91270 351
23702 68147 340
56166 97064 351
40599 27400 324
63087 52631 335
21480 29270 308
1538 54225 340
64343 88071 351
26176 41145 324
30073 95461 351
75356 77763 351
3242 34181 308
53578 99516 351
64517 28498 340
64696 33602 340
13636 72085 340
18399 60051 340
57342 53381 322
45932 67868 340
56868 12679 340
24928 34984 311
58618 79783 351
67482 6606 340
1666 20349 279
21137 12007 279
72414 50520 340
56019 78469 351
24403 99281 351
10812 17718 279
87379 15441 351
79157 55203 351
90339 39386 351
81169 87631 333
27956 19890 308
62544 16564 340
16285 33314 308
37705 54103 340
43505 9454 324
71149 5000 340
4241 37027 324
10785 33195 308
65175 87204 351
23166 40990 324
96625 79321 333
68091 57967 335
94871 15989 351
10586 22374 279
36603 30480 324
33562 69089 340
46969 36545 314
52875 30333 340
21838 16909 279
76840 33920 340
41700 72287 340
9550 10865 255
16597 17092 266
97485 22305 351
49185 13649 324
23615 93657 351
35735 94685 351
85351 21387 351
5090 18635 279
60903 50215 340
34454 16805 311
92521 22552 351
62730 32016 340
50286 79925 351
30034 69727 340
3080 61454 340
12136 13178 263
16561 46387 324
45884 20282 324
34747 36607 324
84258 72098 351
31492 66971 340
4307 79101 351
51045 73628 340
67869 44294 340
89056 85943 333
2281 1683 183
4144 40513 324
98173 88793 333
38390 35867 306
84323 14899 351
66943 54631 335
29256 68268 340
82256 13131 351
78204 80083 338
48176 54241 340
77684 67482 351
70001 61570 330
82777 99283 333
16464 36322 324
21489 24995 282
82110 73043 351
92611 38513 351
88252 88409 196
57635 93839 351
18337 75684 340
11407 81018 351
60426 64871 335
