850 8894 262
8519 8815 216
8058 9504 260
4151 5815 236
9644 9988 242
9715 9970 242
5862 9219 262
2817 7556 262
6364 8352 257
9736 9762 167
340 1321 182
1352 8338 262
2742 9427 262
8746 9008 247
7338 9971 260
7931 8583 252
7428 9517 260
633 2255 183
1961 2348 183
8060 9156 247
1575 8342 262
9456 9927 242
4781 5687 236
6788 9956 260
3507 6984 262
2083 7212 262
2308 4411 238
539 6206 262
5207 5628 236
444 3964 238
8731 8956 216
5611 5665 174
3594 7792 262
1479 6268 262
828 1943 182
8226 9982 260
2202 8629 262
4731 8277 262
4932 7863 262
4332 7965 262
7003 7268 195
4621 8327 262
5893 6446 262
1032 6704 262
4445 7756 262
8967 9348 260
2702 9089 262
6869 8473 257
7028 7793 239
2495 7049 262
6062 9883 262
6611 8258 257
5348 5409 192
3872 9818 262
4294 5593 236
7484 8259 252
9569 9801 198
5524 5623 236
8017 8591 234
3186 6024 238
9868 9950 242
9042 9704 260
7110 7650 239
9390 9904 242
2176 8375 262
1410 5105 238
8430 9154 247
8225 8523 234
1463 3842 238
8689 9703 260
1205 1526 177
516 2266 183
6509 7558 257
4245 5098 215
2378 6649 262
2248 2653 209
4268 9547 262
1124 1600 182
4632 6968 262
6665 9562 260
2826 4390 238
9155 9270 260
8781 9619 260
5049 5319 192
6267 9359 260
8372 8551 203
6 9570 262
288 7355 262
3357 9263 262
4960 7417 262
378 2170 182
5751 8593 262
7510 9748 260
547 6607 262
2019 7699 262
4838 7012 262
1825 3354 217
8308 9665 260
6679 7124 257
7732 8276 252
9507 9573 198
2829 3925 238
7228 9130 252
1407 2399 183
1687 5839 238
3605 9604 262
8466 8888 216
9454 9893 242
376 3463 217
1368 6656 262
8490 9276 260
1490 2213 180
7795 9022 252
9108 9748 260
3020 5821 238
1424 7291 262
7814 9093 252
743 8371 262
5719 9058 262
9217 9466 260
4625 9342 262
4236 5243 215
8225 8682 234
693 9966 262
7691 8660 252
617 6023 238
694 7733 262
4212 6932 262
6561 9956 260
6696 7312 257
3760 7178 262
3522 9274 262
6612 8804 257
8680 9242 247
4418 7516 262
7203 8183 252
1262 4692 238
8534 9370 260
470 3770 238
6203 7668 257
8970 9350 260
4134 9026 262
351 5534 238
8158 9403 260
4223 7377 262
2924 8568 262
1738 9408 262
3721 7676 262
4166 7347 262
7511 9338 260
8238 8720 234
8019 8880 234
8983 9301 260
1619 9931 262
9279 9346 185
5910 9563 262
4201 6877 262
3320 4310 238
1874 8710 262
3283 9567 262
6978 8388 252
2079 7213 262
5019 7266 262
7964 9323 260
2089 9371 262
6789 9847 260
6043 7493 262
9112 9872 260
4360 7949 262
9449 9726 198
9965 9977 167
6037 7352 262
3434 6997 262
7717 9431 260
4893 9111 262
4435 6619 262
5870 9953 262
8739 9483 260
7160 9847 260
602 8493 262
5230 9355 262
196 4015 238
4263 4667 215
3074 7683 262
2137 4587 238
6280 7933 257
7856 7962 190
9029 9995 260
5989 9451 262
5428 7907 262
2875 3607 217
4109 6979 262
113 2438 183
4047 8866 262
7765 9102 252
5046 5093 179
4359 6026 236
383 8033 262
346 6068 238
8822 9453 260
2175 8541 262
5823 7979 262
6401 9527 260
25 6961 262
9710 9788 198
4753 8422 262
3971 6045 236
9608 9806 198
9735 9834 198
5550 9634 262
2187 8683 262
1292 9070 262
8764 9710 260
1768 6341 262
2697 5347 238
2372 8809 262
1092 5815 238
1220 8819 262
7745 9383 260
6795 9575 260
8474 8904 216
43 6866 262
1303 9902 262
4985 7273 262
5710 7020 262
9330 9423 198
3987 4974 215
6913 9392 260
4009 8992 262
3435 8073 262
8604 9424 260
1978 6574 262
2885 4239 238
7643 9196 252
3210 5982 238
6781 6905 182
5898 6649 262
9892 9927 242
2497 5466 238
7888 9403 260
29 1199 182
6551 7927 257
6464 8116 257
8645 9811 260
7357 8936 252
6309 7465 257
3001 6665 262
436 6460 262
2008 7585 262
7979 8896 234
9478 9535 198
235 8546 262
2524 8420 262
8857 9151 247
2864 6935 262
4651 9417 262
1900 6039 238
5930 9131 262
9100 9977 260
7761 9409 260
7013 9433 260
9232 9905 260
1809 3507 217
983 2910 209
4731 5229 210
8728 8862 216
4606 7223 262
8947 9275 260
270 4805 238
9099 9942 260
5749 8605 262
646 8549 262
8252 8469 234
1275 8885 262
1093 6009 238
5214 5312 192
7416 9285 260
6486 7507 257
3778 8513 262
184 8166 262
1709 8489 262
8340 9566 260
5515 9705 262
8632 8692 172
1949 2528 209
1212 3776 238
9917 9942 167
1447 8787 262
5004 5126 179
3115 8505 262
3727 7571 262
2566 9448 262
406 1681 182
1418 9459 262
5476 5844 236
1304 6608 262
123 5930 238
1661 8461 262
287 5610 238
5017 5296 192
1813 9070 262
4331 6250 262
9900 9990 167
9205 9304 260
6626 7744 257
4542 7835 262
3654 5675 238
7570 7582 177
5092 8606 262
5483 5580 236
8001 8200 190
5661 9727 262
4135 5061 215
99 5619 238
2096 5866 238
1495 9058 262
1042 1069 169
7762 8326 252
7194 9644 260
7047 8398 252
2997 8662 262
7572 9801 260
309 9852 262
3727 6836 262
1955 9219 262
6574 7690 257
1679 6258 262
733 6542 262
2829 9773 262
1025 5374 238
5506 7421 262
9409 9809 198
3377 6046 238
2439 4342 238
2538 8876 262
4631 8969 262
7366 9064 252
8436 8511 203
7230 9886 260
4466 5209 210
2510 6047 238
3482 4959 238
3271 5033 238
8551 9289 260
4320 9059 262
8176 8674 234
4782 7445 262
5464 8336 262
2248 6019 238
4227 9219 262
2045 5769 238
5610 7154 262
2091 4387 238
7357 9753 260
284 7262 262
6303 8937 257
7298 9376 260
725 5153 238
2083 6787 262
8247 9659 260
5484 5750 236
8542 10000 260
8585 9112 247
7264 9901 260
7980 9773 260
6992 7615 239
8225 8964 247
8297 8961 247
3565 4464 238
9112 9745 260
703 6988 262
831 9839 262
2304 5761 238
8080 8291 190
1336 5743 238
5612 9560 262
8561 9612 260
7136 8926 252
5843 8731 262
2222 3460 217
3690 4386 238
5175 8650 262
1695 4869 238
7072 7792 239
3327 5190 238
9144 9517 260
9335 9771 198
1724 3011 217
2221 4795 238
4019 4185 189
4404 5385 210
8974 9961 260
8122 9454 260
6322 7997 257
5865 8330 262
5710 9700 262
6553 9860 260
6351 7800 257
8428 8993 247
634 5603 238
9712 9835 198
5178 7887 262
1981 2390 183
6525 7995 257
3079 7872 262
3856 7691 262
825 1963 182
387 9001 262
5689 7593 262
9633 9764 185
6435 9887 260
8165 8293 190
1795 2295 183
6507 7967 257
4642 8646 262
1335 2722 209
8911 9836 260
8964 9723 260
8217 9716 260
1385 6576 262
7231 9434 260
2703 9934 262
4532 9832 262
3903 6965 262
7896 8037 252
5589 5690 205
2649 8160 262
9297 9938 242
9731 9939 242
9305 9757 198
9760 9869 211
1655 9429 262
9301 9460 198
4233 7872 262
6674 7765 257
2823 4250 238
8905 9825 260
43 1959 182
5976 7646 262
3343 9826 262
497 7356 262
4175 9006 262
7574 7574 84
9828 9960 242
5292 5573 236
8473 9523 260
1112 3267 217
4312 5322 215
1638 1880 180
6548 8328 257
19 1725 182
2314 8928 262
2033 9624 262
4213 9760 262
5204 5415 192
7742 8498 252
4568 8350 262
2238 7083 262
9888 9934 242
6798 9058 257
9935 9963 167
6840 9952 260
3106 4611 238
6878 7595 257
5757 9296 262
9598 9670 185
2633 7150 262
9499 9624 198
119 7265 262
1755 2595 209
565 728 171
3173 6789 262
456 5331 238
5387 7379 262
348 6586 262
1813 3108 217
7781 8961 252
4449 4888 197
7801 8655 252
1496 9446 262
7462 8132 252
3618 3660 163
6074 8849 262
8085 8998 247
5462 5739 236
5323 7104 262
3882 7530 262
4440 9531 262
5694 6873 262
6388 8506 257
3925 7020 262
2589 6711 262
2813 5493 238
7516 9944 260
9421 9750 198
3533 7588 262
8915 9346 260
3632 9440 262
1889 3518 217
8663 9222 247
583 7315 262
273 6898 262
3437 6391 262
9591 9606 167
2679 6012 238
1735 8266 262
8253 9219 247
6889 8883 257
8665 9271 260
9727 9789 198
9878 9962 242
2347 7713 262
2539 9643 262
8725 9279 260
5185 5317 192
7886 9766 260
1629 6626 262
2421 6951 262
5108 7845 262
2438 3461 217
9977 9992 180
2055 5065 238
7162 7873 239
1669 9628 262
2548 4436 238
341 6021 238
2865 2976 217
1970 8295 262
7025 9026 252
9665 9992 242
6742 7338 257
4141 9550 262
4507 9984 262
8889 9735 260
9740 9896 242
8706 9066 247
2972 4463 238
6324 6908 244
9232 9534 260
1612 3896 238
7705 7872 221
6778 8674 257
6950 9909 260
3732 6592 262
7331 7351 195
7272 8480 252
1385 2807 209
7925 9006 252
1099 5936 238
9703 9793 198
2668 4835 238
7901 9713 260
8953 9467 260
3650 5262 238
7984 9761 260
1241 3682 217
4523 7560 262
4509 9367 262
1803 2426 183
9487 9579 198
5264 5907 236
3001 3735 238
610 4679 238
2905 9300 262
781 1227 182
6056 9770 262
3569 8178 262
9721 9904 242
3044 7392 262
847 7426 262
720 7614 262
6970 8869 252
6616 7305 257
1922 7507 262
8770 8828 172
5619 6529 262
8254 9521 260
5730 7318 262
7850 8147 252
1561 3709 217
5578 8340 262
9979 9988 167
4305 6339 262
7363 8336 252
3496 8550 262
7877 8138 252
9149 9411 260
8525 9401 260
4169 7294 262
7884 7926 190
232 9871 262
4786 7675 262
8170 9093 247
9636 9647 167
5507 7569 262
7548 9182 252
8856 9642 260
4003 7637 262
125 7336 262
8387 9943 260
5977 6562 262
4627 4897 197
7034 9305 260
563 5316 238
5461 6349 262
792 8040 262
1276 6543 262
9058 9987 260
9423 9718 198
9542 9812 198
9104 9886 260
6151 9906 262
1979 5063 238
8316 9387 260
4111 8215 262
3430 4769 238
8852 9243 247
1852 8226 262
2412 7802 262
2655 6614 262
2925 9024 262
4264 6790 262
5646 7828 262
7521 7959 221
6803 7278 257
2427 5532 238
4315 7720 262
7875 8314 252
9262 9682 198
6850 9796 260
5588 9947 262
3648 8333 262
7471 9362 260
1380 7019 262
5942 6298 262
6252 8578 257
5323 8140 262
1673 4648 238
9236 9944 260
751 5090 238
577 1957 182
782 3506 217
4308 4650 215
2047 8670 262
98 6166 238
4153 5850 236
4678 7654 262
7606 8759 252
6805 7177 257
4568 4861 197
5866 6270 262
1181 4105 238
3262 7746 262
3415 4719 238
1745 5281 238
7240 8135 252
926 4527 238
8938 9371 260
9411 9491 198
2690 8592 262
4830 6250 262
5365 9809 262
2593 7368 262
7460 9433 260
3595 3825 238
888 8089 262
6707 9140 257
8347 9197 247
3145 5976 238
6187 8763 257
9280 9506 198
2379 5652 238
9084 9364 260
8701 9375 260
7255 8820 252
3765 4448 215
3592 9772 262
477 910 179
6053 6089 187
2429 4462 238
5487 6381 262
7069 9599 260
4752 7630 262
6225 7709 257
2 7373 262
4807 6362 262
4420 5616 236
700 8753 262
5368 9943 262
3949 8619 262
2348 3867 238
6150 6839 262
967 3089 217
3359 6532 262
8126 9888 260
7403 9031 252
949 9482 262
3507 4956 238
343 3242 217
7003 8499 252
5716 8981 262
327 7998 262
2219 3651 217
2591 9475 262
5939 8166 262
5446 5811 236
2964 3051 155
9610 9891 242
8629 9605 260
8170 9407 260
4696 8396 262
3596 6771 262
4007 8711 262
165 7710 262
2450 7110 262
3148 6577 262
9722 9817 198
8590 8784 216
8828 9199 247
3056 9181 262
5971 8922 262
4161 5842 236
2486 4505 238
2001 5910 238
2207 5884 238
5603 6831 262
2563 9900 262
387 1316 182
625 5136 238
4033 6663 262
6116 8637 262
8613 8838 216
8423 9058 247
8746 9764 260
2347 3747 238
7945 9127 252
1875 6237 262
9676 9717 180
1367 9590 262
524 5790 238
6405 7770 257
9861 9922 242
5883 6222 262
9878 9976 242
4702 6337 262
2078 7691 262
563 8400 262
3985 7071 262
3360 6909 262
6798 8193 257
9815 9975 242
5111 7256 262
5672 9364 262
296 6855 262
5946 7026 262
2572 8916 262
9053 9326 260
5652 8256 262
2024 5843 238
152 7871 262
7611 9897 260
5184 5752 236
814 8064 262
1160 6424 262
6093 9465 262
481 9553 262
2051 4945 238
3658 5583 238
6989 9443 260
3206 9226 262
4887 7602 262
472 9477 262
9529 9751 198
1829 8878 262
1674 8610 262
9512 9584 198
2564 7090 262
9838 9983 242
20 1336 182
1145 4427 238
7047 9481 260
2935 7246 262
46 6029 238
9031 9877 260
3447 6181 262
6535 8229 257
3244 7185 262
2324 5278 238
5036 5693 236
7102 9667 260
8785 9407 260
7770 9257 260
5524 6485 262
8283 8880 234
5813 7967 262
2997 5259 238
686 2019 182
6146 9011 262
3894 5313 215
6995 7523 239
1833 4959 238
3808 8631 262
9583 9925 242
3761 7274 262
3703 5077 238
374 2379 183
8387 9677 260
9037 9482 260
3429 6823 262
7340 8555 252
779 6467 262
2430 7748 262
2021 6116 238
6084 9496 262
7430 9916 260
7932 9965 260
2445 8569 262
9716 9970 242
3248 5520 238
1913 4039 238
3601 4846 238
4050 7459 262
7596 9612 260
2318 6200 262
5580 8246 262
2233 8408 262
7218 8744 252
6583 7973 257
9754 9952 242
9476 9550 198
7516 9531 260
4485 8347 262
184 4122 238
5288 8940 262
3922 6218 262
8310 8973 247
5976 9708 262
1515 4935 238
1111 1956 182
3517 8623 262
1073 7519 262
8312 9999 260
8104 8837 234
1388 2721 209
6763 8484 257
1183 3219 217
8746 9199 247
4521 6349 262
1827 7156 262
1553 7321 262
7366 9069 252
1222 1694 180
9972 9996 180
3164 8601 262
89 2962 217
2033 6201 262
7811 9584 260
2738 6729 262
8260 9930 260
9314 9839 198
1425 2472 209
9850 9877 211
3985 7971 262
2970 9605 262
5223 6003 236
5155 5301 192
328 9877 262
4234 4907 215
9348 9704 198
2522 6897 262
1097 9701 262
8529 8573 172
2030 8611 262
3422 9847 262
3955 4727 215
5844 7698 262
9816 9979 242
865 5776 238
7405 8342 252
6544 9854 260
2588 5752 238
4622 6504 262
956 7071 262
7843 9709 260
3288 6838 262
3342 4890 238
4451 8004 262
988 3448 217
6186 8515 257
3162 5851 238
910 1002 174
4187 9478 262
1651 9533 262
5757 7642 262
6357 9396 260
6611 7618 257
8115 8186 190
6618 7840 257
6725 7714 257
4273 2832 238
5723 3295 238
7366 1933 262
8107 3999 262
1816 77 182
5015 2556 238
9234 5709 262
6819 6545 244
5505 2110 238
6148 466 238
2813 708 209
2488 2468 134
4518 2095 238
5091 4664 210
2522 1018 209
7466 6927 257
1758 1706 180
2309 581 183
4296 1034 238
2090 1878 175
8104 1809 262
490 150 144
7918 7068 239
1425 70 182
9859 4253 262
3390 1695 217
3137 2149 217
387 143 144
1654 263 182
8654 290 262
5618 325 238
3834 3193 238
633 270 144
6482 2829 262
8712 1761 262
5106 3515 238
3669 2463 217
4190 1616 238
3678 1962 217
8488 1461 262
1133 800 179
2787 699 209
8995 1641 262
3192 2718 217
5670 2220 238
2820 1876 209
5868 3557 238
9260 2216 262
1638 979 182
7515 3206 262
2874 1187 209
1931 1234 180
5121 1382 238
6299 3019 262
9607 6759 260
5787 1955 238
4075 3847 189
109 69 119
2974 14 217
5117 89 238
6226 2464 262
6227 741 262
1712 1645 180
4258 1963 238
6081 4539 236
9353 6435 260
508 50 144
8407 7358 252
6235 4677 262
474 411 134
8412 1743 262
4426 1929 238
6371 3027 262
6037 3422 238
2776 508 209
3690 480 217
1556 1000 182
5264 4119 215
2007 1914 175
8962 5512 262
5314 3362 238
7463 906 262
5589 1759 238
5840 3106 238
9452 9158 260
507 437 142
2091 426 182
1650 967 182
7408 2100 262
9266 5023 262
2704 1203 209
2450 2235 183
4910 1637 238
338 181 144
3352 2711 217
723 382 171
5230 870 238
5199 4695 210
1633 349 182
80928 84783 320
76841 78698 351
87417 92834 333
95271 99080 328
25763 97274 351
78723 85978 338
77170 86030 338
13809 16866 271
56066 88804 351
