728058 455114 470
205853 658126 470
938767 914275 476
510959 537219 470
756138 728277 424
549515 378469 470
223348 436633 449
341868 38738 443
469638 503580 426
361470 219783 443
735319 610273 447
100442 275607 443
399807 976069 525
667037 754744 442
831847 506590 470
182564 559096 470
946448 309309 525
473189 341133 449
633276 628115 385
108269 213641 383
25212 634992 470
130162 921516 525
246167 592166 470
592212 842196 525
514132 694796 452
920949 802639 525
50469 757023 470
717105 23441 470
114864 574466 470
99452 765249 470
827195 748006 468
306903 613869 470
241138 418436 449
613103 376606 470
125784 45383 354
380370 94663 443
516680 128584 470
377550 1431 443
86311 352049 443
713064 6446 470
194217 964930 525
918134 328043 525
595004 459506 470
611418 261284 470
163412 844717 525
945947 74607 525
931348 780860 525
395233 124573 443
604950 886147 525
53837 457735 449
918551 941283 476
216499 604608 470
378050 319616 441
617909 169706 470
379287 160733 443
814269 685348 468
63032 115042 354
121430 399713 443
826640 567040 468
789735 353620 470
826592 824427 344
754062 318791 470
692968 822854 468
85717 196235 383
196974 840477 525
254292 658122 470
769198 518475 468
329699 428792 449
534110 865852 525
596409 432488 470
541020 700109 452
822886 580027 468
239222 787216 470
72233 706675 470
243286 604139 470
955887 104869 525
858504 773855 525
418537 105933 449
298345 551975 470
272520 99324 443
619695 969143 525
234584 24684 443
449231 842659 525
228406 269876 443
488527 237665 449
214767 384790 443
762792 513255 452
998519 682550 525
341015 247086 407
344963 134694 443
800704 13145 470
438147 661212 470
938751 811630 525
220671 599365 470
859725 45890 525
534349 729458 452
981644 952052 458
422701 643056 470
867312 811343 525
563521 265207 470
768137 963283 525
180459 63352 383
704816 145870 470
485061 370777 449
698126 450851 470
255736 737469 470
885956 415404 525
100985 199036 383
932922 394300 525
493606 846834 525
371272 528189 470
888569 321907 525
494330 532856 470
337062 917340 525
37443 44788 306
494679 61701 449
78786 621493 470
767234 253074 470
506345 481829 426
477155 210665 449
929232 975057 458
179739 923902 525
973973 952970 458
343141 854409 525
22957 35628 311
491825 244889 449
819788 794107 468
227167 744450 470
116333 905960 525
683289 67634 470
313790 826484 470
817549 904546 525
71147 846892 525
101702 512104 470
527110 694546 452
4838 724200 470
797264 263580 470
55618 407019 443
101543 681557 470
629530 504584 470
932875 484194 525
853875 847550 357
832270 541216 468
529235 175844 470
600856 644456 447
574296 678391 447
503124 802292 470
241142 481555 449
301755 344219 384
881355 715901 525
307195 359736 441
914657 315741 525
626499 868201 525
113023 48841 354
344558 142131 443
44076 77948 351
155209 879107 525
818369 777445 468
576323 281487 470
271658 748188 470
525040 139739 470
360825 431855 449
760250 278168 470
360742 330395 441
385764 653607 470
716775 221846 470
389052 183995 443
305448 131273 443
186781 810140 470
434344 336091 449
210782 401991 443
539888 814121 468
305499 142002 443
836976 383121 470
230110 772782 470
649015 91246 470
271785 549350 470
68942 572190 470
746594 472772 470
231794 837950 525
697755 441267 470
454317 618231 470
743485 411135 470
226000 657842 470
950226 615064 525
445263 268199 449
486828 209077 449
465081 732371 470
379380 699988 470
685970 178696 470
508946 384544 449
442638 775262 470
575094 576620 346
833517 940231 525
768002 139740 470
319278 900672 525
944148 155556 525
24881 28388 308
90483 778919 470
409132 125083 443
618837 887297 525
984777 392495 525
33354 713888 470
982171 723135 525
686793 379469 470
393020 882508 525
55765 15625 340
247940 786544 470
919820 471122 525
487720 157167 449
44876 628485 470
335468 242470 407
571074 692125 447
240454 613664 470
889425 251673 525
202257 261384 443
24603 975740 525
205930 219000 386
550830 304622 470
246763 76784 443
688782 827136 468
564418 270818 470
626587 626189 341
285485 417897 449
53983 213756 383
730260 509658 470
412470 576289 470
518594 746419 452
240090 842691 525
280258 500721 449
158730 237880 443
952594 368509 525
980375 858861 476
506950 429574 444
613643 428162 470
832636 86442 470
511414 938322 525
142008 261325 443
721622 92816 470
635740 962893 525
806434 20748 470
350533 500236 449
800691 810005 406
930692 58476 525
590288 334649 470
26551 5785 282
932180 583656 525
719684 103679 470
790654 957879 525
391217 754077 470
518165 687808 452
79651 22641 351
813238 877926 525
527858 550099 452
658556 710390 442
24869 53918 340
49802 32297 324
64207 968328 525
594999 362694 470
967429 623251 525
453783 588900 470
57338 250524 443
610082 83917 470
377146 776337 470
294916 267135 389
841279 189952 525
104832 181580 383
106291 312842 443
427969 625057 470
687683 707254 442
346175 246115 441
550556 255010 470
485130 156597 449
890373 974676 476
678711 379734 470
665113 606254 447
488420 584872 470
488735 976768 525
496169 285771 449
74440 672504 470
636252 896296 525
556292 52340 470
8641 280778 443
294081 412920 449
328013 495782 449
425793 793339 470
663701 829627 468
926166 749404 525
571800 360148 470
171837 256370 443
454501 9067 449
925333 117376 525
682090 992808 525
55994 981768 525
549467 195142 470
87875 475574 449
980795 897047 476
768916 753149 468
818250 230878 470
338528 47039 443
748748 902170 525
384062 270950 441
958705 526050 525
697639 249168 470
762790 400875 470
136970 347175 443
63671 148199 375
216652 353550 443
888735 413256 525
593247 72439 470
485422 439138 444
933502 296465 525
446101 501615 444
376578 796191 470
277969 963756 525
902756 74084 525
280818 409568 441
630672 633274 385
281543 359612 441
946018 130371 525
787112 72926 470
555647 915638 525
2848 306160 443
226643 173467 386
588788 785709 468
457570 123794 449
91988 200836 383
549133 87628 470
562078 194837 470
168548 181149 365
849289 863064 388
255906 206122 443
90484 30173 351
907465 295165 525
574859 823981 468
28123 208567 383
950163 992400 458
2162 186725 383
487508 289512 449
278396 911595 525
230368 420795 449
678807 754460 442
247811 675214 470
542021 895340 525
908169 681708 525
949132 990909 458
217190 289990 443
997869 869781 476
558918 462004 470
983422 521265 525
115954 457626 449
770150 641715 468
350427 182181 443
114101 32182 354
180231 872501 525
508062 173314 449
409365 397845 387
955602 106395 525
802542 297509 470
152825 881396 525
701322 106713 470
560463 805953 468
835868 964058 525
866906 436010 525
565916 884298 525
248515 329243 407
594095 422245 470
117656 218680 386
48692 910275 525
105373 758894 470
280237 873017 525
512523 451109 470
434056 357087 449
730022 176273 470
577481 427309 470
768894 150376 470
756439 783103 468
30338 851182 525
223008 137016 386
19131 527339 470
708905 378178 470
348269 430079 449
244469 564467 470
336581 62604 443
317137 745483 470
660734 467857 470
297786 827162 470
888919 140119 525
375788 173567 443
820969 702019 468
810121 935882 525
23015 444428 449
685026 173955 470
5175 486151 449
940644 621764 525
939943 857054 476
199074 256577 443
542349 881824 525
198842 447912 449
187008 752562 470
742823 768483 468
117165 209250 383
771619 971515 525
309718 407452 441
955127 672854 525
38061 829941 470
653600 53025 470
605001 512805 452
499039 219657 449
726275 911378 525
291870 130722 443
376368 916935 525
594682 52139 470
201978 74755 383
827441 130153 470
582557 23598 470
345641 712815 470
994043 60967 525
769371 660479 468
875165 9912 525
914074 646731 525
321607 108075 443
21956 346068 443
109687 28790 354
649156 113396 470
971066 734417 525
704129 469238 470
803242 295016 470
309606 996131 525
867847 397292 525
461071 99352 449
189809 107076 383
263245 65042 443
359231 650402 470
200214 385676 443
517632 252912 470
740108 394303 470
863052 260136 525
784616 794888 437
532357 17859 470
755651 390376 470
923183 686601 525
246593 522085 470
975721 554503 525
926362 89933 525
61320 488031 449
424582 988506 525
644175 878329 525
770564 160241 470
609356 83352 470
910472 132293 525
748753 708487 424
843583 497689 525
398670 481905 449
12352 515426 470
316936 898640 525
839120 301514 525
7544 748606 470
899538 62289 525
531970 833895 468
735305 118478 470
237904 397472 441
483275 743700 470
91339 611920 470
317253 818415 470
373430 669004 470
656869 657614 323
425767 361921 449
119656 835706 470
287522 354698 441
154240 677316 470
666067 584162 447
276513 148030 443
686952 975731 525
572264 418463 470
100425 753549 470
692776 805322 468
748725 335858 470
247827 759272 470
410554 897038 525
612290 845425 525
26896 215556 383
379105 335434 441
311571 582883 470
381818 344412 441
797623 396892 470
939220 822203 525
548732 675240 447
933223 740050 525
182958 611383 470
480820 71697 449
657916 474603 470
73188 656841 470
716250 795921 468
48764 730799 470
356725 79344 443
623899 296304 470
605570 768305 468
857247 752107 525
525168 376170 470
764648 555216 447
251388 274825 407
241780 479763 449
634978 603417 447
909737 984460 476
780657 802932 468
402162 227886 443
353528 13958 443
86401 528865 470
332764 350521 441
964530 47039 525
847371 359298 525
150416 343592 443
811147 651143 468
950256 16643 525
285548 987436 525
284347 834641 470
704668 77561 470
373002 913583 525
728409 623721 442
345898 899496 525
535489 283090 470
866494 683700 525
444293 134572 449
660420 466962 470
801340 174847 470
822320 841917 525
658260 765293 442
999156 620878 525
319651 317017 353
468513 886189 525
654747 476659 470
405479 346229 436
566492 442466 470
152888 140324 375
623076 216076 470
867403 824891 525
965601 779205 525
921789 103224 525
31719 184657 383
518673 246958 470
782845 40344 470
754392 160382 470
511506 235877 449
895340 106740 525
999245 366554 525
500886 388480 449
914946 655924 525
967376 283023 525
995648 293367 525
292388 665349 470
401927 36662 443
436339 510041 444
144663 86465 375
864017 744846 525
12451 249835 443
138510 82378 354
272485 362294 441
787728 624341 468
78411 142557 354
149723 862063 525
244175 764798 470
917555 617549 525
425636 898531 525
764633 243186 470
879884 481260 525
224432 942439 525
877446 33050 525
905539 722903 525
721957 129594 470
750752 298185 470
355196 817708 470
607964 625402 447
736950 392079 470
183482 612822 470
976066 758987 525
604775 320211 470
239723 383034 441
835228 445162 470
125189 569843 470
787942 66291 470
304835 672693 470
870914 386269 525
63334 379309 443
693922 176711 470
736848 260196 470
416972 483773 444
327799 603208 470
169762 11986 383
932341 142485 525
197756 636886 470
84155 617248 470
638129 609332 447
859750 581760 525
618997 636971 416
853482 6169 525
441308 748199 470
770858 489286 470
218237 999611 525
837290 783587 468
520817 98109 470
165660 302644 443
669499 575551 447
318166 276533 389
128962 627557 470
857253 853310 388
292921 527208 470
407419 747795 470
30559 510886 449
749315 962182 525
188450 925923 525
106582 619977 470
91935 267552 443
834181 509396 470
828804 618710 468
922262 197423 525
392087 80399 443
811981 672093 468
401871 555298 470
507231 802789 470
898784 465929 525
99212 706366 470
450132 430880 400
774661 68118 470
891221 868540 432
556232 28031 470
893127 490406 525
128845 749366 470
178258 72627 383
45016 291986 443
161085 322433 443
738671 766726 424
481718 29136 449
478438 855506 525
502318 222586 449
717526 847756 525
573601 627024 447
185452 982663 525
997811 777491 525
116125 106013 354
94582 345868 443
765943 630367 442
855752 356937 525
888019 699285 525
552538 28852 470
728231 975219 525
989131 845137 476
476984 184475 449
846962 941907 476
867436 899401 432
649467 485724 470
564733 180896 470
574696 87696 470
843402 567118 525
377785 832405 470
962952 257118 525
578407 889129 525
816149 708250 468
655881 822047 468
904109 265370 525
930650 863159 476
60981 864557 525
918098 800473 525
73973 415907 449
6256 296814 443
730659 744246 424
737625 91867 470
333914 562707 470
274138 415131 449
847274 895432 432
525514 219320 470
74056 573259 470
251531 186022 443
167590 459556 449
546735 602492 434
543006 613048 452
125494 618064 470
123719 850292 525
515574 229037 470
958378 825426 525
383380 791475 470
976463 598283 525
935086 989068 458
93296 792857 470
273179 786055 470
643535 699432 442
122570 833810 470
932259 307096 525
344455 796824 470
301742 127793 443
594204 651829 447
967658 253732 525
740436 217042 470
666401 657978 398
186074 87778 383
20380 414364 449
679809 10872 470
829811 256125 470
241181 676546 470
81795 144552 375
77006 112038 354
111550 194593 383
561309 438711 470
687965 798267 468
689854 797844 468
27504 800822 470
316341 672605 470
782933 114642 470
809878 6931 470
266311 797492 470
112292 63243 354
128462 238452 443
368027 674639 470
917396 776897 525
676362 703250 442
817752 25074 470
456727 241677 449
750268 615081 442
200038 3322 383
906680 435942 525
60373 580908 470
845617 956390 476
179614 811273 470
723556 869237 525
899872 699046 525
782844 246871 470
874103 261181 525
124804 419791 449
374663 813197 470
536119 139850 470
36440 540174 470
481394 957163 525
756763 981456 525
254794 674612 470
846731 306223 525
58426 381133 443
403631 648821 470
40309 306996 443
628348 983308 525
421274 426690 418
926935 130718 525
269318 900182 525
68919 736331 470
982531 142304 525
368233 745350 470
363101 939404 525
665389 248141 470
534869 786568 468
824062 480899 470
649839 825780 468
565935 765547 447
65702 110694 354
199921 566851 470
795968 940630 525
519985 446459 470
58492 936685 525
698526 131216 470
83623 331941 443
838728 931274 476
957837 437916 525
975076 762702 525
701901 345083 470
439468 486624 444
34246 275837 443
882723 599929 525
878445 994271 476
648822 434753 470
626049 73891 470
135358 459242 449
720917 858944 525
60835 971497 525
192332 665833 470
73626 855249 525
455908 260152 449
234958 471821 449
322217 825399 470
410589 99193 449
268361 133579 443
90041 703582 470
375304 407934 436
95855 124168 354
267722 111527 443
4548 454790 449
174925 105272 383
348667 629054 470
683642 811300 468
114932 777450 470
694096 422123 470
295918 769907 470
320512 227779 443
490029 257000 449
154968 354404 443
424183 894875 525
512663 698289 452
450296 280792 449
986015 10686 525
523781 380675 470
97032 638658 470
583933 959181 525
557776 113626 470
673292 173970 470
154225 362743 443
78793 580691 470
440907 105702 449
594239 880267 525
23169 146362 375
708489 36400 470
199456 436760 449
561431 157383 470
448313 320287 449
909837 892900 401
67279 607410 470
220426 217981 355
526828 790691 468
387974 919146 525
407822 396413 387
355028 856252 525
858239 937710 476
547527 794039 468
795714 520271 468
726705 386413 470
841513 541714 525
334022 733048 470
746948 501191 470
321696 684947 470
17331 580299 470
211420 658453 470
862109 202829 525
856865 484684 525
564537 366526 470
861505 703282 525
134921 262997 443
150519 321486 443
935847 966844 445
612240 68650 470
231928 278106 407
471975 448301 444
446269 981886 525
199561 737300 470
682312 180581 470
214711 339921 443
27787 613864 470
684489 635456 429
842252 131653 525
868591 774210 525
391092 213831 443
871699 799288 525
201927 897813 525
581146 120542 470
929711 624021 525
916106 273345 525
968433 383931 525
547846 767582 447
12225 919794 525
255156 946265 525
942832 511973 525
130879 480087 449
562115 311274 470
140984 657976 470
5024 456907 449
646295 151796 470
338978 365043 441
784288 315665 470
495755 303410 449
18721 178430 383
663641 52013 470
407127 849424 525
814641 494181 470
895217 506198 525
949752 652706 525
846252 806938 525
138881 381691 443
512413 126007 470
408736 524229 470
240653 321042 407
22173 881878 525
832126 245750 470
649156 742901 442
346636 325328 441
436890 679647 470
344815 902851 525
113578 309176 443
267805 217385 443
640381 338765 470
971148 440168 525
122599 81922 354
800533 137580 470
234878 15901 443
550772 220742 470
95270 53741 351
67692 953761 525
498952 728152 470
45000 288220 443
297761 504384 449
832059 178505 470
216310 850066 525
56361 870466 525
103910 706667 470
476095 493731 426
408664 269158 441
890940 286631 525
267986 269190 345
934355 272930 525
712235 938301 525
505065 403608 449
879641 357335 525
176889 806137 470
183332 943622 525
809495 938490 525
248828 568650 470
409234 951889 525
836261 993597 525
846770 120141 525
447056 801272 470
804896 677903 468
382342 518053 470
964837 462313 525
1085 662499 470
851403 216593 525
407053 816655 470
79456 32897 351
342780 423029 449
236632 995183 525
252725 45779 443
332050 88484 443
195032 717958 470
870963 703548 525
729387 70612 470
182383 409465 443
941101 7701 525
191206 796483 470
959051 552638 525
247274 531584 470
243820 216715 443
873503 19148 525
797095 580233 468
85052 402517 443
390164 231805 441
304942 828246 470
420032 840244 525
62491 130670 354
273530 882601 525
555331 831388 468
567242 587020 434
903491 274458 525
359746 637557 470
92852 903058 525
549228 721189 447
964400 438785 525
597794 85492 470
518388 581671 452
447165 393373 449
448225 240296 449
920357 648482 525
604253 951043 525
764360 943773 525
37462 913836 525
720742 482469 470
495399 499015 351
777992 307417 470
173523 405379 443
751248 204940 470
894766 584401 525
696876 378829 470
339674 430144 449
847205 208017 525
691375 364855 470
387412 579839 470
568820 785742 468
935091 737560 525
929226 160329 525
864721 918978 476
9193 324785 443
18591 985327 525
924801 256337 525
835240 84270 470
616322 923850 525
696990 27918 470
8503 871379 525
727055 339307 470
814093 472529 470
503991 146902 449
38450 843663 525
748142 239781 470
573849 763930 447
701890 23828 470
618713 204796 470
43935 991510 525
872501 74259 525
496043 521724 470
979191 505549 525
59822 505345 449
219829 877954 525
428079 260143 449
315637 9005 443
570714 871346 525
278957 616520 470
581084 75640 470
333411 965700 525
229457 850177 525
