802355 568402 468
586310 907617 468
537410 835121 468
766531 549282 447
591104 802406 468
581880 844149 468
546608 810127 468
713200 557780 447
703599 556038 447
865487 532267 468
721008 559932 447
550228 738644 447
516441 853248 468
735633 574839 447
814984 547717 468
577325 850667 468
576741 750478 447
586820 884200 468
572598 740313 447
821946 575588 468
529166 896815 468
749812 573180 447
513331 804732 468
813206 519849 468
530174 815781 468
596607 888062 468
462805 967 449
919016 753796 476
683492 363018 470
331036 612452 470
998306 710550 476
728943 466618 470
38100 748477 470
306372 354977 441
128734 605319 470
213851 276792 443
963917 233378 476
970377 147950 476
958222 219013 476
509570 557928 470
980606 984641 427
235556 207497 443
351605 445989 449
691149 513188 452
689732 507931 470
347922 277776 441
256332 418915 449
917590 922257 432
284131 999157 476
838126 957545 476
956930 234446 476
972262 589975 476
781134 594160 468
443967 884857 470
761114 301167 470
200944 481349 449
110204 890870 470
135357 627172 470
760650 275735 470
335107 452872 449
640677 80854 470
985969 858303 476
392468 820046 470
435040 472651 444
184520 452671 449
562171 526209 452
607667 940444 476
952758 437813 476
82713 280313 443
767855 75806 470
350925 922907 476
486330 860711 470
470625 647235 470
427097 176461 449
637510 378885 470
177954 786305 470
905814 128846 470
742238 714568 424
702098 192790 470
961401 567806 476
698001 94683 470
601780 792012 468
169644 471429 449
514108 548859 452
602262 376969 470
474447 353193 449
655680 952471 476
342891 612196 470
429615 402466 449
295685 718066 470
645539 387284 470
201111 268318 443
641933 15106 470
99392 678944 470
502974 834266 470
830806 419083 470
251951 773698 470
47263 922585 476
145715 931962 476
120275 372545 443
565380 235327 470
433978 808045 470
303262 236484 407
709760 444296 470
98426 555228 470
170249 574897 470
268627 605865 470
940116 72535 476
270109 833225 470
93039 264396 443
363057 562726 470
403374 881840 470
735011 991804 476
527564 593644 452
870952 245033 470
763810 922388 476
177535 972811 476
360291 774723 470
966128 129910 476
975478 749723 476
573378 545560 452
385987 494089 449
403952 52623 443
154186 497050 449
579038 30976 470
122964 980565 476
793008 21857 470
110637 488354 449
141886 645968 470
492553 292203 449
747559 358939 470
806740 690495 468
346337 404873 436
634351 434470 470
148052 463344 449
82669 816035 470
201738 346134 443
490774 987834 476
941048 690270 476
651534 402634 470
433433 336792 449
132447 385587 443
569303 972370 476
260010 898489 470
645504 290373 470
971769 202757 476
110359 779215 470
574878 976654 476
700654 307301 470
770605 111373 470
848474 645151 468
309806 136287 443
205457 48302 383
780015 895573 468
192300 433296 449
763883 482403 470
668829 477666 470
639736 747619 442
931936 238846 476
118301 660344 470
705424 336994 470
813344 641402 468
901342 929642 476
391933 634771 470
272111 297804 389
537812 439287 470
373088 444472 449
408865 553409 470
136815 985489 476
841194 793799 468
528900 574613 452
43456 293004 443
196548 630472 470
720869 882804 468
61360 252788 443
735592 163359 470
875552 418748 470
17558 133481 354
212469 756310 470
861027 388820 470
130739 692884 470
796999 309724 470
924650 626150 476
698478 153138 470
166036 49971 383
987059 809323 476
442385 67537 449
852994 444073 470
394889 91327 443
198506 618193 470
383486 751980 470
16532 501739 449
834749 217247 470
405380 638923 470
617743 615554 372
987490 858000 476
627920 878456 468
771829 629684 468
263129 246705 407
458975 257540 449
21888 167777 383
435636 899088 470
327844 615509 470
976779 754410 476
167830 787790 470
319761 261290 407
146488 938893 476
484441 78380 449
793476 314553 470
662726 376040 470
350644 659242 470
615092 995075 476
158124 580713 470
531390 493263 470
167278 867886 470
258365 463058 449
470642 534317 470
220372 287674 443
50083 550457 470
356145 719746 470
448300 50618 449
597108 517281 452
626583 280867 470
186868 949730 476
795599 89026 470
602188 400988 470
863400 55651 470
561715 30430 470
374923 974418 476
530683 314313 470
956425 54006 476
580450 571774 390
504252 818901 470
547229 457652 470
42935 767812 470
57410 955515 476
194710 821643 470
678969 45756 470
960245 365729 476
960496 955800 352
940188 703945 476
552176 124958 470
606150 606299 328
890220 783149 468
257903 366408 441
335021 6500 443
628756 271609 470
201206 277164 443
19339 575331 470
678238 942695 476
496245 9894 449
219192 68176 386
644311 242719 470
771988 470109 470
378912 111946 443
95740 698293 470
494905 216827 449
810144 610828 468
882081 469578 470
110590 595925 470
429130 802647 470
179542 811192 470
616137 757628 442
285918 609862 470
718194 504853 470
800684 7222 470
293944 42503 443
599380 510360 470
697047 136477 470
856961 995371 476
465336 333314 449
131237 928883 476
766754 715991 424
870086 245253 470
757953 791582 468
903356 198079 470
895609 620127 468
537144 465979 470
53907 509729 449
493479 349859 449
312406 402492 441
408414 590415 470
94343 923698 476
838562 27030 470
530530 112587 470
176612 934470 476
719755 311159 470
536581 292355 470
543608 156318 470
367118 529081 470
313698 498779 449
609213 772042 468
578984 932312 476
127228 810449 470
797744 87616 470
147228 335247 443
735499 132781 470
515278 402405 470
843374 306406 470
42970 645981 470
124722 555818 470
201161 801829 470
317984 447341 449
287507 989040 476
68464 844748 470
462530 779378 470
686139 960161 476
557181 499725 470
483619 800752 470
688474 966180 476
977316 874790 476
544165 507268 470
239246 594173 470
112569 366613 443
301945 302175 265
55575 896753 470
869697 504782 470
1226 901775 470
600825 468825 470
590384 558654 434
358420 867104 470
948351 644159 476
265624 774781 470
507673 533275 470
678371 362239 470
283991 521141 470
427359 414640 418
815748 121025 470
280905 761632 470
561554 182682 470
219996 165670 386
444138 715846 470
755714 154256 470
625453 740734 442
68711 773173 470
498929 874648 470
67245 636211 470
448229 109924 449
192785 898624 470
140852 707898 470
670806 779953 468
672319 500449 470
419995 824418 470
599552 920171 476
727725 199156 470
619557 693330 442
62373 981493 476
166485 204209 365
389510 292173 441
245802 394345 441
883247 850556 432
907354 759607 468
957900 404154 476
563138 542358 452
141181 401280 443
925792 910444 445
352731 925364 476
979549 893222 476
337195 482589 449
244090 960414 476
848057 778450 468
232830 214724 443
718792 478044 470
643210 443791 470
272202 969428 476
112788 840300 470
776657 999625 476
18389 900990 470
61143 175849 383
958897 557566 476
136395 403093 443
244310 406612 441
498733 734254 470
871678 819658 450
504924 710950 470
740133 340314 470
729623 528070 452
223214 711425 470
542001 376314 470
400553 481804 449
33754 123525 354
802218 500589 470
131425 794255 470
966313 769327 476
949959 442643 476
942423 925688 445
345210 303320 384
334681 490189 449
191253 789882 470
286502 452755 449
494563 499853 395
508727 687469 470
7494 625452 470
90625 809847 470
295677 599668 470
744539 399804 470
631830 735611 442
535878 778777 468
165202 799201 470
546390 628739 452
63310 267278 443
569186 916243 476
523099 473758 470
376653 117586 443
434634 662788 470
764474 451196 470
994550 414756 476
532735 543259 377
296143 933529 476
174419 91901 383
533313 447661 470
236849 269811 407
391219 186507 443
300912 776362 470
539423 361895 470
619476 469587 470
271142 123429 443
940384 234381 476
849513 843594 419
518552 687729 452
236774 162608 443
143119 436683 449
606360 661834 447
268806 373168 441
813199 852749 450
838224 684176 468
674011 391353 470
386712 366068 423
191790 472090 449
959579 819937 476
804523 430268 470
24830 90039 351
220116 859715 470
478669 948713 476
593517 284013 470
240134 437877 449
81575 435115 449
581058 186806 470
902759 350238 470
504135 616033 470
301889 572454 470
881083 460901 470
120668 822268 470
652944 953998 476
270095 911250 476
833390 821754 419
620541 866630 468
784886 596613 468
571378 620924 447
361646 681253 470
832665 224071 470
615691 67146 470
951504 577890 476
954204 101537 476
186638 880414 470
912037 840118 476
611829 509359 470
987836 587440 476
532192 719162 452
790281 444653 470
728570 113120 470
218186 283692 443
940365 16275 476
529284 667453 452
197583 48918 383
675280 737902 442
528626 407497 470
453077 657 449
128313 598785 470
752152 807903 468
258951 909591 470
946935 762880 476
877123 150141 470
162316 688965 470
639307 499867 470
427171 602430 470
646120 272343 470
378485 715365 470
652463 795588 468
495857 602794 470
803288 470800 470
990804 48676 476
617027 435039 470
929311 664540 476
753606 78618 470
969196 345646 476
757866 316390 470
460145 516552 470
77361 431133 449
230566 650051 470
889016 782510 468
275606 776497 470
3246 978541 476
767594 693486 424
946973 902895 476
197194 233721 443
644144 673424 429
63878 697556 470
312620 231312 407
565068 258517 470
41296 892599 470
700060 976050 476
694445 775168 468
316131 603075 470
414396 145455 449
655664 516730 452
645228 159164 470
686601 102454 470
932350 387001 476
59921 578702 470
552127 969429 476
678506 532050 452
510223 659940 470
556798 295486 470
30865 249254 443
18325 793552 470
643749 22515 470
476925 722818 470
242482 990296 476
412677 487858 444
938305 93205 476
776251 258171 470
860991 97800 470
644462 285312 470
546461 765625 452
733652 412665 470
451877 706799 470
500953 520261 470
916568 959976 445
213562 291188 443
886936 600646 468
175262 183206 365
381833 356303 423
989310 189530 476
895612 998263 476
334868 826215 470
71324 916384 476
158971 783633 470
614924 618240 447
24627 261276 443
2966 140866 354
696284 627006 442
314940 360805 441
16236 472978 449
145348 114697 375
484533 475405 382
619681 445502 470
498079 210691 449
483430 795579 470
349576 123345 443
926024 987454 458
513890 162926 470
903389 636131 468
967423 501137 476
781904 230886 470
893743 140170 470
103201 327944 443
170603 909121 470
313786 420969 449
28176 288797 443
169473 880034 470
528253 281218 470
68805 691406 470
617663 802918 468
538297 381003 470
780181 426462 470
162677 402062 443
193258 1194 383
962512 245062 476
228194 398757 443
144969 241642 443
591841 201677 470
338276 520105 470
221481 966437 476
692781 514321 452
820879 412312 470
422193 618905 470
441375 807328 470
419965 228151 449
885274 402188 470
969122 220852 476
146328 44995 375
432420 427355 374
78168 508199 449
567203 170632 470
173138 703010 470
160245 641251 470
624497 886997 468
588685 788571 468
395078 219174 443
572265 624446 447
415972 434766 418
609349 290507 470
680855 837493 468
556253 124166 470
561531 211647 470
129427 575230 470
117238 108658 349
514431 715650 452
726335 684477 442
982326 77313 476
824843 458239 470
874626 511612 470
194713 994403 476
825631 131320 470
728366 915087 476
972575 390419 476
405146 523973 470
587576 91446 470
871480 713888 468
477893 812902 470
219048 689314 470
993532 900650 476
730956 738606 424
642434 137976 470
615184 415602 470
589517 648510 447
688913 712988 442
500751 953590 476
799737 321347 470
854042 142648 470
778106 868655 468
583403 490113 470
584239 433719 470
156410 964565 476
995911 384751 476
982257 979775 427
253504 371336 441
954240 245380 476
475524 277927 449
41831 308019 443
584516 167381 470
155020 863763 470
244055 864909 470
151679 671412 470
799180 755918 468
132653 213304 383
911589 761929 476
906406 806990 450
315442 306253 384
784771 205381 470
81411 338507 443
637124 643748 416
505655 437562 444
198715 604244 470
55862 664895 470
778401 552407 468
116836 912655 476
919597 113365 476
341760 535361 470
404256 515971 470
13088 700505 470
516563 410575 470
179738 19329 383
145802 573700 470
908632 293686 470
128797 179364 383
467580 335381 449
130471 292063 443
542266 991168 476
363255 799752 470
836432 678584 468
194303 177422 365
951303 161717 476
884369 33814 470
162810 573005 470
625839 98464 470
485961 569837 470
606197 560894 434
175337 880540 470
414052 557094 470
511224 107735 449
13343 915749 476
769464 30297 470
738510 281504 470
253447 949128 476
696765 858605 468
289625 126566 443
340016 218125 443
67407 936236 476
252240 591840 470
239449 569967 470
918120 308072 476
785881 311094 470
504216 925671 476
846864 970355 476
499523 546323 470
45951 302177 443
509267 593090 470
403374 72469 443
245273 76446 443
431246 409111 449
325570 255866 407
979957 436799 476
726342 391613 470
615510 361333 470
715581 777677 468
777291 962176 476
211719 272745 443
182335 637752 470
315046 18599 443
843111 398470 470
723932 115297 470
877207 834903 432
528474 940479 476
725056 389753 470
59966 240119 443
682855 631473 429
612504 357753 470
499329 287883 449
865843 439641 470
545640 265126 470
818314 99634 470
281630 953097 476
653604 782667 468
440299 462765 444
872930 858463 432
307870 688903 470
816682 842562 450
967631 321833 476
494404 35016 449
936508 683956 476
828946 159205 470
127065 646011 470
985224 271119 476
271577 658691 470
636247 573588 447
709610 898254 468
669981 420851 470
655784 366261 470
951046 115070 476
620130 589932 447
244278 191112 443
371978 35800 443
220942 539648 470
737932 661316 442
891766 29735 470
714270 297828 470
397591 393174 405
990810 674644 476
953067 551266 476
534325 915755 476
840476 1957 470
732233 187951 470
469255 362638 449
81559 670696 470
631720 40824 470
879631 747806 468
293662 387980 441
100709 34845 351
865755 286110 470
285355 179208 443
434914 911265 476
592091 20938 470
146810 814562 470
300909 342968 384
666644 250276 470
13860 261716 443
629120 751493 442
774161 47073 470
975984 142251 476
665246 931454 476
838221 667526 468
496008 137639 449
598735 345330 470
9354 424141 449
13018 379079 443
935915 430289 476
493495 300615 449
4364 290670 443
23224 228966 386
134907 413344 449
998134 402965 476
131673 858424 470
534159 399270 470
995335 293098 476
233719 307124 407
947827 432157 476
443117 46069 449
753186 327630 470
99303 15116 351
235045 465259 449
677246 299049 470
626306 418260 470
544958 936694 476
842032 883354 432
299422 743001 470
304879 699383 470
910233 514712 476
164443 261604 443
167864 616976 470
404079 937989 476
790740 654300 468
755899 720143 424
888624 173120 470
856914 507032 470
510919 882239 470
645212 70409 470
235001 610731 470
182301 951769 476
487291 770 449
840674 474397 470
699658 781179 468
774109 556666 468
349586 986163 476
701680 546207 452
225655 501843 449
11453 288014 443
149147 152807 370
107539 782353 470
495623 881234 470
440499 716491 470
63931 698966 470
613689 501409 470
302931 750004 470
2143 639242 470
132026 710400 470
280492 882240 470
924117 642273 476
71538 179688 383
788764 688983 468
103549 105639 341
269119 827406 470
225157 350548 443
450997 434639 400
553208 423579 470
255056 267924 407
941038 659899 476
852306 425140 470
856694 223136 470
397609 510016 449
27989 467700 449
897848 818534 450
778682 206526 470
66262 149971 375
786818 708335 468
201411 548032 470
550513 214694 470
380230 430956 449
567114 782077 468
960937 106557 476
865091 664606 468
175508 178172 347
642716 980513 476
761816 741681 424
558284 244148 470
855490 874255 432
915648 994475 458
424833 197463 449
453022 257675 449
852823 181390 470
275074 760278 470
697429 454023 470
451742 959348 476
864566 646078 468
800008 470665 470
164096 767033 470
477342 191265 449
99240 14122 351
147104 315865 443
183058 532816 470
561143 648605 447
403953 438739 449
259798 207742 443
316679 736936 470
956066 480701 476
675880 45890 470
391513 890978 470
56322 915378 476
363164 789231 470
662222 160746 470
75273 186065 383
639919 93861 470
85780 494470 449
8771 374083 443
104933 702780 470
758993 849766 468
134039 413567 449
628374 153280 470
329394 110027 443
502544 369216 449
632342 390932 470
901433 861145 432
113702 576859 470
117287 399627 443
965424 705423 476
906937 720016 468
314483 581133 470
15246 717812 470
248898 656401 470
912486 550095 476
211457 534055 470
157270 226876 386
860932 380974 470
175537 191752 365
169996 120338 383
302390 615826 470
345281 493200 449
859 535428 470
217124 855825 470
873946 897094 432
58664 529717 470
799499 204513 470
430301 961955 476
747980 23438 470
968946 491370 476
204139 535081 470
741408 852408 468
289785 281720 389
766465 748598 424
457063 33266 449
823525 400312 470
942965 585395 476
351232 303550 441
914869 859820 476
50919 563037 470
19125 248296 443
250566 927196 476
887359 820288 432
7216 369167 443
843448 474549 470
665908 552369 447
190395 240805 443
103362 952708 476
828199 436370 470
17826 817762 470
680738 605945 447
484397 388797 449
158785 821535 470
362664 956083 476
528883 256055 470
134161 484094 449
692202 950055 476
129230 731132 470
790768 912793 476
365751 930937 476
847614 310470 470
984495 665739 476
842687 331433 470
531726 374884 470
308740 451470 449
97236 919238 476
879414 616909 468
149511 756751 470
343441 556305 470
478493 827949 470
641131 819429 468
948665 272613 476
907823 990247 476
640149 863405 468
137489 289898 443
979838 317804 476
686497 832755 468
555344 231976 470
240966 875715 470
547562 204392 470
586869 247159 470
854747 225330 470
420836 250802 449
52957 422433 449
762998 517828 452
237570 931809 476
394799 49285 443
359537 897163 470
164446 348613 443
522797 175493 470
871969 177350 470
880335 267261 470
653132 616560 416
128897 693042 470
836935 192037 470
124308 184841 383
929345 943059 445
46288 449468 449
539695 2089 470
220952 75626 386
145143 673009 470
334733 866737 470
272183 595371 470
261979 74924 443
735518 93962 470
642294 416298 470
279158 270952 389
310198 496537 449
226603 272353 443
104772 345128 443
574195 10224 470
999080 493271 476
947166 561219 476
842048 845119 388
785651 955772 476
793903 303556 470
274001 915572 476
954303 280814 476
656170 964382 476
374901 505154 449
118688 666721 470
873443 999527 476
185568 334036 443
1 999999 476
