==24281== Memcheck, a memory error detector
==24281== Copyright (C) 2002-2011, and GNU GPL'd, by Julian Seward et al.
==24281== Using Valgrind-3.7.0 and LibVEX; rerun with -h for copyright info
==24281== Command: RunCollatz
==24281== 
1 10 20
100 200 125
201 210 89
900 1000 174
1 1 1
100 210 125
==24281== 
==24281== HEAP SUMMARY:
==24281==     in use at exit: 0 bytes in 0 blocks
==24281==   total heap usage: 0 allocs, 0 frees, 0 bytes allocated
==24281== 
==24281== All heap blocks were freed -- no leaks are possible
==24281== 
==24281== For counts of detected and suppressed errors, rerun with: -v
==24281== ERROR SUMMARY: 0 errors from 0 contexts (suppressed: 2 from 2)
