1426 2313 183
3486 2570 217
7944 8280 252
397 890 179
3238 3660 194
6235 6263 187
2811 2871 173
3286 4213 238
3981 4408 215
1763 2500 209
2992 3361 199
72 502 144
3569 4100 238
815 939 179
5878 6014 187
5764 6567 262
451 510 142
6388 6556 200
5992 6449 262
6636 6679 182
1658 2032 180
4460 5380 210
5017 5555 205
3745 4070 189
8610 8981 247
2484 3011 217
1840 2821 209
8885 9759 260
2493 2664 191
1469 1751 180
4042 4968 215
731 1059 179
623 1129 179
6941 7671 257
7958 8816 252
3873 4769 215
5477 6023 236
2113 2481 209
1135 1500 182
7520 8271 252
5420 6229 262
3349 3528 181
587 1172 182
696 1348 182
6989 7389 195
8477 8538 203
6423 6792 244
3552 3565 163
7409 7996 252
1689 2229 183
3100 3671 199
4013 4392 215
7948 8550 252
7100 8003 252
3066 3559 199
831 1588 182
682 963 179
801 1243 182
1470 2160 180
7401 8021 252
687 1417 182
7518 7636 177
1144 1916 182
2184 2860 209
594 1522 182
8976 9833 260
3488 3842 238
6325 7291 257
1199 1883 180
8548 9173 247
4103 4975 215
6805 7635 257
7612 7632 177
3079 3448 199
103 819 171
5569 5719 205
2417 3141 217
4927 5173 210
215 667 145
6168 6724 262
5038 5527 192
7555 7784 177
7162 7513 239
7990 8491 234
309 1074 179
655 1570 182
1974 2831 209
6222 6714 244
3094 3460 199
670 1607 182
4837 5389 210
1014 1243 182
4382 4790 197
7841 7963 252
7105 7501 239
2432 2670 209
8182 8976 247
5725 6154 218
5868 5880 143
8761 9291 260
285 690 145
4642 5406 210
1932 2471 209
8871 9712 260
5221 6040 236
5249 5938 236
836 1754 182
5340 6337 262
6257 7001 257
3869 4053 189
3247 3747 238
4535 5261 210
4315 4906 215
2830 2970 217
3005 3792 238
1416 1499 172
3091 3556 199
8600 9108 247
8004 8809 234
7075 7687 239
6043 6872 262
8338 8682 234
3643 4212 238
6151 6574 262
2916 3727 238
2292 3094 217
4348 5079 215
5619 5925 218
5115 5852 236
6873 7500 257
5097 5563 205
5463 5880 236
5429 5688 236
7265 7903 239
1567 2192 180
2715 2752 173
2721 3621 217
8542 9093 247
3761 3833 176
1320 1452 172
3742 4673 215
868 1763 182
4493 4657 184
4780 5762 236
8990 9987 260
2784 3558 217
2026 2695 209
7331 7427 239
1341 1808 180
8915 9256 247
4993 5678 236
4571 5114 210
1713 1821 180
8132 8889 234
3864 4283 202
6204 6617 244
1091 1264 182
6778 6788 182
7613 7824 221
3221 3809 238
8267 8569 234
3776 4149 189
2280 2536 209
2804 3404 217
1760 2665 209
582 1394 182
2379 3047 217
2494 2723 191
350 501 142
3619 4278 238
8105 8330 203
2901 3171 217
1951 2033 175
2809 2894 173
267 1240 182
2225 3076 217
62 448 144
3883 4183 189
5135 5178 179
17 731 171
6435 6626 244
1675 2266 183
5832 6414 262
6960 7297 195
2823 2979 217
7421 7426 239
5458 6228 262
8152 8929 234
8029 8285 190
5001 5144 179
2046 2931 217
4858 5064 210
7280 7848 239
1477 2091 180
484 1239 182
4365 4625 215
5145 5348 192
789 1296 182
4263 4285 171
5187 6056 236
3383 3573 194
3069 3978 238
7987 8486 234
4279 5088 215
7238 7487 239
3342 3676 194
1562 2211 180
8419 9174 247
8022 8769 234
287 817 171
5443 5490 192
6425 7223 257
4746 5737 236
6622 6656 169
2990 3488 199
1150 2043 182
475 601 142
3243 4240 238
496 685 145
536 1266 182
4829 5290 210
5047 5969 236
6131 6436 262
289 317 131
2391 3140 217
4661 5564 210
8279 8977 247
3478 3522 181
3356 3359 137
1063 1467 182
939 1621 182
748 1287 182
3458 3610 194
3930 4065 189
8538 9231 247
8714 8842 216
5369 5999 236
4814 5779 236
6256 6686 244
4682 5018 210
8730 9631 260
4509 5481 210
5486 5776 236
66 1055 179
6115 6911 262
3216 3361 181
368 759 171
2521 2862 191
4980 5550 205
1833 2066 175
7942 7985 252
2943 3061 173
3338 4100 238
3840 4150 189
6913 7339 257
6269 6637 244
5894 6129 187
2683 3310 217
6793 6851 182
2223 2392 183
904 1263 182
5017 5404 192
6429 6776 244
8149 9144 247
8043 8596 234
7011 7541 239
8557 8848 216
5354 6325 262
2766 2847 173
520 1114 179
2772 3400 217
1379 2266 183
5595 5951 218
8073 8164 190
3837 4317 202
7379 8349 252
792 1067 179
66 708 171
4989 5423 192
714 1603 182
3253 3820 238
2103 2388 183
5707 6125 218
2735 2996 217
1706 1944 180
236 296 123
7070 7589 239
7198 7982 252
2704 3163 217
1110 1748 182
1626 2110 180
5336 5815 236
8912 9227 247
3692 4422 238
4699 5159 210
2991 3430 199
3132 3521 199
7789 8023 252
578 1260 182
2368 2727 209
1807 2507 209
816 1656 182
1246 1610 177
6597 7392 257
2316 3164 217
4544 5007 210
1251 1642 177
3385 4177 238
6364 6480 200
122 280 128
8509 9001 247
7042 7994 252
2260 2282 152
2564 3305 217
4385 4416 171
8173 8499 234
4562 5079 210
125 128 109
5032 5172 179
3811 4216 189
8483 9064 247
8315 8337 203
3291 4154 238
7925 8305 252
3832 4518 215
8745 9650 260
5213 5697 236
6066 6826 262
650 1395 182
4364 5276 215
1590 2541 209
2227 2788 209
6583 6689 244
6014 6064 187
6101 6813 262
6990 7925 239
3236 3612 194
3348 3963 238
90 859 171
1238 2157 180
4376 5259 215
1319 2302 183
1828 1859 162
2118 2693 209
4043 4637 215
7511 7765 208
7048 7123 151
8811 9525 260
6144 6522 262
4275 5051 215
3679 4599 238
2887 3620 217
2627 2645 191
7497 7733 208
2564 3256 217
692 1636 182
3774 4103 189
7530 7822 221
3451 3470 150
5106 5943 236
4158 4214 158
4127 4986 215
7411 8316 252
894 1556 182
6792 7478 257
7884 7958 190
1489 2341 183
2442 2693 209
2061 2565 209
886 893 148
3730 4370 202
2566 2687 191
616 843 171
7160 7838 239
4799 5781 236
8586 9147 247
3913 4869 215
5219 5738 236
4680 5023 210
6963 7160 195
5336 5658 236
6999 7984 252
4647 5075 210
7967 8008 190
1464 1537 172
8359 9190 247
4486 4834 197
6751 6782 182
50 765 171
6194 6717 244
5208 6133 236
1835 2271 183
6523 6728 244
5501 5945 236
7221 7708 239
1705 1984 180
6340 6603 244
1385 2069 180
228 1077 179
5722 6047 218
289 412 144
3911 4247 202
4036 4494 215
876 1624 182
3604 4381 238
2990 3209 199
880 1584 182
5960 6894 262
5932 6892 262
6633 7440 257
8980 9701 260
7713 8022 252
8123 8822 234
2364 2741 209
533 1249 182
7069 7241 195
1198 1758 180
5595 5606 130
6699 6924 226
3374 3914 238
7595 7974 252
4170 4224 171
8214 8329 203
933 1923 182
3675 3743 238
6330 6554 200
3932 4164 189
7005 7128 195
8196 9072 247
8435 8615 203
5483 5738 236
551 683 145
2542 3400 217
5969 6151 187
646 1250 182
4599 5033 210
6707 6889 182
1772 2188 175
3955 4781 215
8097 8820 234
1271 1823 180
8312 8345 203
7499 7681 208
2315 2731 209
744 1453 182
6426 7426 257
2311 2609 209
3990 4767 215
1151 2129 182
8148 8736 234
7329 7712 239
4092 4359 202
6572 7433 257
5015 5227 179
5594 5681 205
3212 4143 238
6569 7153 257
3151 3628 199
2899 3720 238
8793 9319 260
4243 5083 215
3924 4415 215
7251 7612 239
8433 9077 247
5900 6829 262
1281 1903 180
8359 9315 260
3323 3549 181
5290 5861 236
1516 2370 183
479 1202 182
2806 3157 217
4280 4378 184
6172 6299 187
8448 8520 203
4876 5026 210
6241 6770 244
7272 7671 239
1769 2380 183
3978 4556 215
8345 9322 260
5954 6507 262
7658 7746 177
7692 7792 221
8614 9181 247
8889 8907 185
7990 8726 234
1197 1496 177
5679 5875 218
4505 5311 210
1363 1792 180
2875 3404 217
3237 3831 238
3179 3377 181
1910 2583 209
703 1149 179
445 771 171
5988 6272 262
3961 4089 189
6107 6529 262
7944 8279 252
6724 7059 257
5720 5880 218
7234 8192 252
3317 4079 238
1583 2556 209
150 867 171
3365 4216 238
2633 3116 217
5420 5638 236
1729 1903 180
2826 3333 217
6834 7199 257
4331 4595 215
7550 7723 177
8426 8964 247
4464 5293 210
1460 1741 180
8126 8983 247
6639 6981 257
8461 8814 216
1178 1690 180
3680 4198 238
2998 3082 155
5140 5253 179
7881 8388 252
8595 9263 260
3097 3587 199
4577 4732 184
5253 6129 236
5894 6036 187
3679 4218 238
7858 8495 252
8569 9526 260
7887 8648 252
6456 7271 257
2460 2775 209
6961 7848 239
204 244 128
6506 7042 257
3433 4055 238
242 1033 179
1152 1262 182
6486 7160 257
7793 8529 252
2911 3207 217
7420 7734 239
3074 3273 199
5784 6140 218
1294 2088 180
2909 3066 217
51 985 179
440 727 171
5562 5921 236
2026 2167 170
42 224 125
5484 6475 262
2542 2593 178
6675 7630 257
6418 6783 244
8795 9420 260
7184 8104 252
976 1821 182
7550 7789 221
3984 4961 215
8458 8478 203
1650 1994 180
289 1246 182
3548 4024 238
5785 5797 143
5946 6859 262
5087 5817 236
3137 4006 238
6094 6097 112
1713 1921 180
3309 3526 181
872 1250 182
5752 6225 262
5806 6764 262
5633 5759 205
1176 1974 180
4711 5130 210
1630 1784 180
7967 8442 234
4905 5299 210
4806 5755 236
1582 1613 167
1312 1872 180
2579 2740 191
2559 2984 217
7946 8227 252
2828 3731 238
4389 4870 197
7691 8275 252
6938 7079 257
1987 2711 209
3473 4031 238
4994 5426 192
5753 5974 218
4334 5025 215
8716 9108 247
3511 3782 238
7062 7730 239
72 744 171
257 1001 179
7986 8886 234
5525 5614 236
5049 5436 192
4450 4683 184
8136 8847 234
2122 2153 170
7530 8194 252
1878 2158 175
4751 5401 210
4516 4868 197
6316 6781 244
6253 6584 213
5613 6129 218
8704 9620 260
8011 8893 234
2370 3005 217
2220 2608 209
2869 3157 217
2864 3508 217
8036 8779 234
3763 4008 189
6179 6319 200
6834 6898 182
8873 9227 247
743 1013 179
8698 9103 247
2678 3478 217
1943 2763 209
4324 4760 215
2004 2858 209
1692 2143 180
4390 5193 210
6322 6885 244
2180 2791 209
8632 9593 260
8213 9125 247
2458 3288 217
5772 6589 262
1479 2301 183
8905 9511 260
4092 4672 215
3336 3865 238
8611 9059 247
117 163 122
981 1769 182
1328 1880 180
548 935 179
6582 7009 257
1005 1800 182
7055 7562 239
1062 1155 169
7088 7753 239
8690 9511 260
3811 3978 189
6535 6890 244
6446 6884 244
6376 6861 244
2452 2765 209
3088 3106 186
3980 4146 189
1715 2324 183
796 1542 182
2026 2449 183
132 428 144
1196 1756 180
6722 7399 257
7511 8083 252
5775 6701 262
2728 2901 173
2428 2518 209
7358 7925 239
4945 5758 236
6683 6880 182
7751 8085 252
966 1153 169
7894 8265 252
5067 5636 236
4942 5084 179
4095 4735 215
4178 4442 215
6315 6906 244
4574 4777 197
6794 7426 257
6085 6343 262
4991 5563 205
6813 7497 257
2443 2669 209
2140 2681 209
1158 2131 182
981 1616 182
6679 7405 257
1831 2784 209
5592 6065 218
3895 4235 202
8874 9758 260
34 696 145
4028 4571 215
2101 2441 183
2985 3330 199
2347 2678 209
1754 2049 175
5380 6138 236
8946 9807 260
4405 4698 184
2467 3344 217
6282 7273 257
2288 2924 217
8920 9519 260
5886 6628 262
5594 6165 218
8915 9456 260
3035 3837 238
1236 2037 180
2795 3405 217
1349 1790 180
6250 7014 257
8356 8661 203
1354 1961 180
4205 4729 215
492 842 171
8170 8701 234
3846 4551 215
5886 6873 262
339 965 179
1638 2230 183
8616 9024 247
5615 5747 205
8552 9472 260
7786 7840 177
5125 5553 205
4517 5337 210
266 848 171
8060 8829 234
6232 6872 244
1432 1871 180
3993 4388 215
1525 2206 180
2061 2548 209
2689 3442 217
4240 4339 202
8412 8423 159
2908 3088 217
6509 6576 213
8905 9331 260
1837 2816 209
2460 3427 217
1462 2211 180
7254 7527 239
7397 7484 239
6843 7003 257
5266 6167 236
432 630 142
3731 3735 88
2230 3182 217
4972 5471 192
1748 1903 175
7354 8261 252
6441 6445 125
1172 1957 180
7187 7985 252
5434 6068 236
6388 6949 257
6426 6441 169
1474 2372 183
3185 3283 168
1681 2011 180
7180 7494 239
298 933 179
7657 8572 252
5360 6136 236
6024 7011 262
2071 2698 209
5817 6434 262
244 814 171
5941 6351 262
7023 7539 239
8160 8994 247
6299 7076 257
3110 3724 238
7439 7740 208
4117 4904 215
8800 9564 260
5287 5796 236
7264 7681 239
8652 9635 260
1631 2172 180
4787 5614 236
7083 7649 239
3295 3795 238
2649 3196 217
8811 9665 260
2613 2917 191
8139 8982 247
1589 2124 180
1740 2551 209
5573 6443 262
3203 4019 238
2209 2906 209
2501 2884 191
464 916 179
1127 1489 182
1886 1924 175
8848 9710 260
4547 5529 210
4323 4412 215
408 1029 179
1924 2218 175
137 766 171
5986 6695 262
3315 4258 238
1835 2832 209
1610 2077 180
2290 2791 209
1556 2044 180
7347 7680 239
7025 7976 252
7166 7800 239
2416 3297 217
8879 9173 247
7186 8041 252
8213 8658 234
5366 5690 236
4669 5421 210
2202 3076 217
7308 7774 239
6409 7091 257
8458 9142 247
2208 3186 217
2920 2935 173
595 1365 182
2809 2917 173
6769 7161 257
4559 4971 210
2046 2634 209
1204 2041 180
2698 3138 217
4854 5475 210
7581 7953 221
7620 8039 252
5233 5768 236
356 1121 179
128 826 171
4717 4785 197
7591 7927 221
3126 3617 199
5932 6065 187
6888 7418 257
966 1657 182
915 1063 174
944 1294 182
272 695 145
8561 9530 260
8732 8988 247
8702 9469 260
1984 2921 217
4366 4627 215
4607 4828 197
8180 8385 234
6828 7812 257
4989 5711 236
6041 7039 262
946 1074 169
2651 3380 217
434 605 142
1950 2749 209
5683 6247 262
5018 5679 236
1402 2019 180
418 642 142
6159 6452 262
3070 3106 186
1768 2332 183
3047 3910 238
5029 5925 236
7803 8464 252
7857 8234 252
5994 6168 187
2830 3718 238
7741 8415 252
3210 3692 194
1668 2598 209
8939 8984 247
8193 8474 234
5491 5701 236
8474 9222 247
8039 8406 234
7231 7991 252
7248 7991 252
1838 2240 183
2155 2327 183
4378 5337 215
8540 8963 247
3871 4627 215
7044 7135 195
8689 8761 216
6358 6962 257
4203 4524 215
5071 6014 236
4669 4682 122
37 845 171
1242 1601 177
3716 4611 215
5910 6069 187
753 844 153
8297 8924 234
5417 6391 262
4002 4868 215
2077 2499 209
1385 1795 180
4540 4941 210
4431 5218 210
2433 3267 217
5225 5582 236
60 471 144
6093 6725 262
2066 2195 170
5198 5645 236
3837 4296 202
1802 1813 118
6884 7050 257
1552 2420 183
1803 2730 209
2315 2554 209
1454 2160 180
1029 1592 182
7828 8661 252
7891 8353 252
2122 2930 217
2820 3318 217
2040 2579 209
8303 8443 234
4277 4748 215
6914 7307 257
3639 4182 238
731 1265 182
6842 7586 257
7879 8430 252
4862 5348 210
553 1274 182
7949 8090 252
337 985 179
1096 2080 182
5068 5763 236
375 1006 179
8452 8516 203
4829 5150 210
575 1114 179
289 782 171
8219 8642 234
1261 1947 180
8505 8600 203
8259 8968 247
1805 2608 209
2636 3421 217
1439 1527 172
6992 7150 195
5392 5995 236
7031 7580 239
5359 6346 262
3403 4244 238
3874 3926 176
6625 7582 257
8338 8993 247
5993 6866 262
7867 8350 252
4538 4627 184
3385 3723 238
2788 3009 217
7920 8615 252
4574 4589 153
1065 1348 182
5190 6060 236
1737 1753 180
1972 2857 209
4682 4982 210
5963 6718 262
1635 1872 180
7059 7352 195
7529 7688 177
2589 2613 178
2308 3030 217
7826 8396 252
7951 8212 252
7909 8812 252
1094 1242 182
1289 1379 177
6132 6572 262
2669 2687 147
6727 7103 257
2992 3504 199
7041 8020 252
5020 5398 192
6599 7576 257
3706 3868 238
7133 7967 252
