1 999999 476
723149 175490 470
405388 875739 470
21213 999738 476
685507 418965 470
380141 446916 449
541679 862214 468
462878 637252 470
679929 166423 470
961962 482047 476
243459 779666 470
239462 575709 470
31470 221072 386
410414 978555 476
591954 827922 468
286640 930557 476
299233 810110 470
462110 783303 470
969342 706371 476
91518 340754 443
915050 443103 476
590494 358954 470
597151 459319 470
568879 170647 470
189805 780204 470
797764 272876 470
445091 496949 444
906482 243892 470
215580 841980 470
807501 540342 468
873579 936400 476
555207 566454 421
651892 330385 470
458766 904080 470
623255 657515 429
789814 745707 468
634305 80410 470
352461 382185 423
14763 717780 470
516092 62674 470
293698 911938 476
50729 666444 470
472077 20979 449
250204 404437 441
624473 401344 470
380173 203090 443
732660 384112 470
445980 513744 470
689981 342359 470
639676 38017 470
357728 397095 436
595960 262848 470
403447 915737 476
763611 758501 380
405908 719777 470
781958 908609 468
372681 837253 470
741206 113443 470
383570 710804 470
600933 535886 452
546850 3571 470
842859 144170 470
835105 532866 468
641943 146261 470
653590 405499 470
454186 907832 470
186451 128848 383
939972 99110 476
664749 328175 470
568568 125413 470
705120 713433 411
82401 862067 470
779037 107708 470
238989 336402 407
690033 674668 398
893911 277906 470
659858 963812 476
539954 392142 470
254433 30039 443
875600 804871 450
916618 677955 476
840246 369901 470
315149 831585 470
824087 437486 470
67781 136561 354
437325 239683 449
651514 164571 470
306396 264884 389
473952 8796 449
854141 865822 388
147191 634264 470
916389 873666 476
979284 78468 476
349135 175378 443
578220 485341 470
488543 52350 449
249467 999567 476
440232 575385 470
560531 748451 447
694837 504419 470
44600 494987 449
493574 950957 476
520238 58473 470
700544 526999 452
915218 267956 476
677807 826310 468
799971 39000 470
804697 862222 450
59757 145698 375
834683 520705 468
264545 397567 441
241024 178273 443
331738 224872 443
66766 381368 443
19229 126178 354
565119 887175 468
634950 38308 470
93014 425398 449
103914 451640 449
303641 256340 407
194919 12577 383
673040 972710 476
276449 430250 449
791316 20902 470
444935 735929 470
650803 102031 470
248435 331358 407
371525 953888 476
514925 806115 468
418537 11987 449
986749 204347 476
386264 101236 443
561455 277647 470
851685 619318 468
944084 273544 476
631247 638700 416
427134 978010 476
15620 976237 476
331795 55615 443
201943 557684 470
367705 212361 443
194942 338980 443
798310 343961 470
906325 637008 468
835113 626254 468
46120 969567 476
126412 454644 449
670106 407674 470
554814 245909 470
924276 2812 476
812658 378390 470
610256 67629 470
385626 965571 476
684874 960608 476
642219 733181 442
702571 553582 447
700377 1476 470
511114 745527 470
622427 661980 429
219077 226887 368
275669 81966 443
567798 195753 470
888302 70119 470
361057 880541 470
928998 393281 476
532452 533390 377
443353 846876 470
763468 24309 470
391542 550553 470
304494 288177 389
848916 965775 476
796547 655030 468
154882 113546 375
443218 528626 470
225328 608140 470
840373 969108 476
279944 416661 449
135381 482640 449
178212 704441 470
958175 724247 476
406444 732746 470
743176 879612 468
513146 537944 439
644160 207441 470
451108 40231 449
233363 596066 470
852010 305223 470
571653 16260 470
732962 913141 476
38356 436848 449
514284 778044 468
517314 110459 470
513961 303484 470
150027 133910 375
276586 461158 449
887230 840945 432
193250 235588 443
497021 894715 470
873714 890543 432
520653 913126 476
643321 681874 429
906369 82299 470
354502 966611 476
697171 491692 470
426370 139636 449
200157 859009 470
655741 466927 470
523084 903826 468
879116 678325 468
228060 875962 470
7466 132956 354
122782 647912 470
304371 476900 449
886501 340254 470
32882 975386 476
310885 664750 470
757646 120746 470
425230 41935 449
656214 692539 442
670953 78309 470
167063 177719 347
592095 172806 470
181764 346418 443
216519 863065 470
774868 822828 468
416795 19049 449
157439 690915 470
60245 144936 375
138816 531093 470
684381 859728 468
886065 796708 450
766981 92862 470
181713 108120 383
399310 653200 470
697734 867379 468
316495 608044 470
27398 577901 470
790811 343451 470
346481 391295 436
851674 267891 470
611440 697395 447
660354 868403 468
144580 23765 375
637962 231694 470
304839 117403 443
122005 202216 383
697719 844020 468
909821 65065 470
39011 459282 449
36445 13619 324
354359 881536 470
530002 690164 452
670328 827019 468
689431 772298 468
732533 56246 470
637399 918760 476
572510 524198 452
515489 385375 470
937398 927149 414
709271 275135 470
695140 995397 476
917614 696009 476
332781 893873 470
713615 65889 470
576582 261542 470
483758 426152 444
980045 745704 476
277464 903651 470
49595 368749 443
150888 395483 443
107517 702623 470
46904 141752 354
627909 620186 385
117401 98566 354
223781 342875 443
664579 926868 476
812053 610485 468
554665 972244 476
738116 61612 470
40468 826681 470
802718 332238 470
418482 935323 476
201352 955122 476
841721 239583 470
359929 874111 470
911244 32553 476
530428 275201 470
377334 43452 443
796315 480091 470
395559 264958 441
829943 848179 419
303430 190539 443
342751 989423 476
810150 938535 476
673964 103133 470
824954 205487 470
374657 926748 476
888780 113355 470
961383 603834 476
319539 793520 470
237240 761975 470
733004 985096 476
708110 228940 470
559334 15835 470
657948 109435 470
539524 281047 470
389368 394978 405
956575 739218 476
984430 885826 476
532922 2606 470
695381 966644 476
508686 316931 449
736274 696493 424
404564 96302 443
813736 748946 468
368675 707886 470
208813 969575 476
808446 885380 450
601696 705734 447
216624 491145 449
117265 607544 470
714766 343979 470
261754 299132 407
858046 482777 470
519514 175671 470
672009 545926 452
383691 594421 470
724883 912101 476
505784 896950 470
278317 870182 470
466448 24887 449
204949 364351 443
393507 973010 476
412931 794983 470
283059 961179 476
975569 946785 458
415658 547 449
28486 362679 443
701960 479700 470
767221 385278 470
140847 502807 449
554940 647338 447
827925 974565 476
232946 8431 443
113430 845657 470
215914 807112 470
575937 507659 470
849317 826213 419
451948 57756 449
808232 553424 468
41251 41322 182
24746 160191 383
394147 324390 441
745436 118986 470
278952 948196 476
840898 532354 468
26884 174464 383
416059 56697 449
356270 442762 449
103021 769583 470
689180 630219 429
157438 451437 449
790952 829104 468
624938 530784 452
786723 839173 468
395848 376799 436
738954 709426 424
924515 713722 476
6074 957842 476
753738 678785 442
544746 547850 452
755366 448590 470
166893 306758 443
174851 418498 449
517512 234038 470
150576 635333 470
200427 66321 383
368006 555864 470
46514 541155 470
904244 231769 470
992578 33011 476
120328 706411 470
418920 622722 470
666594 749540 442
79803 205504 383
280707 53138 443
953356 942865 414
78470 664908 470
436147 220201 449
464259 745510 470
312483 284519 389
620970 701448 442
839677 905730 432
778585 367596 470
107865 730098 470
106014 191652 383
556612 475921 470
122590 307405 443
160423 759171 470
983622 974491 427
331410 130813 443
858668 109424 470
29737 857674 470
891687 535949 468
921119 85208 476
909006 142411 470
675506 283191 470
124018 349575 443
662251 294307 470
576814 164465 470
364410 880827 470
942441 624077 476
808471 395958 470
643242 617399 416
185696 94218 383
908737 914991 476
627381 639055 416
540780 732460 452
788732 566196 468
662196 307455 470
494679 817605 470
653915 779420 468
205839 973649 476
818569 127120 470
473975 480014 382
47826 41063 314
873665 991102 476
916204 386231 476
120547 933096 476
175900 345119 443
216384 527554 470
585140 421907 470
497308 810369 470
366852 235646 441
404015 631099 470
364943 433654 449
641287 224137 470
142227 115926 344
149124 705867 470
847070 877131 432
968880 770919 476
665064 944877 476
655200 935811 476
67537 921226 476
358169 909728 470
870512 319029 470
79984 59871 351
325667 425441 449
896583 482755 470
79168 22089 351
127040 893052 470
854717 144640 470
532192 397975 470
143924 374127 443
628827 237947 470
20142 118184 354
116893 743208 470
431105 962419 476
234587 81222 443
971300 450486 476
579800 851180 468
186676 585967 470
566295 219620 470
922363 940011 445
219094 85087 386
88305 495740 449
455982 709988 470
488217 263758 449
350621 364223 379
34051 262659 443
127687 787877 470
751143 674261 442
801535 699191 468
468480 855362 470
437342 149244 449
984051 416124 476
987236 256214 476
796961 759775 468
533858 739770 452
206048 319134 443
559918 720111 447
688950 222526 470
554685 446356 470
996125 274987 476
866983 975431 476
321032 950228 476
219159 335297 443
240746 554637 470
707616 375307 470
860493 846670 419
432876 331684 449
741111 173327 470
125794 117540 336
740225 619933 442
266404 484566 449
855887 760313 468
228021 497464 449
525728 341483 470
921610 212386 476
605174 640320 447
264056 57096 443
424990 289247 449
548864 173245 470
911505 83759 476
458929 900137 470
742040 656733 442
28431 654506 470
903642 932742 476
334513 692322 470
824941 960193 476
79301 626284 470
458964 59914 449
508948 116672 449
309016 225887 443
308772 853341 470
410218 367151 449
212188 803173 470
706074 289464 470
66028 709926 470
92425 281134 443
5947 2408 238
640433 789499 468
213034 592088 470
155711 952854 476
446347 522682 470
282510 687209 470
175997 71993 383
819850 618051 468
677524 700164 442
780763 394390 470
890693 188776 470
996305 825653 476
194488 421583 449
742771 841598 468
504930 520460 470
953535 491207 476
263518 469003 449
66218 68605 312
951439 931477 445
451362 982371 476
738362 706217 424
670587 169171 470
754466 140308 470
520174 693471 452
260543 876280 470
930317 672150 476
683346 501797 470
310746 816165 470
82026 29721 351
860232 690970 468
116350 648650 470
690457 263244 470
998558 852968 476
353996 423514 449
228073 886652 470
511689 952609 476
131929 416498 449
26398 834442 470
363652 488152 449
728193 908434 468
549467 112272 470
460238 601967 470
213097 278320 443
785183 886572 468
959025 799963 476
908591 661137 468
649010 158728 470
958973 481220 476
967750 431517 476
753243 925644 476
340978 462779 449
571903 919869 476
642921 673581 429
270064 20182 443
509916 287514 449
258360 3595 443
363124 297321 441
502121 105410 449
435653 196326 449
707663 899692 468
198056 355173 443
291283 127526 443
581022 937125 476
559603 743694 447
305237 414047 449
769128 74501 470
445762 70469 449
378404 257826 441
81908 364516 443
857917 70988 470
513483 652201 452
880899 842893 432
60396 575538 470
582419 393956 470
905006 365118 470
844707 850651 419
785236 414214 470
243368 741064 470
601332 744219 447
372168 993700 476
160318 400137 443
753340 333816 470
349538 390036 436
435849 99909 449
4351 513855 470
685823 687527 398
614882 314603 470
881373 668424 468
802921 428976 470
838257 130121 470
192381 814585 470
313378 934274 476
895420 687451 468
359847 401810 436
341165 516099 470
540363 398622 470
585141 87562 470
744901 917672 476
554877 485753 470
504226 31683 449
910800 804155 476
242500 525163 470
331397 552447 470
870253 605333 468
67784 10633 340
483260 838590 470
555177 234453 470
703354 862463 468
717401 22263 470
373987 482594 449
355474 916319 476
906328 480085 470
672404 230300 470
560990 826641 468
553746 170114 470
345923 33233 443
697087 346492 470
12841 42594 324
63507 365554 443
842489 416692 470
410217 727467 470
523366 567354 452
855916 963545 476
449000 431583 400
529100 798549 468
185637 302641 443
354379 137659 443
695218 493829 470
943044 846537 476
137761 133915 344
371457 618087 470
722796 671546 442
354521 700967 470
131235 600485 470
951338 902601 476
487084 508384 426
476288 73396 449
722653 798840 468
731186 229041 470
451433 339840 449
22763 574237 470
139553 851214 470
684619 953879 476
449773 59598 449
983936 676677 476
121169 521438 470
360610 231378 441
643242 542897 452
920087 147210 476
284882 810101 470
981101 137874 476
746657 183984 470
265602 712311 470
819154 611044 468
10589 635733 470
950596 254670 476
880160 980789 476
553714 761236 447
60991 21482 340
214886 41022 383
335588 891351 470
707781 66043 470
245043 752679 470
859268 965226 476
676637 204894 470
867119 131936 470
341542 798029 470
627019 149646 470
643992 811083 468
990680 88666 476
385683 905283 470
647327 130116 470
597776 868713 468
497642 532932 470
547800 431466 470
972180 675499 476
629834 49419 470
735606 275578 470
413772 629938 470
613562 920527 476
603086 404237 470
380737 724349 470
30385 538847 470
256745 268981 407
106219 622568 470
570639 984239 476
328928 865484 470
75433 774216 470
562006 703067 447
820728 7456 470
790303 511086 470
324569 954074 476
977532 305988 476
24908 375047 443
464940 630607 470
636563 247225 470
74610 306514 443
91304 542199 470
710782 371996 470
196735 567944 470
788662 318620 470
13857 629266 470
262634 689515 470
223753 666380 470
374353 208969 443
430547 90525 449
496152 875611 470
430837 251331 449
606259 870408 468
969031 842734 476
999758 705903 476
393531 82564 443
812839 774563 468
930483 685473 476
817749 341785 470
999796 489714 476
732018 73092 470
112401 95349 354
977904 385196 476
408234 24779 443
426625 267103 449
821178 726056 468
166845 730080 470
190204 205265 360
748003 714289 424
375216 196343 443
666457 105069 470
581618 554986 421
86054 493293 449
649352 997920 476
914622 451924 476
20203 399577 443
393994 394850 405
461392 605327 470
303579 534254 470
394001 123725 443
726123 59230 470
851530 119791 470
79165 421062 449
676894 847174 468
776865 529505 468
555424 29128 470
454226 739627 470
876938 726517 468
159378 740191 470
221726 915688 476
299494 842279 470
473275 339810 449
412003 710779 470
174835 194401 365
25186 281573 443
767425 861051 468
970844 463692 476
773655 212937 470
516627 238412 470
824713 981537 476
596747 936202 476
667154 296024 470
237163 797638 470
931637 785146 476
994979 405833 476
497478 565950 470
861666 215634 470
744943 34564 470
615863 198788 470
851429 621275 468
53880 574455 470
558194 575498 421
874671 700922 468
511074 405795 449
250926 467030 449
361609 815896 470
279051 940805 476
304265 849785 470
568218 607960 434
620963 487211 470
202257 264386 443
105855 115543 354
188087 514446 470
951320 144746 476
290485 870820 470
790397 529283 468
845390 651879 468
111385 114098 323
742574 228953 470
187095 531395 470
273381 688620 470
994252 840742 476
950375 644028 476
337795 227110 443
723137 754505 424
540338 849781 468
238046 494124 449
608804 369597 470
919806 847602 476
748272 772901 468
688575 905862 468
457300 857525 470
68966 783755 470
209531 149553 383
295798 888922 470
903131 79127 470
776378 333445 470
842599 959396 476
930206 198882 476
6784 684782 470
994410 440499 476
752427 93038 470
856805 447926 470
904290 620169 468
358410 667181 470
390989 218096 443
793327 232949 470
199858 501999 449
526324 260186 470
444696 747620 470
747065 300581 470
767026 668372 442
384819 482085 449
124464 867893 470
118618 18678 354
259091 485797 449
235213 102736 443
784208 832661 468
810815 673793 468
879612 744878 468
322475 195207 443
43555 980804 476
331116 364173 441
213774 226731 386
320589 630724 470
840542 184495 470
125765 507805 449
171371 772142 470
637565 917198 476
90091 684863 470
633964 235042 470
342214 435496 449
653359 275839 470
874042 522207 468
800374 185350 470
314733 555531 470
254008 100409 443
338515 17784 443
34199 477693 449
758551 824914 468
275245 193628 443
724397 14193 470
853152 874095 432
321824 690703 470
718881 425275 470
206724 831414 470
700574 405916 470
644115 667704 429
855236 706517 468
468747 145497 449
673993 982355 476
35588 396766 443
574894 424980 470
186452 246964 443
153404 750739 470
623311 530035 452
603073 735119 447
849332 385935 470
567542 228095 470
15434 775218 470
439883 348399 449
593175 161018 470
786449 473571 470
784035 680856 468
139759 717820 470
970663 158995 476
878591 821210 432
317417 994674 476
293342 761331 470
835552 302329 470
220828 942623 476
842621 677011 468
825105 518644 468
766226 611525 447
199506 259089 443
668957 901370 468
469982 386001 449
704395 339390 470
990958 972612 427
953319 624132 476
42308 823404 470
734724 684194 442
159689 235462 443
538076 555442 452
860326 678854 468
181174 538795 470
62533 227745 386
662307 613318 447
939561 524129 476
445839 982739 476
297065 162518 443
597179 193002 470
818330 646621 468
266047 474371 449
682530 487986 470
506231 833591 470
128683 591779 470
315532 949995 476
511606 806319 470
81359 113978 354
276037 400676 441
325426 287100 389
61243 278603 443
755278 860132 468
840800 937236 476
150878 838702 470
600885 535481 452
541236 995748 476
565265 949663 476
459073 995814 476
386353 362993 423
800779 618303 468
39040 760577 470
964423 985095 458
377657 683151 470
490324 132547 449
446322 730417 470
386728 358682 423
669032 598797 447
687345 523451 452
988266 888627 476
558075 883275 468
869476 522249 468
446935 100662 449
843756 377154 470
354265 785465 470
922067 657287 476
289533 296482 358
781841 600800 468
376537 560365 470
100344 354003 443
870606 349403 470
789133 228950 470
559386 800564 468
170029 106041 383
633043 955236 476
325426 443213 449
130251 752438 470
954384 209765 476
493070 217858 449
70849 75501 325
596838 556844 434
791461 354892 470
860447 481619 470
277800 531086 470
687892 381237 470
621553 666099 429
543741 877425 468
90971 641158 470
423166 900237 470
693106 965167 476
341449 664540 470
448724 839421 470
738386 831669 468
125384 273161 443
369748 700135 470
429112 307251 449
340996 485130 449
816165 822202 450
427676 618613 470
153825 981963 476
722453 530083 452
432752 96352 449
950487 552744 476
613333 572690 434
502855 440538 444
474578 671137 470
352002 478644 449
26520 978443 476
533694 323330 470
645682 871258 468
806708 516616 468
598081 752847 447
434507 87045 449
25349 515997 470
