82078 248196 443
124427 167653 383
20791 364317 443
228648 127377 386
124247 342442 443
4813 67210 340
449820 4604 449
6467 49959 324
615018 553998 447
655656 18431 509
170377 79543 383
340494 543289 470
536904 208234 470
7109 220024 386
787997 603527 509
513433 356138 470
102776 41710 351
276803 897706 525
107223 81309 354
116209 480051 449
151337 169219 383
616828 262342 470
286900 128495 443
485084 752497 509
237003 259092 368
114451 353741 443
92868 67155 351
185477 73781 383
425104 479780 444
350585 245772 441
265584 68118 443
513662 442902 470
44088 577929 470
91657 223688 386
245972 658140 509
20335 103102 351
361393 327094 441
749837 415909 509
383098 460139 449
29090 16032 308
17829 390514 443
81733 686030 509
376351 39188 443
122188 38926 354
80776 86958 320
48738 446171 449
152995 891536 525
463374 80722 449
549016 92381 470
349361 100189 443
244844 86726 443
35043 209543 383
3137 15393 276
578275 61137 470
43375 682184 509
64145 201378 383
19752 347217 443
448429 311838 449
57693 304663 443
110365 222232 386
392973 119198 443
190373 10583 383
23605 268177 443
254610 290626 407
170905 178429 347
108709 73433 354
137009 70969 354
340233 39823 443
416608 101084 449
796144 229041 509
152739 195313 383
37970 243965 443
297136 188346 443
265991 188622 443
88140 38773 351
12668 283339 443
537680 206387 470
560500 46717 470
75720 10004 340
266149 357378 441
775110 194728 509
22940 323268 443
145243 161252 383
56736 85813 351
287845 348674 441
36188 558470 470
462526 19907 449
260853 288551 407
488743 327488 449
125088 519390 470
307189 35427 443
107704 10237 354
809645 290635 509
122614 613953 470
242605 223133 443
476879 42908 449
284145 237454 407
676102 226579 509
228619 392577 443
799915 604271 509
278641 123637 443
550025 62701 470
33746 241562 443
85474 77533 338
312711 238775 407
486784 75640 449
8777 14904 276
14365 7373 276
85786 54966 351
89802 15202 351
534851 1912 470
382507 1910 443
265712 60426 443
81233 30738 351
203161 115810 383
48564 892 324
14882 470199 449
78500 170245 383
359916 304459 441
28746 351836 443
328119 154872 443
46824 246575 443
65144 269806 443
103018 492337 449
300533 593 443
77809 602114 470
14819 200392 383
277316 94368 443
121375 7411 354
636135 222069 509
51464 266987 443
350857 131835 443
150137 35510 375
251237 409908 441
776402 586887 509
700242 191275 509
148527 251005 443
12480 25424 282
922361 1083 525
253618 509261 449
72596 437205 449
5458 62868 340
120331 75185 354
7524 235258 443
82042 71292 351
539868 327539 470
522760 50860 470
578382 533519 452
26950 193372 383
387573 382102 361
122772 65762 354
104525 461747 449
58432 245765 443
250518 3644 443
71682 307761 443
18114 297836 443
241034 23459 443
287111 421722 449
126394 24407 354
88193 5674 351
252547 20568 443
298853 367004 441
426817 217317 449
180848 26912 383
758876 143412 509
12837 542245 470
344912 141544 443
319446 165439 443
527399 18123 470
85584 202967 383
191143 94563 383
289555 101235 443
241231 186139 443
218235 741135 509
58861 59220 273
405231 13501 443
66457 6156 340
620799 726605 509
84351 433454 449
257876 793762 509
313139 446073 449
169740 111270 383
111190 289975 443
670926 58669 509
602286 255429 470
57670 278421 443
47134 646828 509
93897 808890 509
221479 61411 386
51120 25389 324
101364 213071 383
231563 120524 443
344209 761891 509
17299 123601 354
97430 427699 449
92957 250912 443
104963 827314 509
192681 405103 443
49715 128233 354
255164 115955 443
8235 184174 383
332150 563041 470
490345 175307 449
564254 473636 470
295759 22479 443
162499 338557 443
270862 689827 509
140693 133926 344
17757 320416 443
446520 89575 449
159270 97064 383
202423 245028 443
19604 4684 279
724283 234963 509
506043 41182 449
55831 169352 383
838087 774282 525
70241 349970 443
704971 150726 509
7677 412581 449
695578 369980 509
243622 104108 443
308596 39488 443
295027 77002 443
23582 70501 340
25777 290740 443
112061 466720 449
144000 34291 375
542909 155841 470
179850 15006 383
314598 179 443
157845 53572 383
156661 55582 383
619689 322060 470
300688 44414 443
86728 39161 351
33472 8647 308
568648 189470 470
44623 1434 324
152764 295353 443
339728 138238 443
384606 96231 443
67825 39819 340
38689 337969 443
588148 120014 470
211859 397979 443
68255 12637 340
282051 140706 443
121905 297749 443
210110 315895 443
692765 45765 509
74026 393958 443
1551 437813 449
436889 93706 449
387600 216661 443
102540 787879 509
817993 331752 509
774914 227391 509
5224 2098 238
431167 68928 449
61347 153564 375
273993 5430 443
5017 790575 509
6793 31394 308
223321 295576 443
68907 306266 443
48774 17655 324
39170 12579 324
156577 532401 470
651692 80496 509
136010 38749 354
163826 41714 383
269609 303590 407
102894 355911 443
640452 42830 509
45335 11668 324
58472 21681 340
148108 17908 375
388397 169826 443
52816 357509 443
95799 80764 333
226492 60641 386
422764 393329 449
31727 444155 449
172239 147190 383
292683 379184 441
367322 685323 509
331607 536485 470
63800 52016 340
141347 63742 354
577147 196738 470
577303 165747 470
121135 208979 383
215830 106041 383
90957 103125 341
173230 361215 443
337427 133288 443
365265 143876 443
383049 55512 443
900053 15391 525
25774 451949 449
19674 162769 383
20832 324776 443
102355 102842 310
11274 200559 383
337410 302074 384
166804 47210 383
265866 330297 407
302507 200230 443
112075 82185 354
480150 180588 449
436302 373734 449
654994 577380 509
55462 195236 383
296653 37754 443
43102 172696 383
105705 297504 443
100670 226930 386
339338 180573 443
513286 74299 470
451778 404820 449
74309 8294 340
565620 111793 470
295327 114156 443
167125 242273 443
144340 205220 383
426920 792175 509
70670 65673 312
280178 44841 443
90100 852443 525
65457 344115 443
82260 33418 351
103062 16629 351
53854 151907 375
1460 32463 308
206253 394992 443
61314 369013 443
104599 68739 351
571407 81467 470
190832 74407 383
82895 94019 333
58034 66675 335
383339 392459 436
24690 184244 383
133532 478236 449
141881 60058 354
108605 349429 443
383883 332417 441
82048 125017 354
340302 434646 449
120200 41303 354
338144 46097 443
892668 246105 525
183170 62829 383
170475 445255 449
314004 91116 443
277716 3860 443
253067 108556 443
73204 137431 354
21516 37553 324
6886 73447 340
150575 1324 375
3082 293037 443
100905 413301 449
138115 297892 443
236889 25720 443
684377 171530 509
267079 150442 443
248942 773421 509
663819 251639 509
712994 203689 509
537543 510023 470
581081 287 470
911005 51867 525
707514 186569 509
143021 178419 383
221429 97320 386
12218 327920 443
328677 729404 509
8843 846209 525
250050 240281 368
560374 481910 470
41824 12393 324
85064 440570 449
114021 257620 443
19174 844710 525
17317 393990 443
698172 227984 509
149869 736919 509
199913 341970 443
352580 161402 443
235652 212368 443
10183 11608 268
646741 214797 509
285781 149778 443
111483 250297 443
122303 569800 470
50579 343248 443
5439 51885 324
265058 386076 441
577214 18928 470
222725 391582 443
4717 35064 311
486653 73449 449
268153 87719 443
129448 321876 443
8381 502585 449
457233 390413 449
127540 110557 349
373787 15402 443
619504 52030 470
187945 208042 373
220168 52145 386
228889 314452 443
105027 112361 354
1086 99098 351
77216 48197 351
84047 447302 449
472352 96592 449
292781 261784 407
218962 167946 386
638490 12491 509
29906 171705 383
244912 40923 443
104850 122948 354
309440 21109 443
510524 133332 449
157548 707908 509
568180 292281 470
557818 152347 470
79478 34839 351
93340 232936 443
90821 20338 351
630377 122085 509
290154 169375 443
3497 124001 354
195244 324678 443
12137 66370 340
258734 39423 443
21702 8736 279
469244 267948 449
35930 100974 351
558634 542 470
226927 632001 509
34719 482592 449
76625 724374 509
55134 352227 443
199766 302393 443
529717 20746 470
136776 464262 449
66507 83124 351
87026 475957 449
435270 60124 449
16086 236423 443
54671 405731 443
490900 58074 449
233076 130456 443
456053 352641 449
274470 118115 443
421851 319432 449
223784 10967 386
35156 28692 311
61186 771980 509
9658 2833 262
496405 734384 509
137822 355833 443
59482 364653 443
785808 9516 509
96136 147663 375
89805 283844 443
137129 466907 449
79544 12911 351
46371 124521 354
82866 334051 443
125417 210169 383
467811 92235 449
17841 428983 449
649019 283711 509
600236 54989 470
156023 54086 375
145737 185343 383
598941 438271 470
116374 150652 375
114918 320967 443
659366 191008 509
349317 166922 443
189902 498023 449
312091 264523 407
160397 219064 386
407282 431252 449
668388 594945 509
11623 55059 340
225730 336074 443
521186 487781 470
126989 139716 344
604190 317305 470
439097 320056 449
79355 408434 443
280319 582385 470
280685 355584 441
218315 157416 386
2389 254844 443
41583 268918 443
313878 238951 407
69609 6454 340
822712 1595 509
232149 717698 509
185631 275400 443
161547 521604 470
200483 161 383
50303 106194 351
96576 514040 470
137533 599236 470
527412 195897 470
507582 13070 449
735649 269025 509
256459 9968 443
134606 137165 344
190667 169062 365
785895 584017 509
189339 433893 449
210452 272837 443
387708 36249 443
167829 246537 443
95367 578200 470
715373 226116 509
571177 62487 470
282283 447641 449
794143 100270 509
613 14568 276
49232 89546 351
727565 233710 509
388266 42315 443
86254 193671 383
19403 36185 324
735150 258788 509
73270 30303 340
6420 149264 375
25523 569302 470
467129 100042 449
164262 551594 470
753008 532347 509
27717 75289 340
25130 531759 470
548750 246292 470
18406 43643 324
416909 7720 449
59381 152962 375
161661 641866 509
1435 383593 443
223430 109061 386
686993 542326 509
197208 841766 525
223958 283854 443
208414 246513 443
306 372953 443
251542 309393 407
781994 241721 509
529245 53228 470
150544 140298 375
297996 72381 443
352569 495357 449
16576 18402 279
48780 562750 470
17342 384565 443
78255 690328 509
23316 783800 509
14241 308096 443
317072 114929 443
80418 554858 470
147459 388949 443
821254 372225 509
696549 475888 509
32328 29282 285
330647 148942 443
514620 86046 470
52953 209412 383
196526 73711 383
808339 495383 509
312583 686972 509
152345 94640 375
16872 26425 282
18541 185061 383
309949 226998 443
55226 6005 340
35026 361697 443
368279 212128 443
728107 213100 509
822528 205191 509
76040 215834 383
154424 298938 443
256433 317473 407
518430 152637 470
378872 114511 443
417687 91171 449
221037 356446 443
12879 3542 268
68265 146674 375
19715 521937 470
24540 45035 324
350902 469370 449
91525 974737 525
471751 26386 449
100311 479110 449
296139 112655 443
1151 326185 443
232077 441134 449
40070 345435 443
32678 933306 525
214458 131100 383
269162 87251 443
121677 290762 443
48839 33234 324
163514 303850 443
82262 664769 509
689905 56783 509
168864 143700 383
50654 72519 340
159460 312467 443
167997 145538 383
219909 503414 449
53189 146908 375
108246 77663 354
2683 195283 383
40275 7000 324
621514 324052 470
74669 221844 386
5671 58267 340
556014 33895 470
83561 6058 351
219307 95744 386
1635 529831 470
25904 49863 324
431675 838842 525
599513 225735 470
11894 619109 470
893911 359097 525
92327 63417 351
49257 188384 383
144906 333690 443
405059 263522 441
616529 287871 470
60471 92731 351
162202 195427 365
136620 7180 354
75625 913549 525
28683 484268 449
110643 803 354
10030 84 262
8267 90694 351
114139 39633 354
273788 561700 470
179830 43462 383
452651 698449 509
371209 40537 443
359619 69979 443
776025 113769 509
107722 511259 449
884087 67838 525
373531 3360 443
183685 459109 449
32481 97505 351
137955 10620 354
406151 298168 441
46356 123375 354
48359 120496 354
46923 350948 443
23109 570389 470
50976 61548 340
283086 30789 443
49686 186988 383
4061 83115 351
176800 148494 383
222049 8265 386
63360 19779 340
171222 45351 383
306039 116283 443
171747 776279 509
114400 115098 305
13489 1684 276
104547 23527 351
47022 137141 354
715532 1779 509
644314 40351 509
139881 5228 354
59694 67862 335
175562 124269 383
325079 126212 443
209500 653199 509
27200 278374 443
178445 396240 443
85364 94180 333
341044 602851 470
506198 500183 426
38750 286516 443
492425 114626 449
345371 385140 441
50145 66387 340
136943 498953 449
137226 44430 354
45815 42776 314
5041 250713 443
285598 492055 449
325193 310483 384
175629 576157 470
25671 78393 351
347193 345173 441
181604 236091 443
233603 177297 443
578110 37537 470
52359 103822 351
395261 670728 509
262220 11432 443
246700 77107 443
268509 47339 443
348928 200453 443
561063 220075 470
193468 90359 383
350585 368810 410
495977 53522 449
61823 157050 383
64679 44000 340
25970 26746 308
484946 128669 449
400957 616737 470
423617 337827 449
75579 13288 340
717233 139444 509
51515 217593 386
455387 766868 509
43229 141258 354
8141 148523 375
50349 183658 383
642 263534 443
282542 203564 443
105020 289408 443
234806 604575 470
111110 649791 509
427964 236997 449
485135 14195 449
50662 10332 324
523933 65837 470
437825 752225 509
181498 227612 386
165982 372442 443
537726 283990 470
132401 192456 383
693075 7157 509
164623 109403 383
17311 331365 443
93715 665340 509
34331 227263 386
236693 465245 449
12471 385222 443
86467 376367 443
40289 219658 386
237118 769111 509
224095 56596 386
514782 404781 470
675099 269254 509
168719 178351 347
88736 22797 351
349132 267266 441
346851 140435 443
285432 361475 441
329417 121415 443
217287 217179 324
360352 116041 443
624801 406839 470
368332 879106 525
756280 32870 509
253613 541779 470
143380 67545 375
247359 35740 443
633325 707491 504
420701 35290 449
212300 84985 383
1923 397831 443
948 541852 470
222573 37982 386
149709 177648 383
373026 178326 443
235538 72488 443
299968 773950 509
211854 17964 383
750 158429 383
436147 460498 400
381378 1543 443
10061 90740 351
135296 650228 509
170356 45918 383
399003 321757 441
186357 153669 383
306593 175813 443
126767 17846 354
401633 125806 443
131279 28539 354
102666 76662 351
453525 89273 449
533141 143771 470
198747 324961 443
1703 272845 443
354182 40559 443
101872 62823 351
573507 77081 470
521658 218456 470
64146 116928 354
157968 654483 509
22965 844508 525
13624 268149 443
3466 27517 308
419197 316240 449
234409 243590 368
53949 751587 509
548217 2810 470
660496 512609 509
118930 133701 344
2521 366444 443
78035 404610 443
59960 923182 525
70331 202715 383
621826 134859 470
204130 1347 383
312206 70524 443
495154 169472 449
67038 360177 443
234951 329889 407
133409 122464 344
879672 301414 525
398740 362624 436
248536 367912 441
63533 124192 354
630075 57361 509
879442 154271 525
168003 113571 383
330450 82460 443
269622 222600 443
6569 342621 443
116211 18151 354
183070 322186 443
21033 914362 525
97840 414636 449
794471 272587 509
109320 623667 470
21073 547265 470
7125 56552 340
120252 26969 354
132519 85213 354
419967 349087 449
57917 88740 351
39143 102449 351
47126 18994 324
386129 3763 443
221073 60377 386
25532 715072 509
4066 353119 443
143289 59001 375
15353 542013 470
516081 19101 470
97340 763041 509
294426 218472 443
20004 13237 279
381558 940 443
125916 161673 383
205691 32855 383
601452 61906 470
311191 334724 384
520903 50350 470
289869 8956 443
669454 380813 509
773005 10086 509
313764 683818 509
258030 74483 443
86325 357101 443
439360 472370 444
16825 755309 509
429660 157244 449
2875 406864 443
35815 159541 383
202309 76819 383
20933 818634 509
521361 679711 509
80321 129206 354
162078 242473 443
278935 202209 443
248024 150928 443
728827 384297 509
83235 133520 354
426445 730307 509
108663 29607 354
423266 174024 449
12261 180183 383
99541 15908 351
271877 453014 449
86937 47896 351
335166 415821 449
268218 299929 407
150775 4787 375
201617 434567 449
317371 571627 470
4215 5130 215
218365 52871 386
186725 112714 383
657451 24448 509
280318 189407 443
676921 642185 442
89743 123202 354
366375 41089 443
423817 194991 449
7272 55149 340
208026 459907 449
407926 331784 441
99550 22372 351
475565 272854 449
591747 305536 470
472507 333174 449
56919 401880 443
4347 44342 324
43896 101347 351
177373 54793 383
184973 885009 525
26277 12064 282
88487 5498 351
890230 333996 525
320571 541314 470
511647 359488 449
625312 33403 470
389469 605693 470
330463 206380 443
394922 56819 443
460145 340367 449
108868 177285 383
215995 196873 373
2000 208655 383
140007 16882 354
375025 181213 443
11567 481747 449
160783 19204 383
127362 596999 470
412924 800354 509
107344 158440 383
396 117325 354
748738 2564 509
173176 186018 365
9706 12917 268
46386 669623 509
20778 357019 443
8942 72941 340
383165 111865 443
84666 314492 443
619572 211993 470
455784 27392 449
150118 3195 375
115938 227292 386
491871 483552 382
32041 19385 308
394171 320613 441
136789 355601 443
265907 422799 449
401086 11884 443
12041 327335 443
132103 367542 443
23911 265529 443
5555 564165 470
149536 100364 375
311696 62130 443
302147 96731 443
26957 97328 351
247358 359182 441
413108 905803 525
540642 39878 470
9079 169702 383
64511 24718 340
787692 715368 468
35683 195145 383
370275 186546 443
609759 8565 470
823258 457438 509
24801 596631 470
627504 255319 509
167420 673871 509
284824 201050 443
471065 95163 449
20264 296805 443
597748 103814 470
119425 57097 354
86810 306759 443
5078 266618 443
115791 356555 443
111550 717022 509
74797 35488 340
202705 371224 443
96817 265540 443
60316 161187 383
42952 653783 509
351724 358459 379
466459 366217 449
104440 304071 443
64887 420683 449
43330 707856 509
