93724 31206 351
67350 34948 340
81083 78097 338
19743 95967 351
67180 44997 340
35056 11621 311
26897 80555 351
91073 11372 351
44219 88420 351
70549 23743 340
87611 75017 351
8884 69627 340
75869 24083 340
8370 44664 324
43615 55291 340
8942 26547 282
5938 58524 340
69944 87936 351
55925 55676 260
73759 86436 351
59806 34772 340
67895 34474 340
12793 97684 351
77575 84623 338
23457 79872 351
4711 91724 351
36921 5605 324
57263 28183 340
70434 1090 340
87131 91865 333
12529 89551 351
15363 83950 351
98336 91035 333
50579 51538 309
80893 88950 333
63672 96039 351
31530 99342 351
98898 67870 351
4738 77910 351
52717 97580 351
76518 58996 335
84822 47972 351
27363 51967 324
70340 46604 340
32539 60284 340
45210 10556 324
49344 47534 296
54057 33396 340
82430 96658 333
29598 52007 324
84072 98823 333
12488 55691 340
72029 82120 351
64278 35104 340
62011 33811 340
21137 8003 279
56622 71245 335
63393 99070 351
31230 99136 351
25492 45547 324
47220 13289 324
96659 8347 351
33869 85787 351
17721 91418 351
63512 73417 325
57101 84289 351
30977 69597 340
4761 13816 276
13381 40324 324
34107 62737 340
11002 30856 308
75447 5370 340
34005 29280 285
85222 62406 351
50252 7606 324
5803 7005 262
58859 21467 340
75580 98041 351
51896 98694 351
64646 29187 340
12958 29875 308
47631 23239 324
7016 27210 308
47174 74714 340
76964 46094 340
90770 22498 351
41997 19688 324
24973 33823 308
35859 71207 340
70778 80144 351
94037 85061 333
92489 91611 284
75870 93649 351
1012 20255 279
27311 7614 308
88977 70972 351
1200 90294 351
83110 54703 351
42378 7403 324
53275 79710 351
33565 11279 308
17298 87879 351
39729 27696 324
81948 16872 351
32487 55896 340
31736 27699 285
66050 33707 340
36083 81044 351
51191 30351 324
22814 95910 351
39587 2588 324
24858 54419 340
88064 76281 351
76699 99790 351
37890 2554 324
53906 75385 335
78481 91942 338
56240 30603 340
66337 28981 340
19093 52897 340
2774 72617 340
74224 18893 340
54272 7946 340
39081 38434 275
98128 98460 266
30376 39385 324
7156 1080 262
69864 27209 340
75126 38231 340
66378 71429 325
53226 34664 340
7203 92020 351
66058 84517 351
80467 11785 351
5849 96785 351
62767 58211 335
21720 48105 324
76407 37916 340
49498 21072 324
32752 6816 308
52435 26960 324
52929 65449 335
1380 82702 351
33378 58213 340
55752 52598 322
45086 89782 351
24510 12782 282
19802 25534 282
89419 97241 333
6984 38800 324
36996 31236 324
35355 52268 324
30272 44229 324
54912 79376 351
86849 68578 351
66072 65114 268
68708 48223 340
46640 765 324
70945 33752 340
98202 38838 351
56100 84258 351
62704 17690 340
8960 86129 351
55897 26977 340
23323 40713 324
25080 94601 351
50327 6354 324
51072 59431 340
34200 82694 351
38155 96128 351
26272 92763 351
90455 20279 351
87653 57011 351
62053 43598 340
16806 95924 351
54770 99385 351
12261 52871 340
8811 98564 351
13238 55696 340
75114 94805 351
86764 14907 351
47038 90843 351
14594 40956 324
68411 55519 335
15783 61298 340
63819 91211 351
90626 78333 338
55472 83313 351
10333 94047 351
94484 76683 351
55926 72411 335
48585 18344 324
13944 85004 351
46254 92576 351
48869 61099 340
22243 3971 279
83018 58408 351
98734 11673 351
39669 90743 351
76721 46476 340
11171 6081 268
47437 59117 340
5776 79120 351
90446 74262 351
35407 75082 340
40348 5198 324
84679 46817 351
13306 85260 351
96433 9317 351
47264 61856 340
24228 45400 324
53718 28617 340
24293 50581 324
80169 25608 351
34507 69968 340
11871 63430 340
53576 95049 351
25750 30036 308
41919 70274 340
87549 74066 351
54626 51657 340
90286 38843 351
64952 73274 325
64607 44736 340
95364 79144 333
24971 61222 340
70943 78010 351
71525 87050 351
46905 48110 314
18135 53037 340
84782 32255 351
57467 51954 340
82533 43800 351
39951 44868 288
57755 93570 351
45968 34346 324
73330 10672 340
9165 55123 340
59023 47933 340
75909 13822 340
27344 99937 351
45769 85707 351
67187 94590 351
9997 25128 282
59812 70242 335
55113 97992 351
82225 82959 320
61857 4833 340
53099 54410 322
22534 58718 340
21513 4175 279
83669 44253 351
40434 50703 314
18159 99844 351
5352 74744 340
75664 13484 340
23738 8382 282
75409 1349 340
83987 15993 351
84109 60637 351
62356 16946 340
30640 38319 324
91514 85 351
22828 80134 351
67386 9297 340
48476 99838 351
5236 5049 179
40737 8807 324
96388 43188 351
40074 14884 324
4113 72966 340
54405 89996 351
28238 4200 308
99904 4487 351
21865 20624 256
35264 64591 340
23633 85240 351
92361 14202 351
63664 26040 340
75693 29372 340
81197 66210 351
85739 82474 320
6968 49645 324
42644 87823 351
15521 46212 324
34991 33927 311
36262 42076 306
27363 89923 351
51720 88949 351
14568 53194 340
90067 9107 351
38760 38888 244
2573 94685 351
24609 9715 282
84057 48479 351
77451 8093 351
36550 96930 351
6224 73478 340
48149 73662 340
32673 62513 340
14606 5802 276
16321 20852 279
21586 30147 308
65589 39010 340
44944 73467 340
11091 29473 308
54010 87569 351
30423 72238 340
1722 32486 308
45595 88872 351
38577 15180 324
63040 35569 340
90446 34343 351
47987 97145 351
83760 32505 351
18606 30134 308
92185 32480 351
85434 27727 351
93164 36727 351
32254 68800 340
76371 82811 351
32605 19067 308
2430 32322 308
27635 26276 308
74096 43949 340
36517 55449 340
16685 54946 340
21931 79297 351
9179 58034 340
61522 46783 340
36741 19794 324
34861 81797 351
44368 27884 324
67994 84777 351
13785 75115 340
31709 70366 340
69113 82675 351
65315 45284 340
23728 56208 340
30645 24192 308
73625 93983 351
25581 9128 282
11814 39173 324
89694 96529 333
75244 30493 340
12658 73085 340
55355 56170 322
2590 97760 351
65247 94518 351
34524 26896 311
61980 5103 340
41538 47394 314
46339 46814 283
80107 32175 351
38268 21983 324
61151 74833 330
99316 72757 351
46719 58438 340
67437 39375 340
53801 29631 340
40727 66417 340
65977 79572 351
23162 18023 274
16463 52900 340
49847 412 324
82577 88326 333
56318 89785 351
20187 26014 282
27658 68626 340
82720 58690 351
71933 24353 340
50163 85426 351
93581 838 351
92933 13871 351
1413 64536 340
54427 3459 340
21469 73706 340
33232 45921 324
33321 51086 324
93818 42266 351
26447 34090 308
66171 62506 330
24600 11136 282
37339 37975 306
31725 56582 340
27215 188 308
68290 53998 335
24541 8883 282
74125 87566 351
9100 61558 340
64391 67821 312
59029 9736 340
79731 63482 351
20466 52669 340
48194 66061 340
54748 48760 340
86950 22933 351
36259 77796 351
98693 60579 351
17182 86490 351
93132 84254 333
14075 7015 276
87082 70549 351
73748 7689 340
69448 63793 312
76432 24754 340
87394 39850 351
45581 81996 351
37206 25235 324
18111 6845 279
85220 1701 351
78001 73508 351
30640 92501 351
52558 71663 335
57381 67678 335
94266 98822 328
82331 7234 351
7877 6373 257
64423 48654 340
28353 31072 272
40315 83355 351
85716 15913 351
98808 99525 328
14478 6502 276
23334 3738 279
17246 4733 276
43104 8093 324
66085 97220 351
2574 98714 351
13561 73340 340
89785 94063 333
31583 33234 285
59800 23943 340
86388 3593 351
43239 55487 340
26158 97930 351
50939 84851 351
69037 84978 351
13609 771 276
25986 55454 340
32799 36420 324
79588 1958 351
44637 96408 351
89900 3985 351
7463 86191 351
76929 10993 340
91350 74547 351
65348 42487 340
88475 97440 333
1031 46442 324
56513 12622 340
64428 66861 268
57838 47295 340
84464 52266 351
75168 82451 351
82853 69849 351
49769 73270 340
83632 74108 351
37588 10895 324
10199 81135 351
87093 83304 333
69716 3447 340
8394 43156 324
38697 81713 351
8688 99488 351
37352 34594 324
56122 54261 322
9506 99810 351
61195 16508 340
87200 29009 351
15388 97326 351
42009 97600 351
29945 44395 324
85153 39534 351
84640 81974 320
98441 71512 351
56811 92463 351
58552 36170 340
97458 4067 351
7799 2616 262
509 79028 351
26380 86400 351
44533 44380 239
75560 29934 340
60074 8226 340
15928 70616 340
452 46270 324
10938 8426 260
15334 27788 308
58509 81580 351
74197 96101 351
49154 48845 296
54592 58910 322
60546 67545 335
58395 50911 340
57435 76958 335
78248 71161 351
55050 89449 351
10016 14249 276
5532 62747 340
94750 99086 328
84353 24258 351
98869 17130 351
69246 32294 340
33370 85402 351
99057 30708 351
11167 74348 340
28258 43122 324
34487 10259 311
23417 28056 308
70533 27703 340
62097 60429 335
8360 94763 351
9176 78982 351
92135 15472 351
11985 82118 351
31682 22405 308
84113 67682 351
26479 39054 324
62906 86922 351
87376 36165 351
95898 23258 351
33151 89383 351
14965 89847 351
8797 51651 324
74491 22390 340
8164 45597 324
45691 52676 340
47722 70592 340
17128 44905 324
2215 67979 340
14776 19237 279
17223 61226 340
80944 21385 351
4968 99985 351
83367 80188 320
21029 77669 351
19838 36747 324
37630 64893 340
80247 78930 320
87603 29315 351
78131 3046 351
37677 34724 324
4571 55886 340
32266 18590 308
11711 31144 308
89627 44753 351
36644 61474 340
35960 62095 340
76783 52517 340
63408 30213 340
9944 59818 340
44900 98671 351
19683 7351 279
88852 88564 271
76013 30203 340
88194 6515 351
86235 24773 351
42829 86242 351
66673 63195 330
39173 56857 340
14836 61521 340
44853 736 324
86194 56444 351
91944 19522 351
86473 11992 351
24365 63888 340
65737 82315 351
46567 74041 340
77623 18658 351
59059 95900 351
76330 7162 340
62043 79492 351
59420 94064 351
18856 74911 340
72030 39996 340
41180 96771 351
37063 69341 340
89929 42977 351
6875 27020 308
46196 10780 324
972 60812 340
63854 49159 340
43756 49002 314
28025 466 308
69159 28171 340
45429 79421 351
19008 85982 351
27091 12745 308
50641 32223 324
84923 24837 351
25937 2585 282
10981 478 268
96321 21229 351
51247 49174 296
44206 73402 340
11669 19823 279
85420 47543 351
69569 84394 351
1775 38403 324
72153 40914 340
41017 50613 314
35930 96533 351
73637 51805 340
45752 33609 324
15333 34423 311
87339 88685 333
14250 2725 276
48288 58164 340
34393 65834 340
5289 27309 308
78238 36923 351
37330 6009 324
26607 20484 282
80119 33536 351
35126 33286 311
89058 52533 351
91397 51362 351
14726 114 276
5541 5559 205
67573 73996 325
92408 26501 351
53227 91479 351
5873 44149 324
32121 33375 267
69182 33862 340
78478 35657 351
56790 64713 335
12155 73937 340
49534 28590 324
73061 88147 351
70025 90764 351
71137 87687 351
61574 67938 330
96555 71486 351
34642 62963 340
14299 30420 308
57695 6575 340
90139 86494 333
90153 29342 351
84969 5841 351
306 84821 351
46079 7691 324
83723 81737 320
89842 86812 333
4542 14340 276
32491 38817 324
71933 87252 351
4824 83925 351
60055 48917 340
38995 13833 324
77056 5057 351
12604 53922 340
37820 31779 324
12630 87320 351
36027 13939 324
77124 54275 351
94536 83002 333
22855 8686 279
5262 47936 324
64363 61946 330
20801 97193 351
45996 12952 324
25894 49956 324
86277 17082 351
84512 35938 351
17121 89074 351
14059 41661 324
33503 66120 340
18637 97578 351
15637 20200 279
23915 83930 351
50707 23398 324
22532 38994 324
9382 22430 279
33685 87431 351
69544 72375 325
93994 82961 333
19010 88204 351
14837 70515 340
73001 81693 351
79520 81812 320
67194 72832 325
3190 91478 351
87379 7001 351
91805 91374 333
69632 58634 335
26184 47925 324
18846 972 279
92308 42621 351
66340 42866 340
58345 72437 335
40522 49902 314
59500 59286 242
67560 81570 351
75637 50142 340
34216 91378 351
15328 73969 340
65004 2265 340
70155 18663 340
3244 6672 262
19831 26426 282
16408 23118 279
30447 14986 308
40262 59671 340
8474 58179 340
42375 46040 314
36644 64934 340
44364 16771 324
41309 10320 324
72439 76854 325
58470 89061 351
68577 21640 340
39511 66317 340
88154 92298 333
32862 54593 340
45648 98894 351
9488 71553 340
29807 51687 324
6849 19797 279
92506 30436 351
77220 54119 351
58952 96547 351
15126 48020 324
54623 42422 340
12158 26309 282
48796 30966 324
77358 57032 351
20544 6439 279
9485 23428 279
98095 23935 351
82458 1785 351
34049 91301 351
78190 60458 351
94536 17869 351
49684 35401 324
12043 92907 351
70236 85598 351
65061 29534 340
951 60633 340
13180 12089 263
82491 69844 351
24726 53809 340
65103 95477 351
44477 14920 324
62601 56906 335
83411 92748 333
71862 14885 340
95346 88283 333
78407 30875 351
26519 58525 340
33732 29010 285
80663 30081 351
38334 46889 314
12621 80850 351
43616 6265 324
57753 67455 335
54030 84898 351
41101 30761 324
96725 70973 351
37994 32561 324
80282 71930 351
50824 62932 340
25372 48921 324
41157 96145 351
11618 23729 282
7442 46929 324
67619 12227 340
71737 11916 340
94968 36288 351
78531 82430 338
7148 14290 276
51645 76734 340
7895 31072 308
35678 64618 340
46007 74628 340
66683 97809 351
14453 38474 324
16574 82711 351
39720 14197 324
84646 46132 351
74724 52545 335
24265 47974 324
77616 69665 351
23874 97774 351
66522 8890 340
91491 57797 351
91516 56006 351
37844 45091 306
71995 52418 340
15103 28355 308
46436 92281 351
34614 36957 324
6653 61342 340
26312 44851 324
45418 52910 340
7636 91926 351
6645 27997 308
37156 50087 314
94077 41151 351
90842 87325 333
82509 97830 333
83666 9707 351
78103 52729 351
72649 43484 340
92182 60483 351
79650 18868 351
62519 19983 340
28554 20467 308
15105 27156 308
16548 63692 340
89488 8775 351
52022 38680 314
65164 19513 340
51183 18457 324
73358 25364 340
78661 9823 351
34340 54462 340
9106 80697 351
77352 64139 351
59105 35789 340
56606 3321 340
68110 26424 340
73029 8123 340
72589 24434 340
99227 3932 351
16564 88221 351
18004 18366 248
36012 44675 306
77788 46449 351
70097 48530 340
94290 78427 338
99405 89287 333
14279 2144 276
24922 88152 351
38602 53428 340
25303 58426 340
8820 71437 340
74984 31360 340
44980 45885 314
29080 48452 324
51680 274 324
36776 56424 340
68597 95182 351
34241 50892 324
48448 91629 351
12389 50286 324
13627 99181 351
17760 27308 308
45982 17347 324
35383 44029 324
3288 23307 279
71798 53187 335
42776 14482 324
43944 780 324
45777 10645 324
89350 85635 333
73568 3342 340
13149 63190 340
56618 22258 340
47856 85388 351
35924 37805 306
81253 189 351
38229 37757 244
61484 94612 351
83905 84541 320
68887 38681 340
40453 7006 324
84378 98317 333
37375 18686 324
65045 58765 335
73084 19407 340
57152 20947 340
22410 32303 308
66383 80789 351
88295 46526 351
19971 70755 340
23644 52779 340
62179 16765 340
21335 49280 324
31160 50808 324
79311 29991 351
98041 46913 351
90580 86214 333
37869 17392 324
53867 71928 335
85554 43344 351
6488 75692 340
73250 39395 340
17698 37331 324
81838 23523 351
74571 81920 351
31114 59005 340
30315 99596 351
51180 66694 340
54112 74919 335
10048 45084 324
27752 61409 340
14944 28875 308
48278 95347 351
16688 45546 324
88729 7976 351
5222 32090 308
59485 14970 340
9987 99911 351
23191 81398 351
35840 33831 324
20456 83470 351
60815 22059 340
19189 80746 351
53014 61443 335
59246 4592 340
72345 29660 340
90346 210 351
37257 66358 340
5280 36647 324
16950 79603 351
67056 61571 330
31309 17010 308
16768 18751 279
42605 68254 340
11331 73233 340
61695 95189 351
19369 42822 324
62927 83754 351
81477 92722 333
12401 72311 340
14629 44779 324
73962 94444 351
34326 73137 340
9939 1869 262
33027 66242 340
7721 33889 308
16123 58151 340
91414 89988 315
96053 37622 351
91445 20631 351
93942 4995 351
61172 29371 340
54980 22177 340
75699 16775 340
19641 73795 340
89821 92871 333
14263 8692 276
42972 92910 351
59906 1150 340
62236 1459 340
55463 61936 335
26056 13411 282
14221 18646 279
61018 59405 335
30808 21112 308
96950 74177 351
32746 2884 308
3218 63499 340
15843 4756 276
88894 93300 333
38443 18285 324
87117 14206 351
46721 35042 324
27341 49153 324
11342 87953 351
83463 99501 333
32947 62829 340
35919 62290 340
99408 51093 351
35860 68586 340
62433 85957 351
53039 80767 351
98523 67072 351
53743 10699 340
22601 29938 308
96315 24154 351
29206 28420 241
81527 76225 351
7548 29519 308
3370 54069 340
77679 18650 351
34841 19853 311
38560 17075 324
80883 96735 333
18901 68233 340
6224 87593 351
39832 15208 324
32154 90815 351
27821 68240 340
85487 13633 351
26899 16555 308
26723 44741 324
2322 86169 351
57609 12464 340
92941 39636 351
96737 61803 351
16371 26913 308
75631 61837 330
1671 77646 351
80060 15652 351
72914 90558 351
40866 83642 351
24856 15189 282
