593583 78202 470
591906 491037 470
472878 716820 509
763490 133882 509
706527 791347 468
996035 602341 525
68414 702277 509
894226 405542 525
861869 789470 525
33306 383221 443
48297 582933 470
198199 285674 443
328564 735785 509
829101 13964 509
237522 611826 470
799473 398496 509
504990 921142 525
147689 950267 525
444693 988843 525
158849 571288 470
152266 955137 525
493267 40533 449
47247 822166 509
847651 267189 525
802296 279699 509
925335 851875 476
504981 583117 470
224909 760533 509
108077 836699 509
541288 897845 525
659388 377017 509
881173 609297 525
37033 955119 525
332083 52310 443
717794 137307 509
587911 327108 470
765341 922309 525
5137 166066 383
55641 621773 470
975375 971817 383
332224 829772 509
547953 258096 470
388170 508478 449
23925 451059 449
108771 845362 525
206082 887799 525
825521 827210 344
415968 399334 449
438931 344080 449
262641 727789 509
356619 309343 441
422312 914181 525
374058 276251 441
940843 340272 525
49923 507597 449
382834 485731 449
748831 902459 525
193394 357395 443
571846 68707 470
224222 625746 470
996928 280937 525
859313 184863 525
118454 455283 449
899998 147553 525
352410 630090 509
469848 18796 449
794459 674031 504
475110 532214 470
792464 905589 525
872090 77294 525
390460 796652 509
932772 134620 525
861607 215652 525
502506 776427 509
141409 765317 509
756427 801194 468
87782 313822 443
760646 667723 504
707755 609981 509
828856 156396 509
974560 81424 525
619199 464298 470
164429 155068 383
444074 21712 449
135983 472316 449
310807 341384 384
31514 156719 383
102644 324202 443
246141 963958 525
552874 425443 470
758703 182212 509
443751 973455 525
326688 507744 449
512354 353804 470
991818 336487 525
673018 659120 442
721668 930295 525
630748 136820 509
877551 625095 525
951777 941834 414
763873 55729 509
391336 404524 405
602160 154917 470
891492 91831 525
88771 929173 525
848475 821966 525
165395 670297 509
773430 409088 509
698512 708907 504
522572 745056 509
954394 193016 525
730415 294970 509
36100 331094 443
651904 407065 509
124323 358460 443
112503 869105 525
621330 46815 470
978186 745648 525
7384 956715 525
609276 617340 447
310075 776339 509
76376 103107 351
574967 867118 525
149253 389787 443
665439 805463 504
229609 985033 525
937051 197154 525
467616 341420 449
229059 176514 386
210378 637040 509
694057 364308 509
39961 130402 354
226018 532070 470
680044 508626 509
163095 352161 443
302846 904262 525
930344 959737 507
778813 211953 509
952049 980524 458
341646 170004 443
843709 809408 525
932771 574571 525
54461 713432 509
704267 320194 509
391936 401732 405
186570 49080 383
200326 75428 383
664760 971915 525
371382 502701 449
757934 136190 509
532404 709846 509
579545 485867 470
40448 51257 314
329769 891352 525
57920 710240 509
916361 813188 525
767953 614344 509
253556 652752 509
784629 717318 468
339258 420859 449
253106 590051 470
95649 90363 333
181866 126447 383
726971 465047 509
101916 577206 470
155172 350842 443
66471 581948 470
933504 912834 476
959791 155019 525
838602 158292 525
135924 578765 470
113129 881705 525
850299 306981 525
147617 805093 509
319194 118365 443
752130 952918 525
534068 880325 525
735704 981714 525
188857 325860 443
311809 124803 443
996935 151102 525
413297 544595 470
916001 758462 525
516175 263219 470
720103 190979 509
968251 334691 525
180599 770251 509
820073 801137 450
800455 863663 525
978128 309650 525
485777 46423 449
860346 950645 507
321320 698433 509
835577 221402 509
356762 994648 525
864385 8567 525
241063 691041 509
311279 424303 449
400999 337701 441
951661 428266 525
456941 333351 449
182640 483016 449
13388 829247 509
812675 708731 468
326491 507457 449
698042 883645 525
420915 530056 470
499879 461085 444
697698 107980 509
897299 792197 525
284833 51710 443
865136 998991 507
188877 281761 443
392138 742213 509
639421 122579 509
944928 460210 525
489021 154484 449
67059 331069 443
491973 885171 525
321484 741067 509
642643 964341 525
521559 452093 470
861911 904014 445
397526 223108 443
557900 995436 525
245171 363457 441
659178 530229 509
995731 823441 525
621702 561438 447
143151 965535 525
453944 214552 449
625890 549955 447
4541 166674 383
247769 926121 525
91199 582232 470
690262 58749 509
210774 795972 509
20649 351815 443
973803 73848 525
626154 954377 525
2167 902214 525
658496 366679 509
331147 940880 525
468042 986091 525
870752 982691 507
741095 343476 509
548074 839514 525
360409 73967 443
950242 736071 525
349313 264409 441
491803 867109 525
42872 993674 525
77155 316436 443
565704 345024 470
966252 807994 525
915419 819987 525
381383 398197 436
773818 38230 509
476259 692467 509
963883 448214 525
881002 360662 525
939680 581287 525
207552 723180 509
813823 877754 525
869595 911652 476
956208 872292 507
713320 297549 509
404254 432341 449
346012 665021 509
334181 152415 443
375145 692959 509
480259 261128 449
749539 129481 509
634856 80416 509
327513 275967 389
893276 813636 525
635331 498326 509
267407 362845 441
845304 415866 525
509174 897965 525
634916 413020 509
918870 223942 525
194867 864525 525
319850 907774 525
401325 212925 443
540473 557744 452
195323 935154 525
961695 235566 525
300203 186598 443
4179 926405 525
909018 440615 525
358768 357631 379
306252 352766 441
551652 944507 525
296131 357784 441
586401 710418 509
120433 191899 383
168207 594424 470
309847 795083 509
852215 435549 525
369938 604127 470
231374 987313 525
371292 247976 441
450149 525851 470
589933 57368 470
682426 77066 509
441647 439105 356
902096 752085 525
59287 539381 470
897599 490918 525
923561 492969 525
491927 928560 525
488844 748017 509
779508 72017 509
261882 336395 407
35091 895473 525
538396 530045 377
202815 546548 470
738906 731442 424
988697 926902 507
575628 861612 525
251271 835786 509
246224 187638 443
502826 953550 525
908275 422621 525
178672 184369 365
993220 182926 525
443897 201024 449
637762 208332 509
901968 563375 525
441347 26830 449
199846 911136 525
916928 770345 525
375202 229758 443
988976 163054 525
635719 422501 509
402871 972288 525
232419 973420 525
884822 232687 525
520337 559471 452
702099 168606 509
760602 434960 509
338629 238291 407
198915 293961 443
511225 175040 449
448992 960800 525
838991 502866 525
574886 763542 509
939794 642049 525
380898 816800 509
253730 633787 509
359447 857939 525
246091 997360 525
425474 567704 470
429778 110305 449
333276 812520 509
963265 900002 507
225333 747111 509
916893 947520 507
320152 297635 384
892814 444156 525
646886 534453 509
655256 898127 525
5005 631172 509
634413 621239 509
896468 719130 525
958092 489651 525
670943 391261 509
243368 305713 407
937270 572398 525
31111 991137 525
125050 946352 525
443396 968349 525
518130 322278 470
980476 938302 507
370137 794287 509
614994 788973 509
999132 740481 525
728485 561237 509
773382 489263 509
953250 431666 525
196232 927260 525
651975 916731 525
528696 767766 509
26665 48778 324
642484 446907 509
479925 186327 449
279773 724211 509
831733 217888 509
420073 591282 470
754594 844879 525
274418 836448 509
913412 825063 525
513643 872195 525
341186 389601 441
158498 795935 509
46923 198910 383
261980 710802 509
223387 243968 443
536639 564913 452
521073 930833 525
459659 915835 525
536996 167816 470
578691 141297 470
933514 139391 525
560219 630022 509
702541 574588 509
584244 565962 434
219281 338506 443
958726 243851 525
541744 442447 470
373473 389165 423
388092 547640 470
963589 792864 525
640740 26256 509
85746 292551 443
207864 66163 383
252743 177893 443
571986 765854 509
989710 314416 525
818149 87529 509
415553 785078 509
431255 192217 449
717231 282894 509
467940 766657 509
24661 99694 351
658621 251485 509
612087 53673 470
576123 106471 470
740141 690550 504
917941 147989 525
461210 127745 449
436980 714493 509
128187 39760 354
926560 5110 525
389728 903461 525
409132 866964 525
166488 495560 449
757307 101713 509
454261 334033 449
494779 824629 509
990712 75448 525
573034 413918 470
143559 911449 525
607568 514969 452
768916 173400 509
91735 989198 525
907927 584016 525
798343 174321 509
123993 427785 449
553062 686469 509
483920 161089 449
354788 292727 441
204286 663318 509
244430 912571 525
72861 822920 509
711441 388448 509
158363 240530 443
789258 7894 509
764720 482884 509
679241 804959 504
803603 480188 509
173180 171158 334
367505 344731 441
470405 290277 449
970120 926053 507
190337 92995 383
951529 767555 525
962001 151167 525
79951 435710 449
70155 119295 354
202751 414513 449
506296 405170 449
887703 212830 525
149156 102385 375
238388 420010 449
760258 863912 525
446560 30785 449
670553 365679 509
702941 269898 509
33903 818616 509
642375 830587 504
834873 391715 509
448533 650280 509
379925 290110 441
774451 764821 468
659603 581248 509
364499 813261 509
818089 994006 525
337839 443202 449
485144 169031 449
632545 274393 509
341381 972632 525
191241 486079 449
973193 589736 525
548543 590259 434
109184 986304 525
398948 220041 443
892110 339131 525
455200 375240 449
122378 14245 354
385666 484008 449
927683 762496 525
459083 167757 449
36386 294799 443
658224 632339 429
162921 118289 383
880668 566590 525
844181 516687 525
378113 40425 443
467481 87484 449
1134 15261 276
516123 745395 509
986190 37993 525
200118 623423 470
629379 215513 509
898953 734390 525
880264 24778 525
101325 756980 509
315690 254045 407
57810 916935 525
611237 714223 509
285954 219712 443
370961 285100 441
862638 526347 525
388480 134829 443
462452 784794 509
721259 129191 509
337444 878418 525
400841 6367 443
572885 934301 525
788547 651203 504
389975 829109 509
724918 430865 509
711769 291268 509
417184 978085 525
200291 287374 443
905534 347309 525
305976 786070 509
496659 492033 426
773037 517999 509
919000 744900 525
2134 70228 340
461464 750653 509
231051 407062 441
304177 875150 525
266630 620508 470
585400 470848 470
451729 807374 509
675683 11076 509
623325 111391 470
995133 312857 525
243527 518048 470
16203 250280 443
133457 714145 509
432069 576431 470
174494 733554 509
932000 396409 525
805720 23730 509
110581 437705 449
475593 305250 449
240112 613753 470
989008 941112 458
469098 620526 470
134838 740326 509
574229 939766 525
736160 956345 525
640402 47961 509
501781 395225 449
171818 341206 443
490705 712632 509
975261 923631 507
783519 610354 509
972084 37987 525
230155 198901 386
850936 825801 525
521319 828998 509
981020 554106 525
27723 328095 443
706894 325524 509
661835 806220 504
436985 43519 449
338942 637433 509
284290 895207 525
418789 374241 449
390326 549827 470
752850 476085 509
968043 141911 525
902698 606181 525
873601 846106 432
920800 367768 525
28621 680595 509
747613 517642 509
735113 11779 509
420425 698668 509
856101 385305 525
248264 591698 470
944263 181173 525
897136 902169 401
310104 84519 443
376816 957323 525
700240 653607 442
101679 774302 509
41997 168770 383
530751 563704 452
564968 148934 470
698259 146732 509
202334 217132 386
670711 789371 504
695297 687479 442
393713 665866 509
403570 977041 525
293663 473766 449
175997 837560 509
925872 504417 525
666711 974372 525
802927 797094 406
787859 567148 509
915688 677578 525
840543 116512 525
63764 671362 509
71271 197031 383
308624 21734 443
762137 398757 509
872756 329815 525
822339 298246 509
144065 991002 525
482533 923913 525
204187 239234 443
798730 751921 468
812414 160994 509
346643 656706 509
897001 78099 525
413981 85512 449
827119 116637 509
948756 831337 525
214160 885715 525
814374 992821 525
239744 663335 509
506129 860890 525
768677 348499 509
19011 821550 509
270490 390674 441
460251 221426 449
522874 67693 470
96600 101073 341
371609 778109 509
403452 764650 509
324546 136867 443
20146 66404 340
598807 991257 525
768930 34910 509
356111 956333 525
627866 321421 509
519111 106700 470
653952 207049 509
868163 490435 525
157731 146277 383
927989 425713 525
166831 789249 509
460750 633351 509
498102 221036 449
974827 643619 525
325954 985013 525
248401 676708 509
893409 440250 525
677836 202724 509
698012 512558 509
109748 169518 383
776475 95618 509
279808 694874 509
603112 810359 509
633500 484286 509
415991 799663 509
463004 470017 413
124706 682484 509
493994 459899 444
61085 558195 470
908480 690728 525
929960 313383 525
361824 932381 525
111550 948641 525
420005 270886 449
136236 998703 525
382249 724807 509
989196 843869 507
370096 597103 470
187578 636626 509
786005 879794 525
409723 705164 509
740897 90138 509
624518 317422 470
730450 668248 504
45779 596575 470
731840 191141 509
650643 491092 509
255892 703697 509
517405 10204 470
334714 112789 443
217522 899360 525
965921 220033 525
429430 369184 449
665693 364280 509
296253 352058 441
98735 221370 386
350580 858005 525
284866 236351 407
6015 483993 449
916340 181344 525
483900 997864 525
297280 96329 443
402817 414398 449
120415 708032 509
513145 757586 509
388758 876999 525
107376 735792 509
931473 231032 525
708447 541763 509
44743 959120 525
605312 556225 434
340256 735949 509
516281 579152 452
125964 233531 443
560632 619193 447
747994 380478 509
594098 852514 525
877243 369668 525
947315 380469 525
501667 122144 449
251817 511180 449
43192 58115 340
240313 327435 407
707083 797375 468
256577 302989 407
671006 655871 442
97771 226808 386
35250 955452 525
283894 548286 470
521977 461622 470
746403 909088 525
515266 404824 470
200848 235971 443
426370 737963 509
624462 251879 470
501221 466068 426
220468 482032 449
835776 722773 468
80893 344633 443
578199 441661 470
674661 17561 509
959397 876217 507
638053 595435 509
537990 598891 452
688896 180037 509
666572 753520 504
77726 809796 509
540915 429372 470
709120 185660 509
28932 705937 509
85013 687772 509
660941 264823 509
910192 873773 476
586370 614928 403
409502 181269 443
793953 853308 525
212454 674767 509
760838 559271 509
262786 603083 470
957788 738369 525
528154 202192 470
882196 741926 525
545303 420509 470
193536 192427 347
341946 803681 509
776245 945645 525
205236 460466 449
233291 241162 381
303579 688357 509
770146 602908 509
968077 62587 525
250413 939337 525
690 482366 449
786341 97895 509
531106 689514 509
659370 245594 509
870652 741807 525
947509 16379 525
118389 321392 443
534995 896626 525
839439 695311 525
350735 17679 443
196168 311853 443
992810 847220 507
167630 567205 470
726290 24466 509
699927 214948 509
746757 831664 468
101720 641684 509
200654 58467 383
406298 175142 443
897220 86066 525
366209 454024 449
197399 973568 525
835464 897317 525
338444 851416 525
78398 864354 525
667897 269115 509
184955 6538 383
754735 444341 509
908439 182711 525
6872 481773 449
171224 725532 509
370507 984531 525
343410 691280 509
819371 417910 509
690087 208459 509
244855 814919 509
550278 289509 470
490853 963306 525
798851 18054 509
160738 681716 509
612844 450008 470
491746 961829 525
932080 141332 525
678199 703653 442
357339 426908 449
557030 624440 447
462917 819127 509
257579 565411 470
307027 27044 443
841304 547498 525
780929 810965 468
510504 331686 449
129534 74958 354
534643 297311 470
463492 790532 509
830014 837042 419
845628 901169 445
513257 978166 525
610451 100728 470
567118 156210 470
657094 983338 525
63227 930683 525
820934 198320 509
545970 567432 452
686804 476156 509
309224 672036 509
661632 228810 509
726321 470547 509
998915 405735 525
922587 728817 525
504229 907521 525
967969 661717 525
137062 875600 525
578743 19879 470
843846 436361 525
276879 850485 525
462417 843563 525
607139 305599 470
737734 271085 509
109052 327171 443
640764 346000 509
551981 519944 452
750809 443483 509
105296 92606 341
192702 499749 449
6175 657631 509
936771 431494 525
442696 962325 525
164386 920735 525
979622 852352 507
40983 717148 509
222185 36665 386
785179 117767 509
464696 353306 449
877768 355432 525
539545 245501 470
495916 693082 509
946740 761585 525
625051 556607 447
109180 232464 443
379288 768299 509
27849 743122 509
882315 533726 525
691815 883072 525
390047 563423 470
221890 402848 443
431966 418181 418
644518 633770 416
55527 559047 470
573253 943693 525
388431 236500 441
892235 633885 525
460137 678228 509
141641 178008 383
476583 666785 509
373725 530870 470
146051 400337 443
746749 645534 504
530843 718880 509
418694 667081 509
342502 309609 384
103890 872804 525
15800 377187 443
905452 383802 525
804498 876076 525
980226 824986 525
11764 994387 525
37984 263041 443
594806 484291 470
747 472389 449
981709 729366 525
933329 61448 525
892491 676340 525
672630 76197 509
230881 332236 407
373401 199813 443
820406 693677 504
266034 31685 443
743984 557754 509
925089 237482 525
440846 172761 449
255849 817486 509
962981 44198 525
468095 195707 449
162923 891523 525
944272 929702 507
733806 568908 509
774425 661102 504
182220 398948 443
560353 856278 525
222963 427430 449
743903 843117 525
421243 917223 525
774384 343520 509
678988 280563 509
884718 110713 525
67455 241830 443
453102 973338 525
273933 23334 443
9262 370928 443
735950 81429 509
665407 711107 504
595305 766703 509
198574 43640 383
457614 852055 525
446921 677828 509
507719 364894 449
971724 600436 525
267296 603311 470
515589 539401 439
890605 214473 525
833302 243197 509
392470 527549 470
694363 787738 504
129383 567088 470
71763 3945 340
996523 484878 525
21119 767016 509
158830 934656 525
853774 898867 445
891795 184331 525
990422 746969 525
428773 255774 449
650776 130025 509
895544 159980 525
815745 468372 509
253288 437672 449
753014 575406 509
389574 56186 443
737833 512574 509
969393 441040 525
560713 528686 452
156119 490209 449
986345 548247 525
979190 907052 507
819507 454831 509
150777 809132 509
786537 148057 509
324080 166141 443
719446 347635 509
165866 670615 509
70051 274107 443
86980 38923 351
173056 516445 470
383103 383013 286
373456 91118 443
860666 293255 525
803780 964820 525
875628 32390 525
526638 922383 525
834671 237990 509
385960 988238 525
484063 925409 525
629856 641294 416
270332 574484 470
379802 813643 509
549055 183828 470
314286 342913 384
451301 809737 509
