1 1 1
1000000 1000000 153
1 1000000 525
19579 795635 470
507269 186965 449
983076 379170 525
973173 318604 525
919855 413780 525
24360 347619 443
983955 409896 525
813615 980687 525
781400 514704 468
467003 234731 449
976010 385300 525
710819 315067 470
711652 536997 452
813131 55615 470
292378 484881 449
787356 529646 468
56125 471527 449
779158 253449 470
837667 192251 470
700184 293489 470
333185 275109 398
281621 453969 449
248892 24145 443
375088 199738 443
143432 694762 470
576498 554046 421
658758 357247 470
969535 498169 525
530401 620276 452
835047 615459 468
410065 578096 470
6842 948879 525
35487 943313 525
852078 43486 525
131243 871932 525
823421 814141 450
413676 56867 449
570431 345631 470
102165 150302 375
614317 586265 412
922239 992713 476
67290 747622 470
840039 231673 525
597629 826831 468
492761 58097 449
836291 266168 470
470063 532772 470
792307 742280 468
22649 338753 443
518256 806185 468
265989 62725 443
962624 796536 525
109730 645418 470
354018 24136 443
49509 33898 324
145215 986419 525
101404 266702 443
580948 493416 470
303059 973934 525
265721 540925 470
411681 62675 449
56895 212339 383
795776 104412 470
523318 762306 452
426566 499122 444
417511 8565 449
780121 394513 470
562815 841892 525
451293 592514 470
955109 179650 525
211734 928230 525
999582 611149 525
749477 680950 442
594146 486917 470
479231 636809 470
9787 125044 354
692669 78409 470
857735 986676 476
942021 441688 525
524317 118204 470
54118 470376 449
771325 680139 468
775895 981366 525
139060 926062 525
283242 553724 470
15954 479509 449
399641 511956 470
722173 464093 470
727818 321522 470
422305 181701 449
486558 65514 449
771155 773766 393
265057 413787 449
669443 436747 470
319001 272234 398
384006 9915 443
556905 416075 470
167661 253897 443
355036 952610 525
520392 658456 452
663787 603150 447
399693 234913 441
667211 880389 525
813210 41520 470
803689 237898 470
400891 116235 443
971646 124779 525
33771 120981 354
839105 675397 525
962830 257421 525
289240 643380 470
196518 369908 443
963729 74700 525
896253 842662 432
826707 323608 470
142060 154606 375
291681 741554 470
649032 648306 323
335393 873945 525
482711 464672 422
654937 182460 470
658845 79258 470
417910 171483 449
216924 229055 368
15819 910872 525
756462 605023 447
26115 285028 443
8162 644861 470
140569 383482 443
682481 655112 429
450213 520563 470
786667 451757 470
181550 418820 449
377978 649609 470
717700 910780 525
270802 875836 525
492780 194773 449
546480 826731 468
212933 721853 470
106697 799819 470
153464 50388 375
292234 608324 470
346538 996658 525
616996 787195 468
442492 951592 525
851139 568270 525
738452 656733 442
138946 116979 344
312734 316386 353
903380 976880 476
9154 630882 470
531636 519609 408
718648 606545 447
47694 613369 470
364029 504836 449
709489 82908 470
917129 323721 525
576731 920364 525
946831 674656 525
753134 858447 525
712698 339525 470
681880 864032 525
825448 413073 470
605239 350192 470
607084 658885 447
195705 377409 443
617258 909323 525
404560 539871 470
529369 947132 525
896052 658315 525
254119 60562 443
931973 945497 445
582418 754483 447
422442 737603 470
339723 221815 443
887477 715075 525
759072 929855 525
453815 714938 470
406934 377946 436
136493 386000 443
813256 229157 470
195633 776249 470
512891 358264 470
630450 312759 470
70972 589581 470
836223 916807 525
906280 34169 525
875905 215328 525
608449 269916 470
810239 979833 525
454393 863939 525
382388 790907 470
940363 589726 525
371070 886654 525
439902 41357 449
497853 647724 470
978396 58899 525
188389 515780 470
894595 520816 525
226424 120186 386
497889 989699 525
825756 324221 470
182825 468403 449
11583 917231 525
241567 203379 443
458203 636057 470
661460 791765 468
168897 618464 470
785968 398113 470
104024 261695 443
364154 284556 441
32329 481142 449
420564 642903 470
917195 959437 476
533448 910717 525
515175 383037 470
565539 975110 525
403264 222070 443
999292 876902 476
946702 530008 525
795931 785522 437
777708 61329 470
44775 659966 470
153383 206160 383
216224 554719 470
124018 889745 525
452735 353855 449
59281 105000 351
789986 966672 525
452838 176328 449
982893 360743 525
133701 810593 470
104636 949635 525
584034 662852 447
78340 520287 470
874247 170856 525
95437 266101 443
862276 102785 525
244010 505102 449
769528 209162 470
760658 467235 470
960117 828691 525
217091 211093 386
74574 400497 443
500997 993043 525
495285 289413 449
260956 227957 443
492454 306177 449
254926 355468 441
744616 255499 470
1365 873422 525
508007 274332 449
311932 581662 470
16913 258506 443
353581 490321 449
171684 342623 443
7331 298124 443
214649 726531 470
796743 232323 470
9028 622117 470
677136 960387 525
311664 169913 443
949284 851497 476
509963 799199 470
798247 551859 468
998310 902740 476
854946 439178 525
154463 920394 525
884007 396014 525
789837 548123 468
960252 329488 525
134930 107101 349
324643 371241 441
481336 479177 422
323992 976702 525
700569 930344 525
154734 484791 449
53428 637585 470
458599 976191 525
643574 104720 470
496328 469097 426
20239 854999 525
848862 12295 525
298222 112977 443
503625 264293 449
719738 462719 470
690629 674570 398
327216 671998 470
304022 956053 525
465482 388036 449
934583 110716 525
181547 692192 470
961321 136274 525
615428 560763 434
943036 542828 525
627129 88687 470
633961 947744 525
161005 217358 386
745955 78750 470
150711 829256 470
152795 546978 470
305815 669870 470
756418 642487 442
472145 766039 470
471034 415772 444
621849 197528 470
159425 712243 470
696230 728415 420
365104 57123 443
584951 625465 447
820501 945562 525
911064 82822 525
569858 65889 470
592213 122878 470
354264 510975 449
970133 326440 525
446243 562109 470
798993 161877 470
368792 863300 525
295545 7046 443
451920 866193 525
334037 125246 443
207504 185811 373
911130 767828 525
760541 158981 470
474160 198827 449
781861 900774 525
507156 510145 377
3725 926323 525
980063 435527 525
53526 905211 525
468787 806336 470
396658 499625 449
638016 134443 470
849859 974606 476
947134 979102 458
747361 146482 470
998955 669778 525
292649 261384 416
901585 729461 525
625851 231737 470
582361 247582 470
689481 323872 470
142792 416791 449
593361 248497 470
90972 755762 470
505939 738488 470
37152 658973 470
676205 127310 470
448666 284216 449
649207 165991 470
338326 173909 443
483074 838146 470
45052 677598 470
663 905206 525
231526 243956 381
920908 14600 525
875727 735516 525
484714 36424 449
561851 874043 525
752677 308526 470
802762 835071 450
720512 391991 470
894886 920317 476
723412 938732 525
589606 776680 468
48076 94221 351
187886 916342 525
285787 857129 525
492049 597293 470
881502 503094 525
829208 672998 468
202830 589021 470
290916 782839 470
875941 669068 525
459385 181577 449
899702 686544 525
586060 928500 525
782005 555595 468
244706 448888 449
5063 666738 470
123255 376986 443
291999 289324 327
483909 42828 449
98416 395667 443
256149 385681 441
134932 167064 383
353381 894835 525
512899 330534 470
586569 879257 525
981169 653124 525
636518 518644 452
205964 723438 470
874080 172905 525
800342 531869 468
6293 801779 470
596491 4773 470
67552 449959 449
980217 630361 525
90683 427981 449
778465 233610 470
136902 588284 470
155409 315613 443
643098 367240 470
386293 838514 525
405325 206867 443
708099 955444 525
961430 947892 423
398739 966383 525
947987 341335 525
167030 135014 383
134527 369484 443
396944 386356 436
799848 249975 470
214519 501525 449
985774 681870 525
875447 497881 525
224749 492802 449
578448 270068 470
545197 17725 470
821567 783950 468
602960 330598 470
256696 487239 449
857700 232182 525
659104 419944 470
707577 657190 442
642817 978351 525
860531 931974 476
801083 111584 470
465091 498189 426
643182 432774 470
316043 990639 525
290339 286439 398
320919 635762 470
757015 905408 525
799316 972749 525
373902 964257 525
567224 216345 470
127160 810381 470
364292 891847 525
900662 277112 525
379299 839932 525
524191 608269 452
977453 962617 458
470439 990226 525
742920 733587 424
239313 162614 443
181924 656453 470
977226 472020 525
87749 929693 525
633113 793226 468
168343 349946 443
155883 364879 443
933862 571518 525
451356 750012 470
132767 325443 443
339530 476266 449
130065 465673 449
544796 4515 470
689063 671490 398
3691 40637 324
724002 105258 470
158554 767125 470
46666 121423 354
419591 113179 449
987304 350564 525
481444 188489 449
606632 403460 470
206018 706834 470
580466 790408 468
565204 865642 525
576993 35395 470
595855 153360 470
554288 733909 447
658830 118106 470
456945 489387 444
320167 635194 470
373903 903416 525
924395 472623 525
659807 814109 468
322099 344621 384
770834 370636 470
911295 215069 525
580475 848334 525
988259 662874 525
819993 112212 470
752977 584014 447
930520 732940 525
941558 446304 525
528968 835985 468
10679 856550 525
289223 525792 470
402367 463594 449
527308 879029 525
266424 897588 525
328494 735299 470
403691 479821 449
363249 285061 441
86483 235018 443
583318 808470 468
295309 182638 443
669177 818360 468
452067 431227 400
107331 265149 443
315128 115797 443
352375 641698 470
209650 237501 443
180836 789400 470
669931 376782 470
47251 904697 525
327211 341165 366
137345 453381 449
46227 558453 470
884223 535163 525
454163 33658 449
69232 201562 383
69551 877892 525
915459 239185 525
929384 623459 525
870442 82874 525
127962 256203 443
129060 528240 470
77331 75738 307
236698 337349 416
321209 191082 443
768332 416011 470
66765 383616 443
992374 917765 476
230306 213548 386
763454 385382 470
7007 209848 383
842559 807114 525
4917 902179 525
277365 38933 443
383339 808270 470
368184 525853 470
412658 929886 525
486839 987381 525
252559 588922 470
854443 327170 525
274703 147743 443
818694 343024 470
949605 63148 525
735702 85490 470
629666 909289 525
925482 327381 525
241516 327729 416
275858 40440 443
645063 142528 470
471179 384281 449
850189 384480 525
193801 385125 443
780272 4552 470
343822 620296 470
979171 915160 476
128600 581185 470
860858 299343 525
197674 229620 386
632552 479621 470
19562 941107 525
514552 559408 452
951409 391420 525
934375 74671 525
571941 480322 470
849939 667805 525
284091 663719 470
370603 383567 423
577864 417824 470
150177 716285 470
890037 689902 525
753401 402861 470
552319 593849 434
394027 902899 525
974710 891070 476
591254 89525 470
995857 491418 525
845101 271535 525
531751 238020 470
993569 709720 525
499514 487745 426
482258 19814 449
333861 772934 470
522564 313000 470
167488 473693 449
711097 446925 470
962711 854247 476
738894 392174 470
168746 355473 443
229635 14464 386
204716 82460 383
292708 29753 443
159257 61646 383
940206 264413 525
380799 673368 470
610477 196975 470
741355 947385 525
325517 318349 384
740558 733771 424
16735 109640 354
780404 751255 468
457493 142846 449
222202 843261 525
525657 783879 468
751338 690006 442
221399 331455 443
605134 495951 470
515493 577887 452
20304 257274 443
383641 201559 443
494463 379250 449
318348 454412 449
851395 110791 525
770276 51117 470
643154 209640 470
769519 732636 468
330292 369188 441
686016 367211 470
252273 109007 443
83438 782814 470
279401 211294 443
128692 858674 525
242771 909339 525
888935 730179 525
432477 377210 449
255293 286848 416
28405 971244 525
444307 615136 470
497236 400330 449
772758 579044 468
140829 516599 470
971965 741856 525
64180 31972 340
176767 127845 383
521556 640675 452
189097 710606 470
798212 35647 470
379624 116331 443
693592 804243 468
982052 593550 525
640983 15 470
538787 700315 452
337391 348426 441
915853 557679 525
460106 754777 470
889410 996337 476
328158 84105 443
166281 134746 383
919907 468847 525
82771 420236 449
183349 733872 470
859343 353892 525
109599 511290 449
717705 683695 442
567069 436844 470
771809 601974 468
75735 798594 470
488852 247150 449
624496 526155 452
588194 941327 525
83141 948265 525
834866 886101 525
776578 57976 470
382709 371099 423
184636 333441 443
404029 382514 436
722582 824943 468
556535 799582 468
950905 444519 525
111989 697681 470
720247 901892 525
288979 162295 443
60180 662620 470
260829 675036 470
432745 741749 470
696386 25448 470
279147 65410 443
601183 379309 470
253221 965484 525
977768 667517 525
266466 442281 449
290056 877044 525
58528 219816 386
176687 687981 470
869575 363237 525
469087 899409 525
441863 398773 449
225739 226900 293
362611 545040 470
928343 34504 525
377639 775398 470
728707 233327 470
195523 686054 470
176308 280789 443
932872 326579 525
885108 590813 525
956916 725816 525
649806 673436 429
314904 852609 525
526435 793962 468
830532 613898 468
632080 389307 470
637102 658978 429
410968 914583 525
283743 672552 470
635759 799850 468
5203 873757 525
393423 147365 443
501764 15304 449
650268 111424 470
245004 227912 443
458045 841055 525
712930 289454 470
984317 275583 525
6805 394377 443
397249 76958 443
426828 949067 525
469937 973764 525
577031 544452 452
735340 327564 470
856674 406838 525
524517 783607 468
65313 492622 449
229378 882327 525
458099 921455 525
43197 569434 470
540771 935077 525
208094 738791 470
304066 906152 525
915996 518423 525
438 668616 470
875809 192506 525
684848 70706 470
262093 961767 525
275739 554552 470
88967 587839 470
342391 277182 398
584602 380474 470
155210 516715 470
502617 186074 449
101299 628205 470
106889 224615 386
334408 9359 443
444051 730520 470
913513 79375 525
27092 277349 443
103257 264016 443
196073 143060 383
717260 131843 470
996058 806534 525
310228 117197 443
299157 956795 525
730081 479399 470
746832 406832 470
103614 832565 470
749455 364167 470
563933 73162 470
311932 549853 470
814837 810275 415
454295 879574 525
744832 847749 525
927220 294541 525
555857 984708 525
416693 528938 470
162203 749043 470
469629 31428 449
113144 722452 470
196636 708360 470
169540 784618 470
757 471916 449
160221 542856 470
571337 524030 452
116759 157040 383
22694 715653 470
863576 201705 525
251665 596158 470
168601 734803 470
415672 576119 470
907737 787948 525
517757 712157 452
430162 226639 449
48082 209447 383
131422 516332 470
908959 812331 525
472373 611900 470
72611 641520 470
434734 612523 470
753787 737569 424
801319 239324 470
728175 664152 442
720268 861338 525
738040 91751 470
174020 308950 443
162830 922854 525
274383 867074 525
721337 913326 525
716530 828655 468
269296 205746 443
710239 348047 470
336642 104990 443
967895 23615 525
604908 788940 468
505362 832605 470
448331 378641 449
881614 386569 525
787232 205853 470
242507 617461 470
740984 973346 525
483818 799664 470
29595 701471 470
853348 831230 525
918281 196352 525
111710 432287 449
379696 709768 470
614931 721893 447
309361 810837 470
820012 496879 470
616670 732221 442
812795 519010 468
96570 834928 470
872346 170979 525
728484 780294 468
150565 698572 470
634328 889523 525
301212 77876 443
698885 206657 470
775706 912035 525
134105 469456 449
917107 166034 525
648180 29700 470
494019 614667 470
655882 641527 416
678507 12625 470
636997 76428 470
804066 651858 468
66955 964120 525
455803 578287 470
346708 65299 443
299833 351181 441
689699 994902 525
626158 260180 470
278708 439331 449
344112 875410 525
48264 896120 525
743837 613708 447
904235 687836 525
388512 64613 443
410684 149919 449
969562 389152 525
568248 674921 447
941183 826473 525
2853 578274 470
778718 977021 525
513975 527782 439
176808 673815 470
85322 22707 351
666189 218574 470
349661 438710 449
329121 841043 525
177105 639597 470
816365 45779 470
416088 108797 449
648886 839085 525
956531 270936 525
573857 693819 447
213850 192011 373
772732 312400 470
822524 439772 470
491646 826450 470
730637 287469 470
619850 480961 470
243338 639015 470
381201 167070 443
755075 581408 447
705174 636455 442
186731 995449 525
139375 95324 354
75032 91432 351
41066 345471 443
469818 992157 525
715744 315027 470
974689 979535 391
976556 414640 525
532406 333261 470
912637 582558 525
474002 537015 470
896616 393005 525
381720 543035 470
786199 966119 525
340032 707098 470
322074 611410 470
943667 794427 525
329344 453112 449
917608 257363 525
689959 772838 468
805 831060 470
366662 565529 470
988317 888209 476
223747 482046 449
953680 261486 525
669753 532192 452
244294 214293 443
555632 193494 470
417726 541156 470
153494 613475 470
379979 13198 443
485204 331756 449
195731 143848 383
916005 540802 525
413227 999107 525
376536 880494 525
59186 189136 383
348326 825582 470
604093 753810 447
754568 220425 470
653640 668396 429
94625 718235 470
734255 484409 470
596713 4698 470
767497 257023 470
615026 634259 447
96382 744120 470
208508 285357 443
775971 119492 470
65501 758671 470
679855 498478 470
65696 839534 525
857396 201227 525
855949 650700 525
873110 62798 525
789967 605765 468
151870 890595 525
157646 608000 470
223526 815763 470
892077 379981 525
847595 285332 525
761305 652457 442
50202 892031 525
65039 935229 525
804885 529508 468
37054 128667 354
490998 824405 470
621194 285782 470
291381 990184 525
661658 442427 470
779240 286945 470
448685 878241 525
692061 981407 525
179734 822113 470
305878 979632 525
142681 964162 525
154528 485967 449
32527 634108 470
485519 682456 470
667333 753793 442
271894 863144 525
180932 49204 383
465655 829671 470
362632 310722 441
605726 206765 470
109651 111544 310
530597 144542 470
541229 281100 470
906943 222167 525
30946 825176 470
677126 591445 447
456267 819037 470
331543 845760 525
567823 225069 470
889282 819807 525
490445 358569 449
399993 304766 441
812525 648111 468
380393 400409 436
671775 94786 470
835934 637442 468
583800 594985 434
947701 419699 525
304585 102921 443
346326 909037 525
523079 141115 470
838942 288224 525
120531 995039 525
757207 377242 470
86743 352991 443
442066 399481 449
436216 531644 470
826198 721117 468
306184 249999 416
551304 613449 434
943205 713771 525
122060 890804 525
212189 85701 383
973503 604997 525
977054 572410 525
67662 65516 281
84056 210887 383
844140 125030 525
41447 706484 470
145252 806894 470
54726 395422 443
75230 572594 470
770491 512108 468
937337 908417 476
635795 626422 385
457495 507609 444
475313 212132 449
293906 112106 443
40640 583241 470
494892 108235 449
390434 150832 443
807480 884034 525
795328 257039 470
267564 893263 525
963806 850115 476
453735 432749 400
936172 286286 525
732043 10198 470
871132 197851 525
776895 540781 468
307019 83346 443
502442 957713 525
491350 81846 449
740369 122154 470
863707 210720 525
265201 943410 525
458009 878326 525
223275 209415 386
126805 613098 470
344141 934135 525
909285 739385 525
895183 673121 525
307236 251166 416
317708 873495 525
951851 339955 525
157827 800105 470
767621 145038 470
88428 411573 449
79063 302935 443
852293 96982 525
660094 848659 525
983247 657780 525
841999 527844 525
821612 853744 525
537199 775071 468
212278 601926 470
74480 371162 443
782272 694896 468
443240 942446 525
152870 706019 470
245948 442155 449
558143 185660 470
194946 165500 365
267171 945133 525
9436 150138 375
486188 897000 525
728610 281335 470
729951 619068 442
952328 304231 525
483029 77781 449
259391 889047 525
947853 326359 525
458744 808523 470
277103 772185 470
353065 733123 470
54262 509319 449
948884 175324 525
657206 111724 470
351686 553797 470
956150 293531 525
990439 49565 525
980144 805743 525
539332 119902 470
324244 844034 525
993853 469077 525
264187 458669 449
74403 687240 470
81021 618831 470
171370 671396 470
247823 347181 441
457761 430389 400
623158 787276 468
973288 259081 525
610392 226878 470
395823 129815 443
441719 658302 470
94031 846805 525
931079 761041 525
467252 447871 444
923395 794471 525
898636 350388 525
128978 410186 449
287484 228002 443
260605 518267 470
6113 572094 470
700981 318357 470
340717 46809 443
791432 506389 470
276304 183666 443
273894 861875 525
613578 544147 452
299811 205773 443
803569 865375 525
245019 293064 416
490800 265129 449
66472 718549 470
620912 620688 248
968212 619993 525
855049 410371 525
792853 775668 437
423387 136765 449
495228 882313 525
486689 831218 470
848052 799291 525
48376 349344 443
89373 458755 449
627945 365945 470
946027 630806 525
34087 313581 443
300532 251995 416
930168 491438 525
381229 232862 441
414201 507779 444
333416 365406 441
769844 507996 470
313313 630199 470
362605 88737 443
597551 688466 447
499552 76189 449
693046 953453 525
638494 435762 470
324887 16286 443
976503 987100 427
145724 885917 525
732418 219377 470
724247 961442 525
989990 319380 525
273776 734230 470
936254 932292 414
472582 546997 470
125297 494629 449
647517 691844 429
666749 422421 470
376937 693063 470
788975 230723 470
471360 907278 525
27907 7469 308
869941 42923 525
630612 811846 468
95361 965368 525
624441 869935 525
660914 952580 525
187072 780480 470
494470 860662 525
42008 481081 449
769120 959118 525
278543 458893 449
804391 650048 468
506932 142394 449
244162 607626 470
736269 164994 470
554110 997716 525
227939 345672 443
791554 549698 468
692772 931311 525
187307 996528 525
817766 645002 468
834880 813487 450
528147 486117 470
274759 797878 470
183954 510399 449
269253 466219 449
874445 740576 525
493893 382670 449
616311 238711 470
183538 944455 525
944648 416541 525
7776 230626 386
329322 850172 525
919066 787631 525
478248 937513 525
592761 134746 470
656438 410448 470
40300 831900 470
197062 829874 470
438028 789294 470
4455 950973 525
885511 77342 525
364148 47869 443
921902 789615 525
588317 920773 525
81843 519796 470
784404 71468 470
968224 758571 525
39657 982991 525
985746 249963 525
593558 3530 470
687354 320380 470
375652 299532 441
49917 34634 324
821807 875779 525
