1 10 20
100 200 125
201 210 89
900 1000 174
40207 343014 443
429 145 144
526 823 171
41840 197550 383
855 511 171
29866 43726 324
255043 813905 470
131743 541641 470
1196 40378 324
849156 9311 470
75778 85870 351
31332 601998 470
218 475 144
828899 942666 476
1452 3820 238
47881 81037 351
5043 6432 262
18903 154174 375
5736 21721 279
3691 1229 217
5737 2358 238
323796 150689 443
42552 45558 314
3530 3808 238
68410 77259 351
19752 125139 354
419 581 142
30143 47436 324
858 671 171
877151 654213 468
36507 11949 324
31731 252097 443
35305 844648 470
63352 44530 340
617 491 142
148 294 128
8868 26564 282
34219 806706 470
495 316 144
47692 33666 324
18868 296524 443
602 507 137
875 11 179
20106 19614 274
280396 440030 449
37944 72330 340
5983 8197 262
34555 21768 311
761 214 171
5090 3905 215
39184 201125 383
426 178 144
65364 204 340
301 409 144
560168 160704 470
7476 6648 257
106178 371982 443
2091 156536 383
613 697 145
29251 6538 308
6 821 171
59484 21946 340
42469 93661 351
671715 749162 442
36927 25681 324
69 256 128
9739 102333 351
7858 2775 262
31744 74540 340
53196 3790 340
252 247 110
575384 850730 468
793 150 171
57 617 144
6930 7543 257
29559 726711 470
7186 7450 239
22795 17659 279
811940 859403 450
23532 862598 470
81662 29501 351
313 684 145
4013 48328 324
29821 10036 308
2791 4966 238
7792 2876 262
11301 10061 268
16791 9208 276
759 499 171
12914 11030 263
80210 39044 351
152 708 171
4375 44920 324
169548 374740 443
537 882 179
3021 6026 238
46415 35326 324
879610 368468 470
6815 504226 449
27071 67139 340
42627 777348 470
484 851 171
43975 96826 351
4946 76373 340
1952 4062 238
1275 7082 262
48473 23848 324
2435 9809 262
29253 16623 308
89920 20045 351
17969 869024 470
628709 386707 470
4708 681 238
859626 31978 470
13636 67929 340
47175 21555 324
281091 906379 470
332 158814 383
2393 418 183
16328 60689 340
371753 148658 443
40877 477366 449
5452 2426 238
50852 86403 351
1977 30038 308
714 112 171
533 654 145
21950 691338 470
511928 995730 476
34880 608409 470
34228 46513 324
16248 37390 324
625 593 132
43435 583397 470
875 3725 238
243 6238 262
12165 64370 340
566 472 142
19932 500951 449
315 282 131
1739 4409 238
3967 8 238
19265 30333 308
988 7119 262
17114 345 276
3277 5587 238
865003 764752 468
301735 729569 470
46156 199501 383
2659 11667 268
3922 50405 324
345345 320724 384
462 788 171
71 876 179
776 689 171
8505 357717 443
23923 822719 470
3711 70806 340
28874 503313 449
34987 22323 311
5281 7244 262
684 641 145
8694 3802 262
2088 5724 238
8952 7399 252
42513 36255 306
42309 410177 449
33207 60240 340
33674 279113 443
7641 8100 252
647979 507380 470
32721 161715 383
38186 33408 324
3638 701847 470
40418 7151 324
4285 5663 236
32221 491971 449
887875 31530 470
4686 2203 238
33161 25196 308
159 274 128
265353 505894 449
686 779 171
173 468 144
59382 34485 340
992990 320122 476
39203 2342 324
945 6568 262
51278 53605 340
36076 6765 324
434972 711076 470
2952 7428 262
84647 23465 351
149 237 128
11049 20019 279
652 260 145
45965 184914 383
629752 613211 447
28717 414488 449
9236 816915 470
7950 6239 257
737 190 171
28617 16836 308
33827 31936 267
3104 29337 308
746866 206188 470
47101 868504 470
16029 14607 271
41524 43323 288
86975 18910 351
29191 683859 470
12481 44047 324
551 863 171
737 541 171
2959 945 217
3852 42810 324
103 663 145
3268 2291 217
63643 30167 340
11210 27141 308
739 831 153
106 464 144
40614 550066 470
1358 4502 238
28742 31812 285
424461 122015 449
46368 58118 340
5129 4737 210
940849 377732 476
92 441 144
696 279 145
38358 30336 324
898919 220949 470
48495 549659 470
659 600 145
2919 32860 308
920440 945579 445
44224 15060 324
40298 5908 324
49242 927799 476
126 146 122
793 404 171
48023 35974 314
518 868 171
896866 445378 470
878 7648 262
252 788 171
2047 3311 217
478 460 129
6593 1553 262
595 78 144
4380 6323 262
499 145 144
367 663 145
18945 20580 274
4874 3457 238
975663 465360 476
7382 43406 324
20512 405036 443
249 828 171
637 574 132
298271 120205 443
34507 20804 311
13069 23922 282
2451 42867 324
67210 45092 340
168 454 144
293814 544487 470
20321 431350 449
699140 770899 468
1862 5635 238
39462 221905 386
36736 36412 218
69355 985832 476
125687 954634 476
252599 21843 443
39968 434811 449
6696 6976 257
5181 31648 308
1702 7139 262
5553 1 238
1878 814 182
508 550 137
3740 3904 176
198346 380590 443
489170 149541 449
58734 989508 476
431755 882203 470
1262 5383 238
48119 526436 470
4226 989 238
6616 218 262
9262 7625 260
771 17 171
3263 3062 199
1489 58232 340
634558 733317 442
8788 7071 252
3346 5684 238
151 503 144
5894 2028 238
49590 6995 324
12099 132608 354
7509 5630 262
45822 422893 449
28428 694381 470
475 190 144
35876 50430 314
86084 44775 351
43674 16325 324
1051 8570 262
5417 768159 470
25352 30257 308
2911 156765 383
87 838 171
84876 913718 476
43148 24292 324
888 367 179
24098 292602 443
27791 236275 443
26639 480326 449
866 6094 238
8087 4445 262
64268 66707 268
81079 54245 351
781 965472 476
11216 8619 268
53293 86058 351
598 655 145
778 298 171
233033 270936 407
17910 592153 470
946 48591 324
820590 372859 470
43350 23937 324
8048 1069 262
6815 318637 443
2873 101929 351
5450 584078 470
34276 17155 311
280 840 171
43858 800801 470
7728 171746 383
15395 42335 324
720 585 171
44737 77084 351
75178 63899 325
24238 83123 351
7 72 113
67330 19199 340
313251 51279 443
46458 45136 283
18170 19215 261
1120 4961 238
825280 237080 470
28728 891817 470
6892 713346 470
2045 8583 262
151477 809641 470
635 26971 308
19652 16573 279
965207 569382 476
31563 7551 308
19665 36022 324
42805 37653 306
31629 56380 340
8888 624 262
398 2668 209
3030 3496 199
46233 34483 324
629635 84134 470
160667 49340 383
36834 430903 449
516 219 144
28558 49723 324
131 151 117
19921 15238 279
708 487 171
40077 16 324
14939 666249 470
16771 412235 449
727 702 171
3665 4735 238
6353 7950 257
6414 1859 262
23128 15190 279
3222 8462 262
7938 4669 262
3674 1097 217
2905 36 209
618 158 144
19464 488685 449
721353 674349 442
4145 28053 308
354 266 144
19638 492594 449
523 815 171
6198 8752 257
34908 261777 443
7985 25681 282
43662 85298 351
165221 161113 339
806034 882466 450
806581 586610 468
629 215 144
11136 226452 386
904736 709575 468
45 124 119
77526 85383 338
824352 913367 476
1564 7028 262
182 401 144
42636 614634 470
290 514 144
1844 5642 238
49468 414130 449
33332 18865 308
2715 7662 262
306849 456187 449
1111 4538 238
5702 6102 218
295 35 128
20648 187023 383
979170 73412 476
7949 581608 470
194 375 144
4643 30758 308
166 72 122
33765 707672 470
13946 45783 324
7493 40836 324
50772 28130 324
756299 305129 470
811 698 171
530536 58598 470
14903 834844 470
2750 6486 262
63462 514804 470
45835 4920 324
40747 28865 324
46196 152709 375
40098 563481 470
334 731 171
37345 168942 383
336067 99477 443
76396 40731 340
44151 26833 324
863 94 171
8647 5481 262
46303 863227 470
9092 35774 324
12717 15871 276
34472 94256 351
27707 31600 285
91 618 144
24073 413 282
11398 894563 470
8561 6226 257
28878 9224 308
18115 21878 274
2567 830970 470
828 786 135
490369 494509 426
43493 38567 306
15557 726510 470
53450 650582 470
38426 528332 470
5233 3244 238
48686 18121 324
959619 896235 476
3482 6154 238
992766 604881 476
7624 25250 282
493090 705094 470
46507 670650 470
27589 60452 340
5436 728877 470
398 609 142
16536 47795 324
84450 13765 351
27890 80247 351
38650 529364 470
49448 3340 324
5107 429 238
484 335 134
27122 6875 308
37141 28663 324
892 560 179
3437 6747 262
11503 370197 443
22508 34438 311
32313 589439 470
4351 6239 262
39638 146345 375
437370 430380 387
65752 57501 335
84584 54641 351
28645 56484 340
4814 3273 238
149129 60127 375
220208 882634 470
11534 31299 308
5575 6649 262
2603 400639 443
3763 4008 189
535505 360111 470
525 495 124
16456 9691 276
97 704 171
237 76984 340
13373 13543 245
503650 525076 470
883366 290002 470
41967 8956 324
2617 6718 262
545 274 144
6526 4399 262
2399 4854 238
755 502 171
584 739 171
7139 1463 262
15879 15113 253
11566 148478 375
805 396 171
908282 452764 470
36318 866761 470
24465 6286 282
37306 48684 314
89 738 171
42927 173 324
5000 1311 238
864 190 171
108955 779107 470
13999 30063 308
71647 88344 351
265 513 144
308 878 179
2049 8135 262
543 176 144
24690 20954 282
55176 43954 340
83476 14217 351
36888 9523 324
2129 2521 209
36517 251520 443
54317 68236 335
15229 800243 470
278 391 144
487362 827585 470
36384 468626 449
1930 1801 175
12786 67276 340
171184 140515 383
65039 45643 340
45309 2160 324
5921 8828 262
43546 14409 324
148 338 144
979237 156900 476
381500 393283 436
417 512 142
651887 214349 470
625 332 142
40533 6923 324
21314 32231 308
813 551 171
2148 49 182
7276 2048 262
23695 10284 282
920049 441784 476
85029 72852 351
5810 5091 236
32570 230715 443
15492 271248 443
30409 8913 308
1485 6877 262
33741 33024 267
4404 20652 279
44605 144346 375
608057 180746 470
4439 5775 236
6736 8936 257
33030 38505 324
1207 203996 383
12658 20757 279
539 641 137
8874 2333 262
327458 269089 389
47089 380045 443
603 302 144
105 292 128
406 728 171
7649 8657 252
1706 2863 209
663 272 145
18283 75562 340
6728 3435 262
42901 18244 324
33724 15332 308
28893 88687 351
1159 40091 324
199 148 125
2174 2396 183
12005 45453 324
24831 38167 324
88414 56450 351
16589 279177 443
33096 62077 340
38692 5801 324
7684 3045 262
8425 7555 252
27409 7753 308
469 78 144
35288 339282 443
44418 764112 470
170 277 128
5684 465 238
8384 3913 262
327 356 144
202 839 171
15915 65063 340
666 823 171
16 443 144
16661 34131 308
50011 28548 324
31527 857669 470
389492 840704 470
233 639 144
68555 859118 470
16277 678071 470
21395 33986 308
35067 383303 443
43 819 171
637896 281431 470
342230 977793 476
2380 7319 262
806 410 171
4248 8795 262
62003 60349 335
18712 476626 449
16060 14372 271
44821 69439 340
1405 8281 262
6184 8177 257
740 758 140
21196 12137 279
170672 991894 476
737203 827142 468
82173 89144 333
36260 84207 351
4770 30266 308
6616 8439 257
15765 430195 449
36332 265378 443
6034 5118 236
33528 18665 308
21692 839336 470
8666 26538 282
834 311 171
42903 381322 443
4996 443 238
37813 46059 314
68 11823 268
956 14507 276
12019 151892 375
8192 751771 470
216502 773462 470
16705 32128 308
960401 835913 476
492 315 144
36637 70163 340
986652 374327 476
605 295 144
36105 41702 306
4482 4720 184
728 312 171
3486 14765 276
38683 11469 324
84065 58221 351
30862 237812 443
48980 724448 470
892 452 179
315 208 131
462712 234364 449
5067 2845 238
11313 40524 324
43329 230361 386
28806 19043 308
12763 863108 470
7632 5969 262
17667 89300 351
52865 51543 340
389 7757 262
52659 65820 335
784630 946886 476
73024 28198 340
73330 61526 330
588399 466684 470
4289 2798 238
846 529 171
84967 46095 351
4687 25311 282
28210 717699 470
13640 56709 340
1434 4690 238
13425 40714 324
839 743 153
565 41 144
41082 783729 470
158 727 171
280154 677445 470
705501 848483 468
26039 26692 308
9685 10331 242
350 817 171
41853 13541 324
76402 83831 351
680 695 127
36993 42429 306
38251 39238 275
641 35744 324
5477 741244 470
1624 8634 262
522 618 137
24376 28820 308
2971 6024 238
2280 29777 308
21982 444956 449
125 3948 238
26349 586550 470
31050 3542 308
496 571 137
10175 10994 268
33846 10815 308
599 342 142
34668 44513 324
15029 13144 276
15572 1477 276
1109 25602 282
65427 58302 335
48982 69351 340
48280 78898 351
8821 255425 443
19348 39270 324
23193 39820 324
38560 24487 324
8599 4867 262
867 238 171
690 146 145
9312 34324 311
57636 63305 335
19502 11584 279
476737 386757 449
51318 66104 340
23066 45648 324
855 108 171
256 658 145
104 676 145
5576 517 238
1654 6829 262
22680 61816 340
8761 4317 262
840 606 171
439142 952075 476
466 40 144
21008 211494 383
86337 12001 351
363883 519804 470
3867 8732 262
7100 46385 324
304 716 171
11165 35529 311
670962 909268 468
2514 6761 262
36522 41278 306
178 1286 182
916392 534974 476
23116 515208 470
568 726 171
47984 451525 449
7680 1829 262
31543 8345 308
3075 6306 262
412 720 171
83024 43341 351
127 370 144
4523 614 238
220 629 144
43673 451196 449
23908 15531 282
10528 7562 260
18915 339105 443
462830 624179 470
32364 37191 324
410 866 171
1934 92 182
295495 724966 470
1029 293838 443
8123 23862 282
2642 1769 209
537 448 142
39261 623562 470
3829 8743 262
222054 501458 449
749451 784468 468
10188 175753 383
588146 271248 470
1718 8628 262
184370 776750 470
36569 42743 306
77947 21780 351
29591 661040 470
43986 35220 324
15264 7273 276
3732 2075 238
45117 83262 351
83945 67760 351
7739 3829 262
369 8198 262
16861 4766 276
22473 629065 470
76380 28655 340
553 6992 262
69 8 113
63842 140691 354
29034 35808 324
778 604 171
32170 363842 443
32989 499211 449
9 423 144
24 495 144
218 426 144
43255 44179 270
8659 1999 262
48040 13840 324
2143 5225 238
11 602 144
10039 1371 262
1694 34359 311
4899 6620 262
1869 4895 238
35255 28613 311
86647 68219 351
530 378 142
821 717 153
4054 7411 262
19894 893973 470
1837 2011 175
49974 822057 470
945673 319955 476
13794 205175 383
43161 6781 324
5154 5427 192
24 608 144
48845 1180 324
204 17233 276
2140 4126 238
36925 23315 324
640784 239640 470
402 365 121
1191 21810 279
575 671 145
622 424 142
488 499 142
731 4643 238
33494 68199 340
36667 35338 324
2813 3614 217
7321 5397 262
50885 18399 324
703 689 171
831447 586863 468
79271 35185 351
6873 42772 324
3634 5855 238
475 448 129
48749 41367 314
45048 665179 470
365 251 144
79321 63735 351
9294 10489 255
41076 321935 443
7180 2557 262
42407 380781 443
29784 444766 449
3156 3341 199
18726 43089 324
767633 894488 468
5153 61852 340
222 824 171
240 217 128
47 44 105
84869 68423 351
626 681 145
655 717 171
155042 18472 375
76077 23550 340
824829 211182 470
1760 4687 238
171892 467460 449
18759 43899 324
32465 7946 308
14458 12814 276
606 739 171
70687 88746 351
702133 373787 470
694271 56215 470
3145 31044 308
322858 346155 441
500774 518046 470
42565 303156 443
31173 71973 340
40377 6430 324
803 535 171
761 173 171
27284 49605 324
582 175 144
589429 513371 452
3457 52580 340
524 5705 238
49 3622 217
273 594 144
394 422 134
8728 4876 262
753 237 171
936322 973672 458
29482 560253 470
12505 49681 324
22922 59489 340
5846 6012 187
315 661 145
27291 30885 272
740 479 171
469 258 144
10633 38810 324
40122 191484 383
49215 10965 324
84886 19821 351
83928 49095 351
6902 940 262
5932 658106 470
78583 61748 351
37379 1487 324
32697 712808 470
338891 689792 470
225120 229913 368
1373 15479 276
4229 6717 262
366 544 142
143 297 128
531 6180 262
909684 129762 470
20721 467141 449
136 889 179
30460 605079 470
526894 46551 470
31163 747923 470
22749 318503 443
47803 25268 324
14655 636762 470
26446 832645 470
46342 42328 314
84337 83048 320
273819 702235 470
8812 532694 470
4245 6940 262
21942 7102 279
24821 746202 470
718065 694004 411
28304 25010 308
20143 101455 351
16810 514148 470
691 885 179
3863 6655 262
1676 467 182
22216 4711 279
2657 53004 340
11021 77824 351
154239 512240 470
2724 56895 340
27971 27038 259
82214 43847 351
28784 19789 308
4753 422004 449
32956 566679 470
20205 65246 340
192 403 144
23681 38923 324
846524 909513 432
9722 72236 340
37929 16559 324
47591 25124 324
553 408 142
86398 25012 351
3698 757968 470
116 624 144
6996 8915 252
8531 887948 470
4890 823 238
25840 30544 308
