115666 108797 349
747037 394595 470
797484 658560 468
260844 765455 470
716579 83215 470
938574 186862 476
19492 763052 470
230291 144895 386
536398 262425 470
981616 836136 476
269578 53762 443
337372 557319 470
606064 124757 470
750548 862215 468
837208 20733 470
129529 495884 449
890478 469225 470
127784 392917 443
158371 204313 370
287527 904979 470
608192 874950 468
154353 742452 470
403699 627683 470
406459 384643 436
737131 940096 476
993858 388074 476
945392 523060 476
647816 331229 470
709795 67808 470
88540 914715 476
410598 63354 449
532578 734420 452
127337 817427 470
538091 176713 470
81691 802059 470
193360 825618 470
568069 689882 447
833917 347712 470
732355 971767 476
428215 240375 449
628449 985837 476
508896 422072 444
269652 90192 443
674351 156711 470
587778 495799 470
559152 279242 470
13662 514727 470
332154 91730 443
784794 657350 468
459408 386596 449
212213 866485 470
556366 169120 470
516831 296634 470
784752 906634 468
147009 765537 470
267725 212966 443
151389 291809 443
382000 776620 470
449683 937393 476
433191 572703 470
851944 37460 470
68538 992342 476
600423 381957 470
555658 400691 470
303639 901569 470
768053 531418 468
700537 515851 452
328836 840770 470
747404 217367 470
499256 113588 449
326553 894412 470
702572 766980 424
59952 994294 476
931686 84571 476
173625 509634 449
63445 881228 470
873569 25569 470
923877 131982 476
49025 990344 476
891912 479535 470
10952 352663 443
384865 176316 443
533437 711488 452
445206 713701 470
827288 280840 470
691603 460813 470
227793 670192 470
180837 394174 443
995097 804096 476
313729 112522 443
993749 168721 476
710641 893525 468
25506 383670 443
890365 634518 468
630404 590882 447
943544 298628 476
991295 641355 476
869194 844761 419
558461 524731 452
805571 314399 470
775212 385748 470
572291 13525 470
924051 519356 476
323451 753128 470
382001 919147 476
604219 153531 470
47055 892102 470
792123 831212 468
982081 588912 476
696146 682487 442
497466 612484 470
253838 156041 443
801 488760 449
13490 123031 354
953781 559261 476
461360 335412 449
348937 245344 441
764699 33651 470
303130 272987 389
708485 604501 447
758031 685130 442
577231 312703 470
660266 321437 470
426701 369353 449
568191 642346 447
254829 122846 443
278886 65656 443
554415 25018 470
664400 279687 470
838947 567905 468
419668 618181 470
863524 300307 470
850309 768604 468
557942 144575 470
265427 153438 443
838567 266426 470
95481 23458 351
861246 932150 476
301502 755746 470
398092 287946 441
410791 386045 449
451700 169272 449
194290 689677 470
969363 522467 476
606723 858689 468
476869 324661 449
141319 26390 354
794994 856745 468
517671 991627 476
661416 352935 470
135713 783097 470
322906 16335 443
948484 231193 476
503290 700504 470
988449 766337 476
152381 901381 470
587005 399240 470
605268 120433 470
642899 781294 468
639982 90982 470
415642 249621 449
276010 633203 470
6299 556961 470
64939 587355 470
456642 523969 470
823417 242707 470
259041 592354 470
339898 662675 470
363178 723876 470
6564 359539 443
777272 351626 470
267217 158945 443
795729 364276 470
145569 872484 470
963465 438627 476
688247 785550 468
935104 895459 476
968771 480608 476
67963 941402 476
465370 550061 470
792767 40956 470
149661 805139 470
467813 568159 470
292034 5910 443
365448 830990 470
182615 814950 470
973894 142719 476
506994 966184 476
838667 285974 470
724600 652562 442
954464 318484 476
730294 929198 476
409805 889567 470
347321 699064 470
249124 994119 476
551426 812690 468
134180 41891 354
126401 701086 470
706995 601992 447
432981 418435 418
233384 72443 443
731513 131948 470
98131 723629 470
9602 238507 443
407420 453149 449
287984 250553 407
179750 878235 470
284154 18277 443
717340 105906 470
616377 631474 385
960515 482816 476
41058 167802 383
385240 94695 443
696686 167458 470
102244 608586 470
197380 646019 470
777966 335627 470
575607 928893 476
683751 392448 470
845596 101560 470
868464 607522 468
2109 649932 470
668208 564565 447
670471 286262 470
917735 901900 476
384715 803199 470
487352 394601 449
489295 425772 444
109581 388943 443
997529 702333 476
348351 211825 443
547451 194908 470
640152 642668 416
35115 639410 470
257321 840254 470
447776 397062 449
46993 125785 354
690349 449884 470
252497 231553 381
133452 877171 470
196721 686583 470
81183 34518 351
976641 200425 476
589367 570478 434
789162 86221 470
298045 103247 443
298155 137512 443
296531 361848 441
517609 454658 470
294912 847997 470
245058 774929 470
417065 259039 449
225274 808403 470
556307 623766 447
17288 477770 449
164352 206110 365
756979 730361 424
930785 245534 476
332363 733619 470
336191 520151 470
623398 121524 470
775387 634236 468
512435 437904 470
408913 71917 443
919913 30043 476
321323 703824 470
479214 681323 470
6077 738388 470
878505 704487 468
182256 562383 470
284844 895792 470
626152 862959 468
624845 41822 470
775440 556936 468
593439 957207 476
595083 111630 470
262217 733188 470
687443 886821 468
958738 774651 476
321045 96355 443
316531 395002 441
592676 642368 447
380755 795744 470
16583 598752 470
677486 775611 468
671402 715190 442
578149 962329 476
4150 813906 470
887193 202993 470
676551 295941 470
923923 996983 458
730170 787985 468
674806 702491 442
477142 933964 476
30319 633543 470
544896 798186 468
956905 863201 476
658944 137572 470
736323 337659 470
629621 675526 429
390716 930161 476
892489 301023 470
631280 485216 470
204560 412991 449
225283 518472 470
515455 881110 468
185447 665557 470
368048 761976 470
695940 860252 468
10146 361541 443
676078 242610 470
105810 555041 470
208964 632983 470
486993 764753 470
956631 945287 414
391799 116614 443
933988 863698 476
865265 284287 470
213629 565267 470
83738 69824 351
950933 955264 414
620820 115544 470
393872 136379 443
512982 988867 476
350407 89811 443
848772 523127 468
594520 26485 470
659467 954581 476
235685 803483 470
265121 662811 470
779424 708667 468
572364 656919 447
457558 713411 470
278677 437628 449
507451 187538 449
142801 878767 470
994310 974736 427
627466 763621 442
752487 388181 470
994343 656800 476
179926 619246 470
645730 843114 468
314046 774445 470
94280 821548 470
484358 549731 470
258397 359400 441
16319 780134 470
493544 347113 449
301092 473876 449
661413 288573 470
167339 324895 443
815982 320566 470
84186 678000 470
582533 443447 470
100246 836672 470
972269 576875 476
936341 796524 476
87320 134350 354
955897 250386 476
316468 181599 443
540999 956607 476
736740 574865 447
438329 73669 449
63896 746635 470
35207 739420 470
64314 241660 443
562225 202545 470
880545 880295 326
840094 646410 468
999434 463077 476
556303 456691 470
253214 971702 476
106052 8995 351
259381 856886 470
38484 578300 470
51258 575848 470
667064 579482 447
653150 304349 470
50984 105392 351
361164 233397 441
475057 602542 470
805087 425477 470
305772 37281 443
683691 201983 470
181411 662217 470
118907 199476 383
171177 254065 443
263060 888473 470
745358 793580 468
888232 38792 470
130991 783841 470
879675 939489 476
243838 314407 407
419798 49176 449
282573 811173 470
413714 780961 470
722790 757629 424
794909 735152 468
453486 544913 470
207129 994951 476
194426 151248 383
921665 842387 476
730859 881955 468
675534 184724 470
739867 476216 470
776409 80117 470
19606 870857 470
701615 172435 470
221610 779795 470
107319 121413 349
418725 20534 449
294514 521032 470
772536 657866 468
202778 605775 470
600725 742373 447
893621 409906 470
768645 311503 470
709809 331637 470
516360 499503 470
492071 901694 470
981811 772578 476
159786 268479 443
440913 1416 449
297562 861401 470
499165 178874 449
715760 404880 470
442263 434241 400
92107 10273 351
132399 731150 470
473523 294884 449
221142 733124 470
560978 883495 468
215131 989786 476
5640 270786 443
172479 247842 443
20419 497710 449
766188 154289 470
672056 696556 442
557956 723452 447
418678 969617 476
890848 57120 470
491361 650789 470
661061 333111 470
64260 583467 470
394702 793460 470
42935 537782 470
937628 615843 476
121980 120264 336
391049 152758 443
916951 127620 476
625329 79879 470
750520 937369 476
633925 907869 468
147672 422575 449
908544 708232 468
281704 82701 443
733489 799391 468
132501 773064 470
872882 910902 476
220713 713113 470
767246 783935 468
916130 779999 476
900262 704874 468
373983 38109 443
682080 807662 468
887540 290934 470
744654 823761 468
731629 638059 442
576986 894930 468
119514 395652 443
478353 485529 382
801271 401217 470
690632 728193 442
639094 933772 476
163236 79865 383
863799 376158 470
156156 930481 476
151706 779928 470
334389 56417 443
864078 525689 468
332974 16468 443
840228 267970 470
906028 593979 468
488909 88208 449
212 483013 449
484893 608422 470
9638 478564 449
723108 286164 470
736287 216621 470
296485 878554 470
254711 899522 470
346354 160283 443
456563 410867 418
467283 14412 449
56452 790951 470
323770 847713 470
115682 389425 443
983403 680350 476
284909 538061 470
537426 988663 476
113436 285120 443
280035 22318 443
308481 639425 470
856045 3143 470
881696 561119 468
976992 152529 476
829164 136406 470
547272 323346 470
854109 802078 450
109380 530907 470
378619 910560 476
299984 433149 449
629850 494300 470
32360 799738 470
304753 914759 476
199878 569785 470
108455 934540 476
573965 479913 470
999407 933287 458
494406 946361 476
615242 881102 468
17507 471397 449
311094 444405 449
762834 81131 470
612037 165202 470
592113 872213 468
821713 990655 476
1306 892096 470
208186 451563 449
882673 550017 468
119802 29290 354
963829 82550 476
78814 744608 470
677894 54145 470
506 78220 351
475673 172299 449
160048 615747 470
576503 9532 470
90662 987493 476
669047 339336 470
211548 702698 470
209704 261159 443
669607 549612 447
1174 211009 383
761025 394144 470
423433 400198 449
999100 397178 476
141785 903613 470
957758 77913 476
672485 336031 470
24681 474615 449
90361 148157 375
157688 184728 370
688573 183215 470
522550 764701 452
467398 357619 449
135129 250449 443
800060 193453 470
920813 804735 476
198878 317586 443
234135 198190 443
595367 138662 470
558627 233234 470
311147 253504 407
589534 516384 452
507350 499983 426
164491 614214 470
315294 597710 470
780924 838531 468
603231 3866 470
877836 819825 450
586625 586981 328
780433 12964 470
334051 903036 470
736973 701246 424
899435 49280 470
187942 971108 476
204341 11153 383
264656 262920 407
295655 31839 443
531821 370541 470
501107 803004 470
400713 696312 470
534842 816400 468
336617 697988 470
34164 654424 470
241404 214452 443
743767 620788 442
523823 21837 470
239434 77817 443
127097 260796 443
748255 655220 442
666372 831390 468
610661 952595 476
984434 447380 476
334272 906315 470
709318 516254 452
728917 835378 468
168129 626382 470
840721 780110 468
434534 504745 444
235548 874884 470
12023 675937 470
214125 495667 449
89835 535845 470
312992 969910 476
625129 733283 442
564672 577598 421
530193 291501 470
255232 691684 470
597998 514626 452
547231 589503 434
941233 823667 476
450048 792500 470
572609 109361 470
130458 807120 470
682003 523494 452
715783 882357 468
894375 694025 468
746222 929907 476
899817 984210 476
717492 575565 447
153163 41297 375
849149 798516 450
490199 199707 449
230684 104380 443
210235 88197 383
911863 294266 476
86765 667819 470
777179 878263 468
685382 175726 470
699219 423988 470
822697 883737 432
577761 415001 470
861260 717071 468
217632 840334 470
932251 277428 476
318724 935124 476
249991 601765 470
801471 167873 470
788604 740189 468
344737 548506 470
842771 515190 468
183008 772952 470
167566 929536 476
621613 476539 470
416878 852947 470
736683 837183 468
768536 239574 470
472997 830796 470
187481 146147 383
423574 690628 470
142103 636083 470
237847 258649 368
942873 392093 476
132282 555669 470
104174 247829 443
763018 993370 476
766321 946945 476
392832 946026 476
938916 450238 476
303185 530796 470
367978 355793 379
111719 556219 470
903366 136513 470
282659 584715 470
275342 607199 470
243281 222584 443
481233 933797 476
325889 997480 476
553148 940457 476
188285 974522 476
967892 657322 476
120618 951303 476
413680 250564 449
700802 29801 470
560596 868947 468
224739 520338 470
592908 444925 470
97790 336457 443
437523 496274 444
619824 896800 468
119384 229217 386
163013 863104 470
860583 116968 470
573776 488901 470
463423 413731 444
587404 762061 447
229715 947666 476
714581 224373 470
770525 159746 470
28692 415382 449
452071 847472 470
292396 769782 470
622591 44979 470
57604 906537 470
803337 60113 470
289329 677427 470
540530 439072 470
72391 452341 449
457594 917465 476
847547 646166 468
924578 437368 476
385033 951302 476
175674 154292 383
830389 99613 470
31347 462550 449
310021 375432 441
145214 999769 476
561099 118768 470
25305 767804 470
827916 618702 468
296128 344993 384
300416 633597 470
602289 353010 470
786826 372806 470
535323 59882 470
13601 634372 470
585673 459901 470
130544 914985 476
530950 277698 470
740247 960933 476
336364 562296 470
78416 566619 470
685386 481577 470
765732 639515 442
258216 227042 443
88386 110000 354
743596 70696 470
940057 388801 476
761606 345884 470
922118 726882 476
877605 296929 470
273181 935718 476
367055 463277 449
740974 403724 470
881008 898004 401
460299 997572 476
80542 217372 386
215300 55066 383
694580 282279 470
509321 981032 476
91031 469148 449
539843 114058 470
502859 350978 449
213213 996251 476
239484 780816 470
594096 135330 470
587400 117088 470
580364 867276 468
787352 954454 476
852457 837689 419
351612 668359 470
885730 829107 432
400524 432153 449
714431 617382 442
598413 95104 470
564251 740103 447
854161 205795 470
556772 620445 447
133047 357019 443
654186 769984 468
421666 372530 449
489617 248282 449
631909 525417 452
996222 586332 476
424020 419260 418
87619 365030 443
194136 291983 443
724135 489700 470
107081 594659 470
206114 438565 449
178668 221845 386
427639 286716 449
423512 549180 470
422550 500762 444
787098 556558 468
445439 76735 449
841368 725115 468
250531 935055 476
37738 473277 449
408888 246752 441
611781 461757 470
753739 496506 470
986206 322268 476
433278 994225 476
432790 609638 470
831483 639392 468
442459 127809 449
676988 259121 470
276235 865971 470
938880 99537 476
692623 63332 470
304798 384319 441
835725 533991 468
523619 555328 452
318431 873463 470
851571 932506 476
945364 446563 476
768830 605310 468
115886 447921 449
57558 718459 470
874202 548675 468
192835 889040 470
664513 316661 470
182631 386174 443
485710 940747 476
520430 637862 452
22180 694685 470
228675 825227 470
896906 857905 432
247719 268645 407
201150 215336 373
661898 99289 470
220950 662865 470
110785 947079 476
665537 336836 470
401862 168343 443
57382 539739 470
856399 594697 468
497222 721894 470
178992 555381 470
193242 982932 476
193968 699421 470
40999 731774 470
106030 422642 449
691286 937904 476
153239 353748 443
453036 408787 449
71652 331488 443
278566 190338 443
527173 182436 470
867130 460455 470
193 929034 476
40082 440864 449
679109 372943 470
928323 537304 476
36587 858101 470
73873 637916 470
886041 230554 470
169547 114872 383
569127 992070 476
862169 377184 470
785970 238718 470
86557 831557 470
21894 373973 443
72761 365123 443
825577 65418 470
994451 939890 458
380753 342121 441
715063 550885 447
604540 59862 470
434314 159737 449
797652 157478 470
904383 508186 470
139409 683693 470
192114 73929 383
967464 224888 476
463605 570635 470
402191 753433 470
643758 550161 447
431635 940436 476
5853 716518 470
172759 773563 470
115683 516655 470
583891 69864 470
646077 347097 470
506833 188430 449
345907 596742 470
104927 304485 443
504529 250289 449
840569 760688 468
501927 212994 449
783628 808032 468
77817 481883 449
548395 702170 447
642605 237926 470
470795 980030 476
269944 164809 443
681464 643553 429
229768 901979 470
249075 265354 407
970136 392196 476
988937 755908 476
576744 832394 468
599035 610216 403
370903 81272 443
810617 439603 470
763987 389181 470
871063 594245 468
296414 358155 441
596080 419457 470
915838 455371 476
620179 66874 470
226778 185782 386
87760 817994 470
599700 972898 476
365093 853186 470
609093 569835 434
918580 354030 476
964245 185836 476
783459 517614 468
473569 851499 470
240679 594076 470
704672 753907 424
112061 111741 230
47549 517437 470
972807 708140 476
291365 963387 476
665520 109338 470
927331 34494 476
7391 269631 443
122816 527030 470
613216 372484 470
726513 731909 380
434096 531796 470
565761 207109 470
574959 217555 470
327982 555681 470
309587 815637 470
443729 32653 449
550089 421647 470
646138 7629 470
971015 39248 476
148585 453854 449
488348 636534 470
422516 75915 449
119297 495738 449
384573 545332 470
277240 732512 470
780659 627437 468
834545 227687 470
961593 862772 476
418452 409503 449
741491 289574 470
838578 728039 468
666037 701571 442
709200 388667 470
944266 828527 476
282380 680214 470
833100 92850 470
685116 287079 470
299169 255615 407
317298 804412 470
53276 683741 470
311178 594537 470
338576 350286 441
213057 662074 470
587929 300168 470
106094 631509 470
359547 329419 441
30990 944671 476
849689 541935 468
370461 256541 441
936754 793954 476
886803 169193 470
972623 286205 476
58172 571919 470
892682 271791 470
955532 375469 476
486358 945957 476
812595 783061 468
961486 824933 476
641452 25651 470
657159 549414 447
395185 747545 470
208568 533057 470
591344 942526 476
199066 58256 383
852210 961804 476
647348 652171 385
938376 255364 476
343634 619971 470
891761 512899 468
888367 236316 470
698624 363644 470
663056 891076 468
716008 511218 470
53221 624542 470
173955 873812 470
621356 226731 470
759788 569139 447
511664 829923 470
404531 351131 436
829286 710729 468
362900 256740 441
28455 992986 476
129308 817627 470
330525 372089 441
124756 21068 354
901064 735243 468
626319 339731 470
367301 564119 470
188660 858678 470
732489 420521 470
647251 878967 468
964457 870197 476
700119 923390 476
790872 476121 470
703201 621001 442
