1886 52777 340
8793 48335 324
1492 26649 308
3362 50027 324
30059 57763 340
1540 43426 324
6736 15211 276
12567 16429 276
31530 32862 285
5067 13135 268
39802 44022 306
70 9167 262
9456 35011 311
7229 37373 324
920 4784 238
6198 54324 340
24370 26413 264
7091 28980 308
51873 16862 324
16996 57281 340
926 8084 262
337 7505 262
2729 21313 279
26124 13895 282
546 9814 262
435 1364 182
751 2087 182
277 8178 262
53584 15403 340
52754 22399 340
61 10676 262
740 1012 179
9586 58094 340
50795 40570 314
20378 57467 340
98 3902 238
493 7652 262
57301 20280 340
19441 13865 279
38444 56619 340
5729 18031 279
9097 15771 276
676 1709 182
5567 37856 324
32353 14586 308
15306 24683 282
38624 11528 324
733 9829 262
20 9270 262
709 7715 262
9149 57796 340
52618 12245 340
53451 52921 309
52379 57488 340
48228 29841 324
25193 51500 324
47764 30124 324
7987 35856 324
492 3227 217
10859 41936 324
3551 26437 282
4275 35407 311
122 9858 262
7029 21237 279
794 6818 262
26143 41011 324
530 9776 262
5443 15763 276
14538 28606 308
3904 54818 340
689 8369 262
918 7996 262
47743 19470 324
58490 55499 322
7725 45644 324
506 9139 262
29786 17669 308
18542 48464 324
10507 19355 279
7348 38611 324
37828 59299 340
747 6568 262
6422 33311 308
8605 31801 308
4730 54878 340
39320 38736 275
9626 58522 340
46708 33416 324
259 3924 238
63 6624 262
37 4452 238
29379 55550 340
50071 10973 324
13881 44930 324
6894 18660 279
200 8981 262
12996 12959 201
814 10668 262
41095 12926 324
25084 21340 282
8684 53376 340
937 10107 262
757 10179 262
888 10412 262
3172 11659 268
337 6210 262
588 9206 262
714 8372 262
2255 24819 282
8721 39904 324
10811 33940 308
21705 56228 340
39150 25984 324
4920 49224 324
8269 31396 308
6630 50084 324
2972 17672 279
57625 15385 340
49299 16640 324
43898 50713 314
16190 40524 324
48209 18581 324
337 8732 262
6994 28004 308
24769 45273 324
28850 57255 340
9142 35579 311
2993 33205 308
39567 22504 324
2961 22754 279
260 9944 262
4202 33506 308
12021 32842 308
529 6189 262
10908 59958 340
37 9808 262
7248 43303 324
3133 31648 308
755 8567 262
369 10529 262
48046 33788 324
26249 46990 324
4033 15363 276
20253 54892 340
126 2152 182
6975 19188 279
730 6436 262
415 4921 238
305 1028 179
9050 26748 308
9902 14794 276
700 2043 182
42002 50428 314
501 1681 182
18538 46159 324
32535 42134 324
2692 12215 268
505 6629 262
1964 58285 340
6343 36335 324
901 6238 262
26949 20289 308
27988 52292 324
50743 13144 324
391 2682 209
13541 10569 276
34232 32261 267
361 10117 262
762 1081 179
191 6425 262
16367 24677 282
691 2626 209
7057 59614 340
38205 50358 314
57386 25100 340
727 5994 238
7552 35578 311
9946 42290 324
16970 59051 340
632 9593 262
9627 51312 324
10214 48355 324
30090 24412 308
611 9969 262
275 7355 262
16620 35433 311
889 9338 262
8770 37284 324
50417 10606 324
6849 10237 260
60 6217 262
946 1783 182
9458 20873 279
14289 30483 308
1478 32757 308
5471 55729 340
460 4618 238
9025 21388 279
234 9157 262
4493 20358 279
1699 43417 324
6569 28363 308
9794 23173 279
7431 27462 308
391 5292 238
6057 15115 276
56157 48574 340
11947 22951 279
22 1537 182
45054 24030 324
45325 51081 314
4516 43002 324
140 2796 209
3338 34580 311
22 4970 238
813 6379 262
686 2536 209
177 4483 238
59759 44857 340
4499 29911 308
23950 15236 282
8818 35105 311
50 2244 183
806 10934 262
8375 18955 279
590 4768 238
919 3805 238
5822 36982 324
34030 53093 340
40126 46593 314
254 1543 182
815 5713 238
48377 34762 324
37088 42919 306
16732 20294 279
10346 20235 279
6691 15153 276
32573 26328 308
292 7710 262
218 7836 262
35055 47090 324
38130 24904 324
32661 29633 285
790 4073 238
852 10805 262
8868 46503 324
7 3195 217
22949 31120 308
1226 46763 324
597 4981 238
8560 49036 324
27770 43518 324
343 3532 217
3379 37321 324
54984 44172 340
54234 12040 340
73 8398 262
2063 30347 308
31 1573 182
46059 17522 324
925 6082 238
233 10204 262
1443 21898 279
641 5278 238
1262 39262 324
42 10848 262
9324 36272 324
155 8335 262
458 10365 262
172 2776 209
219 9701 262
5653 19933 279
13959 16728 271
25797 58720 340
309 6334 262
1991 36376 324
716 2052 182
28189 31559 285
14010 19016 279
4109 26539 282
379 9109 262
82 10114 262
990 10426 262
6147 35223 311
3231 56532 340
51281 33875 324
180 7590 262
6350 21131 279
858 2494 209
56081 14603 340
12433 47982 324
57487 19415 340
9825 25404 282
7892 10551 260
33 10134 262
507 1415 182
10708 40595 324
2962 22297 279
777 1154 179
51309 52587 340
383 6021 238
564 9860 262
212 8685 262
5285 50930 324
584 8314 262
5116 55820 340
526 6528 262
8525 57490 340
11360 49618 324
30337 40928 324
622 5310 238
1888 44225 324
34570 53437 340
20008 17722 274
351 9657 262
828 10126 262
32071 36651 324
911 1528 182
399 2888 209
3393 38577 324
977 6199 262
7931 36087 324
100 1657 182
1952 37017 324
52735 49368 340
28184 13195 308
806 6266 262
9954 12528 268
29593 57278 340
556 10672 262
446 6000 238
20997 48283 324
7127 58382 340
24693 39334 324
8334 48421 324
54985 32957 340
51761 38762 314
2541 27716 308
851 4662 238
10399 36217 324
174 10015 262
852 7364 262
48263 52491 309
30037 33537 285
38828 20871 324
36987 15856 324
9341 23970 282
666 6511 262
59517 17361 340
51351 34112 324
16506 51638 324
365 2489 209
5154 46104 324
680 7141 262
52538 44969 340
7170 21956 279
3760 16649 276
5465 54314 340
887 1183 182
970 2535 209
622 5393 238
290 1109 179
5673 44264 324
549 5295 238
14313 26833 308
54949 59355 322
17793 38468 324
10960 42933 324
4286 23171 279
6677 50140 324
182 3761 238
10323 20050 279
19954 21075 256
3042 45624 324
4919 16289 276
4469 11238 268
5976 35383 311
23133 36343 324
957 6981 262
667 9011 262
56912 50192 340
40902 16868 324
6002 43174 324
59718 15216 340
52377 55487 340
5573 48957 324
7125 23933 282
497 4418 238
154 2726 209
56980 35393 340
6948 32305 308
24029 29559 308
3160 44562 324
8719 44280 324
28902 53010 340
3726 37583 324
5140 13708 276
1938 42557 324
20431 40710 324
45905 37690 314
39391 23638 324
10421 37667 324
672 7180 262
96 4899 238
8088 59154 340
570 9232 262
15710 52373 324
434 10663 262
8279 30094 308
51499 32351 324
17464 11742 276
3086 57515 340
29915 10186 308
12 6634 262
388 3722 238
774 10643 262
743 6354 262
125 1139 179
64 8418 262
41712 45269 314
15404 52733 340
735 5819 238
50435 51087 278
670 3450 217
34802 16837 311
90 4610 238
55960 26704 340
3557 29829 308
9816 31892 308
31522 13605 308
56579 35361 340
379 5447 238
46 5882 238
5899 35551 311
2386 10353 262
26948 24794 308
28506 37107 324
25417 39664 324
9820 58480 340
995 7354 262
18437 42933 324
46317 16312 324
29017 46709 324
19156 51608 324
2745 22995 279
11171 56295 340
1559 24801 282
36652 56571 340
9925 11743 268
23091 34089 308
567 9878 262
51 6196 262
13333 14213 258
500 4370 238
55568 25115 340
39342 42639 306
54263 23198 340
29939 16202 308
51631 25128 324
21804 54571 340
44683 58138 340
496 8540 262
9972 47226 324
44158 25725 324
1952 37645 324
447 4339 238
35883 27603 324
6825 47542 324
3339 39174 324
1596 17330 276
10294 52013 324
520 9860 262
4292 27832 308
50279 11990 324
1635 19295 279
7107 12741 268
571 5976 238
585 1801 182
801 10492 262
26496 36440 324
22763 15735 279
49873 12606 324
5523 12251 268
42751 52530 340
7704 13165 268
48302 25625 324
592 3547 217
9484 17131 276
14919 31931 308
1528 48427 324
820 8543 262
2123 33768 308
640 5643 238
2988 17394 276
5680 14098 276
19 9752 262
99 5695 238
36505 23179 324
7066 28098 308
473 5978 238
7966 24797 282
5547 32272 308
87 10912 262
878 2900 209
198 3932 238
22035 15951 279
9498 20049 279
4861 12906 268
4 6325 262
24428 16797 282
4633 20115 279
1381 11014 268
30897 42100 324
12408 48329 324
51313 55879 340
317 8914 262
28775 32765 285
57930 46626 340
617 7629 262
10752 47409 324
2515 27395 308
429 8776 262
614 6026 238
2062 13786 276
764 6100 238
4397 39416 324
51982 24544 324
4320 38826 324
566 2794 209
47134 11546 324
10853 43062 324
3686 53842 340
535 10807 262
835 1869 182
6815 37984 324
12324 21382 279
452 10716 262
29343 23037 308
862 1602 182
15360 24088 282
48620 23941 324
3924 46628 324
8708 43162 324
13870 11996 276
8466 57811 340
32515 26487 308
333 3290 217
694 2633 209
3880 37494 324
214 3854 238
35444 31475 311
58738 20751 340
25873 24811 264
169 9681 262
19683 52499 324
5535 25014 282
770 9346 262
73 4391 238
9411 12623 268
8057 47836 324
33439 23281 308
30114 38371 324
13418 20596 279
29883 59764 340
5697 35800 324
4674 10335 262
45490 27457 324
950 1529 182
2690 45292 324
17629 52349 324
7422 42140 324
23043 12255 279
767 3025 217
2653 18260 279
6220 22957 279
2287 42983 324
38721 44826 306
17205 27127 308
729 6169 238
57227 32798 340
49563 49221 265
8883 28616 308
9223 15382 276
6511 57035 340
564 9608 262
11768 19895 279
8660 14968 276
10 3173 217
34887 31254 311
54057 28481 340
930 5396 238
2942 12280 268
5209 56855 340
54854 12366 340
760 2281 183
2973 29401 308
172 4413 238
900 5422 238
17755 15661 279
9780 26071 282
32603 48000 324
32000 29942 285
1012 40504 324
39759 35358 324
42894 39117 306
24636 31090 308
3626 10614 262
2937 28865 308
4421 36620 324
9863 15400 276
3786 38004 324
8458 26356 282
5410 16368 276
570 7128 262
4446 45374 324
606 1010 179
166 9989 262
3490 50926 324
239 1699 182
1 10562 262
4832 52348 324
1017 59807 340
32497 40569 324
129 6139 238
8470 48585 324
31280 28542 272
12533 51707 324
44400 40550 288
2485 26788 308
191 6140 238
20647 55325 340
30461 51694 324
7630 24191 282
521 4320 238
40538 47142 314
1930 18422 279
8685 37308 324
781 2708 209
3802 39545 324
523 2087 182
158 2735 209
493 9548 262
987 2530 209
54049 57051 322
7956 37589 324
28448 54872 340
9482 42557 324
577 3337 217
6220 35139 311
8005 48014 324
283 1523 182
45236 35015 324
885 1353 182
3724 10754 262
4236 47710 324
243 7158 262
7023 34641 311
3111 27569 308
7260 42790 324
956 7147 262
90 3781 238
43958 28017 324
376 10901 262
24674 18978 282
8377 48566 324
27669 52161 324
3833 54536 340
46906 32999 324
4316 49260 324
47570 15567 324
23486 23008 251
278 7966 262
436 9693 262
5946 19719 279
213 8096 262
29540 31117 272
9674 33950 308
803 8208 262
22851 20525 269
10690 24447 282
3676 37934 324
44795 50563 314
932 8351 262
321 3297 217
46688 38861 314
7974 58401 340
70 4428 238
1052 48582 324
4682 11433 268
10277 41123 324
7790 40151 324
961 5946 238
448 7229 262
629 8549 262
50528 40589 314
877 8563 262
33990 56984 340
34759 57036 340
385 8071 262
239 3700 217
20539 39490 324
8775 20450 279
2926 15250 276
4428 19878 279
13579 26758 308
945 7634 262
3711 46977 324
7257 21736 279
3034 24472 282
25595 15710 282
26632 26249 308
2467 50376 324
8601 12302 268
19963 22082 269
46227 42014 314
19433 50958 324
555 4669 238
1659 39927 324
2801 18313 279
719 1260 182
7335 16892 276
444 5712 238
29353 42313 324
14513 18628 279
10551 54856 340
700 1641 182
482 8195 262
890 8854 262
8736 56008 340
705 9726 262
6733 21414 279
365 1857 182
725 1210 182
739 5723 238
6834 50626 324
8945 28325 308
17366 30806 308
1456 45047 324
10826 32784 308
861 5840 238
38155 10573 324
696 6290 262
947 10366 262
864 6104 238
409 8290 262
19161 25235 282
556 3601 217
145 10410 262
38291 45588 314
13447 39448 324
682 4956 238
330 10651 262
835 4949 238
902 10164 262
8043 37572 324
8811 46733 324
23256 23640 282
860 10136 262
4510 17428 276
298 1875 182
2924 24556 282
5125 39885 324
5319 34071 308
53880 27324 340
897 5367 238
204 9530 262
7746 21786 279
6594 37645 324
4852 57508 340
57698 37805 340
8344 59730 340
948 1207 182
44200 40878 288
5107 34758 311
4179 56007 340
176 10210 262
15904 12308 276
627 8902 262
486 9106 262
124 6804 262
638 10501 262
2410 30448 308
70 2000 182
4150 15108 276
2556 48287 324
329 5462 238
2983 46718 324
2423 12345 268
5861 33182 308
808 7657 262
20911 57294 340
25744 35057 311
138 8126 262
6760 16628 276
49141 28184 324
34882 48865 324
10833 10848 162
4444 58623 340
2310 53485 340
284 6644 262
413 7555 262
23042 52300 324
21120 35789 324
7550 51549 324
738 8042 262
915 2924 217
35554 48109 324
48264 41554 314
320 10216 262
34260 56499 340
6506 58263 340
400 2305 183
702 9777 262
1129 45328 324
1186 32417 308
44779 14683 324
5589 40237 324
45247 44853 314
881 5524 238
19999 38784 324
2114 40643 324
28784 51042 324
108 5096 238
57218 24225 340
8231 30763 308
287 2894 209
19617 32835 308
53058 18082 340
54 6315 262
618 6314 262
45680 12780 324
2006 31564 308
27638 43023 324
45752 40242 314
546 4825 238
8756 44463 324
21002 54080 340
486 4491 238
59174 21544 340
9388 20161 279
739 6841 262
2379 26848 308
767 1838 182
251 3942 238
1959 18488 279
6135 32596 308
207 4598 238
1113 14435 276
4454 29962 308
3110 44702 324
22432 37440 324
21886 55171 340
3904 55289 340
46946 55539 340
583 3850 238
44 8986 262
57319 39192 340
677 6657 262
6875 25463 282
56619 23925 340
4877 52709 340
10680 14595 276
332 8500 262
821 5446 238
5956 22029 279
7228 30424 308
7448 27744 308
7618 40772 324
873 7647 262
10439 19619 279
48709 39848 314
771 10528 262
56355 21859 340
36229 34031 324
2642 18988 279
907 2568 209
509 5369 238
5303 10987 268
9107 42211 324
43726 18003 324
272 4064 238
45526 51186 314
22376 47541 324
79 1122 179
9226 41765 324
405 9023 262
29358 40532 324
8408 41187 324
7230 59294 340
18051 59372 340
10492 22644 279
781 5522 238
37949 36898 306
4328 29976 308
16387 28202 308
139 10958 262
8458 45668 324
48146 19428 324
175 6658 262
7414 20062 279
34656 19554 311
316 1334 182
41160 34635 324
27546 47964 324
5055 20703 279
25033 11842 282
8683 29300 308
37216 17446 324
938 4621 238
304 7387 262
1042 31043 308
778 10710 262
1386 10870 262
52893 28417 340
729 9824 262
9766 43858 324
18466 57893 340
20186 35109 311
336 4046 238
5495 53702 340
8716 10096 260
493 5874 238
307 6260 262
404 5506 238
9817 36234 324
27934 11352 308
9893 19818 279
55504 30005 340
6913 17692 279
49944 52187 309
362 7256 262
5526 16748 276
3050 53054 340
26796 59809 340
7311 58626 340
3 3912 238
10552 48157 324
42346 43661 257
1250 35927 324
8553 25871 282
9557 42584 324
11 8111 262
338 6513 262
278 9661 262
17074 41324 324
2754 32326 308
5139 11878 268
56342 44225 340
903 1827 182
2154 38380 324
947 4290 238
995 10300 262
2142 23990 282
5696 42619 324
413 10693 262
22754 21448 269
1360 25587 282
26124 21929 282
903 4183 238
43606 24337 324
535 7636 262
5046 13630 276
8669 31125 308
13157 42173 324
4658 46585 324
6483 59339 340
35986 46052 314
369 3176 217
11327 40430 324
467 5037 238
4633 11571 268
51794 35617 324
10255 59638 340
708 10147 262
778 10157 262
54893 20992 340
458 7978 262
961 6347 262
31744 53026 340
7711 44492 324
369 5477 238
5660 46271 324
4287 51879 324
16687 52586 340
48613 47363 283
8124 58609 340
34974 15066 311
55229 15027 340
8660 36771 324
46873 49835 314
30124 52203 324
14945 13215 276
58088 36503 340
869 10542 262
45500 48155 314
3936 21631 279
37717 12958 324
10476 58187 340
3934 42199 324
6770 29072 308
