628033 785720 507
260992 495010 449
435596 574906 470
930819 975074 507
640783 928382 525
381897 638003 509
30030 303489 443
301037 810823 509
696409 710852 504
618544 958452 525
14663 258043 443
221098 509270 449
209974 310282 443
440859 930147 525
808564 960777 525
794306 825453 520
840517 958501 515
867461 880169 432
550290 737511 509
212546 846436 525
211322 685629 509
861728 984227 515
422157 708450 509
248312 325037 440
877658 981075 515
992517 995074 365
237205 777303 509
278543 580882 470
630145 765024 504
779179 787678 507
316270 969596 525
993030 995161 365
112777 198472 383
211227 369210 443
476698 488632 446
520609 891243 525
761445 773042 468
41084 892132 525
112953 674863 509
50163 362563 443
432644 944755 525
943840 945284 383
804151 836527 520
79801 600505 470
514561 632117 509
214178 801971 509
673238 913555 525
863499 940347 515
190444 464826 449
948662 950439 352
87284 504537 449
687297 909381 525
275835 598587 470
236564 815323 509
198487 974388 525
532047 741876 509
517311 767293 509
639382 877714 525
139932 776844 509
321607 325669 384
936284 993984 507
547075 590689 434
270434 661248 509
343479 858837 525
832544 898791 525
756795 883193 525
643613 831295 520
700429 950846 525
60378 935989 525
39929 699111 509
133734 548161 470
762136 817696 507
423962 582266 470
419470 798206 509
416671 550402 470
915891 965544 515
672686 769601 504
469624 992605 525
653525 856772 525
112379 672629 509
204653 811074 509
624162 963774 525
397294 725813 509
242227 637751 509
60398 664914 509
222069 478763 449
464667 545516 470
894763 947774 515
511835 566110 470
718024 980193 525
75767 370167 443
608900 682101 509
744264 947709 525
48292 494555 449
213946 310031 443
673264 692497 442
709145 914371 525
936262 974230 507
116656 597562 470
454759 748510 509
652 989867 525
698388 930009 525
8150 147394 375
302166 829494 520
560634 700575 509
509550 928656 525
711610 755038 444
384874 445096 449
978638 997560 427
518047 866342 525
774111 906773 525
788602 798293 468
149163 193626 383
395340 791158 509
301946 391624 443
824868 935184 525
167259 695993 509
842335 934199 515
668981 944615 525
971947 995010 427
729566 855793 525
369646 490530 449
82144 994360 525
333678 517896 470
463090 978528 525
647462 969171 525
411436 762372 509
604991 993971 525
47993 277366 443
505930 775613 509
502188 622667 470
359191 629548 509
955538 961543 447
473478 756121 509
912266 953428 515
266709 541070 470
537777 633950 509
52029 379107 443
99908 581806 470
575770 653286 509
869857 958728 515
285880 544385 470
451223 536181 470
888281 903285 401
522694 660463 509
799228 865324 525
709032 742254 444
934367 996778 507
175463 468631 449
625067 754162 509
790474 946367 525
635490 948771 525
267928 881801 525
323921 747124 509
547157 710158 509
716039 775322 468
908932 983426 515
123352 153148 375
933281 999726 507
298989 832385 520
968111 986198 458
679618 795724 507
292398 659480 509
551096 931588 525
213814 410878 449
432091 631676 509
650982 757514 504
931493 950094 507
761437 991828 525
827917 884183 525
164635 752411 509
140680 182747 383
335491 399573 443
990678 999685 396
120266 548939 470
199644 370503 443
188318 547504 470
61498 494258 449
206762 988723 525
677552 903743 525
379491 454217 449
55947 959163 525
772709 776489 437
690485 866502 525
572518 838083 525
539973 666411 509
386792 574538 470
564790 628008 509
100918 579529 470
331858 825238 520
884755 913645 476
208800 804481 509
815356 914324 525
514475 593890 452
185716 478381 449
846452 913186 476
387923 633056 509
788781 824875 520
453148 550286 470
367230 383732 423
871361 892488 432
361895 466414 449
808696 988242 525
94334 238055 443
377276 855913 525
872434 963013 515
279849 398860 443
30043 161128 383
299984 900768 525
858072 906730 445
934951 982451 507
981789 982773 383
781100 836289 520
645522 704249 442
330819 423322 449
302496 799532 509
58723 303224 443
437684 990833 525
207336 446116 449
574130 925734 525
149495 305778 443
112441 251410 443
841603 860394 452
912672 988972 515
615540 635660 509
196892 208346 373
57310 986145 525
874066 878878 432
100095 125385 354
720553 820337 507
929718 987765 507
629488 882062 525
561174 756037 509
440125 745327 509
882302 956694 515
781091 864789 525
811737 892916 525
477066 590016 470
654122 806734 507
690376 838073 525
928544 986152 507
763719 831836 520
126494 241972 443
159124 666606 509
379030 830162 520
157763 313028 443
554669 706275 509
541615 709146 509
295978 668758 509
516907 984221 525
508637 959378 525
124029 817948 509
183496 246087 443
246216 776894 509
388333 419475 449
146039 711622 509
88144 523012 470
763883 869525 525
921646 939276 515
323835 577994 470
143737 307559 443
824933 903017 525
993525 999465 396
349136 684446 509
226395 975910 525
734894 860769 525
379678 462013 449
192883 774688 509
679074 899071 525
719895 961348 525
828548 952700 525
355143 676890 509
575326 731690 509
742723 775494 468
337412 358657 441
25677 735777 509
405355 468724 449
928738 985223 507
708763 877386 525
46373 618066 470
730468 919390 525
644553 737099 504
656470 722174 504
585208 743985 509
387872 805689 509
166307 676787 509
429411 906112 525
314337 460580 449
312319 742233 509
489388 906424 525
136499 866358 525
970579 980878 458
705919 728804 444
884925 976353 515
133114 616837 470
42338 874935 525
107219 462980 449
527257 640261 509
705832 953759 525
872729 979561 515
133117 353067 443
8104 199062 383
851301 903004 452
819377 900275 525
36496 374932 443
777356 813165 507
374863 969777 525
80695 725854 509
268701 549191 470
114394 320197 443
530258 536787 377
446810 766436 509
141703 879706 525
498772 902933 525
784201 818900 468
208273 611120 470
478615 562234 470
429993 806534 509
937923 998536 507
397302 585592 470
180451 207000 373
142095 945967 525
863521 937002 515
965980 992820 458
800087 869014 525
879366 945532 515
401121 821997 509
749973 950130 525
137610 521507 470
120725 847481 525
837119 867778 525
734350 957663 525
922888 983763 515
1929 417158 449
97070 207508 383
493508 747861 509
154381 893053 525
87665 417390 449
749601 792547 507
622334 940283 525
266702 544352 470
858585 964538 515
411886 702237 509
966617 994437 458
348333 966574 525
915089 930203 515
386755 714177 509
533856 640511 509
237771 725941 509
500874 644343 509
773357 824975 520
549147 689283 509
515942 524133 439
155888 325390 443
396371 826418 520
575321 616899 447
63802 503319 449
370803 951932 525
721610 857075 525
598341 956583 525
939595 941696 383
103665 577474 470
460863 638036 509
762776 918694 525
344907 374345 443
111024 273299 443
965474 982113 458
252327 771763 509
732005 850749 525
875387 916842 476
686533 812273 507
482305 866395 525
47584 901064 525
369540 755980 509
245835 464952 449
739816 910301 525
730455 796688 507
228671 310261 443
542970 664833 509
188622 761560 509
99327 892056 525
880555 968990 515
676811 798277 507
659351 860590 525
473994 921988 525
146548 785925 509
665624 971256 525
329768 846634 525
675347 899542 525
489686 702065 509
458892 512198 470
479148 557951 470
21202 631200 509
479754 598696 470
533382 992058 525
33054 43205 324
479782 876541 525
890929 964753 515
551322 595952 434
545280 548684 452
740358 915192 525
6149 586037 470
162504 898558 525
579924 708769 509
943078 982497 458
106489 600094 470
126675 654968 509
340785 556465 470
177187 441103 449
233836 535549 470
943597 978209 458
538125 996335 525
740297 757208 424
919780 985415 515
334310 388054 443
37578 791420 509
922406 985227 515
866004 959085 515
131718 539098 470
254977 314497 440
192213 474425 449
816302 853577 525
832838 985775 525
49747 209233 383
14563 712357 509
911284 914233 434
123222 281059 443
875243 886225 432
439679 802226 509
941782 987333 458
288606 686451 509
422270 695101 509
251149 963205 525
572090 693536 509
42532 267106 443
464454 928706 525
222981 781699 509
870767 945804 515
677053 792372 507
583711 948796 525
571053 858238 525
226754 795159 509
438029 941313 525
663867 869336 525
514825 722898 509
467291 702370 509
396276 484068 449
267044 675855 509
270678 468226 449
854388 939604 515
555024 869502 525
799304 914563 525
52378 911257 525
785398 851005 525
48935 319274 443
318336 609957 470
22952 227819 386
879795 915719 476
970454 978031 458
542012 881944 525
517226 538088 439
295097 400549 443
237752 723390 509
919324 997184 515
757178 921898 525
335890 562123 470
148770 994153 525
786536 935202 525
490282 842158 525
334492 520912 470
127786 936547 525
528054 811356 509
27130 766334 509
246564 280440 440
368715 884078 525
769288 867968 525
129947 281140 443
625496 719389 509
961385 996330 458
668519 899389 525
146941 619327 470
146883 427229 449
988188 993078 352
507543 786914 509
91490 162124 383
541843 849569 525
218499 948133 525
699575 997509 525
885938 948388 515
673429 964307 525
490454 521990 470
698903 953748 525
737694 940661 525
366582 623960 470
567058 858910 525
91781 92757 302
459280 604752 470
493984 508557 426
41137 489146 449
97227 335330 443
652330 678302 429
139583 599007 470
352596 618171 470
605599 641387 509
97995 680697 509
98434 464161 449
454992 722358 509
545839 926234 525
582861 636542 509
535372 820909 509
751803 826406 520
363234 920324 525
994347 994962 365
38050 154184 375
272700 452862 449
92619 898947 525
874777 875849 432
930287 968460 507
66094 881429 525
89071 296411 443
409112 952206 525
159526 258725 443
907179 935829 515
407163 612772 470
140694 442894 449
290666 660356 509
412427 709710 509
312123 772229 509
102972 241079 443
742811 980106 525
47890 662135 509
933224 942264 507
701701 881194 525
166379 250467 443
862222 912601 476
795446 962983 525
351421 664155 509
166623 808426 509
365960 407976 438
822395 908844 525
83488 677571 509
952774 987437 458
560849 631697 509
238751 936414 525
876035 910530 476
521159 787878 509
346092 610013 470
952364 990406 458
529549 564095 452
688679 692988 442
868845 994688 515
15544 222003 386
152621 694517 509
908289 957642 515
341000 829766 520
167516 723965 509
379810 576348 470
719222 909301 525
799751 871012 525
558585 907625 525
82259 466301 449
856041 873611 432
966772 973320 458
132335 307443 443
123687 240531 443
735832 833227 520
265869 475790 449
416677 595157 470
927207 944322 507
456317 846794 525
461719 851247 525
235401 871682 525
979727 982197 427
795208 888481 525
924636 925277 515
796772 899404 525
748224 787884 507
187065 564160 470
104778 497774 449
26461 285490 443
873141 997604 515
140064 558517 470
494961 677531 509
862120 880953 432
800488 942473 525
743071 764965 424
497102 861811 525
846046 870905 452
138602 645073 509
259853 398902 443
161725 168275 352
593449 852524 525
922886 932561 515
595813 778221 509
226473 627826 509
637646 933242 525
304789 918013 525
945504 976115 458
845553 941561 515
106858 371721 443
851447 980449 515
644920 767487 504
716945 978850 525
191243 751313 509
515753 532969 439
217512 730994 509
155530 258018 443
989333 995962 365
985732 986907 352
221255 388686 443
32695 182945 383
531688 680867 509
836757 981013 525
579539 939371 525
482476 668260 509
714398 831251 520
173002 448741 449
221212 719814 509
148525 266757 443
868021 876300 432
249400 646582 509
430995 483568 446
858988 947928 515
983235 984908 383
338937 468475 449
197925 912006 525
48918 627696 509
512471 522423 439
57305 806761 509
193378 449945 449
323834 991652 525
621430 680496 509
398567 408109 438
714291 837432 520
858629 865364 370
685780 903611 525
893006 934909 515
306030 521014 470
11592 570650 470
771 431093 449
979866 980879 383
250640 540131 470
819994 849134 525
348763 479829 449
72812 678836 509
943141 981876 458
389711 955860 525
12688 188761 383
270991 964436 525
766547 948874 525
21171 584590 470
314529 369339 443
360445 794188 509
442745 977334 525
796714 874125 525
764356 872527 525
579826 834617 520
935942 953900 507
87109 338455 443
188851 634797 509
86595 884720 525
576 571525 470
178458 860438 525
962591 975055 458
737115 829862 520
925965 966173 507
960582 965196 447
639423 803531 507
498616 790876 509
543529 923359 525
574529 946911 525
422533 873972 525
872778 912428 476
612450 881789 525
743388 772397 468
145818 869109 525
76307 169040 383
351637 714106 509
279813 727146 509
586316 786037 509
72879 971560 525
724657 946237 525
360452 635836 509
74869 757620 509
894913 927141 515
841899 916338 476
563898 663257 509
148139 356897 443
335103 390292 443
458436 855105 525
483074 848689 525
929437 979640 507
89690 135112 354
136827 921329 525
205743 669818 509
475691 748494 509
927448 971806 507
523699 645460 509
864260 939239 515
390510 400998 405
367263 654333 509
844046 942683 515
384492 900076 525
977458 982753 427
239791 383922 443
960357 968704 447
729396 756519 424
54141 224115 386
127234 206867 383
881228 920824 476
168259 193081 365
461967 987781 525
196525 869841 525
673845 897501 525
221739 404788 443
834662 846499 525
85565 283792 443
548609 841575 525
853542 894864 452
762299 870311 525
677110 858590 525
449997 534603 470
18701 284688 443
893060 967091 515
946220 946604 339
554168 628439 509
263960 429125 449
478778 906064 525
773991 936662 525
806849 926765 525
202739 808194 509
608918 927862 525
389535 480021 449
19093 333880 443
426557 807290 509
605218 867478 525
308939 360118 441
290284 596919 470
576290 859639 525
330723 665797 509
529697 766286 509
231160 273133 440
301489 827095 520
887774 957746 515
149971 909711 525
728116 916967 525
881390 983230 515
878264 963264 515
638758 839604 525
769912 864721 525
416679 840635 525
971154 993857 427
38384 333741 443
578659 969281 525
651911 737015 504
450200 804785 509
856025 959033 515
982323 991215 427
513486 569719 452
8216 401772 443
19979 811280 509
258424 823464 520
902077 978386 515
560111 654578 509
241565 593318 470
392927 398592 405
153533 745806 509
881625 958636 515
512726 610633 452
78420 265210 443
319984 717730 509
333172 919923 525
114571 960448 525
680376 754710 504
973842 979732 416
819494 897007 525
638610 888278 525
217897 816456 509
63123 450227 449
665626 758537 504
449708 904054 525
944554 955985 414
995426 996692 365
700520 895561 525
172804 504916 449
205556 907427 525
290858 322336 384
614837 895318 525
176874 881379 525
206490 630704 509
432093 502125 446
865396 872238 432
752822 770874 468
440850 975721 525
987061 995959 396
460802 621105 470
488572 904952 525
683579 808586 507
621591 686317 509
192910 669160 509
505204 561194 470
330103 921084 525
101616 112008 354
893941 975415 515
553434 739924 509
952248 968178 447
927537 962052 507
901975 952411 515
31127 723475 509
506474 770182 509
676051 887385 525
793286 813410 468
862106 864469 344
892802 981628 515
697733 796469 507
901493 917735 476
684349 786403 507
740665 801557 507
817810 934071 525
449948 607998 470
484210 748979 509
273037 523484 470
632313 738748 504
77941 815181 509
430476 853236 525
927612 951292 507
990953 991349 290
23405 401242 443
443070 471317 444
11067 925962 525
463810 829855 520
676762 914749 525
765464 991627 525
581418 844862 525
23235 838870 525
313611 697883 509
203695 462792 449
825134 989054 525
266774 594170 470
453333 785462 509
218588 995251 525
76409 507570 449
526467 788466 509
311189 497230 449
369970 858443 525
907408 912221 476
809453 856611 525
504886 831407 520
383166 619872 470
208559 504413 449
249149 397055 443
412675 642803 509
85023 846581 525
296945 469536 449
2174 927371 525
711678 865258 525
562591 692880 509
399265 699258 509
941655 960697 414
42129 497636 449
582484 601332 434
14041 433303 449
528834 655848 509
34137 375287 443
468856 892515 525
911845 988400 515
424877 671972 509
688763 698812 442
622806 827419 520
188328 583096 470
869886 972201 515
385644 703010 509
913379 961393 515
502478 788811 509
690805 801990 507
809537 970824 525
349517 926091 525
307495 570648 470
629399 738337 504
341123 817112 509
640323 729185 504
214004 466801 449
39403 531010 470
868041 995610 515
645967 846123 525
319892 805618 509
446486 516032 470
739639 770720 468
80762 903622 525
411303 638998 509
149255 188161 383
670853 704909 504
218877 894886 525
12361 455599 449
424355 522429 470
617877 841953 525
938920 990051 507
956194 981619 458
291741 402061 443
213608 939324 525
12521 815418 509
218619 378337 443
451901 856602 525
848095 873819 452
285614 850209 525
274998 644179 509
625667 955637 525
319987 455321 449
359145 910996 525
885869 979741 515
788213 964814 525
51757 451351 449
311741 930497 525
64221 513733 470
689064 905486 525
60854 328424 443
441113 920092 525
699198 702585 411
716093 732720 444
228525 787340 509
724048 854161 525
183033 601693 470
166342 628779 509
181713 678866 509
318460 529358 470
100870 377593 443
375326 541788 470
815036 932273 525
47259 505978 449
636070 761252 504
756736 929776 525
137857 967380 525
74961 833674 520
163170 392076 443
365141 805088 509
101974 842974 525
610150 775246 509
171613 410102 449
449168 769992 509
878619 956667 515
648261 674853 429
790992 809539 468
584162 669723 509
589673 869300 525
925008 984263 507
655033 694902 442
811710 827748 520
831507 851981 525
576252 709968 509
484650 587115 470
488768 965179 525
94791 152473 375
530251 804232 509
310461 533045 470
910285 953895 515
304733 533838 470
209539 647084 509
881639 975445 515
882384 923380 476
394009 937629 525
292034 968700 525
648187 774751 504
178641 355286 443
363828 735551 509
844459 888024 452
374710 594884 470
200170 422108 449
505584 668601 509
726935 877583 525
889900 951551 515
69055 380323 443
833944 894232 525
946341 977181 458
801233 888673 525
483090 613764 470
553011 863433 525
19969 504045 449
932966 939093 445
516465 885360 525
249818 723007 509
568593 826415 520
591047 653371 509
294356 970622 525
183284 564050 470
441591 632896 509
305503 846761 525
137633 751955 509
763010 776416 468
764280 970351 525
293081 895127 525
856599 939240 515
884732 886320 370
521535 702000 509
519890 656155 509
608119 827187 520
647874 937834 525
28804 831976 520
349460 884005 525
890145 967444 515
824800 932205 525
