191422 319051 443
684086 838654 468
475846 940778 476
291796 584262 470
409817 455790 449
248534 513893 470
188490 488780 449
117543 308012 443
306895 488936 449
875855 983600 476
391256 999435 476
155481 707017 470
93620 654790 470
244930 249754 350
195073 327310 443
598907 654064 447
100438 777123 470
424145 956749 476
260100 544982 470
567120 765935 447
6945 48588 324
8503 574662 470
248746 499177 449
220009 943601 476
132643 486903 449
485148 606269 470
373566 670483 470
312746 568571 470
631319 772983 468
245692 377541 441
560481 685402 447
616491 828552 468
417873 635412 470
239784 905672 470
696372 922958 476
502781 743369 470
94889 848221 470
373869 458206 449
148092 800552 470
296199 843266 470
281735 778077 470
787118 787320 300
245301 793269 470
251816 468845 449
151690 191862 383
113783 784520 470
206283 438493 449
439415 943415 476
68640 926596 476
207750 305466 443
241006 309523 407
524086 579728 452
448915 920788 476
313203 516747 470
454499 507326 444
751790 876234 468
55614 758831 470
196329 753301 470
654063 868949 468
287653 641446 470
130356 872179 470
183347 730619 470
232706 299178 407
103182 839400 470
770535 884902 468
311991 841263 470
590437 687816 447
265947 442173 449
406460 615213 470
425430 948120 476
378079 850308 470
177269 710920 470
362367 494671 449
220328 972113 476
243800 872096 470
320264 857943 470
260212 650342 470
179239 199357 365
639973 948092 476
168143 226322 386
552432 826954 468
186899 221415 386
119633 574606 470
20923 754648 470
25821 713544 470
529506 629585 452
39167 234627 443
35942 680077 470
668144 826797 468
930538 997252 458
658593 750078 442
243617 275719 407
6556 48791 324
98969 359523 443
266456 942150 476
200584 266495 443
586965 812269 468
74084 566131 470
100765 451668 449
484828 748789 470
837740 844934 388
513188 982016 476
31761 172162 383
509659 731222 470
429894 571694 470
521277 577081 452
227029 795515 470
356422 361721 379
360059 722767 470
27969 92108 351
863357 947006 476
301024 703330 470
9354 594164 470
118907 976470 476
452549 517938 470
64680 337472 443
134668 814108 470
193651 791591 470
724648 809674 468
574074 808788 468
225158 983525 476
189032 705793 470
288011 552344 470
706865 934220 476
771909 846577 468
512153 769237 468
799765 930684 476
556012 829244 468
188289 310852 443
24878 291412 443
187794 973563 476
428844 605380 470
707596 986003 476
794443 998945 476
112343 429789 449
265802 836440 470
336098 722165 470
592327 963288 476
338381 937380 476
644805 787442 468
572134 844009 468
179588 946099 476
385013 422657 449
766992 997825 476
313712 946879 476
83920 505522 449
237043 361045 441
48351 840548 470
330942 498417 449
207557 345519 443
258687 758132 470
220170 671805 470
110736 330948 443
522637 873249 468
480503 622488 470
104966 473665 449
172306 495643 449
20434 458608 449
251854 499894 449
65059 267635 443
329609 700298 470
127734 909554 470
50976 423138 449
657484 727851 442
432435 604093 470
964759 992560 458
678050 920932 476
17650 430114 449
358659 730997 470
497305 659672 470
17275 372062 443
223203 575266 470
738840 788431 468
152416 393862 443
255210 907368 470
791033 863639 468
231554 366665 441
761243 789235 468
516635 949303 476
4294 301086 443
22805 812710 470
338680 718087 470
188997 649088 470
448245 747370 470
544812 949678 476
304239 895313 470
638114 931843 476
37552 264089 443
89273 409246 443
69013 576484 470
76618 162542 383
388374 963455 476
12942 128865 354
430363 679022 470
2220 854500 470
868586 937721 476
21832 238367 443
384753 887620 470
93698 875398 470
940716 958167 414
193736 755085 470
119825 282910 443
154986 855969 470
82793 921153 476
159118 724103 470
345126 374064 441
489617 845182 470
685565 758847 442
429172 655841 470
16881 216451 386
366050 661618 470
556168 827781 468
354288 818652 470
476689 540974 470
52029 421418 449
767323 904506 468
160060 260226 443
330389 674693 470
352184 748140 470
668457 797847 468
307575 621952 470
569775 954020 476
544305 912381 476
21492 946477 476
83624 254192 443
511206 856959 470
319288 376574 441
180801 285303 443
608753 768913 468
449795 938675 476
216738 945945 476
125335 914650 476
196829 443985 449
333454 785354 470
66102 702544 470
289575 498238 449
228805 841875 470
579621 852708 468
758927 983645 476
523197 796380 468
576735 985389 476
139937 490516 449
308619 760323 470
527923 690057 452
566959 611251 434
532293 838764 468
132000 561595 470
40030 916046 476
12115 954346 476
673648 832336 468
639127 826228 468
417309 904530 470
201405 600080 470
267133 681044 470
735449 760842 424
81629 762016 470
57614 598526 470
644604 936640 476
43638 735295 470
111855 186179 383
607119 643956 447
567495 706818 447
101510 471833 449
620419 791386 468
515460 616256 452
207600 310971 443
64729 408816 443
489787 823485 470
462618 861013 470
402686 527361 470
117823 402667 443
217100 963415 476
180138 211206 373
3748 548909 470
563339 587831 434
19497 420809 449
403914 559539 470
372216 922590 476
112095 516672 470
71492 188444 383
20 512710 470
309137 337184 384
541440 557147 452
129611 647434 470
526537 622606 452
273279 673073 470
166564 259894 443
55217 766709 470
235270 810249 470
59087 206590 383
53558 296919 443
698751 739348 424
370816 732968 470
495964 842643 470
142730 175785 383
64827 829006 470
88306 941989 476
690578 995799 476
505835 976874 476
21591 857993 470
95293 893726 470
319591 988433 476
148844 419356 449
103408 293165 443
520907 987637 476
744198 896833 468
373957 390378 436
48969 807078 470
671258 739138 442
49496 795670 470
105323 534857 470
672758 948221 476
194104 236828 443
399558 604838 470
166803 486336 449
397694 745587 470
432715 781770 470
629322 634151 385
855956 868732 388
503055 692176 470
481856 967773 476
22719 329498 443
302748 607714 470
398282 425106 449
830757 878156 432
130629 482595 449
127075 400342 443
184863 512853 470
130461 495498 449
644463 962211 476
100108 252702 443
429421 528244 470
132351 340253 443
14334 890358 470
94648 762640 470
109406 898343 470
192284 895840 470
83917 847436 470
889599 979220 476
319879 686699 470
380794 787078 470
2468 815636 470
674624 775002 468
217114 520715 470
17629 652684 470
213441 482801 449
16964 767536 470
68011 878297 470
22963 564117 470
863511 953728 476
625859 702085 442
607578 977548 476
277524 453924 449
722164 731500 411
135944 200191 383
90311 507396 449
264479 833217 470
530360 696892 452
296221 983378 476
469390 731215 470
131085 890278 470
209845 954033 476
413677 723867 470
178863 625095 470
507929 745752 470
473572 738894 470
125378 870950 470
442770 487049 444
689612 972251 476
142051 920162 476
300587 616838 470
140036 793144 470
233940 477333 449
749681 955588 476
406512 989920 476
64444 220985 386
337988 713944 470
391954 432753 449
663430 880888 468
412755 543931 470
872358 926475 476
463359 922016 476
140952 669481 470
809741 983152 476
95781 145531 375
16246 833003 470
410190 753756 470
28301 779795 470
491238 642317 470
506892 632326 470
165374 276568 443
149353 821916 470
168854 805287 470
150763 471672 449
126069 529721 470
577017 919019 476
811916 986320 476
394512 423716 449
481791 957866 476
50512 785361 470
136535 163174 383
654824 890276 468
653646 874362 468
204140 569569 470
393833 462573 449
100628 683600 470
97899 116333 354
38396 646312 470
371941 932935 476
12134 723640 470
404712 405641 343
170053 864266 470
20556 411073 449
670503 841186 468
58075 147039 375
459824 768562 470
818243 923026 476
126944 338621 443
105589 573103 470
64535 647813 470
81628 589774 470
362849 764642 470
579866 896531 468
489821 564559 470
318188 456598 449
108839 485158 449
508056 797318 470
154630 875490 470
47159 944740 476
806362 991837 476
673979 960208 476
818067 896195 450
194589 370531 443
791604 926202 476
225543 312656 443
84968 277757 443
282088 569569 470
39185 969846 476
444911 777600 470
679345 771202 468
489293 904075 470
171413 328944 443
712391 967877 476
104049 152917 375
390266 674660 470
277849 301245 389
84141 195464 383
179546 999292 476
33468 423323 449
588403 723490 447
39030 221826 386
95052 929523 476
205251 606340 470
146480 277911 443
332581 526161 470
434081 693360 470
715439 725782 411
146247 534745 470
302177 898229 470
470304 919074 476
2619 730356 470
315952 793422 470
127253 617273 470
251273 498864 449
131233 211790 383
98225 367225 443
33897 447927 449
139148 819832 470
72989 655331 470
181715 787913 470
495768 509504 426
578548 833835 468
484035 552606 470
104903 582064 470
547718 706699 447
294989 404392 441
109108 503216 449
163729 264501 443
55939 334444 443
170277 616499 470
158082 875746 470
415299 947715 476
541160 901885 468
820995 885382 432
155214 740475 470
382735 971023 476
302125 616898 470
238455 932159 476
762368 899717 468
309933 519410 470
142188 424619 449
70042 218587 386
470176 829816 470
422780 594315 470
377943 872794 470
660872 804291 468
339410 455738 449
596357 930364 476
669539 686653 385
479095 817394 470
663997 924990 476
915885 997367 458
118673 694476 470
2926 637937 470
103849 489454 449
43063 653134 470
205423 556354 470
634835 838356 468
282369 873127 470
377206 496610 449
404466 593700 470
133435 370884 443
36735 757644 470
749589 797556 468
398216 496861 449
528290 888271 468
364808 887917 470
865521 893312 432
645137 830144 468
516491 812026 468
390296 989152 476
680809 857595 468
531836 878958 468
612644 990170 476
355134 499397 449
699288 994780 476
21057 212827 383
88293 757620 470
2046 124259 354
568656 886108 468
727522 846284 468
308144 937507 476
287883 542249 470
52665 454942 449
825063 868960 419
450320 630482 470
132272 215121 383
696945 803656 468
133152 518339 470
931448 943425 445
273485 349657 441
331667 437951 449
752120 784807 468
193963 921755 476
330629 566357 470
812623 893202 450
216955 714745 470
57928 352366 443
287260 673114 470
592645 756440 447
300210 523075 470
67578 981428 476
48574 860269 470
487009 938970 476
314258 489153 449
229729 236656 443
248409 959660 476
358509 942785 476
313594 781789 470
794122 803765 468
76378 801495 470
812688 932624 476
620862 810031 468
196447 718643 470
269712 285539 389
35762 890121 470
395200 884502 470
561259 699574 447
45677 225024 386
533643 741337 452
48444 467702 449
528395 933876 476
78328 724644 470
197461 582760 470
422213 722360 470
890997 948485 476
406240 584956 470
286884 802940 470
291751 519530 470
44743 736855 470
103417 326313 443
785146 990191 476
448296 557303 470
431912 586891 470
510429 793698 470
19936 628746 470
73801 670960 470
357521 767335 470
6814 828868 470
50504 219503 386
333701 517956 470
296225 404495 441
698329 811963 468
47055 754380 470
188876 732428 470
9515 812137 470
128684 954448 476
168906 572244 470
140409 247570 443
199967 433340 449
78400 643162 470
406949 608226 470
595044 682556 447
371628 477516 449
356515 646698 470
292243 588483 470
22342 924781 476
107778 824856 470
469330 585662 470
335700 521587 470
7041 162939 383
546781 782029 468
358268 627963 470
43375 980965 476
173455 976384 476
328390 678285 470
67756 984521 476
39579 475414 449
679143 980726 476
150028 471400 449
63402 876653 470
310347 379077 441
338205 764948 470
459531 535203 470
480254 483594 382
326073 579429 470
107737 198105 383
334311 575668 470
141823 781518 470
570460 630054 447
445557 866416 470
484559 779906 470
197184 343177 443
195446 633836 470
678922 761760 442
514300 551273 452
10379 254638 443
218037 634410 470
243567 749901 470
63281 467636 449
130128 265894 443
782294 945216 476
213388 858472 470
631905 668666 429
287662 807368 470
146821 442202 449
107629 568535 470
740975 947744 476
346044 782609 470
869290 881638 432
8123 225988 386
871699 924719 476
115969 883750 470
637860 689941 429
24749 755168 470
611023 827175 468
176902 247561 443
582714 824110 468
228662 860483 470
351129 386955 423
381354 410815 449
500894 825927 470
556234 626396 447
938 599385 470
456081 621608 470
720201 843500 468
146696 833099 470
31467 721819 470
673656 855525 468
31471 110697 354
651348 949320 476
778041 848354 468
227637 983959 476
236679 451206 449
166397 744573 470
783821 986337 476
93924 867515 470
266523 756591 470
126817 243807 443
383938 806564 470
577940 961842 476
150894 489816 449
414756 563194 470
394676 602545 470
184039 749994 470
510727 724524 470
731312 884657 468
96470 986741 476
714353 945590 476
755500 867598 468
484395 788484 470
157885 659381 470
408077 835970 470
474519 546097 470
127089 782427 470
196499 457758 449
411070 906094 470
31334 656025 470
662462 821211 468
64424 554739 470
555737 760034 447
604961 923680 476
8598 14204 276
93447 209783 383
69646 271815 443
85321 291938 443
591726 594336 403
185839 820535 470
134582 287676 443
48402 607426 470
58637 912757 476
357600 497082 449
51891 105135 351
731527 988430 476
154947 600568 470
683114 977778 476
419159 558140 470
84732 389183 443
489387 523262 470
178360 425716 449
581873 672800 447
527546 825307 468
574561 913904 476
374205 868679 470
352008 372663 392
171574 183284 365
604233 618959 447
170173 635421 470
28343 489705 449
929477 988284 458
454733 587249 470
20959 27844 308
784139 910472 476
246440 415282 449
9354 368660 443
74446 477311 449
275515 584981 470
215435 675558 470
380672 407536 436
87960 629098 470
355734 477912 449
116554 382773 443
338894 419578 449
276737 375593 441
632526 823057 468
528679 904020 468
704440 841119 468
415761 673749 470
128482 166223 383
374965 829470 470
54644 392947 443
284396 792556 470
427610 518259 470
101286 224656 386
382895 900083 470
414330 554527 470
282170 789438 470
280708 977928 476
474355 625303 470
54696 932503 476
534795 705163 452
423378 747240 470
64083 195180 383
364046 614225 470
20372 657104 470
737659 827687 468
91886 160081 383
43519 558855 470
89755 741729 470
720864 927102 476
493201 831374 470
237170 797263 470
816322 826002 450
228519 382051 443
193868 946057 476
313980 767384 470
211386 973252 476
110147 550901 470
235106 283982 407
21013 397295 443
409654 995825 476
539831 974405 476
45543 808884 470
296573 728019 470
428041 979281 476
190510 911026 476
91084 480916 449
177172 293981 443
54711 676228 470
135245 225697 386
408399 747155 470
280725 301452 389
216003 253131 443
197308 955888 476
310637 412658 449
427367 694759 470
239443 818333 470
321469 371549 441
314884 826354 470
267844 988137 476
414924 966543 476
210225 952707 476
84441 837955 470
272231 937341 476
19732 704657 470
161656 320764 443
348942 376281 392
663994 881185 468
433206 673161 470
192012 804674 470
413028 674722 470
64747 424395 449
878940 887195 401
465953 907218 470
613671 967134 476
508039 884173 470
85250 402294 443
417087 683282 470
838834 864666 419
336226 751468 470
758467 950341 476
202734 922594 476
25379 243452 443
242811 721474 470
153072 169943 383
546237 669592 452
790804 809993 468
832495 979971 476
94320 708421 470
165495 396106 443
733389 807030 468
557467 562274 359
429364 992439 476
399825 546399 470
623029 897010 468
570497 576297 372
394285 980465 476
283400 507637 449
93067 400180 443
306626 846331 470
363139 401054 436
837623 949252 476
187203 925079 476
24615 826709 470
718703 958578 476
209767 284756 443
151443 485842 449
601593 696298 447
344192 747434 470
513140 956887 476
832942 848824 419
573601 944718 476
154270 470272 449
214537 864680 470
286491 589351 470
214149 245905 443
53684 410254 449
157166 467976 449
661568 797048 468
727236 983366 476
280237 710983 470
431786 695150 470
236673 697892 470
115908 436087 449
278130 962747 476
596269 614441 403
867705 868679 357
99096 933628 476
842158 934612 476
152688 797815 470
97247 604863 470
489222 674485 470
294924 861465 470
562665 810582 468
287306 630882 470
602752 901525 468
44626 887635 470
522467 964399 476
214411 637167 470
2360 718663 470
250337 619979 470
667802 998449 476
51142 212839 383
489043 806464 470
99024 890223 470
38591 106196 351
488511 554443 470
934304 987593 458
669713 715759 442
460580 856875 470
96402 410207 449
54731 656778 470
513653 594104 452
349130 682966 470
10158 843439 470
424028 892232 470
188384 682943 470
143917 242037 443
372697 691085 470
443022 911316 476
321432 572150 470
319589 409803 441
93908 94061 253
431731 452963 400
51418 485617 449
731154 857611 468
270499 331801 389
25961 454169 449
77725 129894 354
609107 746214 447
60565 926064 476
133052 603305 470
170683 447557 449
341288 395180 441
409022 873252 470
102945 214105 383
69911 861970 470
10822 759342 470
460236 852461 470
248593 376232 441
903232 988287 476
74849 515391 470
69930 152670 375
197470 843573 470
614052 882684 468
194684 304666 443
161589 186806 365
566634 992207 476
109026 312099 443
31242 728525 470
256143 546699 470
151830 474302 449
66726 387359 443
248946 621862 470
250239 540971 470
221360 763292 470
142721 365137 443
196916 897693 470
316369 535865 470
76432 542643 470
333233 829449 470
442256 956448 476
528677 817120 468
373741 697899 470
23065 939917 476
163971 253473 443
251762 906771 470
67054 635257 470
222391 935333 476
776030 935223 476
52268 304865 443
413186 942723 476
466298 818245 470
59338 508766 449
144039 163797 383
778337 996518 476
260777 944739 476
479078 484887 382
321783 788823 470
606274 856568 468
490371 564889 470
961320 998347 458
57918 164767 383
431285 911476 476
375240 952670 476
404066 821247 470
58166 982627 476
79247 280271 443
95151 338509 443
854961 956780 476
120592 295877 443
63173 474322 449
110575 203100 383
324994 902133 470
182909 904255 470
631396 873779 468
6213 208025 383
670438 879190 468
876486 899025 401
152767 721175 470
443887 714219 470
243407 566695 470
99713 109830 354
40214 852534 470
266530 578143 470
819233 878790 450
830570 899621 432
359793 961339 476
670504 768073 468
661357 919271 476
375826 925750 476
854018 855396 357
450018 523970 470
218969 924510 476
88412 440016 449
536216 653643 452
317811 357117 441
630879 641963 416
653553 992285 476
460062 665452 470
