1 10 20
100 200 125
201 210 89
900 1000 174
653372 902598 468
512984 678810 452
499207 874610 470
707442 477366 470
635433 16303 470
880061 410417 470
507836 875734 470
175247 338979 443
51624 701742 470
448027 514086 470
615359 501059 470
328446 460261 449
808651 573955 468
837893 409489 470
772886 549891 468
360403 127991 443
772823 610074 468
809190 210915 470
754756 59977 470
811112 706602 468
120657 537343 470
281003 504754 449
14475 193591 383
709448 844591 468
883617 533806 468
985933 124108 476
911545 290887 476
75899 77040 351
519549 728847 452
822311 546260 468
121660 712465 470
760719 404018 470
770113 749785 468
982949 73886 476
322222 532193 470
426183 395214 449
763874 523128 452
169903 637334 470
586272 173653 470
308386 684649 470
891555 750600 468
452048 245681 449
997121 871073 476
350748 967075 476
45939 280005 443
112448 649242 470
675885 17995 470
656858 548513 447
473022 152916 449
740973 5726 470
416341 188268 449
798268 829626 450
711760 922961 476
159039 729511 470
345887 621840 470
405733 667368 470
560985 773829 468
493763 152132 449
789667 461129 470
686947 570454 447
565414 499080 470
245893 474242 449
413410 196621 449
602974 603182 266
488074 67832 449
298515 601166 470
594863 575356 434
486128 643798 470
313298 567186 470
247478 621590 470
681278 492433 470
640956 736972 442
838751 747523 468
278232 304630 389
408080 934660 476
858910 196663 470
892427 334244 470
626678 363602 470
196782 124833 383
410039 764204 470
114419 912850 476
295331 525862 470
860982 243613 470
968753 236650 476
868210 308620 470
892372 480420 470
29684 138262 354
386062 633905 470
533731 622623 452
230728 773180 470
91315 206005 383
876889 44432 470
248866 443739 449
225381 623216 470
2101 949219 476
290994 235041 407
795984 342302 470
617806 736465 442
941455 612116 476
213739 146440 383
843289 285009 470
255445 91836 443
989218 518685 476
29154 96041 351
18507 5363 279
39494 689288 470
641518 460071 470
402714 946652 476
858913 734523 468
374791 626267 470
896006 423845 470
857334 394541 470
105470 129758 354
539453 70708 470
911554 517361 476
116849 301217 443
281082 639266 470
576938 785175 468
691532 146409 470
9439 534976 470
711104 123736 470
232559 622620 470
818017 677925 468
262651 2463 443
570981 65250 470
919319 908016 476
18599 469592 449
219644 20426 386
917783 792632 476
975485 534609 476
310133 223482 443
703106 223384 470
827643 529966 468
791598 881023 468
339629 94142 443
157774 787670 470
908527 271230 470
209241 791826 470
139168 421163 449
73954 997809 476
190980 607428 470
590570 332882 470
222169 880276 470
577640 566790 390
851609 122596 470
781114 714600 468
716764 612842 447
287910 74244 443
524689 23192 470
946803 952804 414
468112 339157 449
296785 749004 470
619578 30337 470
171265 895395 470
486959 643905 470
675932 228676 470
64555 135892 354
551292 500634 470
651996 103071 470
985293 388965 476
566733 999508 476
848851 578507 468
363433 503630 449
152124 258278 443
651348 525778 452
559903 938649 476
597805 251230 470
238569 853773 470
599552 727334 447
127903 533113 470
906046 55932 470
830821 97009 470
471256 268237 449
621939 183940 470
769773 182011 470
120029 982433 476
612035 11928 470
538734 165543 470
996457 657378 476
476366 785456 470
545153 804918 468
591002 259868 470
906332 948919 476
478200 105485 449
280039 998681 476
581254 213743 470
959605 742845 476
373241 287105 441
933431 370024 476
324465 358551 441
260630 414435 449
46902 657527 470
152125 212183 383
508122 759445 470
1371 403585 443
436406 757181 470
758988 418851 470
708962 156066 470
125204 343804 443
343476 650576 470
250204 498012 449
335767 258777 407
133719 564005 470
201398 294537 443
247899 37173 443
707506 46672 470
793358 226192 470
216456 247945 443
334379 457269 449
727062 712869 411
600302 372523 470
203135 568186 470
390007 798034 470
635651 456110 470
516261 49413 470
74156 968398 476
700670 976939 476
172026 179749 347
522710 582307 452
631858 480141 470
688773 512015 452
434212 748822 470
85158 556857 470
162284 368356 443
916375 834451 476
876721 255382 470
851693 933868 476
263803 332460 389
366926 233355 441
438380 449041 400
849064 294835 470
777818 419037 470
319559 531971 470
344297 279124 389
849126 786459 468
598271 620005 447
851850 624545 468
757695 628178 442
398574 840004 470
37138 166110 383
936603 931440 414
869480 496222 470
489201 422797 444
513136 696650 452
739207 102343 470
62050 830635 470
808518 963682 476
873538 150197 470
116633 498165 449
288333 473372 449
134560 615921 470
963067 77036 476
54817 671026 470
374882 83505 443
586833 455150 470
947120 134053 476
95868 862928 470
945993 457404 476
940270 918506 445
231007 112042 443
715538 741864 424
304258 468237 449
875602 365336 470
188313 647546 470
534501 825635 468
785430 326684 470
149486 226663 386
674005 404104 470
608523 733060 447
678694 815130 468
398677 403648 387
661693 349023 470
661987 896096 468
325835 841987 470
873299 618241 468
428658 459197 400
205558 812183 470
970003 917428 445
324942 608008 470
739706 702140 424
321097 840928 470
563478 401538 470
491541 245780 449
426244 607454 470
984004 481275 476
924110 290116 476
709584 792002 468
449371 694252 470
927137 861812 476
578076 776872 468
808760 362845 470
800192 936686 476
943241 85148 476
246630 814848 470
763071 787272 468
592138 941248 476
643445 69397 470
473107 603633 470
713320 849276 468
439624 299565 449
913840 502841 476
964364 422556 476
284826 357046 441
56575 251101 443
335186 666201 470
893624 591081 468
459498 347591 449
695341 310181 470
329501 884046 470
712789 302423 470
331828 25323 443
564618 68646 470
953638 102536 476
273747 503906 449
340928 826718 470
954624 563184 476
940958 991930 458
993644 349466 476
400055 576248 470
364197 538924 470
759332 556743 447
828163 618712 468
719010 152792 470
805056 1275 470
803573 480749 470
142151 441309 449
976565 381686 476
3808 984704 476
211357 804311 470
387964 186632 443
128918 353629 443
806053 230156 470
374153 476482 449
467186 631134 470
575277 142741 470
123532 891006 470
291025 208030 443
854720 102783 470
475710 328608 449
150027 331881 443
32898 319549 443
975111 337316 476
915631 264006 476
908128 974039 476
35260 275080 443
935644 164419 476
628336 199949 470
200411 769483 470
449304 799649 470
20368 121359 354
809862 580347 468
21711 218225 386
728331 862750 468
390188 122517 443
958549 902345 476
297677 12728 443
308544 943778 476
59533 215594 383
136961 256009 443
437280 403305 449
213940 509948 449
97875 886114 470
793782 905954 468
906308 97621 470
731708 971408 476
829303 752265 468
581824 194096 470
679715 656397 429
814670 907630 450
139736 582495 470
571916 271890 470
397406 743357 470
799692 180654 470
962922 193171 476
858703 614437 468
445604 815685 470
13164 679844 470
851348 850921 357
226669 720773 470
27712 657044 470
26361 828284 470
260115 205744 443
951703 145374 476
282326 424622 449
748435 669533 442
981750 422081 476
202977 385814 443
66698 746764 470
253250 622273 470
185539 890752 470
707377 762979 424
913376 628438 476
23065 311772 443
638647 416606 470
756642 681233 442
18962 415816 449
761050 869632 468
989616 425432 476
637118 578471 447
785998 885955 468
651712 269926 470
950470 121372 476
882593 814102 450
415907 479437 444
342987 325162 366
81929 995233 476
514926 82840 470
439581 945182 476
920464 131751 476
546799 193035 470
423624 31746 449
128091 300936 443
975679 926697 458
565012 897811 468
753357 866135 468
566772 384636 470
243307 721144 470
326005 590201 470
499302 210820 449
734803 900912 468
348290 478343 449
289437 369607 441
353473 913274 476
548310 825052 468
791308 657505 468
926377 273694 476
712510 249689 470
969961 196348 476
239400 230435 443
582224 807328 468
537916 91899 470
773682 880145 468
834187 355531 470
337635 655996 470
336667 293252 384
178404 488571 449
611885 964302 476
544267 276932 470
937088 929291 414
785356 62680 470
695075 784946 468
854856 737357 468
198276 386471 443
262360 181445 443
896267 990693 476
502071 277326 449
755553 845704 468
298026 845842 470
70832 80324 351
532737 252103 470
719908 422451 470
881368 103342 470
879326 234283 470
670494 554613 447
358460 405556 436
465207 900709 470
417589 857386 470
803783 999368 476
417395 706983 470
157032 860557 470
387291 747656 470
818451 486959 470
711935 186605 470
568205 830634 468
644960 40610 470
720976 266500 470
387542 133632 443
413107 211093 449
861966 844131 419
90448 667611 470
43598 184740 383
506947 375719 449
945764 853313 476
974184 700709 476
44406 526590 470
230194 546970 470
899133 752887 468
333812 898066 470
845773 466224 470
319145 553756 470
96581 959589 476
609003 383266 470
630465 363740 470
101602 870217 470
121129 610588 470
860339 860115 357
286153 378604 441
885477 760806 468
449081 891371 470
339504 247408 407
182385 210924 373
746046 672879 442
870194 403675 470
944033 96078 476
356465 208681 443
53663 432615 449
739578 296126 470
34693 638478 470
853809 432906 470
530579 332555 470
356314 6597 443
152119 427976 449
299120 537948 470
718555 432492 470
140229 696957 470
407163 277363 441
278313 819535 470
464268 44084 449
286036 105352 443
125258 83551 354
923029 121987 476
390664 533249 470
784943 407151 470
3594 747896 470
232440 428214 449
33501 135002 354
876616 941814 476
636414 637324 310
359810 186463 443
320522 711865 470
672340 731145 442
96031 784407 470
794960 447112 470
579144 615348 447
576998 453580 470
337071 386057 441
128908 52653 354
11337 981444 476
815413 287373 470
119527 93953 354
486302 964050 476
299166 536794 470
388577 146814 443
835213 743352 468
430033 896367 470
499507 719864 470
179704 770854 470
750911 463929 470
145886 177804 383
478212 415371 444
485807 147192 449
340207 24213 443
578743 941446 476
504043 606244 470
408550 698408 470
822080 536453 468
960419 37997 476
691050 217919 470
936462 316815 476
21376 45849 324
553389 593265 434
987031 419232 476
898646 927950 476
299402 247930 407
283304 300679 389
952353 879791 476
671289 395630 470
646674 941701 476
220706 797192 470
7562 601034 470
526147 976602 476
794284 678714 468
136207 163352 383
672739 662290 398
164344 773169 470
787496 54438 470
36164 467778 449
408237 269385 441
899760 232682 470
834138 940048 476
832021 624442 468
54076 426419 449
368902 714903 470
46808 565721 470
109452 825931 470
883874 978849 476
580399 67194 470
108835 987079 476
921230 728259 476
326822 271281 389
939612 329207 476
20232 826722 470
275308 935663 476
221876 501678 449
247509 417273 449
712959 391941 470
805496 328846 470
467708 730070 470
368590 475428 449
96485 277484 443
253859 900548 470
46531 293102 443
861433 240406 470
642810 483636 470
561727 796147 468
531926 972851 476
21396 467528 449
769326 878127 468
123581 993756 476
221288 739546 470
66012 939052 476
960567 138921 476
115912 530287 470
835290 875936 432
78557 18943 351
350664 864482 470
738468 153810 470
815896 958237 476
983377 444308 476
374447 714625 470
401714 544318 470
849703 85885 470
811769 225540 470
442798 333598 449
63466 161221 383
120218 182117 383
740853 461541 470
577744 562784 421
903513 744371 468
316510 64752 443
258570 962077 476
800940 752642 468
963968 429740 476
556569 248513 470
623880 522011 452
315688 276443 389
120388 55833 354
249940 424283 449
385173 766879 470
85096 327008 443
872561 688125 468
389302 752475 470
78852 921255 476
395441 796407 470
510785 57929 449
907341 347285 470
792879 524305 468
160900 814036 470
294707 577208 470
619058 851219 468
528983 427956 470
308832 454340 449
150550 714969 470
465044 411506 444
347289 935093 476
917907 460890 476
195472 351244 443
19243 761338 470
656590 83078 470
63804 477464 449
113491 761847 470
304582 264435 389
271828 705710 470
539030 728593 452
664870 858383 468
849428 173686 470
414403 214274 449
694324 677474 442
507613 8498 449
794229 879088 468
387835 840570 470
37364 158974 383
553423 523690 452
83476 367450 443
222547 131980 386
764880 718163 424
825266 695680 468
900132 873125 432
709885 314692 470
255118 668209 470
131555 267882 443
592434 699417 447
823785 672202 468
724810 936579 476
613632 748755 447
310585 654436 470
129813 164834 383
345302 671784 470
644876 271848 470
150413 529262 470
399675 916309 476
241397 937922 476
196504 856123 470
874696 174943 470
979698 63360 476
225048 485659 449
835097 125799 470
639052 560727 447
735801 187623 470
672832 429678 470
296725 417280 449
293069 93402 443
710278 910626 476
173180 433597 449
115390 251036 443
251420 773102 470
640780 312362 470
135546 23352 354
74145 272665 443
987766 176250 476
691900 753606 424
158535 88323 383
8951 75632 340
831789 107068 470
772485 817084 468
658614 158793 470
737551 975882 476
77357 788595 470
645170 100433 470
209099 200268 373
539492 3390 470
325524 752968 470
739811 613247 447
636351 597321 447
815038 609106 468
698807 882662 468
967030 98201 476
129914 735885 470
772908 881511 468
269068 139763 443
154283 232140 443
551860 505860 470
788667 693302 468
634593 938662 476
196051 565918 470
469139 350579 449
785121 531144 468
384718 277036 441
84171 461335 449
558393 149943 470
64886 633286 470
30487 189032 383
771122 404991 470
982988 590159 476
393801 244765 441
479834 347541 449
572984 269900 470
119876 545146 470
619683 115013 470
421457 953515 476
776540 234188 470
291838 567645 470
539090 598393 452
620364 99276 470
193510 597084 470
472741 102008 449
245058 954733 476
929478 760915 476
846232 975811 476
379747 165667 443
129548 719080 470
945367 577125 476
357854 631545 470
409154 299318 441
527425 152294 470
395433 508125 449
82450 797678 470
155504 938460 476
345317 397641 441
843886 891124 432
937213 625094 476
504545 652308 470
604643 408984 470
922357 909027 476
934259 876238 476
950072 849317 476
396404 351617 436
503082 413745 444
136833 425096 449
366796 11087 443
518609 743117 452
88734 852482 470
132152 933849 476
129691 829044 470
692683 538916 452
789523 59387 470
48383 462982 449
566911 592542 434
668105 109868 470
183532 202364 360
201016 903508 470
620102 394338 470
779610 917929 476
594670 537617 452
978516 390951 476
356578 839949 470
590882 990601 476
437141 4364 449
244858 305769 407
101239 904620 470
75634 473148 449
485112 47118 449
893748 564575 468
553013 240041 470
433442 363032 449
720300 555020 447
994738 721422 476
608562 803753 468
538479 464811 470
77755 329534 443
212490 96332 383
931009 570119 476
225114 344448 443
514051 801264 468
747300 891640 468
481378 62974 449
647325 326373 470
294752 488133 449
624332 827444 468
346394 794744 470
528762 863027 468
792192 387672 470
191980 334275 443
271803 810876 470
139775 826002 470
131485 465296 449
230930 248323 381
29754 749957 470
633349 7730 470
99337 725947 470
244484 818764 470
913176 773738 476
442960 680339 470
331690 574332 470
969052 120118 476
128309 894233 470
863325 660114 468
677725 258554 470
14805 982005 476
635417 384322 470
904908 795858 468
52570 113766 354
790080 274567 470
280000 821284 470
874379 524286 468
88800 199512 383
880015 651329 468
10218 547674 470
305260 6059 443
738332 689603 442
568699 23913 470
210568 946088 476
178160 385924 443
643668 819036 468
159619 586495 470
699058 942770 476
712656 953235 476
241641 569411 470
589226 353394 470
283702 739963 470
322813 815851 470
233725 491064 449
989897 869310 476
662188 122928 470
714282 212581 470
610005 975349 476
882579 664967 468
463866 512560 470
705619 319938 470
892068 797074 450
867179 98899 470
935799 4270 476
603523 925667 476
494404 846274 470
35186 180132 383
651889 515687 452
219601 625485 470
159668 412253 449
533970 183530 470
350446 289370 441
985167 150501 476
145822 924903 476
143382 37325 375
676468 245537 470
500488 849849 470
354808 634878 470
477440 587118 470
689523 822641 468
166269 407705 443
56706 769078 470
921198 757557 476
573364 789029 468
368978 443359 449
45768 804060 470
167176 537756 470
806557 321773 470
859623 722605 468
998345 693335 476
375667 346137 392
102203 5574 351
436676 484796 444
703388 870979 468
9604 328692 443
898643 263977 470
864823 767850 468
892523 36983 470
417684 843070 470
669871 787124 468
308695 331228 384
8260 856846 470
534299 785252 468
326114 266894 389
539401 515602 439
189742 30206 383
87639 220831 386
833636 547750 468
173104 825910 470
966672 40823 476
595064 384580 470
758771 554756 447
20619 664839 470
225067 909571 470
943044 930835 445
653549 690102 429
838249 432038 470
934549 864444 476
955354 401198 476
548729 2619 470
818218 872507 450
780956 223016 470
187800 163512 365
971689 964136 458
447578 963654 476
441008 183187 449
631035 560923 447
339677 329645 366
661965 580919 447
619322 968148 476
914890 320979 476
753271 637539 442
748210 411836 470
222556 422227 449
902449 538270 468
288939 130632 443
48162 248637 443
490523 912562 476
550524 481269 470
947969 9000 476
994300 230263 476
778589 431536 470
420866 762714 470
658387 473993 470
940167 34303 476
189497 358318 443
159912 999221 476
509369 950170 476
389879 427922 449
264609 348980 441
794033 346587 470
756287 896213 468
44091 449009 449
929120 872228 476
501326 624530 470
389592 362558 436
123869 895442 470
590410 497426 470
937051 797117 476
850101 173938 470
371030 640080 470
548557 773030 468
380451 776041 470
405130 337390 441
951291 474270 476
256203 791347 470
716372 382906 470
953028 474481 476
650349 472884 470
580925 103833 470
864758 650587 468
249092 9743 443
778897 853175 468
530827 142416 470
897548 321096 470
342008 610209 470
811984 16743 470
790767 785642 406
90712 440036 449
744025 674491 442
703052 909802 468
149466 292007 443
835332 253071 470
909479 564439 468
749273 182387 470
925476 185364 476
353657 131879 443
874448 240862 470
713542 570106 447
749530 658492 442
70333 830147 470
984929 123128 476
751972 862413 468
249136 773703 470
775867 878557 468
494838 516566 470
923692 627120 476
197700 37626 383
839628 360899 470
806383 395405 470
393188 644528 470
200135 82448 383
