362612 160835 443
955140 498138 525
873641 219618 525
286502 813953 509
563747 49790 470
194684 595661 470
76840 584441 470
734650 447039 509
29628 829703 509
988674 409775 525
131762 395440 443
727430 415587 509
972770 616757 525
269532 795863 509
329065 239388 407
400222 304328 441
318817 691676 509
427645 355361 449
685665 192457 509
758599 714146 424
826158 765763 468
350204 469634 449
916673 902997 476
249051 601205 470
527331 462652 470
858091 237724 525
169663 659092 509
792201 101872 509
897734 658784 525
414523 578084 470
882411 743150 525
951177 814744 525
686456 201228 509
910036 378821 525
609319 888472 525
170587 668634 509
654620 951828 525
854825 37142 525
154698 571292 470
33943 103875 351
857951 682028 525
341119 408386 441
510257 27613 449
686396 649671 442
227755 924343 525
183844 100918 383
432013 626517 509
344096 651373 509
546545 634820 509
39643 254132 443
439117 155863 449
107691 210229 383
763722 93736 509
181379 478867 449
99093 918419 525
600446 731674 509
656411 957043 525
501007 457917 444
107587 166667 383
607361 703754 509
321023 851693 525
478210 307557 449
958929 269387 525
904206 822305 525
592788 505473 470
177688 460201 449
670429 548257 509
641992 801730 504
280596 950503 525
868921 339723 525
71396 379688 443
853083 985719 507
959987 727806 525
410824 870441 525
574195 67573 470
435618 534537 470
842093 895217 445
164604 913827 525
252483 801021 509
306493 585161 470
45361 845271 525
393527 484180 449
285909 232142 407
182644 551870 470
891592 82856 525
978896 567916 525
553634 479339 470
723496 348330 509
218770 513620 470
97545 134320 354
185208 792964 509
204533 533162 470
963340 27300 525
828320 885488 525
470648 215822 449
61092 651164 509
651696 32361 509
264502 970970 525
522840 453956 470
536812 963497 525
531412 930783 525
410122 32059 449
380388 601398 470
115017 649969 509
300640 599157 470
908473 728913 525
262074 485847 449
513146 113005 470
998492 225413 525
957587 341465 525
508981 985491 525
17851 18678 261
506000 160676 449
614631 798704 509
278552 545191 470
475973 667794 509
699852 326316 509
927713 402446 525
52415 596591 470
195748 559081 470
287994 353054 441
838901 104220 525
733576 66419 509
808184 868398 525
726215 732067 380
233909 765770 509
784447 235195 509
912222 251760 525
50463 290446 443
835636 526852 509
710998 845367 525
171682 827961 509
746758 927201 525
523792 99394 470
658474 799172 504
668578 719539 504
340110 462819 449
529238 23830 470
408579 73685 443
322103 337421 384
103190 134793 354
369987 556011 470
324122 403988 441
210786 282208 443
325412 890937 525
736303 562773 509
390733 552761 470
479961 907984 525
7377 137491 354
453014 3752 449
723290 182202 509
645021 637943 416
178124 579751 470
653435 690610 442
544382 586703 452
721495 491889 509
564252 647571 509
51558 607834 470
406393 888373 525
779309 778695 331
341468 248156 407
800916 515611 509
423594 248552 449
902394 280877 525
284628 947322 525
645876 871760 525
509702 524270 470
104020 807248 509
497857 204178 449
307232 273807 389
765695 42238 509
206160 545078 470
152911 329946 443
218319 774069 509
552764 75656 470
323811 513979 470
29590 894231 525
142782 124727 375
921955 969535 507
916857 561528 525
433287 206582 449
730851 562732 509
886331 459340 525
663517 351223 509
625029 384187 470
942776 487100 525
32178 390723 443
237021 148935 443
439355 701440 509
777095 971691 525
485669 992118 525
402700 617258 470
741984 31610 509
1145 545482 470
623361 663938 509
386871 918001 525
997084 56647 525
515986 634074 509
985296 399766 525
300304 695855 509
182954 610324 470
517398 243079 470
908365 215131 525
916571 754418 525
242460 347719 441
856189 693665 525
827274 728129 468
759738 258888 509
320721 569257 470
749546 277234 509
711586 944081 525
727 652769 509
286842 225021 443
624786 33065 470
728919 272137 509
882460 925089 476
684519 911872 525
127003 399857 443
670627 592883 509
456954 559925 470
769941 913086 525
157566 829494 509
88381 597215 470
166471 433656 449
710889 925454 525
869534 432369 525
85137 422475 449
647495 386613 509
419677 888330 525
160466 272281 443
713721 148595 509
60466 42925 340
959133 398240 525
507474 703820 509
263744 146111 443
575549 480779 470
310272 33685 443
630899 733114 504
683121 398653 509
840458 313721 525
262441 910362 525
332836 709991 509
96603 863929 525
752258 496682 509
285314 516279 470
181225 912723 525
471999 999035 525
913626 241691 525
461862 431132 444
93594 421099 449
901878 725606 525
275642 669142 509
402256 728501 509
643505 422892 509
736612 601728 509
512089 483962 470
193953 515405 470
379333 361276 423
857958 806907 525
839538 131591 525
560665 659623 509
658657 20762 509
778804 32664 509
980147 88634 525
509733 240666 449
482623 73740 449
259234 927962 525
656462 758264 504
181155 661489 509
779568 299967 509
300280 434118 449
949522 291657 525
652932 494232 509
817491 845207 525
493149 27241 449
686864 657028 442
677789 53813 509
602828 861872 525
950506 972945 458
213610 582974 470
173066 976590 525
904551 212584 525
487199 432299 444
610139 77364 470
893682 668353 525
618822 906058 525
197714 193962 360
204545 84696 383
929902 366998 525
394238 22035 443
679062 423050 509
476862 81101 449
942973 356851 525
329795 596042 470
695367 409830 509
386419 59756 443
272339 868432 525
817082 807321 406
884684 759537 525
944241 943572 352
849630 778366 525
488679 79414 449
164109 563695 470
930692 693223 525
715258 610362 509
33411 324930 443
922382 394319 525
267521 26625 443
622666 381706 470
791535 113667 509
689774 318032 509
702816 694305 411
501625 478464 426
238000 36249 443
496173 386309 449
681026 698592 442
294358 345802 384
425848 169704 449
379278 458466 449
68828 356540 443
197821 94535 383
5206 618590 470
645214 636554 416
18260 272726 443
902745 784231 525
102263 326146 443
20451 592518 470
70982 321430 443
357678 522075 470
424735 825333 509
40277 853850 525
716003 105760 509
791815 334634 509
309451 141851 443
14742 171093 383
265627 378278 441
513220 212562 470
365467 270832 441
59910 674785 509
459016 383726 449
226224 479006 449
71523 77630 351
399059 246674 441
768748 658856 504
484189 273088 449
643290 709835 504
815594 40817 509
375450 875644 525
533846 607409 452
778501 684900 504
579530 548587 421
277500 560479 470
347663 609101 470
283885 642967 509
543044 923924 525
402929 742900 509
820529 769267 468
532292 474451 470
649659 735939 504
525379 817392 509
527226 650199 509
691015 685020 398
560663 342819 470
466579 582816 470
784067 94509 509
159447 761431 509
321910 879948 525
489048 436947 444
596265 185924 470
109847 772933 509
515832 139308 470
424927 512775 470
503577 852713 525
588651 957218 525
774609 153235 509
803433 630381 504
315400 818186 509
161005 494447 449
593614 876063 525
486923 143935 449
905366 377681 525
257628 646369 509
599667 743627 509
929550 746676 525
519608 195931 470
851591 39396 525
68522 551791 470
404503 276517 441
750086 572098 509
241685 509506 449
656238 41047 509
859232 45117 525
55916 971638 525
364052 536588 470
680523 165881 509
543561 850974 525
13694 102240 351
845866 801189 525
64216 613361 470
809291 291767 509
847514 100175 525
651965 660881 429
453749 916035 525
4484 572820 470
598677 203835 470
761233 246168 509
807637 254914 509
226551 620464 470
673404 379904 509
545784 106954 470
957927 353926 525
972517 89345 525
406885 971621 525
584981 818382 509
110148 987452 525
87626 910623 525
571504 957661 525
390047 255942 441
828761 541604 509
745438 910882 525
157050 427437 449
198703 23022 383
643486 481038 509
860941 425253 525
48559 833241 509
703518 923076 525
12420 6485 268
494457 676034 509
494415 935656 525
923107 595789 525
506412 120914 449
594926 527084 452
783026 594267 509
135870 501324 449
412205 128138 449
555575 397660 470
420681 85606 449
566643 754277 509
695881 580518 509
413758 943935 525
867011 744439 525
267276 117275 443
309660 395782 441
331438 278084 389
873873 804074 525
441339 770896 509
814332 896636 525
7254 552616 470
53939 597357 470
725494 659475 504
573486 466144 470
551749 797420 509
68048 510519 449
91036 118392 354
62326 280281 443
541071 21146 470
654772 445688 509
841470 808346 525
86430 964432 525
284857 689259 509
460154 476654 444
889641 726196 525
278811 274485 389
388193 413246 449
72720 332750 443
315245 630039 509
943810 646206 525
156724 866993 525
501736 11858 449
808490 764111 468
785256 80414 509
526101 349560 470
157906 956380 525
920811 367570 525
56828 760687 509
753692 205667 509
448214 33334 449
824170 159684 509
572929 243377 470
576126 728715 509
358753 645648 509
808205 407722 509
274714 302562 389
830771 964928 525
245391 292802 407
373215 155612 443
505172 546998 470
503377 415667 444
299589 179429 443
456467 940539 525
146206 872768 525
906101 210158 525
369841 110771 443
354147 246623 441
975337 459121 525
104768 446624 449
854345 850441 419
669354 912973 525
394252 645411 509
938212 16477 525
172088 639642 509
702992 827778 504
759796 677259 504
856687 206368 525
146907 59384 375
932152 829505 525
39662 809464 509
920234 354604 525
117578 925854 525
384974 790733 509
237356 92914 443
459706 6094 449
435418 91701 449
253463 129060 443
661888 829669 504
985663 708026 525
535803 833975 509
27586 688654 509
411373 295598 449
871334 884272 432
713777 558279 509
884094 803485 525
674440 269790 509
711996 804328 468
595060 792018 509
401283 613321 470
619414 348767 470
956819 860989 507
506400 54831 449
400852 210281 443
918306 168287 525
518613 902866 525
107871 970460 525
782410 546198 509
946822 519243 525
593874 653743 509
973579 176950 525
963091 477967 525
798646 164370 509
956387 675086 525
288407 393705 441
742472 874022 525
735010 424172 509
995355 699290 525
425923 757761 509
442399 912558 525
815423 344228 509
831040 961011 525
507209 439645 444
958887 613449 525
783543 970382 525
147331 69112 375
547079 757121 509
921490 110421 525
301859 345724 384
255781 394229 441
268250 106617 443
530788 514604 439
730245 519611 509
277371 526142 470
438699 156167 449
16747 719769 509
197131 770473 509
210117 364138 443
977586 220691 525
191072 685356 509
754467 761128 380
34600 338402 443
965175 817897 525
679973 472441 509
866669 267033 525
373649 452105 449
966708 651270 525
170880 420788 449
946930 213304 525
885823 964602 507
200722 901980 525
188805 418921 449
783058 397853 509
618543 915273 525
600628 760643 509
38122 809615 509
664368 871447 525
689343 589073 509
61513 629542 509
412926 885667 525
337771 444534 449
612155 302926 470
723714 820830 468
34134 783035 509
263988 670643 509
88974 436308 449
855228 464710 525
378914 277778 441
709403 638285 504
915279 513808 525
323422 310030 384
181476 953400 525
58824 504142 449
650035 387171 509
789189 120336 509
81221 62961 351
882238 126960 525
464141 693376 509
992762 605951 525
276593 498274 449
450933 256749 449
237810 881919 525
676048 306160 509
944444 616723 525
130531 385450 443
211832 859722 525
329473 970304 525
990797 909659 507
813181 904648 525
541336 640832 509
220144 602370 470
245681 622556 470
832283 102381 509
708332 709821 349
724447 825044 468
598145 501276 470
899546 175379 525
481539 352306 449
969029 91946 525
477395 942334 525
318408 615911 470
102566 689226 509
598885 164232 470
68880 93363 351
250546 928417 525
530786 610215 452
749122 987041 525
605773 776466 509
486287 97757 449
922800 830456 525
848084 727085 525
902463 37296 525
389602 747629 509
839574 900353 445
842687 874982 432
7244 833321 509
38898 161094 383
841677 109809 525
719523 154134 509
82551 910556 525
37122 486420 449
473460 613336 470
906154 302596 525
400352 595585 470
426040 908792 525
635876 839503 525
876799 790475 525
538104 54690 470
955043 782752 525
174085 894029 525
243701 314081 407
991526 181328 525
807488 282599 509
953084 833202 525
260110 43363 443
529782 35634 470
165322 813583 509
116178 519594 470
631530 71475 509
980266 516529 525
356032 57569 443
364396 132493 443
187182 749182 509
48285 902499 525
312879 142224 443
972656 222369 525
920048 72932 525
871882 964181 507
313735 727535 509
770897 824965 468
860599 573844 525
387426 817031 509
852976 25920 525
97394 503604 449
536484 484505 470
58425 594011 470
726503 892515 525
158048 422820 449
841670 913684 476
572260 206332 470
945052 670901 525
743832 61267 509
25448 865099 525
592634 615713 447
440677 855534 525
429377 879882 525
213264 817627 509
843546 333154 525
353109 66239 443
550743 457291 470
51301 889593 525
298459 125520 443
548339 294155 470
724191 456507 509
179190 390009 443
60909 812802 509
874068 124242 525
989340 321092 525
936804 415867 525
271400 98325 443
494559 893832 525
711459 700776 504
550282 707822 509
774061 71356 509
528647 903390 525
792982 841155 525
966674 96299 525
906806 607793 525
580651 31365 470
421373 630996 509
443797 759840 509
400433 998633 525
836076 834216 344
250083 906125 525
4449 289231 443
183062 521482 470
738610 499007 509
206829 410872 449
482228 288891 449
708632 497241 509
854747 10874 525
623524 17966 470
625758 821421 509
852785 530329 525
161324 206408 365
482599 790509 509
305493 121472 443
955688 883032 507
789156 657920 504
947150 722122 525
243603 309956 407
808963 130211 509
541083 498564 470
303806 532143 470
545735 23310 470
550535 12438 470
30403 400481 443
738253 174058 509
704387 172512 509
378919 107389 443
414249 382062 449
19886 377869 443
777252 719741 468
894012 975573 507
697694 82759 509
392715 841161 525
487724 457648 444
472564 718029 509
766523 28806 509
568467 776369 509
788806 312257 509
229089 635353 509
809410 335560 509
508071 967342 525
74730 30148 340
928562 403341 525
781210 488979 509
725071 948447 525
440371 558461 470
641220 619083 509
460243 138064 449
112063 550286 470
784666 947966 525
493123 584626 470
360995 551188 470
379796 577941 470
213293 666152 509
518064 608884 452
92577 539055 470
85554 26134 351
945827 167307 525
172637 530467 470
478913 727036 509
801848 414059 509
33141 435635 449
573698 959419 525
26056 9736 282
474053 202113 449
786738 810721 468
878260 483528 525
577820 664084 509
846588 258055 525
383291 791113 509
846519 364651 525
907136 475867 525
643173 448424 509
978891 852962 507
96349 332161 443
746220 974155 525
409790 898197 525
373967 295712 441
305447 499839 449
218303 400023 443
210743 295852 443
295731 5041 443
185476 605355 470
863409 873550 432
181014 32063 383
913065 246699 525
722566 543884 509
992308 820201 525
673162 882090 525
214251 487550 449
978056 285863 525
184059 960470 525
256181 387845 441
404036 74377 443
474399 77980 449
890183 622338 525
143730 201494 383
806848 185913 509
59462 329206 443
877620 186608 525
949659 240476 525
300711 790685 509
610885 672224 509
70665 293018 443
296919 800398 509
86260 284915 443
761736 274975 509
179171 786670 509
861047 534269 525
128600 583206 470
721896 851797 525
569642 18782 470
204694 865625 525
711182 892841 525
79449 780507 509
537334 588802 452
379486 29107 443
217682 838045 525
647414 506722 509
307119 288346 389
89613 944333 525
219307 393379 443
696400 367700 509
901968 398477 525
498035 557446 470
925595 546919 525
565700 219930 470
85554 495236 449
388077 286745 441
67252 796736 509
901889 983877 507
529335 120937 470
958981 281374 525
788095 747016 468
551713 606395 434
67079 611565 470
521295 157677 470
525377 286385 470
201213 217695 386
291492 943696 525
490615 699247 509
435528 217086 449
228674 56314 386
859411 37434 525
350521 133102 443
633330 926662 525
563950 252409 470
533782 162664 470
426031 522931 470
645677 838228 525
966144 977743 458
651772 712755 504
515491 487439 470
221485 177148 386
637195 233055 509
448654 512976 470
246414 127809 443
700475 884181 525
921614 991439 507
124540 559885 470
2898 272134 443
524542 757869 509
436884 566847 470
606129 574675 434
929254 862914 476
357008 768157 509
997263 895398 507
899188 8779 525
702278 29105 509
262160 120672 443
633647 339473 509
983633 710813 525
594993 396412 470
387850 200459 443
276695 32959 443
821444 28741 509
302961 279592 389
362791 345986 410
437012 739844 509
119109 485271 449
253428 882618 525
294367 476117 449
1247 767042 509
796147 193554 509
314225 219877 443
75701 574658 470
285470 464223 449
860635 59333 525
776144 396814 509
946124 248484 525
793577 52838 509
332430 767568 509
629905 96537 509
836381 211572 509
213194 66916 383
465885 955489 525
947957 982973 458
750015 760251 424
953804 949204 414
685432 62513 509
637170 784380 504
248603 761132 509
336816 438991 449
835804 625589 509
390424 112959 443
165797 298280 443
65847 184000 383
280537 14578 443
742501 695751 504
279018 116917 443
588757 955694 525
938667 744903 525
21505 536714 470
2269 688681 509
267545 975309 525
759688 204052 509
965183 904714 507
343704 524642 470
150230 818350 509
447661 695859 509
994138 540654 525
724653 129809 509
660738 576336 509
272086 521541 470
638457 403238 509
875283 67456 525
328710 743566 509
280279 813949 509
18981 350214 443
325522 798899 509
2950 286525 443
707590 601562 509
126203 484484 449
302833 51293 443
263504 792785 509
333438 750493 509
396653 257641 441
833977 574442 509
95983 57390 351
976979 622414 525
689869 250791 509
994356 852262 507
666210 18578 509
885144 790986 525
589884 201543 470
4419 210665 383
328578 109185 443
593668 712009 509
279653 971133 525
763917 412853 509
163345 543156 470
317149 613706 470
704499 76350 509
133739 151125 375
289890 316833 384
567624 110718 470
962979 496111 525
31040 78331 351
869317 145540 525
347082 916183 525
643200 975552 525
84737 867853 525
579861 971777 525
942909 678404 525
91256 859513 525
402669 223177 443
353234 770953 509
847302 719817 525
387293 574085 470
890917 497392 525
608109 193534 470
689644 458540 509
536871 87439 470
749331 720684 424
153218 922539 525
898090 612764 525
480616 796417 509
768194 982826 525
177582 60476 383
919989 227454 525
966983 268837 525
