16 94 116
80 156 122
99 172 125
362 166 144
124 321 131
18 235 128
217 630 144
408 554 142
342 721 171
553 602 137
704 487 171
749 226 171
332 108 144
968 902 174
848 1107 179
1221 63 182
300 652 145
970 951 143
424 531 142
516 1199 182
1503 33 182
633 1271 182
863 2040 182
25 1856 182
1761 277 182
1010 2016 182
1016 1110 169
1793 2299 183
1217 2760 209
2800 2416 209
1219 872 182
2879 370 209
524 1000 179
2320 2299 152
2931 2587 217
497 1885 182
3172 2381 217
2956 3734 238
3220 1832 217
3341 3532 181
2608 750 209
3099 3375 199
3960 1191 238
2473 3928 238
2103 1625 180
2544 2921 217
3296 1874 217
2642 2771 173
4173 2562 238
821 1855 182
3848 117 238
3140 1219 217
3897 547 238
3504 69 217
5378 3797 215
5552 5237 205
398 4751 238
2764 3557 217
3893 4636 215
5837 4895 236
4912 4532 197
2767 4560 238
3305 5009 238
3082 3829 238
322 3703 217
5284 1821 238
5119 775 238
4040 6768 262
5473 6495 262
1588 2702 209
2843 4839 238
3538 6941 262
5441 2601 238
1049 586 179
5689 2085 238
480 4652 238
916 5399 238
7411 2672 262
5159 1893 238
6701 4832 262
6395 136 262
52 7765 262
462 43 144
3084 834 217
3790 5771 236
1935 4132 238
7162 3724 262
5872 3854 236
1177 3421 217
2839 2717 173
4157 7071 262
8368 3725 262
6069 6579 262
7796 2579 262
323 5448 238
6010 9017 262
8435 5513 262
5733 4996 236
1856 9369 262
3229 5545 238
7691 6015 262
5276 3152 238
10291 5948 262
4206 367 238
6820 6796 182
4683 6576 262
3366 2450 217
8852 2086 262
5280 2200 238
10664 8802 260
8647 10125 260
9418 1582 262
2738 2203 209
3529 5893 238
4171 2510 238
11589 8861 268
3424 864 217
565 7514 262
8463 8022 234
8632 534 262
3917 3814 176
1262 5583 238
2816 12013 268
6068 2095 238
1912 2784 209
8097 4311 262
8008 10666 260
12444 12497 201
3768 3972 189
7741 12990 268
3781 4029 189
2803 9657 262
545 2219 182
8522 9707 260
6340 1854 262
4593 1756 238
12719 2054 268
9290 4534 262
4018 1158 238
10829 9382 255
5393 11277 268
12692 3252 268
5242 1487 238
14349 4862 276
12758 4089 268
9403 1291 262
2418 2505 209
14499 10762 276
8023 320 262
12820 9114 268
9773 1112 262
2470 9744 262
8017 13959 276
15077 9335 276
9668 657 262
10868 6412 260
1633 6459 262
3664 8427 262
13397 7664 276
2488 6454 262
1552 16090 276
10496 10221 255
4847 7194 262
8334 8721 234
1866 12006 268
12435 13690 276
15817 1156 276
6033 3686 238
8666 6310 257
7372 3634 262
13418 8039 276
10197 1003 262
14449 5860 276
12829 5745 268
13775 3968 276
8150 12827 268
3609 16598 276
1799 555 182
13291 2033 276
13028 9308 268
17338 5062 276
16398 10306 276
1917 1330 180
7143 15434 276
4991 10414 262
6019 8209 262
8204 1016 262
2763 11452 268
4027 691 238
13348 402 276
18910 6550 279
12780 1918 268
8947 9678 260
3225 11789 268
2162 1952 175
19097 17699 261
17065 18394 279
18757 15533 279
16223 18999 279
18166 2814 279
11365 13785 276
14974 8268 276
1752 636 182
4272 5378 215
10878 14571 276
20331 4687 279
1520 7410 262
11004 14466 276
18588 20580 274
10055 20501 279
4031 2351 238
13200 4047 268
18996 8 279
2979 6318 262
4606 19097 279
15883 15970 253
9233 14908 276
20390 4184 279
18543 3861 279
14361 4372 276
17831 16192 279
14258 6803 276
9553 18914 279
21868 10992 279
7145 14174 276
20293 2728 279
11976 1844 268
17574 14971 271
17951 605 279
14041 1956 276
18701 5375 279
6878 12633 268
5283 17219 276
19168 21777 274
12079 11728 250
14749 11461 276
3571 2658 217
3215 7924 262
2123 15283 276
16715 868 276
16308 14507 271
19395 3684 279
19150 17920 261
2206 5200 238
3524 6846 262
6908 18976 279
11221 10637 268
19560 22755 274
17455 1527 276
19931 23385 269
4807 4631 197
19397 13777 279
14189 8112 276
19052 9063 279
16446 18519 279
5682 9553 262
5325 1428 238
18836 20927 274
8748 22242 279
17678 20123 274
12739 18237 279
8699 4311 262
24273 17210 282
465 22779 279
22089 4696 279
21563 20295 256
7178 15112 276
823 13318 276
10423 4327 262
23581 11568 282
24745 19862 282
14672 11621 276
14942 20708 279
26147 10389 282
20601 16177 279
13911 14939 271
10313 8361 260
20002 11338 279
23423 24966 282
14916 21611 279
20613 5631 279
20505 6991 279
24794 4779 282
12908 12016 263
5105 21540 279
6335 8649 257
23154 21506 269
870 18695 279
21065 4168 279
4883 26717 308
12944 27445 308
17808 12609 279
358 19009 279
19946 21380 256
7974 24213 282
12790 28887 308
16543 17546 266
21829 21936 238
22976 7336 279
28903 18581 308
16076 15589 253
23581 21581 282
12047 12502 263
14675 6563 276
12222 3657 268
29080 20817 308
5653 23687 282
10025 3510 262
11647 30570 308
1241 10072 262
5083 3830 215
12358 24377 282
29927 24638 308
28665 1703 308
11074 3219 268
17035 401 276
23408 24467 282
23981 9206 282
27821 855 308
6368 17594 276
6963 13699 276
9610 1767 262
1537 12035 268
1477 25083 282
4456 7969 262
30555 25490 308
32651 16164 308
17267 3077 276
15602 8383 276
32931 31827 267
4801 4817 166
15179 1460 276
9536 31811 308
617 19908 279
33017 20285 308
20501 21879 256
3335 9410 262
22197 33172 308
3096 17625 276
29006 4252 308
16394 2960 276
20941 5544 279
18476 13459 279
8620 8729 203
1341 10103 262
27355 3194 308
33571 7385 308
28405 15006 308
28295 30622 272
313 8511 262
13958 3465 276
30541 19692 308
20975 22337 269
21415 7170 279
21962 14021 279
23773 32855 308
18332 5266 279
4198 28707 308
14324 34669 311
35587 26017 311
27571 4641 308
32810 11394 308
3777 14966 276
12999 17571 276
2787 12964 268
2833 35144 311
12228 22273 279
11388 22654 279
8910 7702 252
27376 10423 308
21122 15848 279
31477 29754 285
32413 6026 308
2012 20389 279
26346 4999 282
21605 23769 282
16391 30866 308
13562 32420 308
23431 35960 324
19790 12870 279
32175 3023 308
1165 3803 238
7747 29052 308
31856 35456 311
16354 27131 308
18830 33727 308
3531 33706 308
23032 7095 279
26183 26596 277
30083 30829 254
6346 5539 262
15797 23788 282
34456 9258 311
17207 10839 276
1169 10997 268
31860 20644 308
14071 19024 279
19998 17717 274
17076 3805 276
14325 23281 279
11888 10854 268
37759 25718 324
21412 22043 269
13364 13894 258
33838 32199 267
38674 31483 324
14989 30070 308
9870 13745 276
2179 19377 279
10935 6848 260
11225 35794 324
21643 11747 279
15217 19092 279
33463 5344 308
16096 14987 271
16576 37783 324
38493 30387 324
14052 1704 276
32029 32416 267
39749 40166 306
33566 24623 308
4400 23154 279
34792 33469 311
40050 31623 324
1697 22284 279
7822 40321 324
17277 11416 276
22819 8346 279
26107 24282 264
33041 31202 285
30220 23669 308
39537 12912 324
40055 17688 324
17167 41883 324
7555 1216 262
17600 41120 324
27738 23599 308
10874 30781 308
39867 32923 324
9403 14916 276
33459 9776 308
37188 36787 262
29591 7807 308
2284 37797 324
28240 5125 308
10551 40059 324
22745 22887 238
18323 38899 324
16426 29489 308
29733 9181 308
28204 15332 308
32252 20093 308
9330 41977 324
33626 23148 308
44400 25080 324
16015 7010 276
7256 7003 195
34396 32898 311
28809 19080 308
43495 27048 324
38304 40497 306
5458 1800 238
18935 23780 282
4898 33860 308
22521 5830 279
5192 13576 276
40613 45644 314
3069 28394 308
28820 25094 308
41293 36671 306
44125 34908 324
16680 25180 282
29110 13376 308
1678 18470 279
43807 41324 288
18917 35662 324
20420 4526 279
18661 38554 324
36406 26858 324
31965 33478 267
35639 36157 324
42253 36803 306
45752 14073 324
7596 15423 276
23618 3688 282
10694 27143 308
28595 15225 308
29474 15656 308
12152 34351 311
46325 7658 324
16026 42793 324
22719 43497 324
7019 37479 324
24250 17776 282
26588 34567 311
10053 46978 324
27023 37257 324
7380 15626 276
14830 35427 311
15648 35447 311
1315 21193 279
10789 21361 279
41218 10815 324
13369 34569 311
45465 38293 314
22979 2143 279
23686 7097 282
47639 50156 296
4228 20941 279
42331 7667 324
2107 33635 308
8045 13281 276
2591 37576 324
21306 25520 282
44403 20905 324
38119 41069 306
7698 51059 324
50029 22815 324
48273 50897 296
34335 23438 311
39542 34213 324
43732 33079 324
11362 49570 324
40834 6341 324
23110 29816 308
26007 42216 324
6402 7003 257
46848 5792 324
12179 35705 324
41664 1481 324
3910 42782 324
27349 18407 308
10540 7229 260
52773 35113 340
23778 32859 308
19302 5719 279
31924 5933 308
24549 20837 282
12054 44334 324
42377 43964 270
43801 16335 324
51731 51802 234
17038 19079 279
16593 37516 324
28983 408 308
43996 33092 324
47989 15744 324
41250 48381 314
50724 41822 314
54445 37101 340
38333 34046 324
54771 27356 340
24830 20319 282
45792 13883 324
40252 31468 324
2598 28852 308
41802 31429 324
6253 32239 308
27107 3798 308
46906 54741 340
24805 18101 282
42233 53346 340
26396 7234 282
52726 24220 340
8356 12970 268
3720 35488 311
25967 39591 324
32195 55548 340
44361 35786 306
10782 6013 262
13453 51380 324
12616 29206 308
28308 10621 308
49997 17366 324
31970 3802 308
54906 15974 340
12555 56538 340
19119 40350 324
37872 46896 314
14969 41979 324
53717 44741 340
49218 54783 340
41131 38912 306
36730 49891 314
4449 19864 279
22055 4653 279
8943 16823 276
50658 56550 340
38043 27706 324
43067 40012 288
860 58872 340
1937 36414 324
9362 18608 279
35963 55385 340
11903 48484 324
20563 53920 340
17024 39332 324
58254 33254 340
47995 18136 324
896 58843 340
43099 34303 324
46295 1041 324
9325 35604 311
15942 11167 276
33010 32008 267
49530 25369 324
31179 6466 308
37134 34192 324
44373 47896 314
44776 25276 324
6979 57890 340
33947 14702 308
33321 12000 308
5107 38867 324
50435 45355 314
22461 12533 279
3057 6055 238
925 16733 276
19611 39866 324
20899 22072 269
55125 24028 340
61840 12556 340
7745 41473 324
31947 30718 285
44220 5723 324
58945 12951 340
52764 46091 340
8852 39737 324
52090 11411 324
9603 52177 324
3565 31864 308
12461 3273 268
41070 2286 324
16405 12180 276
6803 16555 276
20651 36228 324
25934 51942 324
19335 11078 279
266 9881 262
13595 39986 324
52555 46339 340
4936 53119 340
19381 22139 274
33807 9823 308
62949 8709 340
57999 40065 340
13124 8411 268
54137 33194 340
45096 18093 324
33973 7399 308
37947 12176 324
18178 15980 279
41317 11512 324
38858 14135 324
37344 27704 324
57520 42499 340
10395 10407 180
14969 55627 340
46897 55575 340
17849 45546 324
26835 62699 340
60562 30759 340
32010 28899 285
17304 4757 276
33691 8628 308
12555 42890 324
3503 60084 340
36469 7572 324
24695 65678 340
18706 16091 279
65234 15225 340
38941 51080 314
18383 11761 279
9106 40279 324
32987 33207 267
15776 58921 340
32005 6338 308
6031 44066 324
65788 66234 268
30223 56130 340
22862 65629 340
62419 4164 340
29613 50540 324
24735 53159 340
4369 840 238
3849 1054 238
49316 66941 340
36133 20998 324
39801 53439 340
57029 1787 340
46245 45656 252
17508 39401 324
12493 9038 268
15067 61232 340
45624 49589 314
24514 41785 324
58117 20532 340
32348 981 308
46323 24335 324
64140 63944 255
36426 10940 324
66997 6442 340
13681 19030 279
69991 65081 312
31320 40971 324
45268 44816 314
8427 6927 257
41768 7171 324
46864 24834 324
59803 57687 273
28074 12616 308
69423 66091 312
25999 62323 340
65071 40074 340
53857 22462 340
69217 56982 335
35102 51065 324
43175 66382 340
52946 15918 340
15462 43117 324
64988 9281 340
19932 62414 340
4007 46700 324
1937 21023 279
43385 43339 195
34461 58159 340
31706 20384 308
28001 41956 324
8606 59523 340
29181 65314 340
35885 28049 324
62047 25886 340
23714 63874 340
67067 38511 340
37691 60380 340
24028 42178 324
37261 59911 340
54344 19119 340
58862 44380 340
73541 9447 340
45070 49102 314
26157 35727 324
46337 8157 324
17834 57794 340
70579 27167 340
18459 3363 279
11115 66405 340
10000 21780 279
53378 16118 340
7891 17920 279
47798 14218 324
38450 57010 340
70128 54993 335
55328 70942 335
22224 19221 274
45588 20945 324
47374 46196 314
27223 40362 324
71952 41208 340
55955 4982 340
65874 18713 340
47497 28889 324
42869 31096 324
51020 66099 340
12114 68210 340
56418 10963 340
33879 16419 308
10924 15007 276
56863 49103 340
71348 36986 340
72975 53687 335
45282 7348 324
14982 61956 340
47861 43585 314
62564 70815 330
14766 73837 340
479 25114 282
47877 47400 283
9510 50997 324
70298 3375 340
306 50367 324
21689 34385 311
69586 53464 335
48743 28848 324
23266 442 279
59786 71341 335
75580 13319 340
10040 6013 262
69575 21401 340
20997 28290 308
73167 41314 340
28926 66598 340
45228 75955 340
76797 1789 340
4851 44246 324
30115 19408 308
38264 45703 314
59744 77501 351
70866 75338 325
15101 2483 276
47631 36238 314
61775 24110 340
31356 52367 324
4474 53882 340
66819 69870 312
62171 31037 340
29836 55397 340
44834 46215 314
68003 60682 335
78203 59405 351
5879 7717 262
49612 12195 324
44471 73908 340
28495 2388 308
52345 57747 340
46070 23328 324
35684 66597 340
21837 64640 340
68563 11063 340
13921 18933 279
24832 34392 311
7169 38219 324
44140 32703 324
29433 33342 285
22136 47935 324
6146 41515 324
28203 8309 308
18709 17525 279
50868 65855 340
12512 57265 340
45202 35934 314
53992 18485 340
71330 14080 340
11276 17444 276
59642 12249 340
81176 52926 351
18192 45344 324
63744 31931 340
49198 74377 340
43224 5034 324
68963 1121 340
37100 43418 306
8881 60860 340
75742 43149 340
73714 37706 340
12965 26567 282
80539 24756 351
3604 50220 324
61835 32031 340
78215 12529 351
63579 56342 335
26054 71970 340
17737 54349 340
83452 74335 351
52325 40727 314
69520 22040 340
75499 11519 340
73009 67632 325
45830 53202 340
76532 42795 340
80507 23596 351
20962 84997 351
20851 1617 279
40416 41137 288
21447 13482 279
36065 55926 340
40123 58270 340
73047 46560 340
34419 85451 351
36246 68095 340
10977 21565 279
2886 63128 340
85783 31594 351
19559 56312 340
79496 83490 320
55058 51654 340
51585 9719 324
33251 36787 324
86135 82918 320
5675 22834 279
77100 28292 351
911 33274 308
21461 51657 324
22233 57731 340
76107 26430 340
57426 19036 340
73494 23611 340
66763 10928 340
10157 1721 262
74791 76704 325
68862 11349 340
56357 22898 340
819 88207 351
19284 36554 324
86277 42610 351
8939 12576 268
73801 53849 335
23201 68762 340
88057 6586 351
72044 59964 335
81215 8569 351
72551 7009 340
21832 10613 279
47088 50288 314
66785 52579 335
16191 20346 279
6127 32399 308
86795 2945 351
77706 85278 338
48250 51634 309
53887 35188 340
17609 61940 340
37088 88861 351
71653 25745 340
17646 3296 276
36460 961 324
83565 20810 351
74921 34448 340
44222 16708 324
52135 91458 351
81086 71377 351
43355 82164 351
4975 60749 340
73461 55032 335
9378 52110 324
45265 55116 340
46050 80925 351
23255 21237 269
65986 88807 351
31533 11683 308
62903 78692 351
38795 67919 340
15201 53515 340
14566 49874 324
49675 13652 324
5531 75712 340
47628 77937 351
70276 72654 325
80885 81136 276
11438 6514 268
8297 53302 340
3030 13398 276
19579 20684 274
92187 25264 351
59343 17719 340
37298 91545 351
17311 1993 276
50215 74663 340
79159 84480 320
70137 17833 340
74883 67319 325
36745 9462 324
88956 47772 351
92115 30992 351
28559 38352 324
4506 77207 351
59106 77435 351
56605 30484 340
34970 64643 340
46699 91512 351
27361 41296 324
88008 37323 351
14988 9322 276
20986 33799 308
22953 90474 351
31 27535 308
43592 79527 351
36396 31299 324
89950 51663 351
58291 80460 351
18414 69196 340
70667 39571 340
3782 93923 351
94454 36451 351
81265 77352 338
24163 45025 324
87200 60470 351
63500 8739 340
74344 15837 340
22137 3096 279
81710 42020 351
44383 91953 351
20046 1478 279
78204 67248 351
91792 87494 333
29307 70558 340
28841 36625 324
48128 83322 351
27547 25882 308
8524 89063 351
53485 60386 322
45840 3984 324
51508 14939 324
10923 14103 276
88175 40959 351
75398 59236 335
97778 96780 297
5540 55576 340
14110 33495 308
43375 41101 288
