5250 6808 262
3659 74 217
1273 8931 262
879 7545 262
7710 7924 221
8166 4441 262
3043 4493 238
2504 7988 262
1730 2328 183
2613 8841 262
3170 4304 238
7158 7710 239
934 9561 262
279 3100 217
5336 1817 238
7827 9098 252
9268 3513 262
7634 3811 262
9150 980 262
8822 6580 257
673 1968 182
9337 1394 262
1746 5486 238
4092 5229 215
6358 195 262
1154 5002 238
7945 6709 257
1491 5669 238
2197 8125 262
904 9531 262
4667 7723 262
8025 8550 234
6854 7802 257
7409 978 262
4934 8229 262
8982 299 262
8014 8636 234
9815 3866 262
4537 9064 262
1670 9426 262
95 4116 238
6502 5630 262
4196 6518 262
405 106 144
4299 9452 262
1124 2189 182
6883 9506 260
1567 6753 262
338 6717 262
3145 4439 238
4898 1502 238
5829 3872 236
9359 1138 262
2398 3178 217
7905 2295 262
6232 1610 262
4176 9746 262
6299 3636 262
400 8143 262
413 7969 262
3558 261 217
8009 1595 262
5969 6396 262
4531 9114 262
963 1007 143
5366 7943 262
9853 2083 262
3822 768 238
4713 5696 236
9902 3672 262
4832 8591 262
3058 4739 238
9791 1617 262
680 5641 238
7007 7336 195
6099 7973 262
5320 9096 262
5224 3455 238
6761 2290 262
6127 8906 262
9507 6124 262
6771 5814 262
9095 5239 262
7845 6221 257
535 2367 183
5395 5227 192
8739 1364 262
9591 7845 260
5160 6551 262
4948 8624 262
7218 7386 195
5540 5273 192
2386 9248 262
4886 3497 238
2421 624 183
1969 8145 262
9916 5736 262
3535 1626 217
6012 6043 187
4153 4680 215
7296 5245 262
397 8819 262
1816 7693 262
34 2992 217
9398 2670 262
548 9554 262
1211 5826 238
212 9663 262
3378 3809 238
626 2762 209
1869 7336 262
2777 7996 262
7440 2768 262
9332 9875 211
6302 557 262
561 8873 262
8985 95 262
9790 3756 262
8016 1408 262
2770 194 209
3456 5681 238
7507 6856 257
3503 964 217
3109 6677 262
2332 3250 217
7639 7845 221
9998 809 262
4850 8652 262
5732 5204 236
8015 6532 257
6776 5420 262
181 2010 182
5224 7930 262
8261 4055 262
1546 6738 262
7526 7318 239
4257 4201 202
598 1565 182
7705 6649 257
5151 5551 205
1413 1977 180
2798 8555 262
8382 2505 262
7066 4749 262
7700 9379 260
5130 8210 262
5484 8554 262
4608 448 238
5323 774 238
5177 4306 215
7225 54 262
367 4631 238
445 5401 238
286 5371 238
3899 3017 238
1134 8156 262
6577 5558 262
8267 3179 262
1712 7358 262
615 7879 262
5738 4820 236
592 3134 217
8763 3721 262
6198 6634 244
8589 6032 262
4874 590 238
7305 8878 252
1201 9359 262
8961 7255 252
3948 4916 215
7731 5481 262
4547 9956 262
1239 7108 262
4927 1 238
4858 5036 210
115 1114 179
1361 9594 262
8419 8355 159
2586 5358 238
1016 3730 238
6103 6564 262
6644 918 262
2968 9420 262
5270 7748 262
3304 5396 238
9104 4474 262
4386 1749 238
3460 5659 238
3931 5407 215
5133 9825 262
9604 974 262
7921 6898 257
5232 3951 215
204 8481 262
4521 3901 215
1259 2534 209
8677 7004 252
3935 951 238
9880 8781 260
2575 1833 209
4543 3550 238
2772 6250 262
5880 6311 262
9971 984 262
2724 2041 209
2972 3651 199
319 3230 217
300 7747 262
5622 7231 262
125 777 171
6959 8245 252
6772 7697 257
1561 9065 262
8752 6599 257
4504 9941 262
2802 9552 262
5081 7206 262
9275 419 262
414 9650 262
9026 3321 262
1784 2013 175
4118 4789 215
1551 4009 238
9196 5325 262
4512 1258 238
8667 5691 262
594 2411 183
9566 554 262
8743 961 262
4353 1404 238
6142 7308 262
3201 4911 238
3128 2800 217
7788 172 262
1626 4415 238
9518 6642 260
1843 5349 238
5975 4316 236
1374 1446 172
9912 2221 262
5055 9240 262
6930 1306 262
4190 2254 238
4357 5167 215
9861 9305 211
5593 5899 218
6117 1721 238
8868 1581 262
6940 9353 260
4902 8699 262
6617 812 262
8672 6892 257
6672 1729 262
7046 1662 262
241 3121 217
9454 7159 260
5351 9628 262
5564 3712 215
7534 9595 260
7828 1728 262
9532 8796 260
1517 7443 262
8516 5007 262
2602 6925 262
8662 7098 252
4325 7104 262
4937 109 238
7016 2282 262
3217 3711 238
5974 1906 238
2721 7782 262
1170 792 182
5828 7866 262
6729 9537 260
385 7126 262
9950 168 262
6047 477 238
8667 1577 262
521 7468 262
1992 7385 262
3259 5211 238
8745 8212 234
5719 9519 262
6826 1935 262
8690 768 262
3015 9819 262
2919 1826 217
3030 8029 262
6728 8035 257
3755 1241 238
8397 6541 257
3084 936 217
6866 8049 257
5253 7012 262
7877 3065 262
2676 7238 262
2711 246 209
8193 416 262
4748 4711 153
1300 3038 217
9716 8448 260
9580 1694 262
5165 7130 262
3502 3980 238
290 5526 238
4034 4959 215
5090 1801 238
5218 7671 262
1039 847 179
339 9544 262
3322 5937 238
6497 7720 257
3789 1248 238
5988 8360 262
5236 5036 179
5685 3913 236
3785 5990 236
2668 3735 238
2616 520 209
5977 7046 262
5826 6662 262
1632 2820 209
2699 2904 173
2640 6799 262
9504 4005 262
8766 680 262
4108 7392 262
4366 4925 215
4455 7122 262
7451 7107 239
833 1704 182
2142 1033 182
1978 1655 180
3901 2218 238
3466 7290 262
3623 4748 238
9318 9880 211
4049 1517 238
1030 2763 209
2709 9040 262
2658 5904 238
5753 762 238
8622 1467 262
6997 4558 262
6931 6956 257
5556 1495 238
9313 2222 262
1428 2294 183
7445 2233 262
2199 4792 238
4857 9153 262
4304 3571 238
2915 7440 262
6767 5800 262
1922 1836 175
2753 6044 238
9720 4087 262
8411 9151 247
4670 8624 262
9944 9606 242
2432 7312 262
9817 7993 260
6972 8700 252
1371 640 182
9892 5837 262
4834 2858 238
8178 3329 262
7684 4411 262
3490 5177 238
435 2092 182
6905 4712 262
4892 1027 238
523 791 171
6891 9365 260
6814 4885 262
7128 1442 262
5785 6180 262
9871 4538 262
2582 7562 262
5803 4166 236
7333 7733 239
9760 7855 260
2378 9848 262
9011 463 262
8151 3820 262
942 3378 217
6721 3837 262
6113 2300 238
9957 4760 262
6153 4391 236
5015 49 238
4919 9045 262
102 151 122
9822 1296 262
4502 5732 236
4962 8246 262
3511 6058 238
806 3929 238
2138 2174 170
9097 9670 260
7422 4504 262
8519 8676 172
6490 4301 262
2055 263 182
8644 8264 234
5251 4890 210
9416 6736 260
2495 1365 209
7759 964 262
5093 5653 236
6715 7317 257
8061 1421 262
3369 7451 262
1848 8742 262
4788 9197 262
8235 2502 262
572 3129 217
7876 7449 221
1872 7254 262
2294 9330 262
3472 3720 238
5765 8821 262
2631 1080 209
8081 4411 262
3343 6114 238
8383 8139 234
8829 6045 262
3576 8394 262
9001 981 262
5948 5597 218
6088 7371 262
2734 6544 262
262 2853 209
4401 6825 262
779 2381 183
3424 1858 217
7015 9499 260
1663 2846 209
6611 8510 257
9219 6850 257
5056 9291 262
8556 5744 262
6535 6386 200
7322 6276 257
1227 1152 182
4460 5252 210
6715 2784 262
7880 6438 257
4101 7699 262
4286 3138 238
8285 5879 262
4916 343 238
3068 5961 238
708 5141 238
729 3567 217
6364 563 262
2891 1970 209
2279 2624 209
5762 7314 262
4841 7011 262
6001 6979 262
4508 7395 262
6552 7657 257
3432 1787 217
740 4545 238
7585 8777 252
4109 4253 202
1455 5515 238
3029 5020 238
2371 6672 262
7948 6664 257
4544 4025 215
6009 6855 262
553 4982 238
8164 6289 257
1020 8360 262
5357 5380 192
8488 9462 260
3900 8354 262
4245 5789 236
2467 9881 262
5275 8284 262
8910 237 262
1835 8568 262
9685 7940 260
9550 9652 198
7468 9267 260
9590 111 262
7774 6328 257
9296 5582 262
7875 7937 190
8232 5436 262
3029 6973 262
9071 9799 260
6298 4588 262
2647 9090 262
8112 9091 247
7464 6613 257
3782 2113 238
9231 1952 262
3214 3322 168
1951 5129 238
8960 8601 247
9993 9755 242
3331 5195 238
3560 8633 262
7780 8778 252
3273 8633 262
9082 6384 257
2623 7154 262
7957 8522 252
5592 9819 262
197 6901 262
2705 4121 238
7130 3600 262
9176 7145 252
8417 871 262
7081 4600 262
4289 4619 215
8129 9453 260
7663 2801 262
9150 4841 262
6584 6386 213
660 4516 238
5960 4879 236
8383 8562 203
4055 8049 262
1382 9441 262
2029 8771 262
7545 252 262
7596 5870 262
2711 2470 191
5924 8173 262
6220 2126 262
1432 8851 262
7847 1244 262
6671 5870 262
4611 1395 238
1065 6393 262
9362 9525 198
3621 9520 262
1662 1563 167
9435 3726 262
2091 5950 238
6261 7323 257
9929 94 262
6382 5123 262
6469 6367 200
2723 1024 209
3518 6640 262
9365 8794 260
1957 9179 262
8342 6772 257
837 1356 182
9729 8490 260
4903 7121 262
9617 313 262
3947 3348 238
2673 2852 173
6524 5812 262
2606 1737 209
634 9608 262
1554 7867 262
7926 1413 262
9154 4041 262
1734 4258 238
8140 8296 190
1259 2252 183
4161 2695 238
9930 1139 262
4599 9876 262
5634 4293 236
3277 4563 238
647 3237 217
9465 3874 262
2193 7485 262
3843 4120 189
8860 9329 260
4146 263 238
7128 5717 262
8749 2173 262
4371 4001 202
1293 1399 177
8929 9546 260
2144 2301 183
3564 2193 217
4273 4784 215
4010 9802 262
4487 6222 262
5770 4514 236
5358 2532 238
9487 5820 262
9817 6857 260
9755 4255 262
2616 9815 262
2967 6538 262
8878 7298 252
7413 5761 262
8232 192 262
2464 4175 238
325 4878 238
7834 4785 262
9528 6751 260
7430 5000 262
2145 9610 262
2452 5365 238
1980 2813 209
2408 4135 238
7601 3584 262
8311 4260 262
5892 754 238
3226 9322 262
3930 5254 215
554 6097 238
4859 662 238
2964 7492 262
769 2921 217
6527 1688 262
5220 5473 192
8205 5642 262
8093 2952 262
1371 8446 262
1963 9475 262
5318 6177 262
8414 5827 262
2572 3345 217
1036 5980 238
7289 8130 252
979 9849 262
7724 5618 262
9509 7839 260
4927 8930 262
1807 9969 262
2256 5200 238
3277 9830 262
7897 3489 262
1865 2820 209
2417 1138 183
4492 319 238
8399 684 262
9749 1121 262
5652 9962 262
5978 1019 238
8662 9947 260
2229 1479 183
5236 5064 179
1309 1507 172
5680 8969 262
7324 4120 262
9393 9678 198
6979 8954 252
9296 1854 262
8476 8272 234
6963 205 262
8820 8033 234
4036 3532 238
2469 9469 262
235 2611 209
6779 7271 257
9046 6266 257
9076 3280 262
2688 5328 238
9038 5364 262
4535 5767 236
8676 3084 262
9556 6185 260
7400 4157 262
2094 3665 217
634 7887 262
8048 4925 262
1331 195 182
5666 6768 262
1683 6911 262
6315 6806 244
6242 9653 260
7592 3586 262
4761 7807 262
913 7961 262
3431 404 217
4201 1086 238
4468 8586 262
3989 485 238
5687 5201 236
5496 101 238
1103 8200 262
7184 4429 262
7137 3918 262
4490 7803 262
9726 6579 260
6723 790 262
606 596 119
8692 2320 262
7775 722 262
9863 8515 260
1284 5707 238
6420 4627 262
4331 3802 202
2376 7645 262
1463 3259 217
6737 3132 262
8309 721 262
6948 1025 262
8412 509 262
6001 9398 262
1897 8315 262
5646 4000 236
4963 2534 238
3755 540 238
4287 8822 262
11 6537 262
8174 4663 262
6636 4494 262
4572 4989 210
4822 6839 262
8414 4892 262
9958 561 262
8744 4093 262
2769 9776 262
416 414 134
9892 6637 260
4370 3348 238
4135 4833 215
5144 8929 262
907 880 148
5808 9055 262
5204 2538 238
7448 4422 262
1950 1035 182
7760 9417 260
8551 1939 262
2187 5184 238
9686 1097 262
7923 525 262
9182 364 262
3252 3013 199
5496 2203 238
3455 1537 217
6981 2209 262
831 8032 262
6715 2096 262
2137 3113 217
2010 9938 262
2920 5686 238
9611 4382 262
1610 9909 262
2868 9440 262
1267 6120 238
4521 5000 210
2578 4516 238
7143 9923 260
5882 3981 236
31 6886 262
2437 6326 262
3946 6995 262
3234 2603 217
3457 8481 262
6518 2835 262
8782 8882 185
2806 3459 217
4161 4993 215
6202 8652 257
3945 8543 262
7556 9636 260
7444 1873 262
7014 7323 195
4782 8442 262
9519 5780 262
1730 7161 262
9083 4956 262
3033 9365 262
9196 9314 260
2505 4329 238
7712 9856 260
1611 3882 238
2552 9905 262
6762 7617 257
5406 8865 262
5114 2123 238
8637 4944 262
2995 5119 238
3744 2189 238
4503 7640 262
5071 344 238
8213 6220 257
9933 3318 262
4098 7783 262
7074 7860 239
4820 5591 236
912 4011 238
4979 3016 238
6046 8543 262
563 8271 262
3984 3009 238
710 1100 179
8551 8214 234
4666 2952 238
1618 3503 217
5300 4954 192
7585 7917 221
7443 1870 262
1516 3504 217
7258 4330 262
265 3383 217
5155 9353 262
6028 2527 238
9260 8756 260
7387 2953 262
9130 7423 252
5550 3787 215
9199 1880 262
8604 8891 216
2444 4687 238
3586 8828 262
8588 199 262
4032 818 238
7462 3477 262
215 1564 182
6833 6384 244
5512 9723 262
2872 2792 173
4734 6143 236
8031 1554 262
8705 2381 262
8888 4916 262
6682 7111 257
8787 1559 262
4041 1434 238
1937 2660 209
6939 7563 257
4527 9755 262
9713 3527 262
8622 7596 252
342 1178 182
3055 9159 262
7198 6021 262
2452 4728 238
333 9463 262
805 2938 217
4406 6058 236
9944 908 262
6540 4259 262
3698 7344 262
2966 2282 217
5606 1458 238
8413 118 262
185 5625 238
300 1460 182
4741 2217 238
7847 6852 257
6894 2923 262
8050 8616 234
3650 1362 217
7797 7232 239
697 6124 238
5251 7445 262
2432 6239 262
5936 9360 262
7802 1266 262
2438 8388 262
5121 3949 215
3895 5425 215
7904 2776 262
6287 4990 262
4144 846 238
6333 7258 257
5579 3262 238
4203 7105 262
8221 7032 252
8631 4687 262
2368 8644 262
3845 5649 236
9750 7318 260
1274 126 182
5417 7864 262
5349 6681 262
958 980 143
2706 6815 262
3308 2190 217
4528 4906 197
3716 3615 238
8898 9309 260
7496 9450 260
9027 6030 262
4399 7867 262
6663 8986 257
8854 7519 252
6204 580 262
724 3384 217
3222 560 217
9035 1175 262
703 2676 209
3280 9437 262
4751 2916 238
8851 3014 262
2949 2493 217
2982 4084 238
3209 5848 238
179 2707 209
8268 2307 262
3911 4115 189
7359 4471 262
4947 8618 262
7657 2305 262
3638 9664 262
1735 9899 262
8509 8657 203
9114 3013 262
6725 6281 244
4614 9105 262
9963 2074 262
4378 2980 238
1148 8270 262
9754 5632 262
8740 5634 262
1195 2521 209
9425 7598 260
4959 6872 262
8949 3321 262
7402 8019 252
6393 518 262
3581 2614 217
7941 1357 262
3869 8595 262
2464 5671 238
5135 1650 238
9872 6426 260
5651 1892 238
11 1218 182
6526 2655 262
5495 3902 215
8035 6393 257
2547 4971 238
6122 6188 262
3590 1566 217
4866 2972 238
2111 1161 182
8110 776 262
3324 9695 262
8475 1535 262
5495 4415 210
6876 424 262
1358 3078 217
5223 5628 236
173 5575 238
4040 8840 262
4418 8184 262
3891 531 238
4897 2607 238
5896 2013 238
7517 1939 262
9685 5322 262
5579 9228 262
1973 4461 238
3636 3488 194
527 1582 182
2031 9195 262
9259 1296 262
2213 3420 217
2313 3444 217
6629 8707 257
3927 6594 262
2727 1227 209
2982 2734 217
9393 5297 262
9010 8062 247
6125 1378 238
4241 523 238
7816 1053 262
1293 5181 238
6053 7152 262
4678 4974 210
7627 418 262
6262 2466 262
850 2740 209
7720 5008 262
377 2431 183
3582 7826 262
8660 8328 234
1194 3498 217
4830 8226 262
1349 8823 262
880 2554 209
6228 9469 260
6432 7425 257
6407 4278 262
1273 501 182
3931 1602 238
9078 699 262
7295 4550 262
3653 7128 262
9578 60 262
8152 4671 262
7085 7225 195
5016 5021 135
4178 5220 215
6896 8696 257
5601 5665 174
5118 5119 117
1618 3724 238
9569 3755 262
