1 10 20
100 200 125
201 210 89
900 1000 174
89383 30886 351
92777 36915 351
47793 38335 314
85386 60492 351
16649 41421 324
2362 90027 351
68690 20059 340
97763 13926 351
80540 83426 320
89172 55736 351
5211 95368 351
2567 56429 340
65782 21530 340
22862 65123 340
74067 3135 340
13929 79802 351
34022 23058 308
33069 98167 351
61393 18456 340
75011 78042 351
76229 77373 351
84421 44919 351
13784 98537 351
75198 94324 351
98315 64370 351
66413 3526 340
76091 68980 325
59956 41873 340
6862 99170 351
6996 97281 351
2305 20925 279
77084 36327 351
60336 26505 340
50846 21729 324
61313 25857 340
