26585 81099 351
85904 99869 333
9323 9675 198
8432 68570 340
65212 90671 351
65218 86394 351
18834 55800 340
5347 18393 279
32956 38949 324
69090 94334 351
73890 75345 325
39972 88104 351
53771 56673 322
18984 87990 351
17155 62229 340
95777 98408 297
77001 90519 351
4454 15188 276
55455 71860 335
69315 76201 325
81346 97660 333
80781 96196 333
97909 99721 328
94596 97531 328
18209 38710 324
93879 95922 328
89780 91422 315
68341 88649 351
92967 97038 328
66833 84695 351
74147 84132 351
72674 90188 351
437 41788 324
61801 79741 351
27131 76342 340
99887 99957 204
39751 93541 351
30418 91261 351
51288 74165 340
86843 99158 333
9414 89296 351
96453 99868 328
97753 98657 297
91140 96540 333
90312 95323 333
65573 91716 351
70800 81183 351
24471 79157 351
52372 62481 340
46617 47495 314
56900 92690 351
91545 94223 315
91812 99278 328
82966 90186 333
5228 89110 351
76850 86788 351
64399 65346 268
86822 87552 333
73744 93505 351
20855 24399 282
86653 95514 333
72649 97773 351
15909 22382 279
11120 18576 279
32339 74714 340
99395 99919 328
82899 91131 333
73902 96214 351
49011 98716 351
32410 61939 340
83179 83343 258
12491 93089 351
85182 96905 333
38862 69050 340
34305 85410 351
40861 73708 340
31358 48163 324
88207 98325 333
3720 55195 340
20388 34038 308
34121 43873 324
39891 61616 340
83172 99423 333
63963 79815 351
87784 93837 333
7821 77500 351
71703 86016 351
78407 84015 338
41728 58680 340
85751 87131 333
33959 61530 340
3962 37018 324
35511 80439 351
34551 39139 324
41200 92681 351
22960 93404 351
93262 95197 328
33375 41275 324
19329 87570 351
55500 84414 351
66209 72169 325
91133 97870 333
6879 93262 351
20707 30525 308
19663 67045 340
49336 64539 340
40412 94005 351
30968 81901 351
31135 61282 340
87062 94080 333
97095 97949 297
93948 96713 328
73098 75360 325
25060 76638 340
51604 54693 340
1750 67249 340
86294 95008 333
48830 72018 340
76406 90440 351
46073 58429 340
96471 97296 266
78353 96897 338
49644 52372 309
47172 51316 314
66211 86387 351
56828 79885 351
38793 44630 306
20344 96555 351
90816 99221 333
49444 53923 340
1571 18325 279
22608 25613 282
91205 98177 333
54297 89910 351
50917 97996 351
19625 48057 324
97744 99856 328
42250 93098 351
35651 97049 351
17305 94195 351
47942 63208 340
95682 98592 297
73064 90902 351
14535 21885 279
35938 57091 340
48262 67637 340
96203 98907 297
38354 78310 351
75408 75456 232
25166 73537 340
28037 42770 324
55407 85464 351
93925 94166 284
16580 74044 340
71614 77722 351
62161 75028 330
12054 73253 340
91592 96264 328
47424 66765 340
96318 99547 328
10297 34586 311
16411 77419 351
40738 55336 340
15063 68849 340
10203 98143 351
57813 87154 351
6313 52802 340
27675 82305 351
57424 86660 351
27444 76153 340
54854 79665 351
96543 98091 297
40828 64659 340
20204 67086 340
68536 94117 351
40213 47235 314
62052 63636 330
11884 59652 340
8427 70765 340
96970 98080 297
21345 22630 269
80181 96627 333
22405 81790 351
78974 82633 320
90432 91944 333
37506 60042 340
94320 98941 328
29489 57963 340
81054 85609 320
50670 69693 340
18295 83333 351
72973 78466 351
4821 43441 324
73100 85129 351
88484 98264 333
50624 53541 340
32907 85608 351
81365 92661 333
37084 94141 351
20445 45991 324
27646 82573 351
48105 98146 351
29350 90068 351
71576 88331 351
22201 97322 351
31028 79810 351
48382 93861 351
11912 89219 351
91237 98002 333
55100 90130 351
23886 98887 351
33454 34487 311
7862 67542 340
53784 57609 322
25361 59688 340
67487 73361 325
98514 98799 266
75360 78727 351
16426 63429 340
76846 97738 351
79377 99941 333
88407 98509 333
61968 87943 351
59971 66795 335
88499 95635 333
60529 75941 335
14882 24153 282
54702 64163 335
64960 78377 351
13683 49440 324
74672 74807 325
84125 94937 333
10348 95714 351
76268 93485 351
58112 58788 273
44924 69044 340
46502 97751 351
88528 90454 315
28308 74261 340
10562 77808 351
63487 85618 351
68093 78230 351
73010 98399 351
94213 98019 328
47445 55883 340
89356 91462 315
23859 48372 324
44721 86350 351
58425 67590 335
88689 93645 333
34647 80116 351
74039 94194 351
8299 38043 324
62832 73213 330
81985 97892 333
14537 57738 340
35489 58529 340
13710 62202 340
82559 82876 320
72415 76465 325
41518 48031 314
72388 90354 351
49644 93589 351
22711 58973 340
18986 25435 282
21091 63547 340
79977 91871 333
40090 60206 340
19469 93476 351
93711 99921 328
84377 88769 333
99438 99892 328
45030 86135 351
50300 80775 351
31493 66580 340
94700 96274 328
1264 12942 268
40702 61668 340
28174 68684 340
63299 91345 351
11564 91806 351
21251 46701 324
22877 28554 308
84230 88011 333
28999 78669 351
11769 14883 276
9053 36217 324
40383 69629 340
70397 94895 351
40728 60619 340
85968 93266 333
8202 70062 340
7876 8850 252
559 52066 324
37822 75851 340
70749 91835 351
6489 79334 351
6021 36257 324
4123 63699 340
33184 66027 340
65471 74614 325
91746 95874 328
44741 70824 340
41475 56323 340
73274 85983 351
41705 43511 288
79110 89646 333
32902 79476 351
94615 99166 328
73361 84163 351
83076 93141 333
85440 99386 333
45715 60483 340
34618 44366 324
87 66645 340
4002 34984 311
6341 81208 351
20713 41926 324
44796 53388 340
52675 85499 351
38721 61057 340
59919 84464 351
78910 81186 320
15195 47248 324
13555 32292 308
47739 93348 351
2536 67123 340
46198 81609 351
72156 88499 351
19431 69072 340
44474 60429 340
68952 99143 351
56520 70914 335
58764 97984 351
88452 90694 315
65670 89073 351
67055 93535 351
24487 55820 340
65605 94442 351
76630 81707 351
30272 62319 340
91570 94158 315
80347 97133 333
19651 66338 340
14959 32155 308
78055 85969 338
24232 31170 308
19857 89885 351
31919 84042 351
12266 61838 340
4173 39575 324
33967 53160 340
5280 26643 308
80343 88490 333
22522 66544 340
98115 99561 328
5146 69192 340
54318 66769 335
36994 72204 340
53160 64071 335
83444 85878 320
44574 97288 351
12383 88962 351
98417 99766 328
9149 34426 311
4714 12590 268
57332 71785 335
7570 13669 276
15838 42662 324
32745 55739 340
26436 71665 340
72012 86217 351
89383 96426 333
75999 90714 351
97697 98079 297
1136 63396 340
41156 89645 351
55080 62195 335
82483 90622 333
36205 58277 340
15188 68004 340
72208 84822 351
46779 83469 351
21727 80345 351
38160 89065 351
69123 69295 250
75352 81596 351
97757 99002 297
73392 74453 294
4262 53844 340
75336 80276 351
92180 97636 328
48293 77911 351
40473 72217 340
61628 86200 351
14468 73100 340
79622 84716 320
93044 93418 284
14032 94485 351
1953 94489 351
62607 85045 351
7093 30489 308
45475 46731 283
41059 54450 340
76958 92333 351
97273 97584 297
74767 86673 351
18058 59325 340
76898 88394 351
21568 78513 351
50388 96774 351
95915 99750 328
87929 98848 333
13702 70091 340
26595 84280 351
98445 99611 328
58597 69189 335
52620 80236 351
72229 79586 351
29535 70522 340
51741 56728 340
60706 73685 335
40005 65298 340
14940 25587 282
35079 71706 340
44943 79160 351
45226 54179 340
80752 85078 320
40923 49099 314
72620 74363 294
77101 77544 232
81450 84299 320
91017 96882 333
69281 91927 351
88887 97385 333
59491 97770 351
91243 91475 333
90381 92012 333
69173 79347 351
21809 70844 340
35020 64672 340
90078 94581 333
83088 94146 333
30316 65109 340
49142 94728 351
48505 95254 351
24586 26921 308
18354 91398 351
60640 82989 351
83902 91102 333
98607 99837 328
32366 92422 351
87839 91042 333
20950 84827 351
19351 40645 324
5562 45725 324
36765 77551 351
24673 71998 340
4214 91590 351
91072 94650 333
77281 93710 338
84907 90482 333
66191 99406 351
38246 56042 340
1336 74735 340
11330 33925 308
87287 96288 333
61849 78499 351
89811 92410 333
18537 99243 351
79605 83402 320
1549 91654 351
3863 71821 340
96570 96911 222
7455 34894 311
2117 89664 351
53530 83096 351
34999 88114 351
15756 66917 340
58005 99019 351
49139 94079 351
21404 84068 351
83375 86798 320
31043 76461 340
79449 94610 333
83580 98502 333
60094 96984 351
36708 37974 306
37926 82046 351
32013 51069 324
88534 94463 333
98723 99501 328
49461 95239 351
82020 89457 333
71067 79348 351
13531 85993 351
50096 79210 351
96351 97030 297
62607 76489 330
57602 58629 273
74326 96612 351
44589 60292 340
54010 63430 335
47017 62506 340
81387 92124 333
31471 75550 340
35379 73356 340
45851 95232 351
36613 60738 340
7700 71869 340
43830 50997 314
96740 97178 253
66484 91446 351
24809 49603 324
42879 69414 340
28438 67564 340
51144 56125 340
21039 95094 351
51270 83305 351
55181 92106 351
7418 82293 351
63980 98553 351
83687 95731 333
45048 59726 340
7590 66386 340
26757 27241 259
39527 48175 314
18332 73943 340
20572 30764 308
89120 99726 333
21772 45292 324
58155 70235 335
39586 96103 351
30157 78504 351
19446 71653 340
70391 70778 281
18161 24742 282
3444 21230 279
19899 28775 308
9345 82694 351
99627 99732 328
21259 49887 324
1841 37991 324
99907 99987 204
95598 98142 297
13402 63223 340
94427 98324 328
72851 85795 351
34264 88857 351
39439 85717 351
4523 19775 279
13109 24673 282
90570 97048 333
74429 79153 351
67495 77597 351
51036 62288 340
7599 88225 351
61827 86548 351
34678 79586 351
54776 66935 335
9779 47521 324
96958 99344 328
63016 73904 330
22197 26764 308
81460 93594 333
60252 99523 351
33947 63395 340
25782 32616 308
68444 71491 325
7823 23915 282
77523 90674 338
49102 80086 351
18685 77850 351
36253 77885 351
76517 93759 351
5341 63561 340
81511 96176 333
49955 99268 351
17611 25085 282
39837 73764 340
18775 93517 351
81702 87739 333
51555 78930 351
54057 57128 322
53509 98690 351
26121 28597 308
40408 70393 340
79717 86012 320
92205 95347 328
27309 49345 324
69661 99977 351
71348 78906 351
20282 63394 340
98376 99817 328
27263 68999 340
62996 99816 351
25849 87454 351
43378 66612 340
81929 83650 320
73402 94668 351
87230 98031 333
66191 95467 351
29409 60968 340
74331 89566 351
90322 94626 333
67531 99428 351
59041 61627 335
67540 94872 351
11836 63753 340
35272 41072 324
9604 93787 351
96288 99076 328
2513 91949 351
39979 70495 340
58747 71004 335
19647 56507 340
68311 97125 351
80612 85422 320
64036 78265 351
74001 78637 351
42902 50874 314
11392 67181 340
1566 37758 324
11586 44964 324
29422 74929 340
183 80256 351
91155 92558 333
9932 31278 308
79538 99868 333
61514 62725 317
83287 97447 333
60479 72454 335
13983 20529 279
75885 93200 351
9470 33875 308
15267 91205 351
57699 58612 273
81702 93869 333
74352 90525 351
85367 87359 333
85871 87235 333
12140 91607 351
72525 89994 351
17264 28045 308
50847 76551 340
69701 84205 351
99869 99891 204
90975 96799 333
88411 99251 333
28465 95761 351
93937 93975 178
31663 96348 351
58294 66473 335
43157 44794 270
5983 15074 276
92601 95932 328
61040 71396 330
90460 91006 271
36314 50740 314
40820 64539 340
25340 37434 324
97750 99105 328
68159 81545 351
9851 42631 324
35236 99368 351
71020 90749 351
35016 70966 340
57346 77513 351
82984 87614 333
16841 92200 351
51516 63180 340
82372 94085 333
33473 81653 351
74586 80858 351
14545 51823 324
66767 78885 351
42579 78423 351
87287 95322 333
2179 54519 340
82009 98774 333
62168 90123 351
18201 87332 351
27622 39154 324
89265 95211 333
83449 94335 333
50614 78967 351
48639 49570 296
18749 40793 324
56623 71797 335
38250 66773 340
51480 85714 351
44285 70676 340
51192 59672 340
64398 72573 325
92878 95112 328
60870 88207 351
49598 91059 351
9266 23634 282
4890 12709 268
12092 63992 340
8603 13251 268
91839 97863 328
36600 56311 340
5243 39272 324
82057 93461 333
61912 75336 330
62384 88871 351
86986 95060 333
13112 23730 282
49670 75211 340
19792 41045 324
52318 67609 340
22284 23232 269
4341 89723 351
87601 96138 333
74666 90502 351
8038 46731 324
23695 97262 351
55874 98468 351
2522 94148 351
76318 97503 351
79857 82534 320
16007 22763 279
38735 86502 351
68418 87500 351
91428 91880 333
56527 91520 351
69043 73942 325
32179 54824 340
51533 66853 340
36084 77628 351
36501 41875 306
49718 55968 340
88016 95753 333
4589 77772 351
28120 36894 324
52654 63027 335
30282 68656 340
38184 76016 340
66938 84959 351
7691 95517 351
48033 67836 340
36049 76370 340
47492 82056 351
30956 84467 351
71508 91932 351
12653 44987 324
93084 96144 328
33264 71831 340
72194 92200 351
12223 49771 324
36693 74089 340
81613 83316 320
79961 85183 320
33400 44328 324
36850 78855 351
4018 5570 236
67080 81207 351
80189 97110 333
80038 80737 320
67 79028 351
64080 80956 351
67815 72519 325
5972 68060 340
89425 95835 333
88720 94875 333
26258 32970 308
32053 43026 324
76398 81329 351
53578 82304 351
45736 78842 351
12780 46539 324
72408 80665 351
17103 53257 340
43039 88414 351
52294 65977 340
93532 95472 328
13589 72386 340
32973 89061 351
89009 92821 333
87280 96411 333
29377 29630 272
64811 72283 325
87771 92949 333
4787 9287 262
15812 72147 340
72507 82366 351
48737 71427 340
37746 82341 351
16181 62743 340
11359 94011 351
79641 90607 333
38345 40340 306
26448 84089 351
7584 92518 351
85804 99316 333
15573 95709 351
88930 93948 333
12488 28004 308
39550 40447 306
65469 75788 325
41056 81592 351
20531 71069 340
77737 91853 338
79411 91687 333
75790 91994 351
24437 50513 324
34644 75827 340
29780 51857 324
17537 76599 340
10896 35420 311
72960 75773 325
64008 70700 312
21286 95753 351
59497 87439 351
30165 94502 351
66907 68992 312
65581 68675 312
34423 55593 340
57159 62969 335
79323 94968 333
31617 64709 340
15958 72890 340
2605 51103 324
57135 81844 351
90449 96829 333
73946 96163 351
35500 94227 351
28878 88207 351
69080 91729 351
25176 48561 324
25863 87890 351
65673 87776 351
84663 90480 333
47009 72334 340
42308 52134 314
16563 46929 324
83684 93703 333
2412 85426 351
53101 90389 351
54128 55301 260
74867 74972 201
23289 85659 351
78345 79843 338
81708 89039 333
80192 99094 333
77481 85267 338
28849 90586 351
48630 77638 351
74527 98323 351
96054 98803 297
3136 67074 340
88718 95770 333
42205 95700 351
60368 88148 351
99510 99852 328
93888 99513 328
35491 72366 340
28952 72882 340
867 32562 308
76125 89133 351
87582 92655 333
91934 95175 328
4665 40419 324
63520 77765 351
51144 67559 340
6827 72144 340
25277 52522 324
4603 42367 324
63037 68086 330
3243 88460 351
46683 63056 340
65128 97129 351
78464 99357 338
31802 54477 340
75576 84328 351
17687 92348 351
93754 96243 328
51343 51962 309
84853 98360 333
6720 82772 351
23847 75119 340
17602 49877 324
58747 89620 351
54837 88271 351
80885 88390 333
77786 99402 338
84601 99620 333
82820 93377 333
8015 73861 340
14022 47581 324
41188 95727 351
65522 84117 351
38185 42885 306
82837 86487 320
24795 61965 340
31969 55543 340
45174 53309 340
41236 47974 314
31294 40274 324
42220 63149 340
97829 98486 297
33214 54747 340
69188 94229 351
91739 95912 328
94400 98974 328
41308 75969 340
47729 59040 340
62876 76183 330
40988 51261 314
64035 91220 351
45132 48795 314
9654 10789 255
64447 90795 351
59590 66208 335
74702 79250 351
58403 95394 351
83817 90339 333
13393 39133 324
23046 31644 308
13460 82027 351
41271 61426 340
41888 95148 351
25450 66831 340
19158 67929 340
90049 99324 333
54160 86582 351
31788 69513 340
46539 61076 340
58142 67655 335
44266 84858 351
89757 97092 333
88579 97471 333
84097 95523 333
42040 75800 340
28705 63525 340
56249 69037 335
42792 46460 314
22248 82086 351
96778 99939 328
27515 30382 272
40733 44238 288
22378 26374 282
26239 55628 340
87309 92851 333
34130 77866 351
89996 90542 315
29839 69940 340
22369 38291 324
20647 43407 324
10960 29140 308
90366 98180 333
33644 92397 351
18517 55981 340
29788 88213 351
30828 59109 340
8672 22513 279
94495 95758 328
96421 98682 297
70998 75820 325
49985 88125 351
57342 57464 260
38787 96225 351
37622 87179 351
37632 59720 340
18274 29176 308
22727 77874 351
6326 55053 340
35411 72314 340
73130 73940 294
95401 96291 284
26048 74957 340
14163 42235 324
50768 87762 351
68371 97996 351
5572 25850 282
44687 98163 351
12694 96657 351
3577 43852 324
90427 94008 333
38471 68965 340
47511 70848 340
32560 60762 340
85512 90790 333
78976 98881 333
32164 74146 340
5035 80621 351
83410 92155 333
96201 97574 297
42610 54011 340
93558 93784 253
46488 60072 340
10242 32888 308
33609 88962 351
75513 87064 351
45590 75404 340
29930 76708 340
66155 79542 351
44574 83248 351
94129 98400 328
