33735 3661 308
54211 2582 340
39129 7203 324
4550 6565 262
97460 3962 351
25586 6883 282
18278 3615 279
32982 2807 308
74577 8138 340
65887 6100 340
92912 3093 351
3386 4796 238
50279 1914 324
25358 9260 282
91947 2794 351
42639 7636 324
58923 9769 340
88193 1418 351
73562 4135 340
14154 8788 276
48858 8090 324
35633 7075 311
7271 3143 262
39929 5136 324
69725 415 340
31540 9422 308
53158 1590 340
8230 4239 262
37508 1247 324
85431 611 351
97527 5426 351
61076 8187 340
6572 4688 262
88996 8923 351
18851 1710 279
55266 4781 340
73947 2396 340
3931 7427 262
77404 5594 351
27621 6996 308
51200 1984 324
68345 8632 340
51327 3883 324
41199 5791 324
16693 1672 276
36181 9883 324
78610 57 351
92780 6270 351
46815 1844 324
20128 4445 279
95400 3547 351
36897 3380 324
69194 9862 340
36802 2404 324
68474 6732 340
8494 8919 216
42447 4561 324
29090 5748 308
29549 2537 308
96778 2734 351
63887 1867 340
15324 2007 276
75856 913 340
82347 4177 351
31350 1883 308
92329 6885 351
15900 2787 276
4989 9917 262
54139 1435 340
24925 8283 282
73748 1794 340
37479 9437 324
90940 614 351
36802 6648 324
15780 3268 276
95980 7345 351
84356 8267 351
66015 3035 340
23076 7854 279
41221 2794 324
11463 2135 268
83412 3062 351
55796 6153 340
34025 1835 308
20994 4079 279
91069 8509 351
48767 5200 324
90086 2041 351
97309 4355 351
93709 4103 351
7866 6623 257
26023 9948 282
50922 539 324
29650 8715 308
79971 549 351
58702 9723 340
86341 6350 351
50101 6420 324
44580 2354 324
24760 291 282
57235 1957 340
36056 2958 324
81775 313 351
71038 6417 340
11077 6732 268
85815 7350 351
16641 9631 276
36912 1346 324
88084 7585 351
42378 8828 324
1185 4681 238
32665 2730 308
7172 9587 260
33439 3860 308
85151 1489 351
42336 1577 324
17603 7171 276
44865 8208 324
85847 1890 351
40578 7655 324
2152 966 182
37494 3783 324
53293 5591 340
85787 1401 351
25526 3872 282
93498 6273 351
96081 8799 351
58044 9241 340
27896 7017 308
7142 329 262
73882 3515 340
29683 1009 308
36388 4444 324
41901 9017 324
38188 1150 324
42408 8800 324
68122 7491 340
61691 704 340
59412 5724 340
72763 6387 340
32004 4412 308
52982 4495 340
39304 2251 324
82185 4684 351
44437 4118 324
55999 7895 340
99689 4756 351
92134 3807 351
25612 5492 282
53583 8092 340
71938 7314 340
51170 4079 324
35536 6616 311
60156 2836 340
68712 3425 340
75494 2501 340
84018 2905 351
64659 2361 340
39353 9296 324
21750 2425 279
84368 7373 351
58845 7042 340
76511 3599 340
24622 5734 282
26062 5455 282
5628 3421 238
49740 9873 324
97670 5466 351
42268 8953 324
1036 6376 262
73085 3083 340
56975 2739 340
29333 6634 308
90276 7506 351
41593 7826 324
79189 3346 351
79387 6114 351
5364 9871 262
89393 6128 351
28317 5323 308
44222 2656 324
9415 257 262
38879 4624 324
53894 4515 340
34004 5323 308
99328 4095 351
56808 5277 340
23017 8976 279
23647 9125 282
17342 7953 276
23868 4390 282
49691 3516 324
8364 1352 262
99225 9857 351
41266 6221 324
67976 7618 340
45840 2317 324
1284 6059 238
2767 434 209
77527 4831 351
41803 656 324
89163 9805 351
477 8172 262
2026 6481 262
41990 2253 324
70676 6775 340
6421 9232 257
17020 4203 276
74134 8581 340
95040 5532 351
44152 8407 324
69666 5855 340
98904 2521 351
70920 8463 340
10351 1532 262
28845 5089 308
39189 1149 324
833 230 171
2160 11 182
41732 2810 324
45021 4230 324
69498 458 340
90906 2099 351
19692 5251 279
63437 4604 340
5307 1540 238
12949 8852 268
91905 197 351
40555 7912 324
73478 9601 340
10932 3361 262
69116 4703 340
63974 2711 340
60471 831 340
4756 1327 238
60940 6303 340
25720 5412 282
71877 3949 340
79100 3604 351
6047 4711 236
95333 6705 351
24832 6318 282
69053 7208 340
88120 6169 351
93404 5646 351
83635 3574 351
61489 9366 340
96791 8155 351
52306 7120 324
29057 8907 308
71390 4604 340
87415 7204 351
56267 1611 340
48361 7636 324
20722 9238 279
96136 4412 351
32627 1256 308
8771 5389 262
64805 3062 340
75227 9199 340
24030 2591 282
15138 7569 276
1180 6751 262
28724 4682 308
73934 2189 340
82321 6190 351
50658 4724 324
97943 2972 351
15307 6175 276
75672 9140 340
91886 574 351
26845 1782 308
16361 2773 276
98967 7638 351
50465 5843 324
93533 5339 351
14407 8560 276
84167 4246 351
80231 7759 351
21062 1216 279
24972 6115 282
44446 3308 324
6259 7566 257
9953 7036 260
51882 9700 324
43240 4320 324
773 6543 262
76785 1257 340
97917 7948 351
40400 2603 324
94725 4850 351
21811 1617 279
11978 8899 268
1719 3306 217
68710 9930 340
38944 7841 324
74722 6644 340
29945 4554 308
71078 6796 340
30024 8088 308
93278 1087 351
14381 6748 276
93130 958 351
36055 6536 324
57698 129 340
27683 1698 308
47748 984 324
3826 3508 238
90780 4877 351
11685 6896 268
85102 1877 351
25624 3936 282
53635 8086 340
72056 5467 340
65646 4227 340
17474 9300 276
75066 818 340
63834 6397 340
48498 1870 324
92261 7833 351
74252 4184 340
92611 5982 351
41395 9416 324
75308 2985 340
74863 7202 340
27142 6220 308
39347 5332 324
75104 7650 340
60739 4076 340
95790 8020 351
71872 8374 340
88482 7140 351
31410 6530 308
39139 4902 324
45457 6356 324
26797 3614 308
12687 9109 268
19877 2196 279
33861 311 308
38870 6388 324
40057 854 324
55725 1858 340
28393 8938 308
53261 3355 340
95863 7241 351
39120 1319 324
74928 6569 340
51643 2683 324
54746 4451 340
32957 7467 308
84890 8899 351
60100 7340 340
96224 76 351
22076 7366 279
87727 6025 351
88420 5577 351
10733 1293 262
79822 2583 351
48099 7628 324
4243 1487 238
11313 5571 268
55313 3562 340
23922 1634 282
2307 8190 262
3143 6650 262
24507 3920 282
45794 4256 324
59998 1398 340
80689 113 351
10172 7083 260
61605 9057 340
65162 6203 340
18559 4684 279
40318 7886 324
88470 9965 351
9127 962 262
6599 4732 262
48934 5856 324
11673 6690 268
30092 4289 308
26091 4281 282
86674 1946 351
17341 5807 276
60655 5218 340
44856 281 324
70426 6804 340
51547 4595 324
46748 2911 324
39907 5845 324
38672 6299 324
77941 1074 351
75130 3975 340
38827 3450 324
20034 3646 279
58810 5359 340
68844 3239 340
34204 6645 308
43989 8523 324
49022 9331 324
66635 3154 340
1960 8534 262
91497 6022 351
29700 1236 308
15182 713 276
44301 8461 324
80921 7427 351
14773 8126 276
78979 5139 351
96275 4016 351
13081 7302 268
45896 221 324
27061 5638 308
9356 5170 262
10744 7194 260
89626 8496 351
14726 331 276
25173 2621 282
92349 3574 351
98133 3336 351
12595 5181 268
37873 7481 324
70828 1529 340
61962 6822 340
26357 9482 282
71282 5730 340
25024 7614 282
37304 7471 324
77116 3200 351
38609 2517 324
112 4472 238
29829 8603 308
4532 9073 262
79795 5186 351
36811 4983 324
23553 7202 282
22945 5983 279
54340 4715 340
77662 2001 351
78312 5965 351
79972 3712 351
8892 5363 262
48906 9498 324
83934 6202 351
8597 5802 262
55871 9184 340
62448 3851 340
35506 8392 311
35880 4231 324
67510 9386 340
50823 830 324
89085 5270 351
74283 1122 340
53560 2169 340
71361 2575 340
63970 7496 340
1827 9176 262
9542 1497 262
92972 5068 351
35917 6706 324
54900 7432 340
76520 7129 340
92717 2598 351
64534 9162 340
67832 7347 340
93714 2119 351
55268 3630 340
74109 2105 340
68836 8171 340
53155 7493 340
14092 2952 276
9421 4618 262
2472 3623 217
71010 6695 340
86265 4250 351
50522 5978 324
87725 5453 351
17761 2642 279
1689 7085 262
57957 6550 340
82614 9575 351
65148 9534 340
70678 4795 340
36692 7695 324
31777 1614 308
408 5 144
53776 2799 340
7996 3624 262
33381 8993 308
19014 1793 279
12549 9079 268
57209 3318 340
82932 4191 351
33951 7185 308
39915 917 324
67474 8671 340
36568 6280 324
77895 276 351
21170 4569 279
22199 683 279
56982 7183 340
11819 6123 268
74019 1352 340
55492 166 340
4560 7194 262
28005 5323 308
25061 3784 282
23549 6651 282
52412 7360 324
35765 3016 324
36405 2401 324
22706 6921 279
1552 9449 262
82855 4523 351
75659 8524 340
43674 3362 324
53240 4194 340
83761 3485 351
11417 4567 268
13305 7335 276
79867 5686 351
77779 3161 351
93356 6799 351
90875 5292 351
83803 2933 351
6103 8413 262
20907 8597 279
81944 6794 351
93363 4480 351
76176 5369 340
22901 9737 279
86512 8487 351
1913 6634 262
23612 5421 282
14789 7873 276
9614 3727 262
44731 2680 324
69476 7903 340
14639 6674 276
59847 4510 340
95267 3201 351
34425 1458 311
11841 6821 268
61050 2291 340
72373 3023 340
85398 9632 351
32869 1987 308
33966 7039 308
69773 4012 340
50114 6817 324
2619 7289 262
18552 6019 279
4420 2149 238
10092 5761 262
4353 1797 238
49525 869 324
96234 1050 351
66063 9773 340
6061 8134 262
58409 1179 340
14826 1963 276
29613 6422 308
1006 1471 182
69768 2141 340
96810 2028 351
46902 1276 324
62416 3572 340
95659 583 351
1866 3169 217
56384 7651 340
71382 8474 340
37176 2196 324
48738 3058 324
68077 1521 340
65088 7467 340
25340 2068 282
41894 3048 324
6154 7965 262
15301 1296 276
99697 4054 351
90147 9229 351
89036 3313 351
35703 7300 324
91323 4206 351
69825 1648 340
59986 9689 340
52387 135 324
71588 9280 340
85664 5294 351
75496 1409 340
23312 7496 279
85381 1522 351
31965 409 308
38720 3467 324
37053 9898 324
17566 6861 276
25644 7141 282
84344 9030 351
73861 5231 340
36859 204 324
98812 6389 351
4632 7879 262
16284 3119 276
36303 6652 324
58520 8642 340
6930 8915 257
5232 5506 192
29849 3690 308
78114 628 351
66498 9954 340
4458 3313 238
6499 6919 244
88312 5558 351
24238 1934 282
79597 6776 351
92223 6343 351
57617 3078 340
48357 1265 324
78803 9943 351
31627 6044 308
62238 4930 340
76929 3386 340
99253 9532 351
11340 1967 268
26923 6091 308
27430 4264 308
17185 3001 276
17331 7720 276
73245 9429 340
32994 3596 308
6691 4324 262
15421 1792 276
80531 5301 351
70381 1979 340
67070 9025 340
61292 2582 340
7750 7313 239
59464 3946 340
77010 1018 340
66321 4950 340
11530 899 268
51648 128 324
78357 6711 351
84195 5571 351
90765 9958 351
24617 2038 282
74300 4630 340
28135 6846 308
88917 8902 351
6628 6585 244
30737 2963 308
52359 939 324
516 5796 238
97211 1815 351
65467 5936 340
33789 1587 308
2517 1008 209
12578 6525 268
81051 2190 351
31687 748 308
95613 5532 351
74518 9663 340
25067 6882 282
68465 9778 340
30444 4319 308
59103 5136 340
1247 8672 262
28816 1410 308
1420 783 182
82095 6612 351
48197 2419 324
86659 9929 351
65598 5973 340
73761 9253 340
5030 2051 238
21106 408 279
40481 525 324
18909 7979 279
14148 2652 276
90833 4707 351
1709 1298 180
8368 7874 252
32252 6893 308
54907 8764 340
30097 3526 308
30678 359 308
39555 4022 324
77464 5772 351
6330 1287 262
26034 3755 282
74347 6072 340
20985 5083 279
71822 3915 340
48882 7278 324
9340 5225 262
20281 2946 279
23114 4437 279
85421 8836 351
71805 989 340
95675 4672 351
97801 8252 351
77990 3699 351
33322 1389 308
9360 7729 260
5278 7850 262
87720 7523 351
23293 7363 279
98448 4360 351
60693 2955 340
99497 8508 351
36583 9995 324
84765 4422 351
29848 970 308
26537 7915 282
46517 5924 324
14533 6432 276
99046 2134 351
84434 2652 351
77069 2380 351
43455 9484 324
5596 6498 262
93303 5648 351
41456 6903 324
4042 7779 262
97901 5840 351
51798 233 324
38455 2361 324
87378 4465 351
15115 3973 276
23992 8057 282
30328 2886 308
73581 8448 340
83742 1400 351
46670 1110 324
20993 2232 279
27672 6592 308
42025 8723 324
30643 3112 308
59833 57 340
42812 4098 324
56873 8608 340
95246 9545 351
28995 324 308
40204 2423 324
38519 2412 324
92462 3635 351
7003 4088 262
85414 3669 351
71747 8118 340
86990 3861 351
57880 420 340
29231 5058 308
4056 9872 262
81136 5758 351
1579 4300 238
71545 8598 340
17053 4429 276
19427 9824 279
74076 4594 340
52575 2013 340
39536 7409 324
45759 302 324
68177 6989 340
33093 9522 308
98858 292 351
42886 893 324
39433 4037 324
90554 9861 351
26047 7471 282
44899 4358 324
2746 3380 217
84151 4869 351
42460 2796 324
33483 8930 308
57432 7990 340
50142 774 324
96009 1849 351
9376 604 262
3247 6681 262
79965 6524 351
1447 8165 262
40778 7634 324
30885 4093 308
52299 4446 324
9617 2145 262
32414 2772 308
34139 9045 308
37672 4883 324
18876 1921 279
98457 1411 351
50219 7748 324
79166 455 351
89624 2424 351
41476 9203 324
44936 5936 324
41988 5159 324
85358 191 351
751 1880 182
43875 5634 324
19959 8272 279
91233 845 351
75799 1084 340
60449 8388 340
1024 8004 262
97135 4671 351
87361 4791 351
84455 9841 351
76211 4484 340
16399 2434 276
87806 4789 351
70225 3543 340
86379 8950 351
18995 2371 279
90856 2196 351
58548 1720 340
28401 7088 308
7493 7254 239
73825 7298 340
80385 4980 351
11668 1818 268
11403 6908 268
39928 6354 324
66499 3487 340
41296 3792 324
36868 554 324
83428 6200 351
56957 9233 340
76425 1213 340
21354 5640 279
48904 5704 324
22030 5809 279
33614 8689 308
5583 2735 238
38320 9546 324
91502 345 351
20408 7564 279
18018 3690 279
46960 2936 324
56016 2277 340
74570 6080 340
5865 1301 238
33641 638 308
99584 5139 351
57072 8130 340
79910 5537 351
17349 6409 276
19780 8835 279
53346 1272 340
36980 4349 324
92568 4968 351
50493 9095 324
93184 9948 351
96745 8958 351
78431 4046 351
70532 8180 340
98196 7895 351
56467 6055 340
9026 4205 262
58575 1135 340
37621 8198 324
94269 5457 351
96595 203 351
23307 7377 279
18592 8216 279
92553 7172 351
3789 3696 238
74529 7107 340
53823 5214 340
3412 4027 238
41176 4342 324
8307 6642 257
78244 9337 351
98135 244 351
23457 8311 279
5437 5771 236
49803 8831 324
64129 2205 340
13284 6754 276
96310 1247 351
23037 7350 279
57376 2616 340
67620 3159 340
38062 9840 324
138 5495 238
1303 9431 262
65870 261 340
58416 7394 340
99083 2396 351
70887 2976 340
6108 7458 262
35999 2970 324
35656 1217 324
75976 5929 340
5133 3619 238
57050 3810 340
81453 166 351
56014 5772 340
75727 5599 340
28921 2754 308
6260 3162 262
11238 2868 268
34296 7072 311
98351 2696 351
99424 4737 351
9912 4590 262
54534 5473 340
91880 7841 351
25245 8671 282
28420 3433 308
2499 6160 238
33738 3597 308
40771 3755 324
82919 6869 351
71908 1453 340
99861 6334 351
22226 6060 279
74997 3335 340
43431 3593 324
80709 2121 351
31925 8895 308
797 1251 182
71058 2424 340
37644 2850 324
80673 1502 351
39914 9392 324
81209 9822 351
61690 3252 340
79988 3641 351
8831 5271 262
20246 6757 279
75639 4151 340
70488 849 340
19191 1236 279
22416 8293 279
19973 4887 279
799 8663 262
65324 7459 340
76470 3514 340
76960 3235 340
78982 1585 351
31598 7299 308
8355 4562 262
37023 6939 324
95444 7445 351
37705 550 324
63641 9243 340
93906 9313 351
92505 9116 351
81538 207 351
51752 2105 324
37571 3208 324
4753 7376 262
99512 1010 351
37830 7709 324
8087 7112 252
26753 3581 308
8868 6550 257
75701 7038 340
46700 1559 324
62358 1331 340
23291 438 279
63586 3876 340
16090 8288 276
43210 7009 324
90408 4923 351
88193 7207 351
74324 5888 340
74272 9740 340
11413 467 268
97492 4820 351
20262 4003 279
64549 4917 340
14304 2909 276
62531 3208 340
55126 7243 340
27023 1750 308
85287 5034 351
77475 9778 351
53860 1353 340
48127 2230 324
88543 4141 351
24593 5237 282
91979 5761 351
83424 8127 351
78454 5083 351
75990 8547 340
9280 9962 242
70343 4174 340
64854 6876 340
84226 8546 351
1680 6251 262
60787 4563 340
36099 8839 324
49874 250 324
2051 4191 238
95788 7244 351
59097 1737 340
39083 5109 324
27677 1857 308
54117 3502 340
18992 5342 279
