1 10 20
100 200 125
201 210 89
900 1000 174
5 10 20
4 5 6
100 210 125
935 1000 174
999998 999999 259
1 1 1
5 5 6
2 2 2
5 6 9
==6044== Memcheck, a memory error detector
==6044== Copyright (C) 2002-2012, and GNU GPL'd, by Julian Seward et al.
==6044== Using Valgrind-3.9.0.SVN and LibVEX; rerun with -h for copyright info
==6044== Command: ./RunCollatz
==6044== 
--6044-- ./RunCollatz:
--6044-- dSYM directory is missing; consider using --dsymutil=yes
==6044== 
==6044== HEAP SUMMARY:
==6044==     in use at exit: 15,700 bytes in 14 blocks
==6044==   total heap usage: 14 allocs, 0 frees, 15,700 bytes allocated
==6044== 
==6044== LEAK SUMMARY:
==6044==    definitely lost: 0 bytes in 0 blocks
==6044==    indirectly lost: 0 bytes in 0 blocks
==6044==      possibly lost: 0 bytes in 0 blocks
==6044==    still reachable: 15,360 bytes in 6 blocks
==6044==         suppressed: 340 bytes in 8 blocks
==6044== Rerun with --leak-check=full to see details of leaked memory
==6044== 
==6044== For counts of detected and suppressed errors, rerun with: -v
==6044== ERROR SUMMARY: 0 errors from 0 contexts (suppressed: 0 from 0)
