389188 745479 509
783673 948182 525
280587 702607 509
43169 125950 354
194942 997385 525
283622 400761 441
689505 719267 504
697354 125663 509
823269 396259 509
147201 216307 383
622817 748626 509
701059 357149 509
36068 487585 449
217118 436171 449
537421 644548 509
67433 503682 449
687192 120824 509
151678 631041 509
169093 242150 443
415516 544635 470
984651 856685 507
151324 608992 470
52571 12623 340
760316 641801 504
704632 79872 509
549752 265022 470
757127 602525 509
953662 172649 525
234905 872977 525
191177 672059 509
332270 245068 407
746053 82003 509
216359 514916 470
379852 507573 449
492732 435641 444
8849 956715 525
150609 510858 449
523292 906546 525
112796 219443 386
934486 147382 525
444940 165487 449
228411 243337 443
806441 594478 509
953202 64817 525
552617 598574 434
258123 687567 509
241010 805809 509
236852 631064 509
898463 790170 525
115585 462411 449
288959 480129 449
318969 863199 525
353122 275986 441
672496 939340 525
405997 320154 441
309436 99967 443
647008 364383 509
564941 344425 470
547802 38659 470
306090 730507 509
976836 688558 525
204080 902096 525
542423 555119 452
480089 915002 525
681209 637008 442
503308 893085 525
138316 9678 354
403246 459455 449
683551 908822 525
749127 904581 525
897770 836152 525
298047 205301 443
913898 606240 525
239138 315667 407
444767 942985 525
289493 721063 509
347830 392541 436
892743 989722 507
493102 321633 449
844284 821817 525
591218 220673 470
362060 896368 525
396228 785774 509
754377 212165 509
522762 791425 509
311775 774508 509
671649 332737 509
592980 511158 470
638787 472161 509
683493 368602 509
944621 264015 525
543032 566731 452
845277 436057 525
741066 396080 509
475130 916716 525
490142 159748 449
268247 301352 407
829492 883849 525
633222 288543 509
421282 424172 418
70919 823001 509
103288 711224 509
427393 750672 509
1395 427131 449
568185 618671 447
172683 501637 449
968145 106409 525
470173 999177 525
107971 106532 323
49389 688269 509
739475 410148 509
41424 345314 443
959822 671541 525
111108 195516 383
170076 519848 470
963586 892080 507
270924 441279 449
262115 856073 525
480795 964815 525
769443 457720 509
781979 984335 525
343399 514502 470
328774 715877 509
33107 631554 509
986357 982064 427
268690 313305 407
218188 31788 386
171035 564400 470
303709 309630 371
480661 252649 449
281582 12308 443
578917 884741 525
654619 85727 509
374186 200524 443
827680 374122 509
926946 439052 525
439498 480145 444
663538 461437 509
579996 189210 470
604722 353153 470
22629 231040 443
314440 673623 509
462701 986740 525
564719 829971 509
724001 383479 509
903955 622346 525
707034 540178 509
170413 882946 525
364120 435877 449
749814 693499 504
123682 91171 354
650033 999764 525
391108 498889 449
848712 542056 525
182443 178306 365
356157 438535 449
993776 170707 525
92249 368193 443
605489 561073 434
625685 79734 470
476571 936520 525
79641 759769 509
781355 645148 504
361125 997749 525
235183 484051 449
276471 984047 525
800940 789626 468
676648 470860 509
114062 51803 354
96146 989270 525
342289 503976 449
586681 481624 470
869645 704171 525
409647 703426 509
101699 87404 341
921224 297430 525
636079 9002 509
579809 992214 525
814462 875822 525
876535 94525 525
178893 692963 509
286648 755016 509
964399 980860 458
60681 863182 525
177830 925619 525
319887 513770 470
498957 620418 470
174415 5256 383
43627 529337 470
622262 299823 470
86864 79442 320
447185 37183 449
120406 188992 383
921541 581466 525
680302 719160 504
742485 647234 504
399958 159380 443
986780 300477 525
843680 529160 525
753443 94222 509
907230 453818 525
601054 137955 470
228900 933629 525
771670 649041 504
627370 294595 509
56733 42836 340
74974 806785 509
930050 644862 525
811965 385548 509
719820 586434 509
158541 228520 386
951348 905091 507
864912 222192 525
55650 257708 443
646286 897509 525
274432 880032 525
199768 434749 449
362712 508814 449
224351 319390 443
926314 259851 525
834716 168663 509
825086 416458 509
693241 855610 525
778958 325317 509
970368 951725 414
636683 397256 509
605034 196945 470
355228 27867 443
82355 304432 443
849439 858205 419
637648 190795 509
993215 84856 525
767767 250806 509
675934 493433 509
764905 855344 525
922164 372444 525
485468 667351 509
368436 522379 470
977998 830848 525
802119 247506 509
367485 379937 423
192535 144090 383
374717 179177 443
553658 45794 470
861060 199862 525
762450 606110 509
770373 169177 509
593514 188213 470
95820 813808 509
632679 52165 509
760842 15203 509
968295 770269 525
487459 584435 470
753929 234508 509
467032 10207 449
889394 152148 525
432291 141792 449
644480 171890 509
389349 632282 509
561899 444116 470
93235 516256 470
994477 905012 507
92829 180134 383
953583 243252 525
143904 286251 443
509300 294325 449
297639 128314 443
834002 436833 509
660041 241819 509
197988 976246 525
497088 51046 449
744550 914541 525
989255 978530 427
788855 730106 468
936577 945118 507
940620 94025 525
790493 998410 525
945843 806037 525
960685 572727 525
398451 173500 443
924389 847337 476
106789 413963 449
482780 427235 444
820593 133779 509
371978 603527 470
459814 671885 509
948883 887835 507
91711 380482 443
778947 666666 504
961930 172301 525
487795 625308 470
746445 256820 509
241639 232128 381
404770 343915 441
639902 477217 509
52030 107190 354
752481 700194 504
420364 765216 509
395267 69854 443
100626 284905 443
58214 712007 509
155638 309419 443
862219 454253 525
153583 20657 375
687750 79057 509
173523 370685 443
939505 911637 507
923675 2556 525
660191 466774 509
90221 153694 375
833684 801573 450
814136 54569 509
119515 158529 383
948598 191318 525
264489 695983 509
71872 396250 443
573967 538953 452
384221 603830 470
840990 755117 525
635513 372614 509
204717 828607 509
292908 863760 525
885474 310899 525
744591 624341 509
114242 960425 525
443388 467136 444
833545 347590 509
3259 305022 443
675291 602625 509
840201 430322 525
441640 880324 525
376685 777039 509
301689 726820 509
998456 962916 458
457824 865850 525
714804 974493 525
520466 253592 470
759396 670422 504
407068 296352 441
669702 131991 509
587964 821635 509
896868 538119 525
55135 768316 509
634324 456642 509
441759 715546 509
860866 907749 445
956763 44940 525
797007 563165 509
406992 852360 525
971754 126897 525
325647 753326 509
352979 946727 525
161012 16876 383
514902 461126 470
303958 22912 443
724023 868402 525
3649 856312 525
778111 161480 509
679468 952499 525
318369 662588 509
263178 574180 470
653312 644437 385
213969 251446 443
528495 583550 452
916393 740472 525
598618 965026 525
703871 256417 509
367705 112912 443
146767 522594 470
443180 249545 449
416403 162695 449
521542 549036 452
40887 38602 306
19592 445278 449
756352 272812 509
250967 378764 441
369234 705954 509
780004 342800 509
786623 894844 525
373649 500328 449
245382 933141 525
987970 384257 525
453893 369548 449
613705 521044 452
509939 336703 449
51758 157443 383
649127 169765 509
809865 119714 509
184883 240855 443
992314 450496 525
130403 173284 383
456737 224999 449
487090 396649 449
645589 164819 509
742861 159629 509
689779 618939 509
807071 724195 468
201574 399750 443
939785 324516 525
542133 607059 452
997774 46662 525
191954 427346 449
174998 925275 525
969511 787238 525
268144 256214 407
438195 116746 449
303014 159516 443
292394 81034 443
808262 196017 509
509148 112436 449
810721 922587 525
38186 691765 509
262787 850689 525
509361 69365 449
928046 872090 476
867351 491682 525
543246 973014 525
342005 140221 443
436630 233383 449
119072 992487 525
123247 354916 443
763074 79339 509
511835 237439 449
723280 222715 509
479660 746552 509
362400 774175 509
708738 704815 380
504048 407790 449
114952 387215 443
952898 141367 525
783837 210820 509
585299 693076 509
30044 987508 525
755699 301633 509
317578 434914 449
30185 836227 509
177887 392204 443
817471 165767 509
881594 281261 525
19809 685395 509
415336 25905 449
564655 776588 509
975647 179366 525
839400 34879 525
684279 998446 525
513517 462045 470
399924 214759 443
658346 185010 509
735725 689957 504
591152 304375 470
831966 104442 509
270383 385270 441
480670 325854 449
889938 589310 525
949910 197204 525
120827 523281 470
790444 372755 509
538041 982417 525
568508 53700 470
354919 518628 470
306051 573294 470
395873 384784 436
897183 51703 525
954677 519731 525
931422 721005 525
105524 519510 470
545846 418129 470
200680 13493 383
290415 717453 509
41132 358807 443
735706 848006 525
715559 205392 509
875489 315965 525
894579 977288 507
950756 370193 525
506532 492357 426
75232 946778 525
393439 283170 441
151181 300804 443
920459 391900 525
935315 492231 525
432975 124145 449
206592 438401 449
340963 584705 470
326231 434797 449
363669 310306 441
439329 277122 449
769804 274219 509
220765 182199 386
73441 150157 375
836079 70252 509
583655 796809 509
907674 925823 476
51463 585214 470
321482 193818 443
517971 693978 509
567819 743004 509
224074 814868 509
329931 581308 470
522336 218442 470
875573 404916 525
850670 504436 525
601769 664331 509
864474 774535 525
363323 527737 470
605287 926985 525
160230 331917 443
799015 793902 468
412143 913418 525
81692 273988 443
249575 875284 525
663123 256091 509
433967 374247 449
807863 530011 509
534332 283197 470
997352 103450 525
254968 700717 509
248056 538543 470
655187 320601 509
12858 590459 470
762145 273805 509
982086 851925 507
467269 106880 449
212557 115304 383
130019 564403 470
291212 228051 443
94633 919316 525
436082 154650 449
209202 607541 470
351451 407732 436
726507 978217 525
843497 176470 525
557805 638222 509
570278 481326 470
766249 685111 504
495480 964675 525
712447 638373 504
901453 517854 525
370644 234558 441
684632 727816 504
302999 38362 443
88792 772079 509
785673 830225 468
163180 599695 470
67237 681954 509
890619 387612 525
285867 930501 525
808476 329882 509
775265 168138 509
459297 918931 525
26873 408130 443
357323 370199 410
470484 175161 449
388511 646490 509
330453 844067 525
211125 52760 383
638306 106293 509
566266 618867 447
647759 318243 509
999113 283640 525
462854 423610 444
537873 377590 470
61032 733353 509
92273 952284 525
331110 758087 509
711292 454676 509
937271 765629 525
937355 22390 525
441119 414434 418
25581 991214 525
625107 33975 470
884626 711021 525
476433 893475 525
528805 654034 509
180714 491051 449
661251 827980 504
103477 34544 351
115118 524115 470
240851 48513 443
144664 105496 375
423635 911471 525
234775 279275 407
900592 655889 525
437239 404167 449
784280 831563 468
590843 314437 470
757281 653196 504
825944 641622 504
41411 401136 443
589320 5343 470
515252 105843 470
456441 88413 449
693784 764586 504
77706 362006 443
854767 340984 525
366188 761857 509
797452 224165 509
651246 359424 509
74781 683479 509
157337 947219 525
897033 564615 525
542826 875667 525
198739 514063 470
976200 859577 507
219219 168582 386
56912 614308 470
582185 41686 470
523288 874373 525
181007 118148 383
971557 732366 525
419278 717437 509
814277 740330 468
216515 362257 443
575412 781623 509
764078 543903 509
909651 25036 525
935346 864030 476
515859 758440 509
103492 894485 525
48045 80179 351
526482 130843 470
677868 492831 509
581213 47353 470
717869 147901 509
414935 899574 525
515930 289800 470
834011 95626 509
488878 512081 470
639269 511566 509
636455 17816 509
992132 908502 507
793847 769632 437
530046 472520 470
508309 54578 449
222365 920200 525
459091 731594 509
795132 484054 509
334650 674191 509
510079 977113 525
498604 835817 509
70895 88843 351
119959 860464 525
422171 285301 449
156154 690653 509
885945 397228 525
94627 968403 525
634837 814651 504
656910 698435 442
231030 771697 509
365718 184768 443
736612 244212 509
918825 742219 525
716164 54092 509
741637 400525 509
608226 408102 470
367193 322406 441
550492 429912 470
33486 465870 449
345971 697631 509
888960 140834 525
941492 756665 525
458511 655035 509
712790 824707 468
133203 22292 354
349978 232892 441
188116 799572 509
211032 403954 443
960670 26762 525
172354 383486 443
831277 430897 509
384527 891850 525
124386 103240 354
561123 122371 470
838240 795762 525
570880 715353 509
168866 318763 443
229988 901755 525
747199 37216 509
670644 360580 509
679600 152634 509
899576 473703 525
864249 735399 525
575077 908944 525
195587 689587 509
938073 528629 525
421555 116624 449
200106 245729 443
376917 22384 443
359469 36139 443
154697 158169 383
840743 106897 525
429590 721656 509
899574 394036 525
238221 25254 443
919844 201804 525
303769 557410 470
290874 272751 389
94525 727353 509
368334 701678 509
186147 346997 443
275934 90549 443
775250 432748 509
656513 229374 509
820992 40735 509
946604 640719 525
40141 926547 525
685471 209886 509
993182 614551 525
679221 8251 509
519426 707129 509
279718 885647 525
158207 32450 383
293401 362683 441
291450 671983 509
993256 313319 525
145695 221941 386
769903 846943 525
753369 943483 525
863749 379459 525
491928 609296 470
832126 643342 504
189977 779385 509
714641 474005 509
364941 309338 441
522081 310746 470
943254 896292 507
364160 474418 449
215095 483641 449
567329 412580 470
58265 711723 509
440229 308018 449
163683 128509 383
505675 802909 509
957700 448259 525
714554 275473 509
728828 672867 504
14605 36019 324
542113 455416 470
237366 16057 443
887048 958061 507
794600 117669 509
972586 571964 525
92317 209966 383
418207 423147 356
394359 417942 449
406999 267374 441
941667 693960 525
949376 595700 525
963779 639355 525
398606 978507 525
630657 457743 509
468633 486232 413
257802 634119 509
356132 93716 443
719721 328834 509
700965 710367 504
252056 548083 470
19525 611940 470
664807 966688 525
342196 657257 509
765910 144363 509
837537 970808 525
692117 285973 509
28002 664251 509
616779 83273 470
45572 912593 525
185132 907965 525
466495 663031 509
919808 142052 525
734016 450469 509
991888 175687 525
151556 619437 470
739850 117583 509
100276 957015 525
187885 975750 525
503401 661003 509
771520 566702 509
965618 445896 525
321688 372669 441
557888 190492 470
855553 192581 525
175491 395299 443
843390 516910 525
132864 130091 331
704856 984471 525
901970 507376 525
980320 853249 507
127888 236322 443
42557 69768 340
671589 780898 504
774803 782121 437
805633 572489 509
492498 775357 509
35339 793093 509
528049 32114 470
695611 384146 509
714737 456019 509
598603 892917 525
803791 620208 509
877123 75853 525
50133 241787 443
11839 464677 449
671005 540055 509
317949 437333 449
838827 635778 525
329299 796864 509
123406 225482 386
576362 78140 470
405155 351020 436
35482 925748 525
56658 574710 470
876452 771220 525
287696 19956 443
742604 764676 424
393003 626285 470
356579 599012 470
992499 369056 525
663392 461969 509
605315 802383 509
356417 488850 449
666978 706984 504
686828 518696 509
109312 782129 509
646060 834121 504
825966 229572 509
324574 833124 509
499424 143394 449
665194 904600 525
376633 865427 525
552698 313685 470
744440 691693 504
570437 198850 470
354301 507533 449
748013 408790 509
486904 285722 449
242089 289974 407
339452 927254 525
933285 811416 525
198797 713549 509
95158 331950 443
653023 164182 509
647611 363161 509
763645 325542 509
508461 729212 509
950606 733514 525
671523 284696 509
870944 699603 525
372599 949495 525
776826 22383 509
916618 881775 476
899239 165785 525
659107 97385 509
69120 521471 470
788934 131775 509
949812 705971 525
660601 612751 509
432255 856301 525
799420 349257 509
643037 462605 509
795001 549499 509
389522 766473 509
740279 96880 509
140993 544386 470
134502 110825 349
510704 736763 509
426868 606554 470
263609 592954 470
740884 964145 525
599032 396289 470
741884 897286 525
445284 71781 449
201086 841140 525
54063 39107 340
408061 860946 525
560023 24990 470
391630 892277 525
815112 822028 450
751594 220547 509
237799 412977 449
876181 579181 525
686552 13835 509
275828 488522 449
737317 311470 509
826314 202852 509
638548 891736 525
588174 449330 470
72140 372358 443
219918 151680 386
635018 586884 509
6075 338237 443
275639 524607 470
2558 483739 449
831132 939231 525
797773 5524 509
709821 800261 468
133021 608237 470
129225 470514 449
877664 161198 525
572398 855399 525
599852 378063 470
4412 991264 525
640232 460722 509
644933 728961 504
956211 365639 525
748398 878545 525
146226 318980 443
239329 705491 509
378293 357365 423
14545 274440 443
137138 909888 525
772088 70305 509
324894 830297 509
156371 772608 509
468985 707352 509
11988 710937 509
624099 737089 509
370873 726044 509
228506 769391 509
486104 186866 449
176664 863835 525
514359 928915 525
105663 250230 443
201505 396013 443
924998 534079 525
689184 194174 509
129972 540199 470
382276 461278 449
910641 354957 525
898910 987889 507
639199 334009 509
540539 681449 509
177009 630887 509
84495 125439 354
915338 388381 525
457402 323595 449
153220 229174 386
278761 114 443
759303 407306 509
169558 702879 509
539928 692827 509
9077 870547 525
510742 889593 525
92469 530395 470
453780 284153 449
692445 80273 509
749303 394979 509
506286 976587 525
905830 688399 525
2463 260936 443
787616 642321 504
133871 442583 449
267148 763867 509
290429 166750 443
159338 584728 470
352541 175363 443
128288 329125 443
430518 847645 525
76330 572989 470
701617 100871 509
618928 928799 525
15613 637630 509
364580 99608 443
713905 374956 509
931516 942971 507
9423 202480 383
266653 893453 525
408176 258522 441
907461 416768 525
434339 200812 449
768982 580469 509
85744 104285 341
916986 230897 525
986216 419396 525
348096 788022 509
25339 845966 525
326560 768802 509
501431 259201 449
769645 364146 509
298842 748518 509
206049 769728 509
356669 207955 443
341798 425303 449
169910 731571 509
129370 111861 349
825806 169505 509
590179 222127 470
529328 18366 470
957919 446535 525
533422 463650 470
903329 96783 525
146397 841636 525
270373 763871 509
101216 463587 449
743716 139498 509
834814 261425 509
357376 710113 509
824392 574077 509
615524 207214 470
589307 758444 509
793870 6779 509
