1 10 20
100 200 125
201 210 89
900 1000 174
26264 30755 308
52518 18001 324
55754 47286 340
89103 17634 351
97279 34727 351
66921 81623 351
6950 49703 324
1058 95989 351
56417 69752 335
94202 72541 351
15915 71690 340
69325 88709 351
97089 86639 333
4986 10768 262
43745 16589 324
74558 89492 351
32659 9589 308
22443 99769 351
61060 68480 330
32664 93896 351
52647 11550 340
58250 51991 340
9739 12552 268
83417 42396 351
75636 22277 340
84803 49939 351
48277 14145 324
42862 90577 351
3978 2290 238
30028 7220 308
48345 52169 309
68356 33402 340
10351 40928 324
6103 19028 279
35136 27608 311
10059 35523 311
11278 61720 340
8431 16519 276
89055 92799 333
47714 44582 314
7656 43259 324
46180 64521 340
51365 72201 340
36535 89448 351
97390 88785 333
90727 67042 351
1332 70350 340
11042 90357 351
90205 2690 351
53338 70027 335
97471 87709 333
20656 32895 308
79721 57139 351
28396 75810 340
462 90108 351
95902 82790 333
52852 57008 322
63518 8724 340
20315 2491 279
69025 43451 340
41628 36354 306
42894 96317 351
55360 22653 340
97869 83218 333
47504 44609 314
95154 55626 351
15647 75689 340
66831 84282 351
93242 5704 351
62120 98967 351
48323 54850 340
63729 90201 351
82433 58328 351
89744 98686 333
7582 19505 279
56404 54007 322
71755 10528 340
27582 75337 340
36741 45921 314
17892 13809 279
86030 66840 351
48118 98722 351
55044 51560 340
73980 47893 340
31158 11173 308
22270 16267 279
66759 38591 340
71998 86231 351
85024 53635 351
12414 48169 324
35149 27332 311
94652 80380 333
71428 74508 294
69233 13781 340
88894 75314 351
67735 58713 335
47145 23581 324
43751 78671 351
53549 2674 340
35546 18933 311
57172 58028 273
50851 36835 314
25603 69581 340
2847 34830 311
38247 27060 324
45614 67485 340
31730 76401 340
67178 79226 351
75724 36524 340
98821 30892 351
40805 82295 351
90363 90075 315
43876 51681 314
82928 92723 333
21259 62966 340
83035 31648 351
84697 21340 351
4843 91326 351
61358 53241 335
1011 27787 308
5302 31573 308
46852 87422 351
94984 45211 351
77339 69144 351
98980 22201 351
2000 60652 340
485 37616 324
38850 21401 324
19994 24256 282
15264 42437 324
65192 57189 335
81035 86379 320
67198 1627 340
66855 99593 351
33157 97652 351
94 93028 351
56554 5089 340
58954 8169 340
78715 47077 351
5960 20229 279
87619 71919 351
92241 81958 333
73427 99309 351
65148 78363 351
34099 29300 285
43517 45115 283
38993 70155 340
47237 1609 324
13517 84724 351
80761 63368 351
3717 64045 340
73839 27919 340
16106 11586 276
76955 73247 325
5086 61867 340
93853 68618 351
97985 63181 351
8985 73795 340
6060 25673 282
33858 94594 351
68698 73301 325
52976 70223 335
17641 40968 324
97455 91019 333
28206 26641 259
12354 83937 351
45295 42285 314
12398 57562 340
33391 7214 308
39998 68424 340
1817 92736 351
49337 56046 340
99173 57972 351
40783 95418 351
54210 13263 340
60999 32494 340
64292 9851 340
65858 819 340
97154 82271 333
15642 65536 340
76862 63430 325
34978 4815 311
70648 51363 340
23599 18104 282
79748 31411 351
48225 45653 314
64402 47869 340
80757 94394 333
863 75125 340
73441 91520 351
76555 59879 335
77779 29028 351
78453 93263 338
20706 19977 243
19299 24476 282
48915 60382 340
76456 46046 340
40186 79420 351
88989 64884 351
59219 65028 335
70004 23018 340
4674 71989 340
43308 47217 314
54004 55240 260
6151 87683 351
63163 22414 340
53081 52551 278
19359 66526 340
69910 57181 335
76777 22217 340
21298 85006 351
27570 87129 351
10667 210 262
73374 63752 325
86944 61552 351
66251 6462 340
9058 61386 340
82171 3519 351
56188 54235 322
75034 84411 351
89381 45262 351
34701 19207 311
28541 80532 351
38630 68486 340
7629 18196 279
43441 49924 314
10535 62534 340
10103 10747 255
70214 11275 340
94432 34068 351
34507 664 311
63175 61474 317
63465 32496 340
15229 84286 351
25083 32621 308
97390 41532 351
98979 21415 351
4494 63973 340
80913 73281 351
44979 20374 324
4896 4455 197
34573 54779 340
64260 56219 335
53231 51654 340
18185 34085 308
63385 29556 340
16001 22591 279
41224 43379 288
58013 20069 340
16937 70215 340
38632 28057 324
54716 64578 335
85282 85997 302
28814 94934 351
14853 63458 340
68055 15426 340
78398 9281 351
47952 84185 351
54304 9946 340
6909 12769 268
80373 27843 351
51038 20014 324
86032 74274 351
90660 68031 351
97308 21680 351
20857 78040 351
39280 74940 340
18283 59425 340
53369 2524 340
76911 36631 340
80156 74904 351
46547 25443 324
32306 69780 340
69648 92689 351
96775 81563 333
34351 31561 311
60605 15971 340
74624 98520 351
50446 59706 340
52037 87132 351
12356 89871 351
47920 59230 340
35481 28128 311
79504 14400 351
40900 50539 314
29159 55102 340
15210 35636 311
41946 96601 351
67357 70457 312
3425 78410 351
26777 37122 324
57049 57103 198
81079 70976 351
58442 99115 351
72289 15424 340
92476 46530 351
32144 98264 351
98319 98911 266
38909 19675 324
57455 39830 340
20940 72976 340
198 38058 324
15456 15833 253
77316 70245 351
14933 71830 340
25128 44465 324
98106 70111 351
24794 52118 324
47687 24308 324
19509 39474 324
2761 10996 268
6931 69517 340
80224 32674 351
68403 39796 340
26663 40568 324
31395 32598 285
29796 48521 324
87079 56 351
26842 90825 351
1067 28690 308
96150 64041 351
62085 85394 351
7965 45702 324
10693 20034 279
40356 1231 324
78198 88583 338
37174 74509 340
44457 65134 340
96292 7226 351
92572 31111 351
28475 47468 324
98286 65689 351
19847 88979 351
42410 12681 324
64283 29078 340
75722 66028 325
5933 45473 324
97492 98588 297
46667 69980 340
31191 57030 340
28377 80679 351
93887 59416 351
95907 43057 351
59486 61470 335
82774 5461 351
10173 2516 262
38916 94447 351
55309 2743 340
37376 61631 340
72500 59714 335
55115 5187 340
91686 83920 333
22101 26357 282
99819 20711 351
72342 84187 351
91088 29093 351
10734 80124 351
25602 26609 277
30369 38232 324
88090 63962 351
76403 46456 340
57392 63035 335
54604 89724 351
7389 37604 324
25403 36605 324
60502 17314 340
7555 37861 324
6015 12403 268
39449 57393 340
77194 89129 338
10647 83956 351
53560 74065 335
81440 65438 351
17659 69135 340
53950 66608 335
49253 38695 314
44806 75936 340
84150 24982 351
36410 77408 351
99710 58872 351
51516 59232 340
14560 59191 340
4156 52912 340
6190 55688 340
28829 83358 351
56803 28332 340
79471 63555 351
35182 28693 311
19867 85755 351
10315 37983 324
97980 45232 351
71142 20708 340
8084 82384 351
95999 52884 351
96665 44233 351
75237 39456 340
60706 47416 340
40951 86779 351
20266 71245 340
98882 62964 351
21236 21719 256
89286 61366 351
38640 85120 351
25938 80681 351
6080 33336 308
75406 48832 340
92686 52114 351
42375 47287 314
85390 38155 351
21013 37409 324
11371 51298 324
57234 51120 340
53193 13990 340
42231 84420 351
67480 21844 340
23721 24193 251
16882 66251 340
78127 46253 351
64629 72894 325
34252 45742 324
61165 28431 340
76993 99726 351
73150 1709 340
88289 16273 351
66521 65595 268
1684 94290 351
57401 90802 351
56786 4037 340
87263 14087 351
40379 99532 351
62105 79761 351
92069 90917 333
19288 15646 279
34051 37420 324
50264 32470 324
56998 69649 335
12567 29143 308
57009 13751 340
10264 45413 324
72213 69358 325
8489 28147 308
11820 88252 351
74712 67786 325
5314 11340 268
7101 17497 276
24944 47786 324
18609 29106 308
50789 22054 324
94356 27126 351
54419 72121 335
29433 95023 351
74526 55280 335
84416 66293 351
45904 6711 324
66691 97046 351
21735 388 279
57109 46466 340
98432 81938 333
53547 6871 340
12100 78669 351
95618 6035 351
26185 43286 324
68086 51030 340
71012 54703 335
54461 95060 351
27620 81869 351
26790 86551 351
70680 14679 340
12862 3278 268
98283 79801 333
77816 83341 338
79971 88662 333
93583 39538 351
48638 9836 324
46649 83995 351
46803 18729 324
52286 95899 351
13218 53741 340
1705 36723 324
61909 99940 351
67523 54575 335
62468 28856 340
32463 22115 308
77813 46095 351
86408 20940 351
53560 37287 340
57708 19436 340
81838 57236 351
6074 90783 351
81547 77199 338
6461 83149 351
46978 90833 351
95971 85038 333
17162 80641 351
39173 25390 324
9457 63624 340
91098 10169 351
42598 67381 340
1763 25075 282
46813 36044 314
11241 27427 308
21595 29180 308
30075 9356 308
55321 56221 322
86298 39180 351
65165 83979 351
47335 78120 351
50600 65458 340
92763 25516 351
79281 64436 351
22189 67250 340
40216 92192 351
31454 89323 351
5855 30277 308
79889 71329 351
42119 86352 351
1562 93054 351
93340 18909 351
84222 71507 351
47741 71082 340
51098 95369 351
58279 73746 335
32743 39227 324
53577 13792 340
8808 20868 279
24129 14706 282
32901 11518 308
10088 43467 324
27655 21120 308
48694 40336 314
51634 58550 340
61741 66208 330
94922 10173 351
76489 76002 307
56007 89161 351
77028 55946 335
89029 82773 333
77358 7617 351
87479 65059 351
92276 22289 351
88143 48472 351
57695 65342 335
37367 19396 324
18096 82451 351
60645 39849 340
55572 46732 340
16095 427 276
82281 89216 333
92549 78027 338
56113 93758 351
33798 85947 351
7988 91893 351
31942 3706 308
88445 63183 351
34867 39213 324
51037 32216 324
55524 6907 340
90549 54721 351
54005 2060 340
45149 2131 324
87326 13628 351
53343 86450 351
86377 45902 351
28950 15445 308
24686 12621 282
80315 31923 351
89431 26336 351
53575 70267 335
51564 30491 324
24053 58431 340
58972 12034 340
94698 4205 351
44262 88319 351
85984 30879 351
47058 83647 351
17811 69278 340
99643 98011 328
90651 70713 351
14303 23406 279
70588 78480 351
40919 81581 351
70865 84367 351
34166 41130 324
1157 968 169
81078 21567 351
25059 672 282
91801 7351 351
26108 7807 282
49050 75780 340
33162 81688 351
45044 89249 351
97072 95249 297
8667 14602 276
42327 96403 351
40119 10101 324
39687 37472 306
25509 64020 340
58852 71760 335
99646 77953 338
63788 45756 340
61709 62607 317
7597 60468 340
25515 54218 340
68654 36036 340
3800 65658 340
45257 90035 351
84216 57894 351
92119 31785 351
53671 54673 260
38784 82490 351
67201 26116 340
77405 54188 351
37725 35399 324
45323 59248 340
43851 76737 340
56479 76556 335
14305 32631 308
54954 70556 335
49633 43649 314
73773 44926 340
84474 14974 351
82601 13992 351
77022 80539 351
99101 91815 328
36221 7769 324
20408 31459 308
61763 53787 335
3592 95066 351
77178 77391 232
86932 99125 333
82056 70211 351
97462 58752 351
35916 95118 351
34466 49771 324
13240 10360 268
53477 18079 340
36911 13769 324
831 91997 351
5557 63056 340
64904 95255 351
79250 15329 351
16956 15733 266
77564 81892 338
11801 58260 340
74148 12746 340
6581 98515 351
42791 9387 324
34466 59490 340
21380 14119 279
39408 51980 314
12196 39502 324
37872 56216 340
29669 82467 351
24026 73027 340
40021 14221 324
75916 39809 340
11144 49296 324
51947 89098 351
5615 74893 340
89318 25695 351
4923 65151 340
29067 12042 308
48794 14052 324
95983 80983 333
9903 95370 351
55893 40000 340
1338 98407 351
57674 91728 351
31846 94235 351
42860 71774 340
82181 58704 351
71799 96770 351
74826 15730 340
72061 23134 340
48884 67173 340
62172 40115 340
32124 44096 324
41724 59511 340
22971 48256 324
67538 18805 340
56641 52408 340
54766 84525 351
31694 93319 351
51731 28227 324
15919 22351 279
37742 48821 314
33820 75054 340
84259 31821 351
61831 83420 351
1530 68635 340
22006 82273 351
65159 7139 340
70041 54736 335
80072 68578 351
19349 20795 274
92957 45198 351
29284 97682 351
8496 88057 351
12682 51135 324
99545 5096 351
85575 12564 351
26960 15819 308
90200 58690 351
812 50836 324
71397 37503 340
21535 42038 324
75989 77132 351
36864 22303 324
74964 32756 340
38455 42430 306
79039 10707 351
642 17366 276
29634 58665 340
33071 33825 267
99326 26146 351
78785 87041 338
28541 80458 351
39828 65660 340
58519 9888 340
53559 70678 335
94538 58070 351
74596 36847 340
47919 11324 324
39675 23119 324
60516 4230 340
5691 52461 324
11189 17753 279
54832 10784 340
40191 18972 324
54896 59715 322
4454 31769 308
47813 78642 351
94418 33816 351
14828 27658 308
1363 46769 324
32949 15005 308
23134 23784 282
93974 60061 351
35672 41298 306
4805 66120 340
37985 70490 340
25716 55946 340
98940 37911 351
31882 77492 351
95733 84468 333
2684 57195 340
35913 97291 351
53200 63899 335
97512 19983 351
22759 47717 324
5170 43289 324
26556 35066 311
84008 40493 351
58059 93599 351
97615 39613 351
2312 28917 308
81652 17985 351
83224 38715 351
30386 63862 340
21524 29398 308
79900 74383 351
24350 95240 351
58768 49607 340
62246 70793 330
44666 98229 351
14875 93514 351
73680 92224 351
82841 55504 351
98009 94838 328
69765 80722 351
77317 39180 351
36121 37242 262
19130 53147 340
14317 82833 351
54531 10476 340
53143 46580 340
46772 37429 314
28910 69257 340
82518 19953 351
20502 60824 340
88093 37112 351
96035 84671 333
46396 93163 351
99928 45157 351
64097 32876 340
60931 37467 340
53254 2499 340
64036 17006 340
46690 62251 340
42147 59275 340
62243 65305 330
47042 10587 324
67455 92907 351
53370 75015 335
73296 75651 325
34285 43572 324
3207 36842 324
22845 47932 324
42044 65492 340
39368 12857 324
68420 63684 312
21708 89064 351
13519 15896 271
42768 71345 340
69597 96283 351
37559 45596 314
92215 64067 351
90715 62735 351
1663 96824 351
54624 7564 340
91078 76842 351
78201 16245 351
91455 76645 351
26803 97337 351
27021 86383 351
64914 28234 340
18400 87978 351
54955 31366 340
55525 8763 340
97948 82673 333
67439 80799 351
4741 68617 340
61918 91138 351
40114 87415 351
94295 33007 351
26350 85166 351
51892 58227 340
27665 28224 259
8150 87124 351
62444 39401 340
8862 53787 340
6285 67512 340
1813 51723 324
55638 17276 340
10716 97795 351
19153 39731 324
84461 50789 351
91860 72091 351
23561 5036 282
45919 20388 324
97026 29214 351
40898 98222 351
15023 35805 324
16416 70624 340
15303 47622 324
80482 3287 351
54689 74414 335
47940 84315 351
70873 24747 340
15221 68171 340
94268 56229 351
79918 89640 333
44897 10544 324
26716 9384 308
45047 88914 351
4809 82088 351
14878 98248 351
16191 83191 351
95220 38610 351
19043 90837 351
59452 8591 340
25960 95984 351
34676 76728 340
42845 5464 324
51311 4358 324
51059 10328 324
79805 8082 351
82762 14952 351
93301 18513 351
77379 61150 351
15930 26045 282
35731 35925 249
77812 4072 351
7619 21522 279
99904 65453 351
58499 32083 340
74501 38947 340
61389 82479 351
90496 48935 351
51243 51779 309
76460 43951 340
60796 36347 340
99099 47389 351
29203 35697 324
59880 97172 351
37837 78007 351
78372 310 351
81167 71581 351
37303 52919 340
24928 63577 340
91375 66654 351
38623 97967 351
9542 98440 351
14894 90939 351
28789 1964 308
4425 83882 351
46335 6626 324
1758 91583 351
66778 82443 351
14782 36439 324
50824 67885 340
38641 48212 314
83100 21689 351
33407 13313 308
87928 9407 351
74122 77558 351
74018 50786 340
1660 42023 324
81698 35013 351
53363 42880 340
39609 57467 340
93498 72991 351
11718 43800 324
95347 85568 333
30035 5032 308
49077 18321 324
63641 10767 340
82547 90335 333
70364 76747 325
85818 53256 351
13942 37654 324
24351 23432 282
6511 16410 276
10779 82269 351
53946 7169 340
80583 8347 351
39890 60795 340
83154 96732 333
83234 98817 333
56438 28435 340
43336 84674 351
727 76122 340
27489 49546 324
5163 70940 340
75892 4124 340
9110 9721 260
60864 67390 335
99810 51857 351
39032 8816 324
57593 40755 340
37953 31329 324
60392 86089 351
41895 18997 324
50442 59927 340
65440 35569 340
47770 92347 351
68122 87863 351
67452 302 340
68503 61431 330
60593 47255 340
61850 95021 351
52611 10497 340
32057 85066 351
96632 28107 351
75464 1756 340
94681 8116 351
21910 54202 340
64821 8734 340
46680 63801 340
48533 40404 314
15903 92101 351
59341 97922 351
97522 22300 351
71066 4058 340
134 11968 268
32079 34851 311
72794 18690 340
70532 1150 340
10313 49977 324
24782 81000 351
60606 4191 340
93102 33121 351
23358 50142 324
47237 72966 340
62544 39604 340
95496 59796 351
29283 59230 340
12807 25658 282
6056 6134 187
77505 75370 351
38476 14912 324
67650 319 340
16635 72923 340
73239 78326 351
4432 35364 311
74952 76821 307
92378 92021 284
24921 37225 324
67028 43516 340
40489 94699 351
48494 16464 324
88062 79337 333
46416 84154 351
90870 52360 351
24343 62202 340
41842 54056 340
42601 17083 324
40764 78942 351
70587 59538 335
3522 48052 324
20803 94536 351
10456 18251 279
59025 64826 335
70723 54120 335
87666 56064 351
80055 89254 333
82694 28083 351
40397 20670 324
88393 99070 333
91679 12564 351
38808 37264 306
78305 33818 351
79888 8231 351
35950 17372 324
12130 84870 351
37863 9034 324
59992 51980 340
84122 68287 351
1330 27607 308
52137 94285 351
57869 79264 351
52180 76536 340
55929 34797 340
47867 11641 324
15645 74782 340
8219 84965 351
16393 46244 324
55302 89299 351
16359 55904 340
59458 41308 340
74967 85254 351
12707 60962 340
38316 19474 324
80193 99177 333
99816 97520 328
89352 34535 351
40914 71696 340
67026 11207 340
90056 11567 351
75814 57106 335
12024 99319 351
32708 3839 308
54255 41467 340
15435 28128 308
32007 65304 340
74900 48171 340
29977 77522 351
75735 37804 340
34432 37198 324
81212 66336 351
86956 35618 351
83638 32578 351
68593 81403 351
56818 37862 340
81468 60964 351
73321 34725 340
93886 81545 333
85992 95475 333
54482 6898 340
20521 67974 340
61130 64154 330
63895 24778 340
91174 34482 351
62124 66116 330
60915 39854 340
59925 7278 340
84378 3588 351
24866 66557 340
44046 93255 351
98980 71209 351
69542 51159 340
11982 15771 276
44172 79774 351
71939 39594 340
23796 77377 351
21616 38596 324
57665 12565 340
11714 90017 351
46668 85414 351
95826 48334 351
60841 47773 340
96172 65541 351
65073 45486 340
24028 99608 351
69588 1314 340
64290 1239 340
30105 78910 351
49674 10922 324
71489 55384 335
56835 55780 322
98259 82865 333
54026 8893 340
85516 37890 351
17923 62527 340
14616 41552 324
15835 71082 340
29371 83030 351
18780 39610 324
40603 94480 351
70754 69407 312
