1 10 20
100 200 125
201 210 89
900 1000 174
594141 320286 470
915909 292419 476
738015 496867 470
327672 392943 441
601597 747481 447
109224 293760 443
742870 259030 470
737692 611567 447
475668 187237 449
886281 912072 476
171946 498533 449
690313 468991 470
492292 431020 444
750851 472199 470
55189 301691 443
876751 60655 470
188190 187507 316
74087 834635 470
669909 287069 470
558703 187488 470
322409 168771 443
27586 757815 470
78945 288038 443
215579 47382 383
690184 33090 470
976449 177673 476
579102 574342 390
55506 408760 443
874981 150975 470
111796 348850 443
292664 349292 441
851670 312680 470
45075 896337 470
755507 503816 470
233459 510157 449
422028 202425 449
327760 181344 443
79520 929370 476
183778 691560 470
83114 263315 443
127326 251349 443
947861 134355 476
629655 425163 470
577589 670535 447
992172 335375 476
211622 88127 383
819315 843649 450
300407 389053 441
281944 608010 470
65443 346207 443
733307 732986 318
129894 147233 375
937336 60137 476
8629 247722 443
384668 894190 470
807752 214550 470
113209 298815 443
544826 268642 470
403629 714265 470
605914 653849 447
299935 683 443
1283 45501 324
303727 565749 470
968411 789875 476
828384 728652 468
752024 546189 452
174857 155245 383
922825 738336 476
330724 88233 443
688836 357571 470
803646 223563 470
318612 973577 476
812214 747685 468
999797 84117 476
382688 63570 443
368527 77940 443
478448 675306 470
187129 407353 443
37541 166561 383
544562 12204 470
357966 57508 443
784506 442911 470
374045 933953 476
611278 474037 470
61964 752933 470
418477 650071 470
128381 798334 470
467083 170164 449
730810 810720 468
699537 698130 305
788428 286355 470
507969 118010 449
331326 535125 470
925392 374593 476
747374 525704 452
428414 413858 418
989325 814068 476
732334 832079 468
149144 449357 449
730583 257104 470
968643 945743 414
640182 214024 470
90113 482548 449
725702 403978 470
240893 995334 476
902070 973667 476
252694 811353 470
480353 639143 470
329467 792928 470
192452 6448 383
363771 426533 449
985717 299869 476
256777 44103 443
444983 52900 449
94596 12241 351
809162 365020 470
975508 666254 476
586536 697249 447
148625 406426 443
625321 129880 470
622667 386581 470
4415 686369 470
319930 798261 470
317719 27880 443
299445 841750 470
330897 224391 443
247187 47620 443
792224 731595 468
850456 904612 432
532577 360183 470
436879 512632 470
250026 267880 407
292624 729946 470
351521 578087 470
884234 553551 468
430553 515857 470
127052 59053 354
861089 226714 470
281559 444656 449
253683 121449 443
756420 652123 442
271345 476240 449
370999 770645 470
365777 558490 470
625989 327666 470
147293 81595 375
472402 509926 426
325558 793950 470
508047 979881 476
887736 347080 470
596827 914464 476
553498 773623 468
557625 117679 470
653410 337351 470
842396 984318 476
712351 734647 411
381589 923228 476
930065 560402 476
961555 804699 476
886672 172529 470
383706 563168 470
565542 60079 470
87436 264405 443
785580 142883 470
75045 502310 449
429404 98795 449
611919 706668 447
205750 461872 449
872087 867435 432
809565 385591 470
119095 876956 470
160531 284386 443
144163 487956 449
282369 110286 443
95248 126983 354
406311 485289 449
917370 100510 476
70939 881414 470
860071 210175 470
578690 246589 470
693839 346191 470
841157 33804 470
793744 161030 470
788688 262186 470
303268 611959 470
475470 671057 470
470616 689341 470
323207 11891 443
567878 471873 470
611788 238856 470
752622 239924 470
44131 627686 470
832449 469142 470
638047 386953 470
244205 369498 441
186892 977758 476
87877 246604 443
392601 370833 436
765383 374599 470
522044 727603 452
499662 581071 470
36402 268485 443
660741 167851 470
262315 302555 407
642035 706091 442
435027 843355 470
829517 244685 470
672812 872372 468
633915 418046 470
916903 971494 458
335571 208538 443
73501 706048 470
674645 852078 468
458667 169049 449
335911 729824 470
810760 503834 470
185488 487199 449
189424 905685 470
852601 2412 470
818784 603447 468
877076 894050 401
602711 70177 470
605232 731094 447
591775 278778 470
583570 974119 476
18327 166326 383
719783 434510 470
744330 701921 424
631002 955822 476
645736 560517 447
634589 380182 470
850116 523148 468
840288 210714 470
66576 376659 443
935255 781852 476
917867 438482 476
4682 32201 308
75896 439899 449
167731 983973 476
688950 560829 447
826916 879454 432
600017 7420 470
902426 234235 470
922160 888140 476
853049 230861 470
843553 892809 432
452080 302208 449
969144 670902 476
898053 114169 470
908865 989874 476
682280 640665 429
237749 21246 443
822413 584595 468
878374 132465 470
295874 5869 443
590836 677299 447
289538 907537 470
753414 688780 442
821170 454104 470
334492 438918 449
310533 969087 476
702917 281767 470
288695 413937 449
212329 424732 449
965885 485443 476
791018 551686 468
242410 97169 443
741440 965470 476
682872 911385 476
724756 932533 476
298680 856199 470
300833 644836 470
843035 558343 468
191357 952 383
939914 221446 476
614574 726730 447
295777 324201 384
39154 74424 340
609674 259743 470
659581 966402 476
562181 609798 434
897032 384931 470
462193 583082 470
571943 593173 434
127403 451224 449
824335 334969 470
311625 806801 470
825862 73632 470
240473 632343 470
236518 54685 443
424967 507301 444
815718 116771 470
67139 558575 470
661372 722084 442
807496 761600 468
984493 266303 476
874360 970830 476
846496 882665 432
540689 164500 470
810713 340449 470
164321 157581 370
360731 310509 441
549968 813881 468
291263 925758 476
321372 183416 443
110616 789752 470
903257 130601 470
38891 109084 354
387016 794014 470
127495 563552 470
371224 536728 470
750884 640619 442
36109 80340 351
571696 97060 470
516191 954278 476
599388 760918 447
691668 688951 336
147312 231564 443
19103 806380 470
43976 996148 476
986222 350662 476
24413 768924 470
302569 703760 470
673592 328330 470
454360 766422 470
925080 18528 476
762874 281667 470
947617 281136 476
424171 437100 387
245502 863459 470
84983 715824 470
124804 626830 470
564509 852982 468
958412 458195 476
181956 290739 443
243998 616247 470
440535 569133 470
568493 757107 447
273820 19666 443
752009 861225 468
731740 84384 470
577916 691149 447
500822 722739 470
261699 257717 345
474660 114533 449
760037 959585 476
252127 158291 443
967296 627826 476
806752 804499 375
36309 84230 351
83401 772071 470
444132 80308 449
208424 659458 470
904819 585623 468
695360 380078 470
916455 441627 476
166930 491640 449
178403 883695 470
950239 632929 476
589669 493432 470
518902 477296 470
256128 799912 470
314282 423184 449
312274 167354 443
467503 497445 426
274000 343550 389
431711 491740 444
658004 294348 470
415713 296380 449
259075 801661 470
759306 365435 470
500087 983283 476
309025 633480 470
845711 20444 470
320559 415168 449
287257 212338 443
138819 526767 470
203532 165180 365
674553 262368 470
525081 756747 452
621949 890716 468
573750 176525 470
137043 981350 476
416373 147764 449
842582 356200 470
213785 602874 470
139909 546069 470
220908 960228 476
819096 827033 450
609721 481690 470
369977 752016 470
657333 359923 470
541831 375445 470
531955 467081 470
989372 407482 476
589136 506946 470
16776 407912 443
881429 456603 470
806948 933133 476
311716 107597 443
245742 643126 470
302217 557138 470
743950 634820 442
989049 134845 476
875368 335469 470
220753 347913 443
316977 821763 470
176134 496203 449
455300 350247 449
312837 48091 443
147413 630760 470
907357 217891 470
860117 150989 470
396616 377064 436
698921 886749 468
531092 535461 377
450135 494526 444
403068 607463 470
543167 581061 452
327326 133580 443
972939 646108 476
385064 554107 470
458894 580928 470
957769 661473 476
40499 224720 386
491933 16462 449
580533 997263 476
966862 565563 476
256027 367818 441
458505 497923 444
629975 232490 470
877295 227123 470
710179 765091 424
435927 862067 470
988716 106134 476
905092 370308 470
618015 252429 470
926135 954261 445
997507 613166 476
957012 714717 476
326116 80156 443
172666 116369 383
406745 808508 470
366956 886679 470
783500 673656 468
607572 952994 476
343247 30889 443
778283 674741 468
840527 689903 468
857522 669597 468
507659 180181 449
685358 817366 468
416696 439992 418
371742 796004 470
571661 44583 470
410368 644676 470
661285 295607 470
950265 133215 476
905230 737510 468
710394 61051 470
720003 526510 452
323039 317105 371
831641 148742 470
784888 551754 468
616371 126410 470
458749 479514 444
581490 940389 476
185198 124231 383
58274 576262 470
466797 105396 449
996922 25454 476
15431 353567 443
688151 166821 470
796680 334091 470
823368 655230 468
857930 991593 476
409553 456423 449
936105 633474 476
118493 211523 383
56808 920439 476
943274 675300 476
962478 987630 458
906683 550642 468
349441 583859 470
693077 404342 470
111983 481883 449
712262 278350 470
348511 413462 449
333970 654066 470
996287 443391 476
15811 648427 470
46146 181992 383
275317 548655 470
218975 101239 386
995279 872222 476
336883 662111 470
296526 180296 443
922146 66804 476
137278 502576 449
537636 446684 470
204836 840611 470
228162 803404 470
433778 212674 449
20552 295325 443
322729 758875 470
632364 653588 416
915581 728914 476
368560 912027 476
976753 680776 476
149652 923145 476
216340 896574 470
913647 629989 476
930042 106842 476
421125 982791 476
709500 858039 468
124306 82267 354
877587 776266 468
46563 341659 443
515437 105592 470
71327 570697 470
706313 29693 470
124355 171159 383
337202 734229 470
120018 510555 449
211271 13662 383
352528 813389 470
650653 564703 447
72166 24715 340
354783 299706 441
72879 395249 443
248399 932962 476
212475 488604 449
957101 382773 476
324764 787527 470
516859 849386 468
101913 586050 470
915185 696424 476
315913 797673 470
111860 919703 476
504365 226142 449
660430 236397 470
714738 665615 442
890621 889173 370
533158 492526 470
586711 619481 447
821895 643905 468
56536 922631 476
960485 649090 476
606848 421228 470
988438 686645 476
478125 765201 470
645451 109783 470
828617 933893 476
613724 46032 470
54601 741937 470
205399 195354 360
580672 65088 470
678313 881072 468
817902 149436 470
380384 446089 449
664278 958001 476
45397 819874 470
184683 968372 476
22087 237142 443
758492 55613 470
698890 785140 468
401623 983202 476
276184 451888 449
364435 754207 470
677114 291868 470
763552 333689 470
321107 8713 443
538578 495575 470
708103 856927 468
626267 242699 470
976337 107984 476
935445 132656 476
455846 122130 449
584572 165635 470
599819 168470 470
356916 669971 470
846376 785522 468
440916 889140 470
956781 556261 476
88304 28032 351
158433 460095 449
751177 170160 470
161179 374292 443
790659 310058 470
435482 134731 449
801486 351187 470
366197 776854 470
614225 159616 470
304213 999145 476
843661 13486 470
611659 501017 470
499778 189476 449
469202 12727 449
296650 137321 443
123931 565676 470
342546 134763 443
994228 746626 476
407567 426696 449
407804 378984 436
807681 337622 470
977840 709043 476
558253 425819 470
670075 816200 468
106768 405961 443
384042 575672 470
1942 805510 470
470967 182541 449
971602 405423 476
598596 490321 470
319490 729982 470
12236 359413 443
394481 741612 470
747188 875230 468
295758 527887 470
139752 847416 470
443517 968676 476
933851 996213 458
234132 986282 476
963538 865839 476
606973 120718 470
336289 864694 470
950769 462118 476
979699 145867 476
672394 804106 468
529378 926857 476
820083 663073 468
716367 563541 447
104307 211595 383
498877 389563 449
279080 388075 441
219731 298520 443
248532 423289 449
554525 963316 476
140543 737525 470
146413 776015 470
461629 844804 470
754942 264520 470
913728 304253 476
834912 251784 470
440795 399618 449
516393 112394 470
86064 638447 470
491515 533863 470
612510 140429 470
793244 480342 470
980536 843275 476
545028 999768 476
427500 273441 449
590038 917246 476
370776 502642 449
299872 764173 470
805088 199874 470
593422 841047 468
509533 268515 449
248542 579602 470
771761 70553 470
396740 225162 443
606076 342455 470
792115 811504 468
546799 522332 452
130920 847682 470
74219 774490 470
661433 619055 429
942052 719176 476
312350 453966 449
65035 972176 476
31803 294376 443
963474 556077 476
371773 895168 470
896954 63681 470
180470 565373 470
928780 900606 476
637774 548396 447
839 790944 470
548854 551177 346
248583 44736 443
514287 98588 470
908753 422441 470
240440 974239 476
257652 118660 443
213595 67913 383
632514 769820 468
310454 179395 443
128416 78714 354
684622 315349 470
501774 768640 470
684863 487753 470
950609 23094 476
310891 97313 443
161238 240671 443
183963 422079 449
518967 11896 470
543340 179601 470
962768 393705 476
919732 380346 476
235111 272148 407
880259 921561 476
430506 334532 449
286365 405437 441
800317 653813 468
509925 215345 449
825783 371725 470
869800 801534 450
52559 469368 449
491093 656257 470
93445 167108 383
864783 481468 470
384289 397413 436
562318 344603 470
632404 858249 468
6949 94417 351
666626 959860 476
543137 275134 470
400542 119046 443
602583 179550 470
501155 192595 449
818497 357091 470
837796 751462 468
970179 818824 476
922293 521143 476
582342 725994 447
971079 808670 476
495621 520877 470
381185 525663 470
357127 157777 443
850853 438379 470
546732 358024 470
956351 233751 476
803073 76489 470
161559 604800 470
693145 699661 367
256809 814859 470
984321 858736 476
446711 598716 470
33905 237889 443
410170 66729 449
68681 881162 470
894385 777338 468
947883 384995 476
861183 882126 432
903536 31723 470
39925 289096 443
251055 537438 470
445504 963205 476
32479 211138 383
60103 633261 470
569864 147293 470
348927 411265 449
495636 687839 470
556586 780248 468
721359 19646 470
114114 461168 449
191151 37884 383
856456 235689 470
28485 763204 470
814833 552629 468
666159 800733 468
893648 869850 432
792831 861447 468
882000 134622 470
952633 912439 445
677564 553666 447
597372 402920 470
836311 84530 470
466811 439717 444
203763 643677 470
718148 111815 470
359010 390276 436
50480 131526 354
416480 140339 449
686550 953766 476
715361 791491 468
948220 829216 476
493897 907707 470
962805 256843 476
534618 404912 470
886767 831939 432
294434 687159 470
756464 983991 476
345847 969525 476
450993 900956 470
276006 763848 470
261135 520726 470
70643 238599 443
635553 704627 442
580018 51786 470
958385 100669 476
881863 218574 470
792088 155288 470
258060 51924 443
189724 781550 470
451699 408905 449
188925 269873 443
811609 607340 468
895714 705600 468
632959 932281 476
53547 898072 470
313687 630608 470
277754 230787 407
44154 461266 449
277673 904970 470
386316 10660 443
150742 403136 443
862024 145242 470
930612 169508 476
218731 719921 470
923796 155423 476
364373 320658 441
348612 65817 443
628710 737223 442
471372 563822 470
411594 647899 470
846266 931332 476
892991 777986 468
638603 471600 470
107038 459751 449
30591 393816 443
702648 980383 476
762352 797778 468
334371 529226 470
289218 328781 384
135433 634669 470
383416 888695 470
734319 168669 470
271216 649504 470
979444 762591 476
275542 341699 389
953740 557369 476
82370 93728 333
91154 854780 470
23320 832739 470
676672 461545 470
476323 664298 470
725688 356232 470
643748 613414 447
30055 58392 340
538801 405407 470
938374 553479 476
165190 508077 449
446060 405001 449
234220 751789 470
223989 361767 443
652651 437881 470
958479 203292 476
712284 775110 468
533741 136550 470
899739 726183 468
212366 903730 470
456751 269963 449
689914 40806 470
895369 698540 468
174167 863423 470
199391 771295 470
4236 688198 470
217225 380526 443
643782 228313 470
19187 275775 443
598420 751787 447
704181 417930 470
190561 444513 449
200193 651476 470
523946 979020 476
116325 696407 470
61956 820460 470
230999 463475 449
283046 585908 470
3939 521461 470
946584 359398 476
794603 217330 470
763995 316814 470
675715 634657 429
212686 160791 373
719529 828091 468
921157 550976 476
981702 788274 476
388519 49655 443
641386 459412 470
753922 712880 424
607899 78123 470
202922 734352 470
558596 745477 447
268511 900821 470
717133 743070 424
462345 716281 470
556869 807890 468
142766 86462 375
64794 679820 470
404879 378991 436
724064 410333 470
756445 457936 470
168171 492822 449
942314 169564 476
680379 55699 470
98156 480002 449
714632 501686 470
378035 551775 470
208414 823602 470
814941 27001 470
156526 762292 470
771561 458322 470
183448 270533 443
331687 507842 449
359679 822825 470
109786 298584 443
376339 770652 470
534874 246940 470
247521 632230 470
840505 188654 470
729809 262066 470
988855 511056 476
614332 746150 447
125548 962055 476
393396 481645 449
32706 479173 449
668813 734184 442
378853 692354 470
143219 420824 449
391834 141038 443
413095 482335 444
269096 913015 476
809753 915506 476
130920 579724 470
662526 905825 468
386956 455166 449
990129 995102 365
873383 344535 470
368001 439981 449
203898 840580 470
631055 858892 468
217469 652826 470
915322 560680 476
782325 465003 470
34258 122333 354
190159 972749 476
244973 500901 449
936246 386057 476
458444 281568 449
397521 133697 443
960952 276192 476
187073 390326 443
770065 181330 470
253715 487188 449
78686 109429 354
910958 155814 476
529763 639602 452
300784 798128 470
699803 354008 470
532065 748802 452
492191 281781 449
167470 484918 449
695440 54666 470
480428 398279 449
743971 67781 470
157688 546551 470
429987 356405 449
903570 476418 470
607865 957431 476
807928 15855 470
663596 74555 470
797811 880213 450
815 652649 470
7715 60235 340
34496 872753 470
308177 557212 470
149333 379339 443
438432 914779 476
941081 660716 476
435128 747420 470
437768 227583 449
153142 677274 470
218951 19927 386
281772 623752 470
693327 655624 442
93725 620708 470
739516 692912 424
277055 405054 441
396281 381313 436
221494 86012 386
944485 430576 476
518349 688550 452
144605 34098 375
723610 206297 470
374487 782093 470
491202 702666 470
199381 621278 470
449982 683576 470
450287 733152 470
944441 416545 476
90607 74207 351
333985 589908 470
121490 450886 449
625642 959165 476
72630 883241 470
55203 697159 470
510332 777599 470
