59510 58066 273
21508 21467 194
69650 68559 299
42077 42692 288
76648 76089 307
95458 94488 328
32312 34222 267
48125 49153 296
74020 74565 294
25177 26010 246
90551 91772 333
94078 92181 315
23378 21980 269
2951 1507 217
62132 61668 317
41409 40834 288
40774 40176 257
91011 92767 333
75616 75965 294
44613 46523 314
34171 33432 267
99998 99197 328
83796 84833 320
28766 30644 272
48090 49014 296
89092 89979 315
3540 3477 181
89501 88234 315
54226 55152 260
3514 4473 238
75438 75653 263
98508 97285 297
85374 84119 320
12703 11905 263
28378 29639 272
15952 14035 271
57476 56868 304
8108 6757 257
31705 33172 267
9255 7530 252
97778 99543 328
38774 38498 231
25335 25106 264
39305 38184 275
865 1240 182
80521 79064 320
71338 71438 219
74441 72499 294
46740 45367 283
38636 37745 262
