1892 4976 238
3646 7908 262
6598 8599 257
9542 7868 260
6842 2462 262
9116 3792 262
840 5129 238
7265 7407 208
7160 2927 262
71 9253 262
6211 1015 262
3724 1195 238
7658 4248 262
9799 1220 262
2981 7326 262
1358 239 182
8682 2159 262
7921 9181 252
7205 5328 262
7435 4480 262
7704 4587 262
3372 4796 238
3689 7680 262
6114 4706 236
2145 9124 262
1342 1675 180
2645 2557 191
7870 6758 257
4759 8790 262
144 4344 238
5625 493 238
5712 5461 236
844 8536 262
8866 4555 262
3831 6437 262
1929 267 182
5227 730 238
3534 4093 238
261 270 123
6851 8221 257
8063 4217 262
2025 8728 262
7662 4885 262
3358 4569 238
1164 1086 182
8585 7811 252
9233 6972 252
5488 3848 215
6576 6116 262
7183 7343 195
6721 5731 262
6089 9197 262
4306 3736 202
3728 9625 262
5034 8895 262
364 7143 262
1808 113 182
5773 2754 238
3965 8 238
693 7841 262
6459 565 262
225 7976 262
2861 1063 209
8809 7472 252
6741 2391 262
4060 5378 215
3143 7975 262
6484 8012 257
5170 6779 262
7665 7190 239
5497 6772 262
7613 8564 252
900 7641 262
7095 6412 257
417 6217 262
9488 2839 262
1730 8636 262
3010 9062 262
384 5918 238
3671 2591 217
5315 8989 262
681 83 145
2465 5097 238
2019 5315 238
5537 7515 262
8787 875 262
6516 7065 257
1528 3510 217
6212 5256 262
3139 6978 262
9932 1673 262
5904 9696 262
6656 7350 257
8719 9036 247
8465 3329 262
539 5506 238
2479 7041 262
4256 627 238
9776 4741 262
757 3596 217
3940 1739 238
744 8573 262
9523 6197 260
6706 7049 257
9398 9843 198
8247 1669 262
3121 8819 262
8340 4654 262
429 4515 238
9851 7588 260
8281 1832 262
3549 1977 217
1215 8841 262
7943 3468 262
478 2506 209
9563 6298 260
9028 7254 252
9207 3823 262
8541 4507 262
1778 2495 209
791 7454 262
8475 4953 262
1267 9306 262
383 7534 262
3424 3306 181
2892 8613 262
6625 5431 262
5772 9336 262
2616 9599 262
7343 7994 252
2529 2748 191
5345 5333 161
8027 4904 262
7448 4961 262
8268 2959 262
685 4705 238
2169 6652 262
9393 8200 260
2710 866 209
1437 3005 217
121 8661 262
5698 6848 262
3903 8946 262
6936 6222 244
3430 792 217
5384 7947 262
4640 2591 238
6316 5015 262
4920 597 238
2389 7790 262
8722 6648 257
7930 3120 262
818 623 171
5603 8466 262
4964 9084 262
5450 9212 262
3722 6021 236
4345 7236 262
1841 3836 238
1358 7402 262
1282 9478 262
1147 8512 262
8083 7716 252
406 5181 238
3209 477 217
4330 3518 238
5973 4777 236
7990 2818 262
2591 1742 209
390 9173 262
2184 6139 238
7048 2080 262
8886 2452 262
6624 686 262
8448 1848 262
9653 6950 260
7807 9803 260
9594 3242 262
8193 4059 262
8318 3776 262
7002 5300 262
2423 6447 262
370 2389 183
5971 288 238
4647 2416 238
9937 8798 260
6221 2197 262
6986 9158 252
8427 7495 252
6526 8847 257
4850 9250 262
767 6372 262
9790 857 262
1198 2486 209
3656 5044 238
5980 4803 236
5405 229 238
1489 7004 262
2188 1324 180
5697 6705 262
3755 5636 236
5387 8014 262
3287 8128 262
55 4124 238
655 2440 183
6397 8928 257
5364 2263 238
588 1668 182
9199 1897 262
8828 9260 260
5024 336 238
1165 8661 262
6845 4387 262
4989 8220 262
4866 1773 238
7401 8294 252
8669 3055 262
2406 5234 238
6232 5808 262
6943 2620 262
5218 2624 238
74 6751 262
7865 3038 262
6099 2011 238
6758 8742 257
6906 6525 244
7562 2879 262
4031 1488 238
7596 383 262
4374 8003 262
3475 1034 217
6668 8273 257
7208 3956 262
7100 2767 262
6180 5486 262
2850 7762 262
9379 2512 262
8194 9327 260
5432 8437 262
1616 6721 262
3844 3036 238
5882 456 238
3712 7743 262
4223 1361 238
8477 6661 257
1835 1099 182
469 8304 262
5472 1951 238
2761 1166 209
2494 3730 238
1413 3642 217
8989 3747 262
8087 7467 252
5799 7151 262
8769 2100 262
7850 2875 262
7209 1562 262
995 2523 209
7240 4841 262
1202 958 182
5671 1082 238
7660 5430 262
5011 9886 262
4467 642 238
3522 3913 238
8943 1760 262
9234 6716 257
1390 1500 172
853 1963 182
8587 5550 262
2952 5677 238
9179 4985 262
4695 806 238
5374 3971 215
3209 3027 199
6440 4368 262
7962 4841 262
2383 8750 262
1087 3233 217
8672 7048 252
3378 2243 217
7633 9486 260
8879 6075 262
7430 5278 262
2694 9846 262
9462 8913 260
7298 752 262
9454 4749 262
6486 4753 262
6741 8035 257
4680 2683 238
1635 4241 238
9311 4052 262
1889 4556 238
2681 4955 238
9390 1424 262
6233 773 262
6882 3041 262
172 8464 262
5181 2312 238
6723 5852 262
3202 6184 262
547 655 145
4352 1901 238
4706 4515 184
9459 6030 262
9347 6955 260
1826 1124 182
3188 5423 238
8662 8203 234
8715 2453 262
2508 1572 209
3799 7194 262
6275 3519 262
1985 5555 238
1756 3064 217
99 2878 209
9372 2549 262
2305 1586 183
959 9019 262
6707 611 262
1766 9329 262
8690 5892 262
8433 8059 234
1646 7654 262
9050 50 262
7297 1529 262
1614 9717 262
2322 6689 262
7535 3166 262
2402 8382 262
3218 3668 194
3097 7523 262
2788 950 209
5996 439 238
6555 6382 200
3315 2356 217
1064 3148 217
983 3258 217
4192 6462 262
5639 6019 218
5327 3044 238
8291 2348 262
4286 7028 262
9272 3215 262
8763 1881 262
1858 5474 238
6502 6900 244
354 3737 238
4015 9385 262
6781 865 262
3327 4978 238
2618 4314 238
1561 100 182
9510 7892 260
3442 8709 262
7971 9198 247
3527 3902 238
9671 3500 262
1532 412 182
4718 8871 262
9472 1377 262
6112 7442 262
5263 8073 262
347 4423 238
6836 5238 262
8771 554 262
8625 9484 260
7022 5647 262
8170 7600 252
6653 1271 262
8257 3846 262
25 3534 217
5441 4381 210
3024 961 217
2932 5141 238
9652 6873 260
5002 7194 262
455 2178 182
9177 9199 185
9464 5068 262
5132 2349 238
1765 2706 209
2696 6281 262
6447 3758 262
5096 8428 262
7776 7143 239
6024 6294 262
3037 3450 199
2557 9731 262
7237 6645 257
699 8426 262
5120 1137 238
7786 3006 262
5228 8984 262
3015 9819 262
2331 3644 217
5343 9558 262
7770 4450 262
5228 1236 238
2055 4503 238
1150 4079 238
1058 1124 169
6020 9507 262
8601 3042 262
155 7456 262
2806 9379 262
5893 4901 236
6274 3647 262
3954 4904 215
6589 910 262
9674 1643 262
1019 9829 262
5927 9722 262
7290 2285 262
454 3320 217
206 6303 262
9405 847 262
600 6316 262
5968 2782 238
3532 1929 217
1266 3469 217
1583 462 182
5565 2127 238
4554 5528 210
1006 777 179
2990 6867 262
833 1972 182
9398 95 262
1964 2997 217
5462 9300 262
5482 6917 262
5406 8802 262
1736 5022 238
5216 9282 262
5914 8131 262
1129 8034 262
4977 2403 238
2711 5754 238
8548 3921 262
6917 2627 262
2822 2883 173
9664 7421 260
9258 5925 262
6515 5864 262
880 3069 217
3502 5587 238
3337 243 217
2006 572 182
9796 5293 262
4915 3546 238
6624 9653 260
6782 6914 182
3103 7725 262
5617 7573 262
3809 7547 262
9508 2722 262
27 6362 262
6486 8350 257
8749 4790 262
2750 6966 262
6102 4284 236
744 227 171
2355 2599 209
4842 6210 262
1395 4323 238
6176 7839 257
9742 6647 260
7999 2754 262
6665 3573 262
4761 4735 166
1943 9791 262
3916 936 238
958 7267 262
4796 9899 262
7041 4024 262
6901 3475 262
5220 8356 262
2251 5462 238
9477 1068 262
2191 9723 262
367 9886 262
8909 283 262
5292 8317 262
9942 8377 260
1903 306 182
8784 3904 262
8828 3533 262
4236 2904 238
3939 8804 262
8218 3811 262
164 4666 238
1719 4011 238
1527 8071 262
100 2729 209
8831 3076 262
579 6028 238
344 1860 182
2599 3802 238
5220 86 238
74000 20021 340
29212 26482 308
72505 53147 335
55249 24454 340
25674 86142 351
69829 33077 340
66567 73256 325
83607 17495 351
56736 47422 340
12179 73690 340
22660 17109 279
57630 12444 340
92251 58319 351
60191 15779 340
92749 65637 351
88739 74262 351
53593 77887 351
88179 70579 351
57723 18965 340
93684 84236 333
19227 46230 324
14009 38338 324
93351 70297 351
27618 54813 340
50076 49844 234
37786 54965 340
30661 74533 340
80536 28518 351
99991 94217 328
30320 87948 351
26188 70728 340
99721 78912 333
88435 78977 333
84636 84924 289
55171 82377 351
51709 75034 340
36217 82340 351
78855 13012 351
58168 51200 340
88811 85531 333
75584 73522 325
66811 38415 340
44813 19690 324
46857 19287 324
97233 29739 351
55717 31761 340
52901 83903 351
75874 85184 351
77988 86313 338
94715 67909 351
40611 10178 324
92455 38862 351
92962 33319 351
20683 19488 274
52818 55593 322
96711 53896 351
95855 88367 333
52446 77230 351
39177 96102 351
73826 41996 340
30628 65787 340
15711 11365 276
51877 68376 340
24642 96914 351
17794 68340 340
73815 69008 325
20132 10729 279
96935 99327 328
17796 57629 340
40173 66943 340
65337 87161 351
35267 23813 311
63595 95402 351
58016 35907 340
36344 39040 306
57321 38979 340
16573 25096 282
75928 96155 351
75753 43206 340
58280 21886 340
47961 93691 351
53771 77673 351
55872 13915 340
17379 12329 276
24262 40580 324
66706 27446 340
78402 85162 338
45910 44796 314
76828 96980 351
87292 72108 351
14207 52816 340
30237 51496 324
41293 25482 324
53741 53480 322
78673 21880 351
86867 38931 351
14296 72714 340
71672 60988 330
98278 82156 333
33081 99584 351
36030 63461 340
90637 65982 351
37850 36135 306
52362 32594 324
78238 32886 351
57252 98380 351
31904 87199 351
28886 52660 340
87176 49884 351
43564 38416 306
97096 69811 351
47234 96045 351
21255 19454 274
12739 10838 268
15543 54835 340
76739 44271 340
98130 84452 333
15343 11271 276
28136 48563 324
24486 26512 277
51545 91113 351
15232 71148 340
83732 69684 351
38561 36723 306
30588 51230 324
76323 47486 340
20588 40286 324
55947 42344 340
70481 84087 351
44197 64600 340
78661 13995 351
72290 26469 340
95117 52219 351
95551 89474 333
86849 67559 351
80116 84163 320
55157 35467 340
72450 10146 340
29894 60076 340
31478 55755 340
95631 89013 333
71880 34552 340
68400 71349 325
89374 87438 333
65326 61160 330
48124 91349 351
60423 30805 340
28427 34723 311
75049 43982 340
82884 47657 351
85222 94612 333
21593 16748 279
43110 81267 351
73833 25578 340
47327 32997 324
60316 39466 340
13312 76850 340
79321 62836 351
94129 99406 328
50301 97776 351
73319 54174 335
83663 79156 320
45596 63441 340
96839 82613 333
78445 62608 351
80321 71176 351
17821 42537 324
46595 50327 314
69138 77896 351
23119 63860 340
62758 82352 351
33914 50495 324
30135 38544 324
88796 69914 351
81655 46611 351
50259 47058 314
44716 33821 324
85655 31772 351
97951 38797 351
71302 22070 340
89667 23068 351
77514 93079 338
44150 27076 324
98446 88156 333
55189 11533 340
93235 42911 351
84765 89455 333
74438 17930 340
41320 58388 340
23034 62820 340
70881 93491 351
86533 10492 351
30855 93144 351
12499 50409 324
90318 63030 351
24143 59742 340
46401 80625 351
30283 23201 308
76707 94654 351
54119 51513 340
38574 58056 340
19267 62117 340
88961 69614 351
20132 84540 351
19557 28183 308
79001 99532 333
16026 59449 340
92295 84767 333
61875 39663 340
80298 80570 289
89761 97284 333
96021 19557 351
63671 73119 325
41087 13493 324
33867 32883 267
83815 16868 351
67760 72712 325
26905 58919 340
25188 61172 340
41138 84186 351
24322 69312 340
53303 67934 335
12015 86792 351
17785 24546 282
10046 22239 279
29710 49202 324
60767 54892 322
48010 34282 324
41374 14527 324
84468 93035 333
11000 38216 324
75972 25392 340
87085 39084 351
71510 10862 340
12395 25561 282
88443 17077 351
33714 79164 351
64502 19830 340
17454 55993 340
31643 66363 340
34485 44589 324
11675 63124 340
93271 33963 351
81879 58983 351
40495 75280 340
39579 53656 340
84571 53125 351
43838 34528 324
66820 86663 351
10749 92067 351
55884 22003 340
63580 84164 351
62886 13098 340
15767 18047 279
32863 16232 308
85145 42299 351
36024 35106 324
42922 85432 351
84593 20833 351
55313 42903 340
12323 23090 279
99089 28503 351
67892 73493 325
84706 58862 351
12865 42848 324
40995 12089 324
67271 36054 340
52054 99195 351
63056 66566 330
69405 62434 330
17235 22142 279
49332 30716 324
20941 38131 324
97148 85713 333
85144 10989 351
17151 67166 340
55727 75544 335
45736 72084 340
89774 37669 351
94876 83298 333
91059 42496 351
63941 58472 335
13219 88887 351
55166 26595 340
88584 52527 351
88374 58292 351
72766 70123 325
63008 71049 330
54036 20146 340
32874 14560 308
60087 15471 340
51699 50485 309
94216 65708 351
76835 77907 351
75109 47343 340
69524 56612 335
54922 14439 340
98122 25827 351
94434 59728 351
81264 36335 351
25989 16151 282
97038 94508 328
14215 35887 324
71552 28909 340
73978 55508 335
16549 12305 276
88662 80744 333
43005 38681 306
90676 93839 333
36606 72587 340
14689 48482 324
44679 34766 324
55184 53250 322
29219 18853 308
20775 11503 279
43467 30609 324
94273 32847 351
29133 91766 351
15771 25666 282
83154 24264 351
56601 25057 340
99451 24042 351
77980 98114 338
40154 83394 351
59265 35268 340
67999 63642 312
83754 59151 351
77186 18754 351
70298 51903 340
28496 13377 308
26070 40778 324
25345 35994 324
37525 28734 324
60857 10306 340
31811 44775 324
54653 47611 340
65092 63131 330
21972 32843 308
21517 91821 351
28514 35048 311
71311 66032 325
61878 85925 351
40631 50623 314
35585 49032 324
47435 90463 351
95332 27208 351
27740 32849 285
75334 47409 340
32978 40325 324
25025 62641 340
51243 22705 324
17440 75557 340
11030 53522 340
11965 74668 340
62092 98431 351
68792 53155 335
13169 51937 324
35892 39597 306
64539 11831 340
40835 17450 324
12989 11040 263
11346 75753 340
54950 61279 335
85221 76944 351
74226 20650 340
32070 47234 324
95309 30317 351
42101 46287 314
74687 94320 351
21552 92669 351
20159 47921 324
10812 49936 324
49996 45617 314
29303 78830 351
51502 44465 314
33464 51705 324
55178 93231 351
19643 93677 351
45839 84141 351
53894 89695 351
26022 11009 282
64997 29887 340
59830 65937 335
28438 70601 340
74289 13622 340
39291 64220 340
73284 67399 325
22124 84036 351
90513 54861 351
84948 72109 351
53569 63736 335
41103 29837 324
64771 58537 335
34384 66950 340
23031 68827 340
93518 80697 333
34833 77778 351
46847 95193 351
37458 47382 314
37385 68182 340
70318 13098 340
78826 78623 338
31243 74949 340
95324 86052 333
40758 97739 351
39867 76025 340
56621 16954 340
61863 99194 351
86693 31734 351
79324 32563 351
17239 79985 351
34884 19742 311
73080 36196 340
41792 37597 306
78369 44512 351
45644 66430 340
66175 83981 351
28795 79675 351
99794 20197 351
67077 27367 340
47457 26006 324
13651 52064 324
78331 96325 338
21289 40800 324
36834 77905 351
30938 48795 324
36044 14147 324
91391 32492 351
40284 99604 351
11977 29495 308
65233 52542 335
66322 87628 351
11605 97593 351
20654 47254 324
57373 46573 340
81606 34053 351
22098 77290 351
37651 65741 340
95433 39525 351
76343 45799 340
69814 31803 340
25398 80929 351
33817 58938 340
52692 94332 351
21889 76928 340
62275 65918 330
40317 31576 324
27475 54305 340
85904 42341 351
10187 46577 324
75290 44402 340
71656 50909 340
88051 28573 351
70526 61382 330
92519 57880 351
49629 55269 340
63957 32100 340
34492 68151 340
48301 62795 340
81550 29932 351
12250 83714 351
57257 89395 351
74912 78280 351
83687 61170 351
28986 90406 351
75701 87742 351
56833 34648 340
79857 41716 351
53669 62277 335
97722 56905 351
37517 85911 351
13794 80877 351
53103 50989 340
91836 58207 351
17149 81659 351
45724 76746 340
88323 37555 351
56511 77411 351
57915 73635 335
32397 96822 351
46236 14389 324
77584 82917 338
54067 88325 351
33346 36894 324
94956 68005 351
95924 37018 351
66084 49255 340
30129 24505 308
77865 52551 351
10604 36369 324
79218 18192 351
49780 57563 340
62142 71077 330
14178 82090 351
34761 48706 324
52709 46227 340
10098 41325 324
75839 78940 351
16511 51265 324
94372 78217 338
