1 10 20
100 200 125
201 210 89
900 1000 174
899351 975224 507
573580 624611 447
366699 654600 509
929026 986443 507
872546 947724 507
351401 961545 525
512916 750632 509
535029 708340 509
760584 965884 525
845910 950906 507
23879 758138 509
244411 558550 470
95497 597638 470
154251 524496 470
590398 817509 509
270325 922324 525
483582 994816 525
222266 813383 509
954649 974362 458
309319 409889 441
315420 862679 525
911358 956304 507
67980 133434 354
577066 618937 447
439197 725748 509
4247 69039 340
492150 724942 509
317631 514847 470
231782 330058 407
158261 940295 525
545983 779321 509
134093 335070 443
814771 947041 525
864910 938719 476
594351 771951 509
669949 888298 525
264334 757083 509
614237 633647 509
933027 996077 507
226945 633937 509
656783 876622 525
9387 113415 354
777676 910659 525
343585 394892 441
431478 522543 470
296780 736599 509
394553 609225 470
214318 493418 449
241278 940108 525
956713 974077 458
192419 992402 525
238046 520386 470
98186 691514 509
332070 578027 470
975052 990763 427
887178 915525 476
493992 856462 525
722873 886378 525
717323 771345 468
615814 968692 525
649833 836039 504
983726 991069 427
919542 990250 507
232301 649810 509
695160 889743 525
736880 830970 468
38910 105618 351
872247 878642 432
856040 866106 388
878625 910592 476
447719 811860 509
241019 502641 449
447590 520681 470
711784 924868 525
45363 451218 449
811227 902717 525
585243 975251 525
616953 887604 525
632948 754194 504
868163 962712 507
48523 520097 470
633064 663361 429
909087 994986 507
191197 849093 525
178967 691467 509
6636 755868 509
338585 729298 509
345870 582092 470
882316 968489 507
667879 858298 525
969075 976152 458
369410 575498 470
147175 896065 525
427610 785697 509
800347 801159 393
397911 662116 509
629514 768178 504
734559 755853 424
184415 999952 525
782758 838190 525
873031 968548 507
269112 394241 441
232699 306577 407
372881 399729 436
74908 347977 443
852513 913516 476
967586 968833 321
167243 186311 365
990020 993638 352
106036 271417 443
152602 511983 470
376886 976787 525
169334 895043 525
721199 798421 468
183550 214928 373
904758 958589 507
232469 408334 441
945318 993622 458
59279 484868 449
748061 760175 424
890728 893562 326
716149 953355 525
21896 839192 525
25588 676115 509
638118 858982 525
267091 614251 470
635574 815111 504
474928 731771 509
174334 761945 509
444967 718406 509
900714 981791 507
936872 948664 507
182787 730005 509
448112 496426 444
935260 944617 507
825550 961663 525
847993 891800 445
575674 954587 525
372077 652206 509
447443 957157 525
595868 963339 525
189672 717496 509
88741 802920 509
784076 842875 525
870887 923247 476
278337 939324 525
445046 694466 509
239013 573785 470
123860 880509 525
579259 981561 525
595272 779588 509
639449 640247 354
826135 930873 525
34834 437999 449
231169 391859 441
392879 420033 449
593094 699927 509
769995 834103 468
279947 417576 449
391174 924132 525
340332 985665 525
869556 926728 476
838114 846998 401
625566 730207 509
524566 861047 525
66996 235040 443
950495 985780 458
860892 870754 388
476912 932946 525
712825 993445 525
655136 860937 525
586753 979387 525
26859 376460 443
449083 549970 470
854813 858343 388
843649 845456 401
832402 940050 525
561417 862858 525
620930 920184 525
903243 943825 507
406848 862191 525
893663 936173 476
99072 780781 509
155050 976306 525
613776 785902 509
958836 976981 458
552180 629479 509
260518 809148 509
462106 821308 509
561583 828435 509
935763 976216 507
831742 854112 525
874338 889648 445
5021 79366 351
460107 934552 525
236450 686003 509
247807 763744 509
891493 896355 370
819482 896813 525
683845 970591 525
694084 765642 504
846481 890774 445
937884 985020 507
750499 773963 468
397224 448414 449
724075 782257 468
736301 986779 525
906365 979000 507
683592 938156 525
345482 438112 449
577349 985582 525
592679 801841 509
630139 772964 504
387790 425773 449
463379 524124 470
17197 105130 351
491518 521756 470
408886 755330 509
290034 356567 441
699422 837142 504
844153 998540 507
94435 292203 443
48910 770013 509
268988 918488 525
708338 717387 411
55392 417749 449
826453 922610 525
911566 960808 507
374475 414744 449
359140 955040 525
371663 973526 525
426195 464641 444
372375 447558 449
541893 573554 452
19744 260904 443
737577 888668 525
503007 903124 525
17329 366623 443
571826 845135 525
899088 997975 507
838416 872268 432
782178 910407 525
746639 935056 525
283096 751593 509
57035 465301 449
660876 667300 442
535622 815081 509
31779 210164 383
94682 439533 449
920300 921844 339
553083 573243 421
732142 770055 468
895016 973683 507
174883 245376 443
243762 807096 509
509746 802977 509
646848 961390 525
870118 915026 476
64678 383047 443
726881 745336 424
827750 944096 525
849754 890158 445
493384 495611 395
963505 986534 458
598203 775112 509
815638 873078 525
49515 936535 525
745193 811637 468
260722 700511 509
481462 760675 509
52191 524146 470
188292 551761 470
675632 854556 525
93216 543531 470
467653 530451 470
224540 795776 509
864689 970457 507
849538 920817 476
203837 850415 525
954963 968458 414
279544 480564 449
836973 890420 525
49491 968091 525
247577 265777 407
836573 874350 525
2752 25713 282
147213 173414 383
819070 906732 525
42706 600149 470
54915 89645 351
792978 969226 525
883899 980769 507
446507 725191 509
683603 951225 525
777667 851316 525
71284 772016 509
553545 603381 434
218517 374549 443
260399 303330 407
895447 955799 507
49581 887767 525
227707 857865 525
335116 585253 470
857122 857464 357
283156 537354 470
752012 890097 525
118769 808142 509
794051 796087 331
674356 899336 525
706608 898451 525
525473 654296 509
498292 922649 525
941854 951248 414
481033 849231 525
174775 714558 509
427496 636907 509
241660 646290 509
523230 617898 452
270556 277116 363
237389 974029 525
316479 443761 449
359813 472541 449
508341 741237 509
225529 924125 525
490136 632091 509
400515 911607 525
815367 892436 525
292387 955046 525
5737 565929 470
748836 936251 525
898278 917985 476
242699 411636 449
765874 968359 525
166430 964381 525
170769 903436 525
237065 859947 525
661139 905433 525
157406 566200 470
408664 473106 449
29094 312037 443
629777 840295 525
79178 441659 449
17909 322647 443
142669 581689 470
121015 974149 525
326881 436649 449
880114 990650 507
586519 667295 509
557210 767712 509
202673 297442 443
860391 937083 476
754926 786511 468
329936 709257 509
120957 915954 525
521682 842764 525
199199 741019 509
642298 770971 504
355494 505071 449
936977 958068 507
814713 871285 525
1696 273268 443
332724 709877 509
226744 635876 509
461906 639523 509
475876 520627 470
252345 617677 470
472658 522294 470
33422 785003 509
328974 974852 525
419829 620895 470
292709 503804 449
701802 764528 504
204725 899430 525
699143 706719 504
853802 976189 507
587831 744844 509
860949 941666 507
532526 874079 525
497721 962666 525
878384 965943 507
326077 880708 525
509424 908375 525
74822 647609 509
289469 993431 525
901227 941274 507
206481 583812 470
860410 909923 445
693459 863210 525
158340 682149 509
616736 765622 509
789955 798041 468
242167 654678 509
931505 936562 414
816903 823863 450
28569 553318 470
123475 656219 509
748341 862943 525
570652 711592 509
420098 654791 509
366972 402293 436
461669 496840 426
674943 773786 504
620913 807140 509
170949 418141 449
165579 417517 449
86056 768786 509
850073 984730 507
347080 477290 449
740575 960845 525
737061 852574 525
986946 989101 396
711338 754752 424
784491 883286 525
243368 410495 449
914844 919877 432
392267 901861 525
421297 768375 509
538491 634002 509
869227 988963 507
1861 471041 449
625827 809645 509
451658 662660 509
384835 965118 525
419085 464656 444
433633 459924 400
705902 869712 525
583041 964097 525
709520 715448 411
266666 515846 470
883988 918975 476
927377 950995 507
317238 530878 470
740184 740568 393
121524 281320 443
371161 481925 449
312906 748697 509
372081 967945 525
328543 669387 509
109027 257579 443
837484 927306 525
242892 540463 470
472764 560180 470
661771 828625 504
543851 987912 525
191940 974417 525
304065 878077 525
307110 840755 525
800193 910009 525
911698 985360 507
806328 989403 525
117034 463803 449
201161 756231 509
368113 585119 470
238454 504465 449
417985 834622 509
875120 923154 476
704233 724493 504
291319 394070 441
619284 948006 525
773216 819868 468
606018 946106 525
771796 958977 525
780146 814530 468
105044 668317 509
245319 256181 363
134995 630467 509
74514 536852 470
572492 992668 525
52634 884176 525
469671 866621 525
193677 784465 509
819836 975879 525
929791 988515 507
250087 516276 470
834216 885620 525
703509 799634 504
935006 963322 507
592546 638138 509
369080 390369 436
493582 981951 525
736288 982822 525
614751 976014 525
197443 404362 443
605166 783662 509
456303 779999 509
973940 975942 383
458841 548755 470
81914 724048 509
381144 865318 525
931825 956300 507
279136 768512 509
407053 886956 525
502973 863032 525
978910 995557 427
115565 858651 525
23322 241143 443
536845 775823 509
373045 830547 509
132171 858799 525
457280 457313 201
652095 928937 525
250400 701183 509
952097 972104 458
417308 681475 509
64177 428537 449
98063 197256 383
781444 936148 525
979385 986443 427
95175 706316 509
849481 853748 357
66455 434405 449
439211 856702 525
247324 912534 525
295469 906097 525
515042 907259 525
577834 849049 525
21251 224508 386
354160 810510 509
962025 983919 458
92327 815733 509
230796 952747 525
690830 713328 504
926849 991500 507
72263 148053 375
172803 360061 443
758980 822023 468
325035 494076 449
850694 968293 507
531874 943308 525
112216 669693 509
504168 630994 509
959579 996573 458
290946 408801 441
114398 156830 383
916700 986776 507
946246 986101 458
30182 742938 509
861768 969064 507
431859 632971 509
187286 624007 470
205669 639908 509
485637 770395 509
726355 792282 468
135329 426072 449
435311 704737 509
361932 831303 509
915278 922597 445
998486 998711 246
326677 526618 470
816265 897245 525
698513 779213 504
380885 664440 509
426178 781380 509
156615 872194 525
803222 910492 525
395989 981209 525
799788 973338 525
734215 989545 525
966013 997620 458
324596 446243 449
501326 632808 509
235827 680502 509
393643 490112 449
187473 570918 470
411333 777454 509
3419 984960 525
355684 401900 436
668686 856230 525
966282 989093 458
684654 860743 525
13366 270441 443
524700 911736 525
201322 573665 470
726991 880881 525
840055 916402 476
496889 987491 525
175159 736345 509
687228 735125 504
485850 923996 525
47354 959823 525
854639 926755 476
537403 795773 509
602309 941770 525
36212 847695 525
591032 658090 509
944724 992685 458
680744 810953 504
921520 975161 507
274750 521876 470
371438 848899 525
959402 980396 458
367853 832584 509
667542 690668 398
956713 971863 458
582420 978203 525
279892 601295 470
473238 924980 525
818683 954139 525
886692 911116 476
264549 800834 509
789605 941975 525
781605 984868 525
324083 460432 449
486890 866957 525
512038 807116 509
89490 210458 383
670680 963823 525
352251 436787 449
313428 593939 470
202049 802021 509
780060 953547 525
596196 867712 525
69078 278456 443
221119 974195 525
70705 894152 525
449722 605630 470
971257 991049 427
107683 481393 449
42741 250035 443
128835 176450 383
355294 361844 410
898220 951910 507
28084 926469 525
527409 615442 452
79903 157780 383
292520 946910 525
846689 916263 476
692710 696362 367
239777 388016 441
960972 972318 458
226887 794115 509
760123 821973 468
427217 655256 509
272554 303309 389
591168 615307 447
667489 779052 504
851829 947846 507
103852 269075 443
155104 769793 509
414034 580299 470
193269 491692 449
558048 633905 509
357190 958009 525
535731 819629 509
371116 394874 436
639844 914687 525
846576 911062 476
463633 797222 509
319977 811639 509
623801 958940 525
297372 944944 525
645960 851901 525
529369 921271 525
86850 562611 470
676224 981434 525
515792 898806 525
916852 976920 507
201337 480687 449
179506 644865 509
919536 970290 507
437701 722365 509
361487 901951 525
613927 876964 525
341037 792187 509
505077 900097 525
177101 351182 443
850759 999208 507
953372 954773 308
324502 577550 470
619410 729690 509
379206 518234 470
78794 408871 443
386367 751351 509
842337 857057 419
880292 903062 445
740861 780338 468
522104 604159 452
413427 495073 444
58465 618851 470
105667 746686 509
350866 658257 509
183902 607867 470
872982 922112 476
800394 875511 525
382807 912898 525
974820 982215 427
485073 684072 509
223692 232552 443
327646 996989 525
547823 902635 525
471499 752433 509
353772 473169 449
184210 380138 443
880672 933908 476
905597 969881 507
420008 930253 525
529870 831996 509
983150 999949 440
79149 166154 383
55053 166022 383
76622 381642 443
299022 799363 509
404268 572187 470
590286 857585 525
943560 993324 458
653857 824082 504
446301 797280 509
447928 495718 444
564881 951633 525
550564 911299 525
287947 293414 389
836611 946989 525
225971 685220 509
720918 974548 525
756354 778214 468
263502 926733 525
111167 816106 509
804415 911387 525
905322 931407 476
425390 548230 470
180989 947171 525
633290 972236 525
473328 496972 426
845117 851799 419
67047 784220 509
792308 876451 525
855312 955685 507
154308 797030 509
256157 394437 441
863038 894365 445
99842 972132 525
573217 743860 509
683643 950466 525
315699 456687 449
700872 736654 504
397051 870429 525
451466 865768 525
745154 819445 468
987988 995254 365
725802 971564 525
17662 200745 383
300633 680969 509
17737 92311 351
311619 544866 470
793404 951145 525
463671 869331 525
757132 827655 468
798504 813808 406
531894 831214 509
202359 887320 525
417060 714333 509
969055 999044 458
324016 491481 449
745858 754139 424
280173 940464 525
892451 999538 507
305648 767151 509
871239 871788 282
222239 975975 525
558689 955151 525
623502 903188 525
202072 574235 470
164260 414178 449
670126 860622 525
287892 902971 525
892649 985537 507
582446 613708 434
377757 437016 449
445771 617781 470
547435 904503 525
331671 403121 441
278437 783445 509
216195 428594 449
180248 425148 449
174654 392544 443
631261 840523 525
586236 893973 525
178723 409495 443
839229 877739 432
931752 987660 507
804034 929690 525
491576 855125 525
950896 978266 458
986920 999738 440
736587 901212 525
974970 996847 427
57674 75146 335
392781 784878 509
958523 965517 414
228167 775840 509
377974 941797 525
695792 991424 525
978669 980954 427
849024 902116 445
341519 835049 509
15865 41686 324
553057 800024 509
755201 836034 468
798463 910201 525
234125 868471 525
143230 626888 509
769126 962127 525
344774 624443 470
872763 956624 507
431684 760384 509
263116 379784 441
174155 943684 525
566605 920356 525
204700 993075 525
613244 844985 525
525915 927201 525
788346 920436 525
548325 874199 525
710459 862755 525
520563 823549 509
945385 987909 458
140247 454727 449
652038 785307 504
357716 627872 509
779551 826500 468
228639 733140 509
534938 986665 525
655155 956594 525
69651 576208 470
507874 691434 509
535078 755052 509
178062 779427 509
892685 945011 507
981416 998229 440
226230 964330 525
784821 926910 525
546105 675129 509
110403 877333 525
385638 490983 449
343240 676710 509
39886 838405 525
805725 900267 525
360907 801057 509
428211 872181 525
323221 727584 509
205183 301817 443
700001 977320 525
914420 928054 476
587577 811603 509
752866 868211 525
640572 726836 504
846176 889582 445
501563 677941 509
688920 993100 525
506500 642175 509
566207 583313 390
303249 405349 441
13786 971958 525
379286 889361 525
606500 964681 525
676657 938449 525
719781 799043 468
624412 988514 525
526309 645533 509
318838 949560 525
308496 508136 449
565455 632810 509
748152 871999 525
355977 876921 525
119497 406530 443
331691 489665 449
766476 832143 468
313736 899844 525
259878 961829 525
378053 749246 509
728800 925082 525
85178 379516 443
521498 924796 525
146350 977208 525
278406 719177 509
722692 730852 380
681805 719631 504
444457 733155 509
210038 299980 443
214666 414523 449
361969 539041 470
291064 699101 509
613139 810154 509
214853 634766 509
368655 412964 449
114106 123844 349
500558 914961 525
220361 308022 443
815536 904572 525
751852 800925 468
945667 948063 383
407861 609931 470
590672 906417 525
767363 909104 525
200865 364752 443
887438 967967 507
769040 923826 525
572478 968999 525
789733 911991 525
998608 998758 246
266856 309798 407
777932 892219 525
275227 695535 509
674529 925291 525
701958 747724 504
396296 919342 525
786093 803869 468
24066 738072 509
749426 874192 525
148933 684140 509
31161 456358 449
977688 978800 383
789926 895221 525
788704 979933 525
817310 905912 525
885204 927763 476
441711 654294 509
433183 437441 387
754887 896781 525
794281 805118 468
23067 532804 470
537135 537912 346
183642 628869 509
413972 888878 525
487040 899841 525
371503 831998 509
578065 836276 509
215509 735031 509
8210 441419 449
913489 964567 507
153966 864838 525
558880 907710 525
654697 891706 525
125541 148026 375
475205 660686 509
467798 539448 470
481966 881340 525
765649 951458 525
10044 531016 470
61306 692124 509
486650 506493 426
594086 696697 509
318597 671869 509
184752 558573 470
213474 805943 509
662656 730508 504
226047 623661 470
686551 991293 525
275988 535392 470
798037 801914 406
815735 839589 525
684474 903527 525
706182 912747 525
201109 760538 509
597301 778503 509
480505 609045 470
298938 939464 525
654675 796719 504
491604 538125 470
659476 901305 525
961907 969909 414
396932 955875 525
646972 961172 525
777846 824997 468
767703 968630 525
282518 739182 509
744345 964826 525
629333 878845 525
481839 520221 470
347400 800303 509
376333 556972 470
380577 551008 470
443930 806878 509
268332 927624 525
648524 766615 504
944224 979235 458
219887 538966 470
456947 860737 525
696521 726901 504
178365 283060 443
815803 914027 525
429242 620092 470
793161 912137 525
735500 936022 525
685783 874631 525
496196 598466 470
375249 551567 470
653848 795441 504
275365 983340 525
691660 990381 525
489870 533833 470
142089 220424 386
994415 996518 365
378637 857072 525
77430 251173 443
174145 510956 449
678297 934089 525
676329 890433 525
794400 851311 525
559757 902877 525
