271393 749493 509
728315 996090 525
937548 773031 525
805533 838823 525
877136 387933 525
513166 2312 470
777340 460278 509
108760 658663 509
363336 350779 410
518220 552197 452
642465 830441 504
367406 67958 443
627902 247211 509
198637 864532 525
198682 532064 470
345398 608421 470
973414 339581 525
643472 921413 525
644224 781377 504
560665 874211 525
250377 419333 449
764696 337251 509
394438 910027 525
51740 279540 443
743709 111082 509
986950 986961 233
981697 939650 458
20083 876659 525
291042 270475 389
450370 298370 449
995726 428404 525
493136 700821 509
404427 579225 470
97599 13382 351
313140 339199 384
863515 252152 525
835439 382173 509
246451 251984 350
314405 562804 470
861763 265296 525
90704 75274 351
628854 526632 509
423603 695288 509
344397 369100 441
616710 772499 509
895351 466270 525
335474 694214 509
925896 95673 525
897579 896866 339
777947 596960 509
33289 79903 351
116861 686018 509
458494 968916 525
11276 398877 443
122350 909544 525
868146 734111 525
112996 258742 443
373777 844644 525
551855 263752 470
259852 522299 470
227584 393821 443
679336 655077 442
412907 134585 449
917112 987157 507
627494 574893 509
623847 485936 470
812472 498930 509
159884 610771 470
993262 256535 525
272185 644713 509
634176 126740 509
78628 514422 470
378359 100210 443
17451 214740 383
897370 750019 525
300970 13010 443
699279 773290 504
781750 601843 509
429523 608194 470
252176 87620 443
344646 888559 525
391626 484237 449
652070 727917 504
199992 135259 383
812786 968842 525
390479 360724 436
11928 181406 383
72747 894618 525
550527 237595 470
183230 936079 525
740542 157892 509
294392 421302 449
636189 70560 509
441628 307933 449
631072 846890 525
942406 603182 525
222912 296494 443
293243 338097 384
672447 18426 509
852420 895179 445
144650 629327 509
965837 435117 525
310027 766783 509
754431 180181 509
167643 889919 525
223009 399777 443
567605 197572 470
343953 614448 470
33899 296447 443
610323 806689 509
727765 957042 525
826181 71313 509
377272 882563 525
751323 579346 509
510472 866049 525
226115 344563 443
153270 962574 525
950401 47237 525
56306 414405 449
261797 237703 368
760169 43006 509
37450 243907 443
209625 119901 383
323032 455968 449
11331 602419 470
807791 117960 509
357220 994930 525
510832 930682 525
358355 972325 525
391982 728109 509
820973 950039 525
856168 622468 525
959537 935115 507
264156 123700 443
65121 282133 443
217329 116522 386
951337 507266 525
120970 642137 509
736987 603015 509
888574 998166 507
245052 523609 470
774499 463922 509
793906 323007 509
957544 540820 525
895555 818571 525
526450 299527 470
940271 915198 507
114292 21986 354
181910 371944 443
850566 267892 525
880443 872082 432
834515 524021 509
781281 374155 509
235035 553648 470
159562 717100 509
593110 233775 470
268635 223996 443
176034 433436 449
819773 123429 509
887841 532996 525
668428 544787 509
813056 44700 509
580876 104304 470
359334 460879 449
530622 994331 525
324484 839514 525
357577 447240 449
983861 57049 525
547909 927583 525
107775 389465 443
184342 515622 470
802386 954719 525
183874 101741 383
907720 78909 525
360314 867566 525
319571 110988 443
588166 361061 470
135868 881525 525
18675 310754 443
312577 146547 443
229694 420976 449
374759 633626 509
525499 601800 452
323027 911299 525
393975 44624 443
287796 702285 509
534443 888786 525
454765 507260 444
528849 510242 470
32744 989591 525
737242 127988 509
850309 654429 525
196127 114398 383
314869 115000 443
9810 262706 443
543719 709714 509
974256 556339 525
229837 219657 368
248203 964718 525
843377 969228 507
753717 121121 509
219777 643396 509
230199 529494 470
962936 37212 525
24423 620451 470
160990 931692 525
165402 831397 509
474024 135604 449
635131 761924 504
719978 769974 468
769180 679814 504
19914 299309 443
191444 60501 383
681043 360227 509
722216 211730 509
541735 293375 470
512142 966506 525
395979 346221 436
466607 811152 509
259479 882519 525
454962 968467 525
644088 182347 509
708444 204978 509
528153 736632 509
915217 486454 525
500223 654855 509
3428 918641 525
181949 761066 509
66093 53629 335
798373 300822 509
421422 239233 449
863820 575662 525
99792 621603 470
517270 440462 470
817249 433561 509
982750 409442 525
399849 692824 509
604311 462565 470
59606 415586 449
175264 599161 470
527660 812639 509
483822 887213 525
907460 938966 476
859056 171259 525
254625 756260 509
842397 334624 525
606579 613154 403
190652 411171 449
166950 569338 470
311074 758866 509
853187 4510 525
17787 934265 525
664340 799798 504
661058 541040 509
669889 834209 504
570688 698499 509
394354 85052 443
179129 746942 509
54790 743169 509
186432 136547 383
367834 794857 509
628516 439280 509
16056 510878 449
738620 753157 424
660453 772324 504
856187 329390 525
616086 431947 470
152934 667989 509
215685 280459 443
705710 104882 509
732848 94779 509
666734 791450 504
875924 65703 525
541069 313043 470
134863 462865 449
763391 571389 509
702276 873002 525
842005 88197 525
758734 470517 509
121268 980675 525
173406 337320 443
213765 713228 509
549480 524833 452
595732 801722 509
86593 259763 443
592573 191112 470
801797 930931 525
927105 347710 525
305006 429094 449
959336 935807 507
242786 813203 509
569595 232722 470
722973 340697 509
31587 525545 470
523227 465399 470
776235 841909 525
759105 441724 509
97871 641389 509
178601 434236 449
272273 626709 509
9325 166661 383
52141 165524 383
90554 373536 443
423705 391466 449
211651 981062 525
498377 681694 509
531408 929433 525
574252 118936 470
275809 877687 525
730254 523916 509
643583 288581 509
338193 910263 525
988049 979098 427
952477 980348 458
485999 642464 509
90313 174751 383
465211 288388 449
555824 369884 470
323724 158050 443
656996 285536 509
400340 35119 443
826419 278377 509
48339 630958 509
949533 67723 525
784995 749368 468
558080 989967 525
954653 303502 525
257055 954803 525
884724 544684 525
652116 767331 504
815576 639464 504
76465 832400 509
352888 533643 470
234694 540991 470
540759 549265 452
655072 696789 442
84718 24633 351
396928 736123 509
422308 107334 449
877846 622329 525
822262 830557 419
885179 923987 476
386185 227331 443
581650 699893 509
958690 971769 458
471242 627807 509
441884 414364 418
850538 435693 525
314274 380304 441
228300 205008 386
400807 121844 443
925579 398892 525
350225 958264 525
658323 733398 504
181744 61848 383
52510 625748 470
578757 886871 525
728700 57014 509
745990 339828 509
47849 693391 509
771448 147045 509
69183 984149 525
851531 71111 525
186629 297337 443
81813 57934 351
457732 446935 387
132696 477907 449
125508 685442 509
360325 221319 443
42174 123738 354
217816 202662 386
433006 841534 525
874814 303289 525
110317 328158 443
280043 328055 389
629627 341007 509
382949 746540 509
262683 375180 441
472540 871580 525
417697 496750 444
95686 969036 525
329694 579299 470
621802 785544 509
447347 160363 449
854066 104986 525
75609 796173 509
331979 764550 509
648001 653661 385
34220 835067 509
86098 29605 351
91393 719623 509
114975 464792 449
673349 960028 525
796255 184468 509
352992 204612 443
495605 679441 509
498785 283175 449
957727 969601 414
60059 328566 443
497145 278125 449
694267 966762 525
979360 683346 525
544577 597739 452
896801 76869 525
248890 627472 509
842790 78026 525
557770 721371 509
521188 709096 509
725849 697601 504
330763 570878 470
540697 362378 470
45387 75477 340
434532 590558 470
10085 468304 449
460787 730289 509
171604 650247 509
791732 231642 509
815450 507907 509
7835 232416 443
681736 858429 525
862872 735781 525
714511 177666 509
962127 749882 525
986462 794597 525
622811 558255 447
697085 358695 509
765065 573305 509
173172 669250 509
711493 395694 509
520522 421892 470
396251 370360 436
566354 544963 452
463875 53169 449
464141 384417 449
369532 811668 509
365238 371987 392
830616 181736 509
891066 337058 525
993237 396237 525
304482 256568 407
445791 559259 470
107068 828376 509
188797 742198 509
143698 81301 375
151105 708778 509
500968 211971 449
939075 271327 525
239672 336536 407
568520 228755 470
210268 696032 509
795365 387702 509
449021 284816 449
508912 422523 444
294959 231119 407
394354 96102 443
867324 523055 525
151042 772674 509
779889 999047 525
102390 443261 449
705847 120116 509
711985 741016 424
737523 795270 468
296958 515248 470
856476 967545 507
694431 43955 509
965720 63684 525
421805 258090 449
279128 429927 449
483452 756794 509
230404 201257 386
167798 908126 525
876624 848667 432
683172 830215 504
612764 727731 509
556968 531023 452
462865 285080 449
1172 386609 443
559972 822056 509
103047 632093 509
275028 434666 449
2729 178174 383
753722 611413 509
891527 922904 476
4041 999075 525
790034 622159 509
101954 40874 351
409392 260295 441
941041 605115 525
39238 821193 509
213765 25400 383
902451 369284 525
858464 351144 525
653101 756769 504
822420 282511 509
608678 792448 509
766511 393752 509
320450 235306 407
928209 855534 476
998496 391702 525
59994 630692 509
48844 657482 509
77299 231399 443
115318 886275 525
233382 729984 509
57459 712866 509
408425 441702 449
14879 481705 449
156849 941727 525
119099 228747 386
299671 686207 509
256105 877083 525
99126 813027 509
139950 50683 354
760269 903396 525
192638 263665 443
557844 271483 470
708388 273102 509
640558 963794 525
585965 770755 509
225003 688081 509
991715 738360 525
729492 623460 509
180935 703241 509
765703 725370 424
262500 775376 509
480061 155648 449
425406 205535 449
9927 116447 354
33703 779490 509
266542 427058 449
687073 760469 504
889108 38115 525
969245 149102 525
182492 26443 383
243700 379972 441
168948 235427 443
131652 95447 354
948401 483303 525
221538 807418 509
572390 204450 470
170842 264740 443
724595 35761 509
20481 122053 354
560651 216084 470
765959 837223 468
161893 748425 509
42543 650571 509
150797 468917 449
947325 971770 458
940373 269239 525
529404 653913 509
984137 664587 525
273160 759045 509
507738 950355 525
551713 401204 470
717814 529260 509
731048 102851 509
723305 654519 504
715806 529416 509
551989 529621 452
37765 570882 470
333550 737264 509
121232 671549 509
343597 366876 441
918289 38084 525
419942 119646 449
428296 38110 449
849035 617660 525
770600 323866 509
724124 518638 509
256346 465642 449
246023 925688 525
381191 527463 470
948684 349861 525
855368 76277 525
810821 341030 509
194438 143350 383
720929 598054 509
766655 757473 380
269388 780268 509
774316 935858 525
609515 45360 470
387575 358508 423
554519 447192 470
49632 474482 449
728270 100453 509
63948 130956 354
119692 909699 525
536745 828917 509
38973 692001 509
121407 870115 525
952715 752131 525
755715 994711 525
768561 411224 509
165869 834817 509
236833 338301 407
762521 555655 509
514652 477517 470
124374 597173 470
23566 443266 449
892866 58252 525
37862 651372 509
32450 291130 443
209285 589253 470
167581 624198 470
669029 543130 509
436927 796193 509
499281 910965 525
279542 892946 525
453442 840293 525
124126 736111 509
782025 615162 509
900638 885277 445
645527 186240 509
24444 118267 354
611069 709628 509
25791 125453 354
98898 884017 525
162892 246630 443
443146 136857 449
47581 776970 509
297518 466111 449
4331 757893 509
426161 142631 449
722713 109812 509
651256 844606 525
415281 509991 444
421140 220505 449
417106 74657 449
211880 404154 443
581539 583179 328
511508 898852 525
573636 436509 470
939151 533285 525
603837 400276 470
559511 921153 525
348795 215393 443
998693 264397 525
74700 193300 383
46240 757919 509
531195 746712 509
910233 352736 525
865893 862823 388
761433 431301 509
742027 983756 525
560106 234507 470
39435 635206 509
731658 521297 509
559898 240218 470
618903 583685 447
400661 821711 509
920722 501129 525
648002 383194 509
190057 678438 509
557301 351018 470
558399 409005 470
213657 113074 383
357392 648014 509
152447 770029 509
453055 273778 449
761620 893067 525
18795 449046 449
906170 278887 525
38291 619628 470
427264 53295 449
395102 931721 525
919591 375388 525
411152 397551 449
420863 438929 418
932660 224099 525
786040 422077 509
574526 962169 525
138635 652671 509
563491 646332 509
733797 895445 525
72875 905686 525
238432 459490 449
613235 435773 470
968578 15802 525
251956 369192 441
592952 330221 470
736712 810684 468
423969 59992 449
732752 124119 509
370203 972010 525
805566 424066 509
810880 143098 509
217895 779270 509
652200 972656 525
136498 869702 525
378352 306445 441
548938 6577 470
437091 938916 525
754640 550458 509
314162 509780 449
435217 82887 449
532320 273650 470
598682 52625 470
333736 98968 443
438811 930749 525
328704 521876 470
286218 217770 443
271092 320930 389
649366 359407 509
608458 799280 509
400705 802870 509
559964 932797 525
190070 201032 360
966256 505961 525
804057 16111 509
867675 38802 525
795180 358489 509
711154 674006 504
827650 807191 450
8088 964346 525
628650 417947 509
527412 929819 525
697074 643053 442
795793 167572 509
901457 499065 525
808333 778974 468
480422 582314 470
776656 751326 468
425481 990694 525
646681 160423 509
723782 784595 468
562170 63353 470
701873 488740 509
997466 79486 525
372870 892957 525
560539 634116 509
179618 159567 370
959574 84190 525
178246 368131 443
314367 733788 509
177394 274321 443
634927 929258 525
697821 785396 504
661884 89435 509
474352 589942 470
983941 835367 525
238876 878510 525
818618 837386 450
67272 568397 470
978275 692402 525
555997 250760 470
370877 460573 449
316228 236587 407
765227 420918 509
899100 200297 525
162793 729682 509
553605 931426 525
495178 608827 470
562407 56516 470
206629 959579 525
530662 867564 525
529903 659056 509
80133 746314 509
314010 176678 443
819275 15278 509
563167 787853 509
482689 55427 449
646273 797890 504
425119 674429 509
978861 26022 525
126827 765967 509
478035 169376 449
686070 266229 509
546667 138848 470
666018 811684 504
743771 627245 504
66967 32270 340
237361 961551 525
389991 412168 449
955576 39544 525
558411 285941 470
436442 37490 449
442881 823902 509
307278 610777 470
407003 880383 525
880257 530960 525
621208 534342 452
893207 957239 507
586669 180670 470
985885 708802 525
755983 497080 509
451422 484446 444
69732 977015 525
554102 994482 525
86383 587863 470
253308 868519 525
927987 362514 525
71269 316523 443
685262 501830 509
893337 120880 525
960201 968543 414
180535 722533 509
117731 878507 525
499289 6107 449
17531 302157 443
444843 113884 449
982541 518578 525
710086 809784 468
965237 620945 525
542259 566372 452
972649 438727 525
203069 957818 525
738609 27091 509
708383 393784 509
340222 720133 509
328433 104988 443
731033 833101 468
922989 660812 525
997065 337036 525
308559 639375 509
201879 100908 383
303227 72757 443
500159 680818 509
748591 870604 525
430487 892815 525
908093 335031 525
764754 830454 468
512133 131939 470
589199 436173 470
310152 228462 443
394114 761210 509
653620 862589 525
592140 46291 470
256788 685582 509
606510 35564 470
931250 126011 525
842898 137983 525
957243 946762 414
492279 65620 449
573574 423145 470
485350 32842 449
448709 921226 525
867196 138095 525
127343 944221 525
285974 532337 470
548983 629420 509
446652 434319 400
20443 721785 509
266112 462717 449
122530 528712 470
581212 791196 509
903159 639669 525
565224 523122 452
34480 489251 449
103028 465253 449
267088 596143 470
619066 110436 470
470658 305989 449
216385 786164 509
887627 885092 445
693714 464832 509
332856 253911 407
932627 581093 525
494316 861823 525
731710 352252 509
316867 317408 322
703852 337072 509
262752 602080 470
19421 199146 383
498615 270627 449
802352 507673 509
613519 772776 509
50606 620720 470
480237 994900 525
581487 827521 509
204633 793251 509
655634 244051 509
875650 606186 525
355479 195837 443
231990 773646 509
78135 532620 470
446659 30524 449
939290 947025 507
803129 699602 504
879702 720773 525
271700 220582 443
408159 347426 436
185286 806543 509
832580 187328 509
751412 464667 509
508778 297584 449
935522 623706 525
984503 177832 525
490904 604104 470
970017 995053 458
462511 559842 470
567915 56707 470
28712 275988 443
984719 236607 525
107400 348847 443
536593 497852 470
499697 306396 449
835315 79410 509
449337 528439 470
899445 993237 507
318328 7286 443
746157 184376 509
615070 219092 470
905271 889508 401
165219 853911 525
420851 108276 449
799754 595068 509
399204 190277 443
601355 24975 470
223408 543945 470
362764 601089 470
328965 658216 509
358561 519800 470
327468 815582 509
629877 288892 509
690629 765093 504
901810 4984 525
757440 764045 380
839615 945169 507
468465 210752 449
874960 468624 525
895084 881247 445
66756 849146 525
870589 348915 525
977893 165799 525
841656 452914 525
170594 511752 449
444095 356769 449
503231 119066 449
667704 908536 525
489369 632780 509
481224 871219 525
6898 915972 525
718622 840931 525
690582 737973 504
958086 108358 525
66564 353401 443
156284 19638 383
741543 988485 525
527080 65932 470
122887 15358 354
622128 184700 470
115833 806660 509
569806 973327 525
678740 976286 525
576538 28330 470
683975 575090 509
745277 53299 509
642575 590639 509
171941 96237 383
922096 688829 525
176473 85328 383
184369 107489 383
550535 876753 525
245041 256302 363
46816 663419 509
956590 909824 507
20733 187627 383
962603 782261 525
878704 429440 525
160719 918627 525
146579 504166 449
631572 842737 525
768358 796265 468
11003 536267 470
864157 571964 525
483190 755601 509
89078 785483 509
942180 446155 525
615189 37930 470
780374 185932 509
834632 41622 509
202687 106409 383
798809 660002 504
235213 584651 470
30311 987372 525
766588 437423 509
296372 764708 509
533431 958022 525
674178 335630 509
636428 331872 509
430123 968278 525
128728 582380 470
665922 514899 509
355158 837320 509
821055 620241 509
409000 242291 441
25308 389269 443
753302 336128 509
510664 965495 525
193652 823693 509
864262 208113 525
238781 629106 509
173932 679752 509
504614 839345 525
820873 903801 525
157380 875650 525
880779 859060 432
317110 999848 525
948159 727286 525
