583106 317758 470
846533 857481 419
917781 926377 445
891248 645800 468
209090 267925 443
852971 304301 470
690077 645728 429
227154 961569 476
705641 894778 468
554211 204201 470
342339 246922 407
982594 911637 458
202362 456278 449
362194 778931 470
494028 198008 449
523345 552690 452
18708 478309 449
992888 556673 476
311905 323563 384
834746 43301 470
442667 546922 470
745740 271463 470
631824 641993 416
250623 758152 470
786833 223856 470
366589 977633 476
698110 402490 470
619044 849272 468
628020 966984 476
985275 369456 476
493479 789381 470
136742 625045 470
945568 212701 476
948920 359892 476
950137 630406 476
684332 947377 476
950032 945961 383
259316 225785 443
605864 224337 470
197085 642914 470
490216 364917 449
730805 759061 424
708047 725253 411
369068 655418 470
517369 656898 452
212750 844397 470
547319 125802 470
317257 919527 476
96677 383980 443
775267 528834 468
8316 747699 470
8077 362323 443
568620 833347 468
950562 48327 476
884702 656017 468
432101 148038 449
492263 246522 449
95343 941595 476
366554 45432 443
614395 279949 470
988790 818880 476
117133 82743 354
865531 309406 470
178290 217275 386
796192 761404 468
376789 937502 476
325814 269817 389
426569 347955 449
111433 603321 470
751248 819237 468
932835 781007 476
942523 109907 476
275373 606489 470
957593 400837 476
178559 754815 470
937745 291850 476
637415 738581 442
385723 408172 436
836503 161659 470
214556 880131 470
631379 672698 429
693944 8009 470
372841 871048 470
353445 834451 470
143604 42163 375
706323 553817 447
287631 981031 476
971172 135649 476
639463 877724 468
463139 56014 449
973852 966697 458
317245 575311 470
155153 188428 383
830125 396797 470
312809 154097 443
176185 850625 470
204056 217699 386
818391 251551 470
37817 925274 476
180917 298703 443
870511 236298 470
814622 685467 468
912915 768667 476
294262 154334 443
358734 418759 449
495836 274211 449
843767 94401 470
23412 188382 383
93843 605703 470
809556 162942 470
457452 578380 470
561243 461000 470
76962 599177 470
177519 335941 443
490084 962038 476
720154 435406 470
457395 335066 449
365603 253189 441
123950 713524 470
426726 351046 449
461048 205344 449
855780 251496 470
978608 236947 476
357328 562274 470
613553 453794 470
117089 667183 470
367929 284403 441
604838 541976 452
835420 87610 470
453806 389683 449
367696 970777 476
937932 807958 476
718395 469469 470
46228 429318 449
986859 70590 476
923011 663936 476
224757 973381 476
976068 426661 476
893911 512335 468
639714 901376 468
699339 394458 470
658496 503789 470
427723 905682 470
679439 434472 470
989408 369080 476
68560 657257 470
120106 484278 449
964533 750682 476
293522 514940 470
258493 599767 470
222286 441387 449
21001 825243 470
666184 38218 470
571555 387883 470
571697 112098 470
232647 204412 443
451987 267060 449
985887 849958 476
936933 294418 476
471505 682348 470
282915 607944 470
90764 125185 354
144913 840384 470
892223 801529 450
772467 499869 470
623672 795433 468
63265 961062 476
460952 3331 449
608048 893713 468
911616 834569 476
444612 713817 470
291549 465527 449
12840 699390 470
995975 734083 476
895488 987116 476
836013 95834 470
1490 537292 470
391949 586485 470
831374 679095 468
27550 960864 476
280699 738770 470
596732 152014 470
878551 131522 470
182732 790710 470
496928 969988 476
608977 316001 470
287039 561498 470
733307 239018 470
911151 651050 476
804978 776256 468
326402 314652 384
475425 348754 449
38005 264121 443
944467 446913 476
149165 256681 443
647585 320344 470
958374 519731 476
502000 382000 449
306339 489500 449
856178 245477 470
679562 549209 447
719153 200648 470
497835 147919 449
626809 720235 442
648468 177179 470
786493 228651 470
714574 26632 470
265425 718651 470
99558 993962 476
319258 623028 470
929974 666405 476
619870 590343 447
161472 780322 470
61154 713297 470
21608 934136 476
643884 694530 442
145017 861508 470
17441 63145 340
928127 919186 445
42356 600812 470
450435 785723 470
298266 426002 449
649391 501887 470
125236 125291 287
691215 764260 442
955354 491699 476
721995 891502 468
406880 121424 443
187923 273898 443
68339 103705 351
36700 517717 470
768953 473801 470
206550 139041 383
948697 851582 476
108268 74101 354
308859 540393 470
58311 781220 470
281229 472204 449
111860 836946 470
55917 981157 476
113989 537997 470
599692 883121 468
147018 625156 470
661117 690339 398
791842 296688 470
536622 967010 476
760432 867453 468
127574 334703 443
564743 938889 476
758859 306116 470
451505 836637 470
207576 524262 470
793110 644893 468
633122 49636 470
769967 235513 470
356014 45302 443
554074 618328 447
470810 541808 470
639808 774668 468
247663 522392 470
397297 92168 443
658982 862567 468
320588 369701 441
966388 881407 476
79861 761408 470
749578 413177 470
640906 394996 470
814773 836243 450
176372 812734 470
896529 766128 468
992160 689007 476
297768 232672 407
720148 400278 470
227022 337542 443
430656 641856 470
162025 473020 449
806359 903607 450
280214 823624 470
758178 100475 470
324570 595739 470
409722 40597 443
467114 45437 449
847122 915136 476
53808 520203 470
925894 144982 476
805041 462833 470
854631 793091 468
133079 105826 354
811796 534202 468
528385 525383 408
369249 15320 443
621466 934054 476
220963 176113 386
943708 852320 476
592124 678136 447
420586 444822 418
822937 896860 432
339852 845318 470
383515 980143 476
837244 459726 470
244626 774927 470
958604 555558 476
7037 440967 449
845954 773259 468
189183 131964 383
105211 375146 443
865774 963226 476
16056 590799 470
687916 470996 470
998710 955698 458
555243 349751 470
185467 534181 470
308140 263922 389
412532 353216 449
145323 722302 470
938667 587732 476
724190 35816 470
987403 879762 476
896754 45091 470
622932 806327 468
698810 437907 470
202777 495983 449
28763 705688 470
448653 293611 449
800375 213145 470
371555 929737 476
535332 894995 468
333804 263252 389
185056 36397 383
886303 545949 468
169131 27162 383
581697 847169 468
516011 236411 470
587288 289753 470
957702 473581 476
235386 576135 470
839510 933922 476
510307 53651 449
431774 773772 470
649498 184790 470
541263 772021 468
140765 82238 354
491334 863567 470
989166 642241 476
22784 957746 476
438343 352165 449
323963 54591 443
247828 858640 470
794316 765252 468
136567 346686 443
968999 262251 476
683523 711607 442
62308 812107 470
526615 79303 470
725178 295949 470
397085 568 443
591216 183251 470
31447 984374 476
976242 346787 476
642486 453346 470
522332 661453 452
252182 793138 470
749839 627447 442
252473 45572 443
799623 337855 470
158834 572294 470
237570 645230 470
144036 647980 470
897003 875912 401
503668 642620 470
905143 289690 470
361664 37614 443
565390 172440 470
936644 953595 445
809711 436239 470
294939 2886 443
72207 979522 476
304328 809288 470
228990 521526 470
565394 197526 470
783315 803408 468
528772 997805 476
321044 691718 470
927621 362701 476
492596 810302 470
750481 165597 470
269020 468640 449
910433 135583 476
816567 69128 470
255191 244651 363
923113 169733 476
49131 315153 443
766491 598462 447
735977 688850 442
769831 201053 470
746109 269463 470
497253 859834 470
89092 424048 449
510000 88829 449
906647 771492 468
825819 201385 470
25917 323498 443
951664 733878 476
1881 133986 354
817836 947347 476
419015 859228 470
854518 355743 470
396655 754412 470
331904 869677 470
110488 850952 470
687270 506167 470
103214 88416 341
202283 143067 383
901938 774795 468
269562 298765 389
720938 797227 468
138463 802826 470
239877 329312 407
831644 8203 470
622076 331821 470
360438 590135 470
924296 666335 476
321501 28637 443
569795 891031 468
500936 406069 449
51482 65544 340
1116 376257 443
579302 975034 476
219778 551063 470
896408 188466 470
931611 587403 476
233612 4053 443
127091 282209 443
669132 278592 470
273557 621376 470
8007 808276 470
397273 386145 436
230287 600231 470
736353 543785 452
530678 267062 470
211271 129149 383
322216 818442 470
76042 299501 443
112941 714850 470
852302 75426 470
768157 655466 468
227676 525009 470
136747 78930 354
740386 266686 470
251153 445193 449
791377 697693 468
85800 318491 443
895602 273725 470
78103 535771 470
343537 399209 441
170513 653512 470
595585 618641 447
692345 611847 447
647266 128111 470
9728 270054 443
254944 83588 443
90706 809105 470
376398 926498 476
546527 563246 452
939592 412486 476
773839 278897 470
175801 976881 476
669667 758022 442
310599 687983 470
925712 149512 476
890087 222047 470
196566 753365 470
718228 378827 470
891577 978021 476
229960 908767 470
670424 987750 476
779219 394164 470
983119 119984 476
97158 459477 449
965425 391651 476
179221 502966 449
27834 775867 470
904402 255792 470
416134 694323 470
191160 77449 383
631911 711635 442
816915 373175 470
923049 170424 476
704095 265679 470
459358 177445 449
837145 155194 470
229449 108668 386
205955 334382 443
177629 812477 470
757403 390307 470
615612 889922 468
376062 791779 470
441582 901898 470
375386 118046 443
927120 244045 476
822984 598890 468
290145 925226 476
166638 451289 449
392943 425612 449
3649 972300 476
747232 309544 470
75330 290311 443
263621 943089 476
596910 23237 470
258410 208481 443
294622 611317 470
975090 567237 476
538730 763137 452
276320 105601 443
105650 318265 443
492581 887040 470
695778 307618 470
562108 284967 470
809893 88340 470
349135 880807 470
132171 189609 383
934012 857307 476
806964 393030 470
242175 296465 407
695100 411725 470
507777 348952 449
605944 977784 476
454770 362433 449
122817 24176 354
47626 311419 443
784006 594301 468
836129 477629 470
158815 231495 443
88093 609646 470
86756 412795 449
924026 841708 476
785845 454818 470
703816 52594 470
763874 872350 468
754596 833494 468
793132 154805 470
529885 362382 470
294347 520938 470
855274 200614 470
602181 160089 470
624805 692923 442
762280 932162 476
701171 705609 411
559455 981364 476
775943 248087 470
330980 44284 443
511275 209441 449
879509 210807 470
75203 626482 470
439351 824768 470
418656 3185 449
448680 433807 400
27814 885439 470
483315 252869 449
96577 795 351
544160 63567 470
406945 103516 443
672841 211750 470
384100 548763 470
646516 979296 476
939168 239025 476
405853 243220 441
330520 593057 470
696740 751564 424
498872 206343 449
313218 662425 470
180876 518206 470
259794 650515 470
237236 376994 441
413494 242659 449
275447 118405 443
291710 979941 476
162942 563364 470
40649 536861 470
846591 416438 470
967931 50772 476
363097 605846 470
742574 175177 470
890501 76897 470
667547 530842 452
6219 318495 443
107795 218322 386
280190 980321 476
214503 472841 449
157047 962680 476
886399 790147 468
929562 78906 476
488615 937195 476
143274 954976 476
452626 475973 444
157253 704986 470
61335 451935 449
562637 337014 470
555770 838700 468
180451 971171 476
219259 867729 470
596342 747148 447
558041 487430 470
641300 592264 447
609313 200942 470
225913 67688 386
496572 835329 470
934758 387334 476
624131 522024 452
950112 243810 476
271907 864661 470
357499 115481 443
885845 314211 470
337642 484779 449
944323 908273 476
3127 460674 449
483928 47593 449
3320 842014 470
776516 303786 470
839034 566390 468
826016 255037 470
263668 808336 470
336847 66309 443
345775 370264 441
501624 233582 449
942337 199756 476
630895 538400 452
98169 725055 470
482077 560701 470
80319 97633 333
81826 580053 470
869494 170603 470
345964 278458 441
742156 482629 470
960781 137175 476
763850 746533 424
423278 316916 449
917939 196740 476
821968 529198 468
629500 556697 447
80935 126936 354
600592 609872 403
476727 621378 470
394645 609177 470
528943 772496 468
313248 747464 470
198804 199134 236
393112 377428 436
486665 170476 449
899204 581061 468
443994 267011 449
817249 165979 470
158043 417176 449
626869 789977 468
804453 952059 476
612287 575687 434
635759 876396 468
115448 467223 449
90035 400309 443
495014 192919 449
805246 144658 470
421740 600791 470
210060 460837 449
158126 522896 470
474045 892269 470
13607 595351 470
856084 825632 419
966814 856992 476
950603 481575 476
558841 483732 470
783411 682546 468
325156 791376 470
619133 623854 372
749519 977418 476
880152 578030 468
165011 473948 449
300879 770031 470
587437 113807 470
595348 409204 470
124045 957797 476
71841 354079 443
228933 766248 470
739635 504433 470
995243 580674 476
973694 967412 458
481022 572510 470
162750 381972 443
626509 129574 470
851249 257523 470
577493 258907 470
174769 101486 383
605290 79845 470
542122 897989 468
452437 258492 449
173052 577892 470
141842 555408 470
644667 710839 442
741409 208320 470
314731 863265 470
226242 787417 470
328673 808818 470
280205 227165 443
695455 716419 411
212272 181418 373
853748 597698 468
185496 850983 470
859695 152702 470
592114 465948 470
890239 772873 468
305918 608168 470
971339 827452 476
952334 642824 476
507351 666464 470
344596 137427 443
748882 864434 468
33452 164405 383
489643 747777 470
541708 297779 470
172955 674952 470
542723 340010 470
125888 194581 383
438224 110136 449
161605 7621 383
27135 787075 470
652166 495107 470
982810 751504 476
440845 352279 449
529447 652089 452
483925 177935 449
110669 237997 443
601279 723254 447
409650 585478 470
819684 285366 470
910616 229732 476
878573 707821 468
18636 165754 383
704635 534416 452
962387 733655 476
537092 600787 452
310228 987520 476
196007 833685 470
364888 520224 470
641031 861861 468
446341 738124 470
434317 665649 470
860931 481427 470
73413 178089 383
975109 563581 476
498955 413125 444
361277 470930 449
461067 434439 400
779644 283707 470
804491 735776 468
752365 50043 470
126376 70084 354
512266 704498 452
167309 376585 443
312799 565220 470
795784 249831 470
967465 606947 476
42619 446344 449
535637 997063 476
335018 412231 449
797353 386037 470
395836 493386 449
419873 37021 449
421799 324378 449
538214 470196 470
770304 635136 468
758985 691778 442
305657 879189 470
365794 329232 441
56803 844172 470
264811 845600 470
233044 339495 407
912768 413791 476
172122 225582 386
671483 642976 429
781282 364615 470
420483 680890 470
231847 517443 470
142761 478873 449
27985 190248 383
745368 776577 468
760082 727320 424
309771 323223 384
47515 491592 449
782904 959343 476
975851 206810 476
290363 438265 449
90100 511072 449
807477 305955 470
106980 791130 470
583381 576448 390
110898 84429 354
719431 962759 476
92409 586492 470
779770 522293 468
961141 89932 476
436214 823830 470
82249 502904 449
643323 320776 470
304727 838014 470
609642 63792 470
454601 8670 449
78507 215165 383
382189 400643 436
528768 415482 470
172055 141113 383
560053 223771 470
227111 521651 470
656611 304290 470
335956 224805 443
602090 916713 476
244514 799752 470
228284 894590 470
156860 588134 470
701829 894326 468
759184 671185 442
411270 378502 449
63245 977682 476
765092 578171 447
814933 198996 470
651891 725228 442
132142 743155 470
2733 915037 476
444965 487970 444
139149 706425 470
464276 697387 470
500594 13221 449
486965 607163 470
411263 64654 449
919346 552655 476
433979 83338 449
678580 867678 468
409627 107985 443
334164 908785 470
218334 734568 470
912339 857504 476
59441 516498 470
760225 249439 470
884398 447559 470
929375 512307 476
486221 443500 444
982773 998928 427
631924 372231 470
390165 234613 441
351647 797311 470
141263 130301 344
243305 619617 470
110440 903122 470
975879 526864 476
682972 736387 442
533300 640325 452
133400 782321 470
494273 236486 449
488723 681637 470
190413 653089 470
205098 525980 470
188330 103767 383
278695 115335 443
149214 234795 443
328429 130579 443
850923 669175 468
393929 274777 441
294856 952562 476
583228 809481 468
347686 92347 443
250582 95029 443
815036 793484 468
348552 551387 470
757572 918357 476
998314 751909 476
348170 747810 470
483954 647880 470
399031 203017 443
40344 516873 470
17714 854336 470
384908 481755 449
210649 434309 449
703226 564111 447
540599 627709 452
601423 801318 468
620225 601905 447
859134 647680 468
803331 635939 468
68270 162051 383
686845 958746 476
399229 610737 470
560275 779885 468
370527 402756 436
150075 790464 470
78369 536251 470
445096 157784 449
984201 833290 476
189944 124053 383
532859 607195 452
304627 58312 443
23748 73088 340
778951 306532 470
993165 275143 476
487718 199967 449
456417 567287 470
810101 191063 470
235627 268331 407
543540 218354 470
878924 283454 470
287905 593652 470
156572 750274 470
459749 846456 470
694853 422746 470
533520 136645 470
265237 432287 449
149239 280839 443
22586 712968 470
439370 801511 470
418554 387091 449
76487 445790 449
794924 694890 468
990482 505315 476
639103 567627 447
968721 497645 476
422893 277518 449
160293 566547 470
704678 257022 470
764188 623155 442
420776 973167 476
138766 415570 449
434343 316932 449
727537 820102 468
702703 731806 411
550454 764949 447
687645 646454 429
902019 266937 470
885012 558283 468
688162 918967 476
342392 561653 470
831750 322842 470
63993 591679 470
458840 226737 449
715133 226692 470
749202 796573 468
527096 106759 470
934684 903711 476
705370 321407 470
216188 747289 470
112954 702201 470
782490 351164 470
7290 29094 308
15633 295792 443
71258 28288 340
989315 465686 476
42801 331702 443
77616 832173 470
11335 100105 351
531008 606587 452
562264 482219 470
714245 690405 442
607917 548532 434
87992 738982 470
290507 605229 470
99006 366848 443
983153 427910 476
410765 44770 449
976016 282332 476
615075 545858 452
270634 957832 476
406554 719727 470
105772 410739 449
191628 378925 443
113914 984772 476
341427 455323 449
286181 734188 470
321406 598606 470
276929 660478 470
731226 860619 468
966574 963611 383
706836 417647 470
380316 721694 470
256688 266602 407
3266 642083 470
281950 983819 476
197720 306975 443
925936 926523 326
111397 697273 470
920475 447155 476
120711 491491 449
951559 189267 476
837788 740107 468
521424 257363 470
706730 221988 470
649242 402360 470
873940 530186 468
831892 486035 470
184495 566593 470
28747 636176 470
731858 784044 468
865210 184670 470
55817 678501 470
648786 377759 470
